-4.921552948e-01 9.313919519e-01 -1.616433047e+00 
8.321930050e-01 1.274620131e+00 1.195575964e+00 
-3.948025742e+00 -9.689753012e-01 2.242023349e+00 
-1.085638404e+00 1.592369085e+00 3.119587516e+00 
-1.776260725e+00 1.852067334e+00 -1.474431100e+00 
-7.846295845e-01 -4.275979960e+00 5.280883979e+00 
-1.601153463e+00 -1.832462374e+00 3.731664483e+00 
-3.707447488e+00 -1.785366300e-01 3.472232206e+00 
2.717525095e-01 -1.143779420e+00 3.262882081e+00 
-2.611427089e+00 2.920989508e+00 7.026076123e+00 
4.464769414e-01 -7.113881715e-01 2.064694915e+00 
-3.008421950e+00 -2.486469432e+00 3.717986697e+00 
-1.634473683e+00 1.235789032e-01 -2.048345916e+00 
-2.163013473e+00 4.582925179e+00 -5.467584961e+00 
4.984952531e-02 1.697267873e+00 2.884386149e+00 
-3.120221775e+00 2.244848412e+00 4.815022189e+00 
2.675802792e-01 3.033443460e+00 1.719115638e+00 
-3.967615953e+00 2.260332294e-01 4.070193347e+00 
1.986333287e+00 3.134114032e-02 -5.730492471e+00 
-1.611155980e-01 4.020408293e-01 -2.512767142e+00 
-5.564982801e-01 2.105466757e+00 1.592774500e+00 
-2.081011302e-01 -1.124547203e+00 6.048311277e+00 
1.167941587e+00 -1.072735705e+00 1.326299740e+00 
-1.286918395e+00 2.752357370e+00 6.105625490e+00 
2.396040382e+00 -3.303331433e+00 -1.102539688e+00 
1.587235068e+00 2.285780794e+00 1.638344689e+00 
-2.329755421e+00 1.369791451e+00 1.757930359e+00 
-6.344389392e-01 3.364112583e-01 1.575460417e+00 
6.656890714e-01 2.315503920e+00 2.386500065e+00 
-1.222265393e-01 1.031422079e+00 1.965981223e+00 
2.296518899e+00 -1.384555675e-02 3.642222222e+00 
-6.480945402e+00 1.376386496e+00 4.221358937e+00 
4.373204854e+00 -2.268241161e+00 2.222754484e+00 
-3.177812975e-02 -1.069741200e-01 -1.665308773e+00 
3.204502335e-01 -3.244857444e-01 -2.600697948e+00 
-2.357717397e-01 -7.965894876e-01 -3.422162439e+00 
4.126285857e+00 6.267263275e-01 -5.148298231e+00 
1.443148273e+00 1.497288041e+00 6.945632285e+00 
-2.411451291e+00 -1.870754737e+00 2.168980095e+00 
-1.615075751e+00 1.407649209e+00 -3.100915002e+00 
1.649301641e+00 -6.243105054e-01 3.278458989e+00 
-2.512487186e+00 -5.701567204e-01 -3.992742514e+00 
2.206857024e+00 1.954612983e-01 -1.086198747e+00 
1.956813554e-01 1.343391262e-01 -2.799233200e+00 
9.719859119e-01 5.257246998e-01 2.361673102e+00 
1.086230275e+00 -2.353452549e+00 -1.009708646e+00 
2.939869841e+00 1.379327140e+00 2.390740491e+00 
2.018039424e+00 1.842441541e-01 -3.746813834e+00 
-1.733233181e+00 -1.590362964e+00 -7.017342385e+00 
-2.287536047e+00 -9.008653861e-01 8.902982464e+00 
3.569226683e-01 -4.178649965e-01 2.248317787e+00 
-2.292945166e+00 5.000667976e+00 -9.963401090e-01 
-6.734104486e+00 -1.903214779e+00 4.731063264e+00 
1.412354267e-01 3.167887659e+00 -5.074697265e+00 
-4.834377525e-01 7.022314490e-01 5.028083953e+00 
-2.948454820e-01 4.415023855e-02 -3.205932363e+00 
2.937047767e-01 -2.535601161e+00 -5.670756604e+00 
-3.011431790e+00 -2.653569141e+00 2.889723332e+00 
-9.128798279e-02 -6.028930012e-01 5.172807267e+00 
2.910008984e-01 1.015324063e+00 1.711547290e+00 
-2.678903576e+00 -1.621762932e+00 5.775266810e+00 
1.206302201e+00 -1.620993955e+00 -4.513321588e+00 
7.387136143e-01 -1.239359454e+00 -4.118578302e+00 
-4.889297325e-01 -1.384555007e+00 5.022667443e+00 
-1.299481538e+00 -1.447841539e-01 3.141673612e+00 
-1.215604108e+00 2.878768562e-01 -2.056409332e+00 
1.157221164e+00 -2.294416651e+00 2.801570269e+00 
8.549099455e-01 2.204492592e+00 9.122812113e+00 
9.495067396e-01 6.438851331e+00 2.799322305e+00 
-1.958750544e+00 6.920544776e-01 6.946005846e+00 
-2.367374341e+00 -1.910985981e+00 4.090597917e+00 
-2.679581638e+00 5.197043261e+00 4.052637887e+00 
-1.778418371e-02 1.732237262e+00 2.871215156e+00 
-2.163783680e+00 -4.297198200e+00 4.544092713e+00 
-6.777746191e+00 3.146186522e+00 3.336102181e+00 
3.058456558e+00 5.661476139e-01 7.817711819e+00 
-1.296504945e+00 2.674557790e+00 3.846198795e+00 
1.475386118e+00 -3.077270555e-01 -1.409449214e+00 
4.426375097e-02 2.565361159e+00 2.530613460e+00 
3.290908896e-01 -4.250257414e-01 -1.210160192e+00 
-9.585770458e-01 2.556549914e+00 9.758926461e-01 
1.156166695e+00 4.906747705e+00 3.973087786e+00 
-2.337690166e+00 5.346889767e+00 6.116423989e+00 
1.523656655e+00 2.743306199e+00 -4.788716308e+00 
-5.857052980e+00 -1.399449174e+00 5.803941832e+00 
-4.850864019e+00 -1.292768208e+00 -4.759951744e+00 
3.120905573e+00 2.037028217e+00 4.283371925e+00 
2.107132130e+00 1.889549761e+00 5.422448981e+00 
6.049196879e-01 1.527476090e+00 6.808718556e+00 
-2.090360077e+00 -9.531116804e-01 -4.579662692e+00 
-3.259606381e+00 -1.706441640e+00 -5.124353687e+00 
9.017788099e-03 1.452609952e+00 7.039499039e+00 
-4.569501485e-02 -1.687880545e+00 9.794858479e-01 
3.638874823e+00 -3.151631284e+00 -2.438703423e+00 
4.895886213e-01 -7.722457844e-01 -3.379934138e+00 
-2.268302709e+00 -2.229605209e+00 3.236411668e+00 
5.645302742e+00 -2.893446976e+00 -5.759343109e+00 
6.417408560e-01 -1.092920344e+00 2.023798983e+00 
-2.676277982e+00 4.813513018e+00 6.613639613e+00 
-1.094916053e+00 6.353085336e-01 4.438022240e+00 
5.850172743e-01 -1.101554230e+00 6.604300548e+00 
1.771758839e+00 3.443225170e+00 -5.566310401e+00 
-3.898258587e+00 -7.848748052e-01 2.094828750e+00 
-7.501117070e-01 -3.157502757e+00 2.979438303e+00 
9.745613848e-01 -3.728575388e+00 7.966395768e+00 
2.218865707e-01 1.057182335e+00 6.892586147e+00 
7.225168012e+00 -1.020321256e+00 -3.568087948e+00 
8.830950475e-01 1.585221758e+00 3.322372447e+00 
-5.675812290e-01 2.280189691e-01 -1.358788667e+00 
-5.052797410e-01 -8.461856644e-01 -9.846507039e-01 
-1.967153299e+00 -6.931181339e-01 6.003276806e-01 
1.787561533e+00 2.063416405e+00 -4.291237107e+00 
-3.321147169e+00 5.748823313e-02 2.833095963e+00 
4.439111492e-01 1.045056132e+00 -4.944639407e+00 
-4.959737744e-01 -1.758879949e-01 -3.799762853e+00 
-1.076313639e+00 -5.101684925e-01 -1.209408505e+00 
3.254793325e+00 2.527500531e+00 1.907637045e+00 
1.228922441e+00 -1.904231607e+00 2.509169983e+00 
-1.528821474e+00 9.269141153e-02 1.992186605e+00 
-2.295929655e+00 -1.191339797e+00 -2.350733661e+00 
-1.155613261e+00 6.296523747e-01 -3.213875296e+00 
-2.250687309e+00 1.655449585e+00 -5.287829202e+00 
2.510206263e+00 1.262470750e+00 3.792643543e+00 
9.308312874e-01 -3.065897538e-03 -1.543307584e+00 
1.704323190e+00 3.703757452e+00 -1.168447716e+00 
-3.856463662e-02 -1.956229274e+00 3.580785062e+00 
-2.784005835e+00 2.730919462e-01 4.612928780e+00 
2.098926422e+00 -4.331574969e+00 4.043516536e+00 
-1.060059341e+00 1.933442189e+00 -1.231887422e+00 
4.101676151e+00 -1.417994313e+00 -7.564852927e+00 
-5.149733459e+00 -3.832402998e+00 2.596837629e+00 
1.953245864e+00 -1.265324796e+00 -3.839395524e+00 
-1.075552417e+00 -5.062341198e-02 1.381166179e+00 
6.287371823e-01 -3.578544066e+00 8.555611911e-01 
-2.969519045e-01 6.589414823e-01 3.005156863e+00 
1.323195434e+00 1.301883652e+00 9.659262388e-01 
1.526394851e+00 2.130071529e+00 1.285823217e+00 
-4.416926504e+00 -9.918241371e-01 -2.258381092e+00 
4.733860492e-01 -1.649387390e+00 -4.404968934e+00 
8.085815662e+00 7.066236755e+00 -4.327866450e+00 
-4.894919830e+00 -3.297720341e+00 9.266671175e+00 
-1.295511315e+00 2.788500748e-01 2.919773994e+00 
-1.246298683e+00 -2.923017975e+00 6.061998688e+00 
1.749123500e-01 6.111002791e-01 3.987286266e+00 
-4.007416937e+00 -1.600550787e+00 2.163921924e+00 
3.591931443e-01 -8.644874788e-01 -3.325499495e+00 
-1.543879760e-01 -1.102907996e+00 2.062917513e+00 
9.460700058e-01 -2.576364646e+00 1.679910586e+00 
-2.374050881e+00 -4.616628457e+00 -4.266517019e+00 
3.235755453e+00 -3.710318388e+00 3.178884353e+00 
2.105712107e+00 -1.921896669e+00 3.231039399e+00 
-1.577314254e+00 2.048805508e+00 4.407861499e+00 
-6.933695647e-01 -1.465303925e+00 -3.654540953e+00 
-1.902323220e+00 -3.098718010e-01 -3.022223331e+00 
5.165422410e-01 -1.416035130e+00 7.467025916e+00 
-2.017657464e+00 -1.468400011e+00 1.676262140e+00 
2.959329073e-01 1.678946321e-01 -3.461335546e+00 
-5.720339976e+00 -1.636705247e+00 2.300794970e+00 
-1.717486779e+00 -2.809342549e-01 -3.127449217e+00 
8.824607125e-03 -1.202787875e+00 2.560472497e+00 
-3.820381068e+00 -1.722901651e+00 -1.539201188e+00 
-1.491926000e+00 1.983196495e+00 4.413872342e+00 
-1.432052550e+00 1.724589721e+00 2.794556378e+00 
-1.206883023e+00 -9.227906967e-03 -5.615802865e-01 
-1.998067034e+00 8.095257758e-02 -4.454142931e+00 
2.900402593e-01 -3.110987440e+00 4.753467432e+00 
-8.895702260e-01 3.082403442e+00 7.096081478e+00 
-7.797084644e-01 1.408678715e+00 3.783391519e+00 
2.587690134e-01 -2.711787042e+00 -1.623807851e+00 
-1.638095908e+00 5.760410091e-01 -2.460882767e+00 
-5.165707177e+00 9.048915845e-01 4.035862859e+00 
2.071805720e-01 -7.519109897e-01 -3.855147387e+00 
-1.037895757e+00 2.663915685e-01 1.827113992e+00 
-2.083200042e+00 -2.251758369e-01 2.769048638e+00 
5.662300820e-01 1.326593442e+00 -5.216374055e-01 
5.194275201e-01 2.666328524e-02 3.965291138e+00 
2.040244637e+00 -3.663431076e+00 -4.749522166e+00 
-2.590273193e-01 1.104517131e+00 2.669220786e+00 
-1.689928992e-01 -2.284514774e+00 -9.437064547e-01 
-3.174424489e+00 -1.440049785e+00 -3.235536185e+00 
7.679931001e-01 -1.883336443e+00 -2.360492598e+00 
4.244254857e-01 7.657982561e-01 1.002474405e+00 
-9.239338735e-01 -3.935733087e-01 5.953879113e+00 
-4.622756599e+00 -2.645438951e+00 5.375256311e+00 
6.397539673e-01 -1.466473279e+00 1.516516443e+00 
-1.707018193e-01 4.475138883e-01 3.002926410e+00 
-6.913356745e-01 7.399655960e+00 2.821522892e+00 
-3.038937648e+00 1.133021724e+00 2.872794766e+00 
1.279167690e+00 -6.044282012e-01 1.941581862e+00 
-6.005041640e-01 -2.081598411e-01 2.822136710e+00 
6.754049980e+00 4.558626973e+00 -2.260235415e+00 
-3.623054701e-01 4.865440948e+00 -5.842498142e+00 
-2.016132809e-01 8.065087451e-01 3.262772003e-01 
-1.316846906e+00 -1.063231350e+00 4.635024594e+00 
8.777820089e-01 -2.541735792e-01 -1.927605445e+00 
5.643139981e-01 2.057597783e+00 1.551782793e+00 
-8.623622827e-01 -2.564691792e-01 4.499558042e+00 
6.894638738e-01 4.256276817e-01 1.993133427e+00 
-1.115897570e+00 -2.540703989e+00 -2.094896110e+00 
-1.636213897e+00 -5.010101350e-01 3.612945622e+00 
1.597056796e+00 -2.647188354e+00 -2.509985672e+00 
1.260166985e+00 1.343410288e+00 -2.920601995e+00 
-8.533428717e-01 -1.008319443e+00 4.829561684e+00 
-1.051970240e+00 -6.951600140e-01 -4.907406206e+00 
-4.995230943e-01 2.640842981e-01 -5.880090104e+00 
5.062919805e+00 4.047442263e+00 -3.579481709e+00 
-1.838312860e+00 1.034143647e+00 -1.473890353e+00 
-2.609068103e+00 -1.665292163e+00 3.219806116e+00 
7.264909078e-02 2.826406352e+00 6.263851479e+00 
1.638005945e+00 -1.020733358e+01 2.927221539e+00 
2.569068796e-01 -4.327974569e+00 -2.965244281e+00 
3.102441436e-01 -1.289235352e+00 6.316136039e+00 
-3.618310627e-01 2.967512120e+00 3.559201194e+00 
-3.962548298e-01 1.450627167e+00 -4.752467241e+00 
-1.469438132e+00 1.637515303e-01 3.978885140e+00 
-3.380789316e-01 2.962078021e+00 -3.664277627e+00 
6.057423056e-01 3.463750878e-01 2.706764432e+00 
3.066002426e+00 2.608504402e+00 2.062256578e+00 
-6.715563594e-01 3.386178063e+00 -1.909770430e+00 
-2.806345821e+00 3.556784604e-01 4.548288336e+00 
-1.277606446e+00 -4.677477209e-01 2.986969240e+00 
-2.915347258e+00 7.102130077e-01 2.201854431e+00 
-7.420102882e-01 -2.857247023e+00 3.861506783e+00 
-4.141175266e+00 -5.072631804e+00 -8.234181956e+00 
9.741287117e-01 -3.879223303e+00 -7.961778235e+00 
3.145720830e+00 1.860188287e+00 2.295576357e+00 
3.884665638e+00 5.439338636e-01 -6.258638118e+00 
3.088503944e+00 5.102836639e+00 -2.483770632e+00 
-1.152617075e+00 -9.281566383e-01 -2.901125835e+00 
4.329315190e-01 -8.128488125e-01 3.920880620e+00 
-2.598654224e+00 -5.449000025e+00 2.107744980e+00 
-5.600822509e-01 1.642120350e+00 -7.482566411e+00 
1.246118097e+00 -1.644580853e+00 -7.808946618e+00 
-1.530720931e+00 2.479301361e+00 3.904714987e+00 
1.636112730e+00 3.530230246e+00 -6.150403718e+00 
4.745148213e+00 -2.735177224e+00 -5.921962644e+00 
7.289010128e-01 -1.366851483e-01 6.143671990e+00 
1.097157865e+00 -1.771533332e-01 1.122478328e+00 
-1.288194615e+00 -7.334532425e-01 6.454329036e+00 
-5.808512235e-01 -1.213152389e+00 1.869968045e+00 
1.624895236e-01 2.342367399e-01 -3.610373569e+00 
6.653723353e-01 2.665282449e-01 2.083786637e+00 
6.805148426e+00 3.185704689e+00 2.683385175e+00 
3.156908985e+00 -5.577753078e-01 2.662244535e+00 
1.743259066e+00 1.314813341e-01 2.624988569e+00 
1.338051751e+00 -1.306889927e+00 -1.298229861e+00 
-1.326100669e+00 7.025929961e-01 3.302328816e+00 
-4.829590229e+00 -6.732837726e-01 2.019751628e+00 
5.521414877e-02 6.573980648e-01 -3.544396317e+00 
2.396150713e+00 1.267543773e+00 -7.262585933e+00 
7.522896840e-01 3.401142404e+00 -3.969451756e+00 
-8.002527310e-01 -1.087840631e-01 5.103003409e+00 
-1.421215149e+00 -4.746316054e+00 5.686139565e+00 
-1.118416595e-02 -1.417896809e+00 4.366345999e+00 
-4.962275384e+00 2.275859242e-01 -1.324656244e+00 
5.549207587e-01 -4.872424118e+00 9.232079211e+00 
-1.537217134e+00 -1.491948264e+00 -2.207628087e+00 
1.224290095e+00 -2.603637199e+00 -2.931410572e+00 
1.262170534e+00 -1.389716374e+00 -4.297978811e+00 
6.518395365e-01 -1.381514235e+00 2.591240800e+00 
2.680603149e+00 4.308866966e+00 -3.465892230e+00 
4.165975336e+00 1.697383323e+00 5.033057611e+00 
-2.889170887e+00 6.947286050e-01 3.395191854e+00 
-3.749031138e+00 -1.614926064e-01 5.424369601e+00 
1.373891805e+00 -6.490458164e-01 1.772423707e+00 
-1.622787267e+00 5.225116164e-01 -2.679798484e+00 
2.619306971e+00 -1.117396810e+00 4.637838957e+00 
2.529773959e+00 6.998800764e-01 4.486135203e+00 
-8.488575927e-01 1.129626820e+00 -2.164720298e+00 
-4.375877981e+00 -2.812676734e+00 2.610664587e+00 
-2.056869266e+00 -2.895878811e+00 -4.657927914e+00 
-1.859802077e-01 3.966978517e-01 1.545434756e+00 
1.191349238e+00 -9.670775519e-01 2.940460240e+00 
-1.977099420e+00 2.105370801e+00 -2.225352446e+00 
-1.555523769e+00 -1.336708969e+00 4.614444901e+00 
1.883194505e+00 4.415843722e+00 -5.555178300e+00 
2.018407350e+00 5.950902832e-01 1.552243587e+00 
-1.349728374e+00 -1.362653846e+00 6.375819729e+00 
1.114543951e+00 -2.329125999e+00 3.428353946e+00 
7.620947198e-01 -1.222332005e+00 2.977741106e+00 
3.188725555e+00 2.509348464e+00 2.945496606e+00 
3.648226449e+00 1.398026970e+00 1.284835374e+00 
9.118853451e+00 2.528668082e+00 1.984145142e+00 
3.767561727e+00 -3.183525334e+00 -2.756420369e+00 
-3.117328968e+00 -3.534323146e+00 -4.594394808e+00 
-1.660715403e+00 -2.223194116e+00 2.314376742e+00 
-2.822359196e+00 -3.135985961e+00 -2.894986560e+00 
-2.248941662e+00 -3.169854551e+00 3.496318626e+00 
-9.314886295e-01 -2.366022409e+00 3.277791901e+00 
1.378141898e-01 -1.736819730e+00 -9.359362551e-01 
-5.619038231e+00 -7.127189409e+00 -2.464248104e+00 
-5.376577047e+00 -3.273187165e-01 5.492696146e+00 
3.543993324e+00 3.312963155e+00 6.624358075e-01 
-2.563153047e-01 -1.297810364e+00 2.479987206e+00 
-2.381501937e+00 1.220542080e+00 -1.538592768e+00 
4.785386840e-01 1.855998811e+00 4.189785700e+00 
2.746497639e+00 -4.157592704e+00 5.000913537e+00 
1.952078246e-01 1.038003601e+00 -4.300171146e+00 
-6.006718904e+00 9.337955456e-02 3.886629700e+00 
-1.142564865e+00 3.065617647e+00 -1.037224506e+00 
-4.449485774e+00 5.103982525e-01 2.763776362e+00 
1.789546581e+00 -5.613230885e-01 -2.473860580e+00 
6.664372673e-01 -4.846244478e+00 -3.704295695e+00 
-1.610194413e+00 1.956266957e-01 2.694707752e+00 
-4.162385989e+00 -3.769605704e+00 -7.469163021e+00 
2.097833130e-01 3.667446631e+00 2.311230101e+00 
-4.906109011e-01 -1.151040246e+00 -4.641979723e+00 
4.292018338e-01 -5.271962782e+00 -4.018847486e+00 
8.956302777e-01 2.200582591e+00 -3.847798793e+00 
6.636830869e+00 6.898922249e-01 -5.049963993e+00 
-6.506775695e-01 2.057112183e+00 -3.383908568e+00 
-3.180239166e-01 -1.354911991e+00 3.666276455e+00 
6.384816147e-01 1.810485763e+00 6.039077283e+00 
-1.624779193e+00 -2.571761490e+00 -3.364109450e+00 
3.394450091e+00 1.268875708e+00 2.771116238e+00 
5.128239650e-01 -1.602498513e+00 -4.328253238e+00 
-5.018567601e+00 -4.301355021e-01 5.343042446e+00 
2.535177249e+00 1.932719203e-03 -2.528911421e+00 
9.932749820e-01 2.034545470e-01 -1.431239686e+00 
2.343178433e+00 1.662577069e+00 3.873641433e+00 
2.505941762e+00 8.442658053e-01 5.899569127e+00 
1.506365547e+00 -1.170948689e+00 7.288369657e+00 
-2.249819536e+00 1.378357633e+00 -7.097343375e+00 
7.554728962e-01 2.299749002e+00 -5.299251667e+00 
5.873010532e-01 -1.243119228e+00 -7.208771347e+00 
-2.855412427e+00 2.749969195e+00 2.035359791e+00 
5.617940862e-01 -1.889894114e+00 -2.751430532e+00 
1.022674467e+00 1.173136561e+00 -5.308403403e+00 
4.191709309e+00 2.951880595e+00 2.638124606e+00 
-4.391523314e+00 1.020353597e+00 4.444928156e+00 
2.761278028e+00 -4.111296843e-01 3.079483482e+00 
1.760961613e+00 1.783819795e-01 2.661187470e+00 
1.240079887e+00 -6.825857096e-01 -3.917379986e+00 
-2.755828921e+00 5.177271406e-01 -5.916985003e-01 
-2.224482709e+00 -6.487877024e+00 8.599385955e+00 
1.408113775e+00 9.391903968e-01 5.928231711e+00 
-8.700761742e-01 -1.232073965e+00 3.348898135e+00 
1.330849478e+00 -1.151598560e+00 -5.172851967e+00 
4.412783060e-02 1.526803220e-01 -3.273981557e+00 
-3.212113858e-01 -6.311589818e+00 5.644824892e+00 
1.051108723e+00 -1.200883434e+00 3.542852672e+00 
2.462107040e+00 -5.388311705e-01 4.633380140e+00 
1.408714236e+00 5.055778375e-01 2.689025966e+00 
3.801099184e+00 6.265734929e-01 -6.282931010e+00 
-1.005547098e+00 -1.848945640e+00 -2.358404072e+00 
-9.999488564e-01 -3.277585842e+00 -2.025823459e+00 
2.471008375e+00 2.061533554e+00 -3.623138439e+00 
1.086288433e+00 -3.865329627e-01 2.430944413e+00 
5.991914542e+00 -1.865655749e+00 -5.072027518e+00 
1.793074740e+00 -2.156565048e-01 7.314506515e+00 
1.564676197e+00 -2.658745971e+00 -4.071727497e+00 
1.723203681e+00 -7.995834611e+00 -4.217964417e+00 
-8.492784812e-01 -5.662452534e-01 -3.518135921e+00 
-1.720351355e+00 7.632400944e-01 -2.004896609e+00 
-2.930418568e-01 1.994262477e+00 -3.585828353e+00 
5.177280612e+00 6.289654607e+00 -2.023627131e+00 
1.284238558e+00 2.712557351e-01 6.177063874e+00 
3.473839523e+00 3.092791384e+00 -3.622398279e+00 
3.406997962e+00 -2.273206670e+00 -4.278994228e+00 
2.987620866e+00 -3.671143179e+00 -3.082428778e+00 
4.986780208e+00 -2.055003204e+00 2.001307156e+00 
-2.458154503e+00 2.470682343e+00 -5.240978390e+00 
-1.276022508e-01 6.434311436e-01 4.965839075e+00 
-4.442185679e+00 3.648864913e+00 -7.535292844e+00 
2.899199373e+00 4.281529503e-01 -6.162050954e-01 
-1.718036317e-01 -4.514207896e+00 -3.791065032e+00 
-4.779919373e+00 -3.116078490e+00 7.039887449e+00 
6.902679696e-01 -9.425469190e-01 2.247465110e+00 
5.081778558e-01 -6.527717301e-01 -7.335693777e-01 
2.020305294e+00 1.166630517e+00 5.074405619e+00 
3.652962717e+00 9.359942185e-01 -5.496153127e+00 
3.662788858e-01 1.337950342e+00 4.760593958e+00 
5.329545115e+00 5.139306031e-01 -5.309634828e+00 
2.549762484e+00 8.089051602e+00 -1.018971746e+01 
7.958842610e-01 -3.388038138e-02 2.090036424e+00 
4.362599089e+00 -1.523290321e+00 2.665108330e+00 
-6.096381246e-01 -4.010992262e-01 -4.441386830e+00 
-4.407956425e+00 1.376189071e+00 -5.765158332e+00 
1.920896871e+00 4.870051608e+00 3.048742104e+00 
5.006279695e-01 7.743332147e-01 -1.627193949e+00 
-2.737336813e+00 -2.402688842e+00 -1.662005661e+00 
-7.097908326e-01 9.200694308e-01 -6.981765067e+00 
-1.675133145e+00 -1.405694434e+00 3.351366177e-01 
-2.130549211e+00 -4.069843525e+00 4.022832452e+00 
-3.990689461e+00 3.335891775e+00 1.612104465e+00 
4.508221293e+00 -6.450611411e-01 4.162885590e+00 
3.066132399e+00 -2.188847827e+00 -5.140224503e+00 
6.021869963e-01 1.634070865e+00 -5.071870442e+00 
-4.892690234e+00 -4.886338799e+00 -4.627817074e+00 
-1.807559319e-01 7.504555024e-01 2.732500187e+00 
1.854022263e-01 7.819972914e-01 -1.898477586e+00 
1.612101119e+00 -1.387899463e+00 2.694320920e+00 
-2.142647243e+00 2.834541598e+00 7.522938857e+00 
-2.101927134e+00 -1.063881883e+00 2.220561720e+00 
5.908514425e-01 -1.032218433e+00 -1.071022580e+00 
1.902841060e+00 -4.090072624e+00 4.051314933e+00 
-2.703046433e+00 2.219443502e+00 5.538094568e+00 
-3.185139999e+00 2.861473708e+00 1.161510553e+00 
-5.641230367e+00 2.778674876e+00 -4.269777159e+00 
1.427772912e-01 1.290310595e+00 1.862518222e+00 
1.644359001e+00 4.427747734e+00 1.976778027e+00 
2.703422584e+00 1.111115962e+00 -7.367735716e+00 
-1.414557806e+00 1.122024467e+00 -1.748924528e+00 
-8.009184086e-01 1.002795336e+00 5.949358321e+00 
2.678347352e+00 -2.396755324e-01 2.021750232e+00 
1.648594059e+00 -3.119744548e+00 4.177395061e+00 
8.910166568e-02 -1.153782214e+00 -1.437692638e+00 
-1.887856643e-01 4.229824832e-01 -1.581171227e+00 
1.203837316e+00 2.497755019e+00 3.605065805e+00 
2.173780024e-01 -2.484589017e+00 -6.343282690e+00 
2.184698708e+00 -1.163260282e+00 3.132475324e+00 
1.003905755e+00 2.132794774e+00 -2.070071168e+00 
-2.870753225e+00 9.621079470e-01 6.115002038e+00 
9.288835764e-01 1.244505761e+00 2.637245243e+00 
3.592970176e+00 9.138572189e-03 2.414930250e+00 
8.069853866e-01 5.220473337e-01 2.745277765e+00 
-7.253695094e-01 -1.817348738e+00 1.655860295e+00 
-6.712043503e-01 -4.522775583e-01 2.011302835e+00 
-4.778677051e+00 8.745315266e-01 1.545902531e+00 
8.584243968e-01 2.940771719e+00 1.692298347e+00 
1.145753721e+00 2.516313587e+00 -7.563766876e+00 
2.850477904e-01 3.232756825e+00 -2.158292864e+00 
2.585514864e+00 -1.520829891e+00 4.578449452e+00 
5.317252012e+00 2.475482123e+00 -4.156548991e+00 
2.071364531e-01 -9.377456082e-02 -5.432334379e+00 
7.577505150e-01 1.982201895e-01 2.181575978e+00 
4.509670194e+00 -6.691076581e+00 -1.865020784e+00 
6.651647367e+00 -6.577992706e+00 -4.512510658e+00 
1.055093123e+00 7.025198631e-02 7.545734555e+00 
3.045493594e+00 2.516656862e+00 4.139433948e+00 
-1.171933908e+00 -1.987204712e+00 -8.060305269e-01 
-1.232220598e+00 1.564584443e+00 3.073519800e+00 
-1.627615651e+00 4.295789412e+00 8.431028608e+00 
1.031031072e+00 5.659545738e-01 -2.507388559e+00 
3.765094991e-01 -6.368666884e+00 -4.500694522e+00 
-1.833257140e+00 2.971806196e+00 2.831332509e+00 
2.587800856e+00 -8.410424913e-01 3.562478485e-01 
6.156033554e-01 4.438851487e-01 4.339940594e+00 
-9.931776571e-01 -1.184539762e+00 -2.637878211e+00 
3.988655974e+00 9.836242065e-01 -5.148470653e+00 
-1.818004991e+00 1.868125091e+00 3.666002727e+00 
2.824101887e-01 4.470630548e+00 5.291134989e+00 
1.514463349e+00 -4.122090055e+00 3.903060673e+00 
4.951956279e+00 -2.233661677e+00 -7.170183955e+00 
-1.464562326e+00 2.699550312e+00 -5.328501198e+00 
-2.443337708e-01 1.329950602e-01 1.318080449e+00 
-2.835248996e+00 -7.503179885e-01 -2.650344934e+00 
4.691389550e-01 2.503300524e+00 1.617072018e+00 
5.825362716e+00 -2.955497483e+00 -8.651044964e+00 
4.235931413e+00 -4.930674788e-01 2.599984556e+00 
-1.373666414e-01 -3.011935175e+00 -4.005561520e+00 
9.528221778e-01 -6.698213362e-01 -2.875683802e+00 
5.884934273e-01 2.769093443e-01 -1.604080518e+00 
2.732340824e+00 1.049356008e+00 3.000154240e+00 
7.976353158e-01 3.879094253e+00 7.165784928e+00 
-1.542283195e+00 -7.916540433e-01 7.595943353e-01 
-1.788662976e-01 1.189064267e+00 -3.412296773e+00 
-1.478137213e+00 4.008087024e+00 -3.546573763e+00 
-1.276598478e+00 -2.182006017e+00 -4.165757992e+00 
-3.832874467e+00 4.085570969e-01 2.703097566e+00 
-2.774565395e+00 -2.982869970e-01 -1.927455249e+00 
-8.099073441e-02 3.656332624e-01 5.671482558e+00 
-3.290380787e+00 9.187578750e-01 2.440058867e+00 
-2.764065904e+00 -2.195792090e-01 2.545346888e+00 
3.038413681e+00 7.018650359e-01 3.459464171e+00 
1.064354126e-01 -1.884689690e+00 -2.838942057e+00 
5.292273580e-01 -3.374012682e+00 3.455605107e+00 
-4.041847480e+00 4.300639460e+00 -6.564316640e+00 
2.790940853e+00 5.651895077e-01 1.934429349e+00 
3.250628246e+00 -1.100596848e-01 2.725241396e+00 
1.548929223e+00 -4.772684960e-01 -6.619835019e+00 
3.017260044e+00 -1.736251183e+00 5.607607993e+00 
1.209152560e+00 -2.664003665e+00 -3.563681731e+00 
-2.320390880e-01 -7.230623173e-01 1.769790291e+00 
1.216597531e+00 -1.162571475e+00 -3.918873192e+00 
1.393642596e+00 -3.601687056e+00 -2.229032726e+00 
-7.404288190e-01 3.093644950e-01 4.159742546e+00 
-1.385288719e+00 1.269671495e+00 4.016447229e+00 
1.243238618e+00 6.434627280e+00 -3.990294724e+00 
3.688757242e+00 3.765876001e-01 5.192011144e+00 
1.079292731e+00 -2.789864557e+00 4.068514192e+00 
-2.368091451e-01 1.550590203e+00 -4.832477523e+00 
3.070081867e-01 -1.164380155e+00 4.380040854e+00 
2.099813397e+00 2.125557618e+00 -2.270835134e+00 
4.940145775e-01 -1.674757940e+00 4.204665145e+00 
1.503007440e+00 -8.862220384e-01 -2.126793218e+00 
-1.235456850e+00 3.123869708e+00 -2.471521468e+00 
-1.932334164e+00 9.477387643e-03 2.363020660e+00 
1.016846954e+00 -8.222626517e-01 -2.599941459e+00 
-1.068082346e+00 -2.157768070e+00 2.719336819e+00 
9.678454211e-01 1.182926971e+00 -3.269388265e+00 
4.126656234e+00 -2.575694862e+00 -7.896526420e+00 
5.879672796e-01 -2.690348395e+00 -3.451733607e+00 
-2.975757206e-01 1.865551826e+00 -5.988441657e+00 
-2.849434119e+00 -2.252344956e+00 -5.442727135e+00 
4.763871442e-01 2.856073470e+00 1.280516479e+01 
-1.103142579e+00 7.913595774e-01 -3.042068928e+00 
-9.575271462e-01 -1.924456556e+00 -2.671976347e+00 
1.841056207e+00 1.654894184e+00 5.229031398e+00 
2.852193818e+00 -2.770966682e-01 2.634107186e+00 
2.017823749e+00 -1.744526173e+00 2.360305495e+00 
2.865342233e+00 -1.890027881e-01 -2.609169835e+00 
-2.409449454e-01 2.005541042e+00 1.540100950e+00 
-2.632255734e+00 6.540350819e+00 3.967284357e+00 
2.494579935e-01 -7.307716703e+00 6.933557773e+00 
-9.150542483e-01 3.549070988e-01 -1.933952492e+00 
7.469670174e-01 3.648835047e+00 3.342375954e+00 
1.171339994e+00 2.226054072e+00 -3.130176789e+00 
-6.011231659e-01 1.756393698e+00 -1.314096877e+00 
1.407416441e+00 -1.986870230e-01 4.214711182e+00 
-9.570743445e-01 8.595629199e-01 -1.621917084e+00 
-1.640127071e+00 4.052474332e+00 5.276134654e+00 
6.209278325e-01 3.765876089e+00 3.606085614e+00 
-1.772957032e+00 -1.025453410e+00 -4.271967117e+00 
2.826331682e-02 -7.028015905e-01 1.995366018e+00 
-7.381577091e+00 -1.343876175e+00 -4.869868800e+00 
1.764130808e+00 -1.956296219e-01 4.588356621e+00 
-1.832766577e+00 -8.358745875e-01 3.235344415e+00 
2.401846989e+00 -1.440264448e+00 -2.941443459e+00 
2.490940074e+00 -1.017391674e+00 -2.744955994e+00 
-3.590866718e+00 -1.354443198e+00 -3.363835811e+00 
-7.672725273e-01 -2.844796322e+00 -1.018789996e+00 
-8.297572488e-01 -4.673251507e+00 4.440587531e+00 
1.929581882e+00 6.104114084e-01 1.095277163e+00 
-8.784113554e-01 9.381823097e-01 -1.303410312e+00 
-1.646777179e-01 1.930936460e+00 -5.649438842e+00 
4.824129938e+00 -2.857996157e-01 -2.627819953e+00 
1.229830492e-01 -4.182074867e-01 -2.344636391e+00 
8.844270834e-01 -7.197974973e-01 -2.790397433e+00 
-5.731590875e-02 -2.981158425e+00 -5.231496517e+00 
-1.092159723e+00 6.790790241e-01 5.192183140e+00 
5.824418242e-01 -1.906392160e+00 7.342590051e+00 
5.021655500e-01 7.970176801e-01 5.230011369e+00 
-3.793283226e-02 -2.857885997e+00 -4.062709331e+00 
5.355547741e-01 2.605561549e-01 1.401327240e+00 
2.907823794e+00 -4.763587644e+00 5.234073413e+00 
3.785101316e+00 -4.700141805e+00 -4.064162207e+00 
5.381297395e+00 1.064994882e+00 -4.448232051e+00 
-1.253788256e+00 2.756424988e+00 1.452788742e+00 
2.460189036e+00 4.242514908e+00 6.025383209e+00 
3.215120431e+00 3.221470057e+00 1.324557934e+00 
-9.391163550e-01 -1.145727523e+00 3.600236006e+00 
1.005084152e+00 -1.250796213e+00 2.256898044e+00 
-3.576414102e+00 -2.500910603e+00 2.909098828e+00 
2.922604703e+00 -2.138954515e+00 -4.110150444e+00 
-1.918445661e+00 -2.348327358e+00 -4.533852259e+00 
7.906169156e-01 -1.552116140e+00 2.786100291e+00 
-1.967856557e+00 -2.328708027e+00 4.899245707e+00 
1.014313199e+00 -2.737886305e+00 3.568487003e+00 
2.487317724e+00 -3.673869824e-01 -4.874000735e+00 
1.867762082e+00 -4.679385124e-02 2.044325395e+00 
-2.756175470e+00 -3.093427878e+00 1.566339201e+00 
1.364610161e+00 -3.447000296e+00 6.174798035e+00 
1.691308890e+00 3.284068530e+00 -5.659403610e+00 
-1.462683738e+00 -2.126002613e+00 2.691977471e+00 
-2.955163068e+00 1.876814372e+00 3.282741858e+00 
-3.502793172e+00 1.558761768e+00 1.869499611e+00 
-4.138886180e-01 3.362595527e+00 1.819586615e+00 
2.444469240e+00 -1.829348306e+00 1.465288078e+00 
2.041097960e+00 9.479529691e+00 -2.062907471e+00 
1.868638955e+00 -4.364215868e+00 -1.073787663e+00 
2.347081740e+00 -3.755827717e+00 3.469786972e+00 
-3.413702696e-02 9.421257348e-01 1.274186355e+00 
1.824395476e+00 5.921492170e-01 -3.338187856e+00 
1.415677365e+00 3.176056067e+00 2.066152259e+00 
-1.151690521e+00 5.522491487e-01 7.659789657e+00 
1.263593556e+00 -2.383822850e+00 -4.315180271e+00 
-4.223483760e+00 6.485544553e-01 -3.106737615e+00 
5.313164152e-01 1.303224792e+00 -4.286396312e+00 
1.709630518e+00 1.736293887e+00 -2.607367754e+00 
1.461275075e+00 -1.431050360e+00 1.823273544e+00 
-2.124424850e+00 -1.976225495e+00 -5.897841122e+00 
-1.098264995e-01 -2.719721692e+00 3.791794870e+00 
1.013949196e+00 -6.167026473e-01 -1.667374371e+00 
-5.450591858e-01 -1.870669927e+00 -4.321510551e+00 
-1.858439195e-01 1.523752446e+00 2.566171241e+00 
-1.395027670e+00 5.347906868e+00 6.824858265e+00 
1.024571055e+00 1.048004758e+00 -4.247596143e+00 
7.755316273e-01 -2.756548491e+00 3.271124911e+00 
6.203137415e-01 -5.031319981e-02 -8.481648872e-01 
-3.547988441e+00 1.614300295e+00 -6.442185575e+00 
7.039258526e-01 -4.606399567e-01 4.167457601e+00 
1.265568562e+00 4.560064053e-01 -7.388268411e+00 
-1.648328028e+00 1.095035658e+00 2.530057282e+00 
1.417782626e-01 3.176216038e+00 4.885732676e+00 
3.787233787e+00 1.689685218e+00 4.236097523e+00 
-9.407663237e-01 -1.757102965e+00 3.471011509e+00 
-1.883167130e+00 1.636648477e+00 -4.041037335e+00 
-1.265843070e+00 7.451204590e-01 -7.510157511e+00 
-9.860505190e-01 -2.482076277e+00 -2.095996052e+00 
5.023939432e+00 1.091613616e+00 3.846796088e+00 
-1.721696240e+00 -2.178320788e+00 3.090493694e+00 
-8.224864517e-01 1.159446005e+00 1.625737657e+00 
-2.549092969e+00 -3.069919777e+00 -2.874624259e+00 
5.607877102e+00 -1.904747813e+00 1.838128387e+00 
-2.724078495e+00 4.238390966e-01 -3.856060804e+00 
1.914766122e+00 1.642328776e-01 -3.851014225e+00 
-5.038014814e+00 2.567176215e+00 -9.753780517e-01 
-3.438212573e+00 -3.585898026e+00 2.416709627e+00 
-1.725303049e+00 5.472106507e+00 -2.226724932e+00 
-4.602654630e-01 -1.128016758e+00 -6.341346865e+00 
-2.458762611e-01 2.796129644e+00 2.112011921e+00 
3.165493175e+00 -9.031921469e-01 -2.557770756e+00 
1.143464986e+00 1.395650212e+00 4.733137761e+00 
-3.343735238e+00 -1.530974973e+00 -3.763403567e+00 
8.281188850e-01 1.629627711e+00 -2.564871307e+00 
3.773085427e+00 9.334682431e-01 4.711531092e+00 
-1.745790406e+00 1.167177014e+00 -9.708178872e+00 
6.342628956e-01 1.426971002e-01 -8.752061663e+00 
4.565841157e-01 1.604608832e+00 1.638218220e+00 
-2.300539149e+00 -3.740378131e-01 -4.178625716e+00 
-7.282942063e+00 -2.300367793e+00 -2.399204535e+00 
3.135300830e+00 1.782612565e+00 1.001701431e+01 
9.084451477e-01 -5.304865141e-01 -2.246108517e+00 
1.014458952e+00 2.522069506e+00 -2.002627123e+00 
7.034524397e-01 -1.550866815e+00 1.715293544e+00 
2.940711153e+00 4.124278296e-01 -2.255734271e+00 
1.619436328e+00 -1.933100794e+00 2.593939348e+00 
2.256825385e+00 2.136151772e-01 -3.638205371e+00 
-1.133193518e+00 -5.214401739e-01 4.078721126e+00 
-5.084719877e+00 1.678742887e+00 4.091943640e+00 
-3.572488853e+00 2.596019634e+00 -2.329152554e+00 
-1.242287087e+00 7.969584597e-01 -2.335728339e+00 
1.444426902e+00 1.269128609e+00 5.943159803e+00 
-2.460595795e+00 2.702268698e-01 -5.635884045e+00 
1.796949074e+00 -1.137101589e+00 -4.305899950e+00 
4.306175093e-01 -5.967189652e-01 1.975407800e+00 
9.501689617e-01 -2.046639900e+00 3.675974466e+00 
7.827047874e-01 2.594879891e-01 -3.172148607e+00 
-1.140921885e+00 1.553797282e+00 2.326053083e+00 
2.823207167e-01 -2.562998116e-01 1.359089037e+00 
-4.948969412e-01 -4.508137181e+00 7.941609752e+00 
5.979744942e+00 7.061101175e+00 3.885402911e+00 
-6.388274143e+00 2.622062557e+00 -1.502910625e+00 
-6.968490429e-01 -2.500588371e+00 -5.925462547e+00 
1.792460327e+00 -1.793870914e-01 -1.769377033e+00 
1.429584810e-01 4.631829412e-02 -2.971129717e+00 
-1.290386254e+00 2.148524583e+00 2.896451508e+00 
-1.966224538e+00 1.714875009e+00 5.025065341e+00 
-3.333127151e+00 8.340380848e-01 5.391874780e+00 
3.055256901e-01 -7.520807135e-01 2.483888743e+00 
3.247360513e+00 -1.208536643e+00 2.559425027e+00 
3.940208480e+00 -1.707034385e+00 4.314774761e+00 
-2.110449616e-01 5.859066552e-01 1.138549818e+00 
-7.044359291e-03 6.846559262e-01 2.926357602e+00 
-2.886248173e+00 3.151395411e+00 3.078520898e+00 
-1.079335639e+00 1.064096225e+00 -4.661550792e+00 
-1.368159356e+00 1.338980194e+00 -5.195701734e+00 
6.294282859e-01 -1.974594307e+00 -1.113808416e+01 
7.534622981e-01 -3.533473587e-01 5.914282673e+00 
8.375359529e-03 -9.242709799e-01 -1.640964684e+00 
-2.007352361e+00 -1.742062914e+00 -2.368440339e+00 
-6.453688890e-01 3.599201588e+00 -2.652823792e+00 
-9.057866854e-01 -2.243163419e+00 -2.310177927e+00 
6.159610194e+00 3.759770555e+00 2.340993217e+00 
9.471570394e-01 -1.638705370e+00 -7.098374259e+00 
5.147247699e-01 -2.721891980e-02 6.801402497e-01 
1.490462224e+00 5.900341446e-01 2.942847421e+00 
9.755627625e-02 4.124028140e+00 1.086314348e+01 
2.845121812e-01 -4.979468926e-01 -5.163425818e+00 
2.098457829e+00 1.954854215e+00 3.934507448e+00 
3.483384228e+00 -1.568556766e+00 -3.049288980e+00 
-4.533421230e-01 4.603168789e-01 4.090804483e+00 
1.352148080e+00 -1.822975406e+00 1.074674355e+00 
-3.138406882e+00 1.527885884e+00 -2.364391688e+00 
-5.905786869e-02 7.116673896e-01 -9.675916952e+00 
-1.384591727e+00 1.000263733e+00 -6.888526370e+00 
2.096985506e-01 7.905769267e-01 4.542526421e+00 
2.669156499e+00 6.143630223e-01 -4.080723180e+00 
3.738934331e+00 -1.389508015e+00 3.491993584e+00 
6.656023966e-01 2.727000819e+00 2.307126382e+00 
-3.511901424e-01 -5.545759366e-01 -2.468723394e+00 
3.343254778e+00 1.538881138e+00 -1.892573405e+00 
5.989236965e-01 1.884851482e+00 -3.949081950e+00 
9.876834991e-01 9.062550601e-01 2.708001647e+00 
2.440388863e-01 -1.867581534e-02 2.157319644e-01 
-1.831072062e+00 -1.665688872e-01 5.245494917e+00 
-2.003359588e-01 -2.419251104e+00 5.129149469e+00 
-1.624725248e+00 -1.326831365e+00 3.396611001e+00 
-2.158789726e+00 1.062596538e+00 -1.213192039e+00 
-3.283233750e-01 2.277805211e+00 5.090311285e+00 
-5.718121767e-01 -7.860957134e-01 -5.056928504e+00 
8.786958363e-01 3.971516458e-01 1.979045197e+00 
2.593869083e-01 4.224914092e-01 -6.411307727e-01 
-2.784581638e+00 -4.075462436e+00 -6.592131990e+00 
-8.100116900e-01 2.061205586e+00 4.946386819e+00 
1.456040605e+00 4.363751185e-01 -6.312916954e-01 
8.289679737e-01 1.600188408e+00 -3.610823587e+00 
-4.477740263e+00 -2.255344988e+00 3.302453407e+00 
4.148116541e-01 9.373305170e-01 -3.861528824e+00 
1.160686511e+00 1.259818082e+00 -2.415955750e+00 
9.452012493e-01 9.212193585e-01 -8.605305436e-01 
9.972384504e-01 -7.775162641e-01 4.181918202e+00 
-1.415120153e+00 -4.370994300e+00 3.605352703e+00 
-1.087188724e+00 1.403152153e+00 -3.270508509e+00 
4.678938854e+00 1.041922199e+00 -3.445777185e+00 
2.710466213e+00 1.562755208e+00 -2.168678684e+00 
5.663404032e-01 -3.355224762e+00 -2.537882374e+00 
-4.150746190e-01 -1.055482772e+00 -2.761721550e+00 
5.431042284e-01 -7.544784515e-01 -1.079726610e+00 
1.313849187e+00 -6.079966836e-01 2.222998817e+00 
3.328761310e+00 5.923831044e+00 -2.634220295e+00 
8.643796577e-01 1.174512256e+00 -1.015178577e+00 
-4.271979814e+00 1.759040413e+00 -6.904068624e+00 
-5.014520367e+00 -4.230674138e+00 -5.437644451e+00 
3.616326657e+00 2.680678332e+00 -2.893312201e+00 
-1.935507188e+00 -1.737040943e+00 5.692331193e+00 
-2.554475559e+00 -5.854899116e-01 -2.872334391e+00 
5.457286593e-02 3.235098397e-01 1.002511108e+00 
1.477792235e+00 9.524283532e-01 3.396851787e+00 
-1.227905716e+00 -2.859272326e-01 1.192732562e+00 
5.918242481e-01 -7.605526419e-02 -1.606427470e+00 
4.786302861e-01 -5.665796549e-01 -2.266553797e+00 
-3.025849662e-01 -9.066086947e+00 1.166561766e+01 
5.217458286e+00 1.022637663e-01 -2.972665773e+00 
9.124441378e-01 -1.177989029e+00 -6.049933409e+00 
3.671602198e+00 2.138377901e+00 2.649190448e+00 
-4.961987537e+00 -3.711655279e+00 3.113250187e+00 
3.300364404e+00 1.885057749e+00 -6.912453232e+00 
-7.538509010e-01 -3.667330977e-01 -1.965492690e+00 
-3.079580981e+00 4.477460577e-01 -1.761279558e+00 
-1.127854749e+00 -2.736102182e+00 -4.196791805e+00 
-1.538754430e+00 -2.762519774e+00 3.943873968e+00 
2.378911033e+00 -1.421558414e+00 -5.784945619e+00 
-3.937558717e+00 -9.583578481e-01 -3.336294737e+00 
1.769538881e+00 1.003619609e+01 6.854522905e+00 
-1.703400356e+00 3.155112298e+00 -9.600217802e+00 
-2.139384342e+00 1.394225874e+00 -3.870930889e+00 
-4.149174343e+00 -3.759129332e+00 2.582705921e+00 
-1.263361688e+00 -9.198319025e-01 2.616088889e+00 
-8.051944420e-01 -1.924252405e+00 4.255599391e+00 
-1.547232021e+00 2.618137034e+00 -5.079021538e+00 
7.677881026e-01 3.464621817e-01 -5.052881499e+00 
3.459942731e+00 -6.679005226e+00 -5.184104044e+00 
2.285412132e+00 6.757823498e-01 -3.239921996e+00 
-2.069206605e+00 2.035911167e-01 1.809027940e+00 
2.856210504e+00 -1.371327078e+00 1.942154566e+00 
2.929205620e+00 3.790883302e+00 2.859763255e+00 
-7.174715928e-01 -6.008846008e-01 1.552565868e+00 
-2.130868172e+00 9.406346289e-01 -2.560680339e+00 
1.023093198e-01 -2.619380118e+00 -7.855542332e+00 
2.755648651e-01 1.340597153e+00 -2.730178414e+00 
5.458440580e-01 -8.387871169e-01 2.776524750e+00 
-5.470717692e+00 -2.636028557e+00 9.189875657e+00 
1.839744127e+00 -2.026074616e+00 3.669009995e+00 
-3.686007758e-01 -1.344727603e+00 3.877166724e+00 
8.271648294e-01 2.621028738e+00 2.922801802e+00 
-9.272158464e-01 4.476961973e+00 2.374398264e+00 
-9.561869447e-01 -8.332911675e-01 5.330683962e+00 
9.388976856e-01 8.068335837e-01 -1.283114575e+00 
7.073089768e-01 -6.770336412e-01 -4.272863463e+00 
9.005835748e-01 -7.656167699e-02 -6.256074133e+00 
-8.241568934e-01 -6.269528925e+00 -2.360191751e+00 
-7.466785961e-01 8.093827174e-02 -1.573998499e+00 
-1.087066345e+00 -2.750483111e+00 -5.022269487e+00 
-2.863231735e+00 2.369977128e+00 2.227043377e+00 
5.075248949e-01 2.758768909e-01 -3.427391584e+00 
-4.867204590e+00 -7.202186827e-01 2.372294066e+00 
4.037676875e-01 -5.807032669e-01 -5.225256372e+00 
-5.685620703e+00 5.154543390e+00 5.477418958e+00 
-3.819839771e-02 3.310231640e+00 5.328140003e+00 
3.780166687e+00 3.667840504e+00 -8.068033893e+00 
-1.999701544e+00 -1.086585686e+00 3.771766339e+00 
-2.914148091e+00 -3.117217095e+00 -3.591818705e+00 
2.954522987e+00 6.715964902e+00 5.311788888e+00 
3.460563413e+00 5.646488059e-01 -5.961758848e+00 
-4.114061888e+00 1.834045068e+00 9.939896250e+00 
9.723432816e-01 2.577828075e-01 -1.237977261e+00 
7.105319859e-01 1.114356200e+00 1.842309398e-01 
-1.010882731e+00 4.434300514e+00 -2.256397156e+00 
2.087884993e+00 -4.696899428e+00 5.337382398e+00 
-1.475217717e+00 -1.100467935e+00 -1.667425376e+00 
-3.605418795e-01 1.737439689e+00 -5.423672984e+00 
1.399828106e-01 2.711746960e+00 1.448266603e+00 
-1.857471922e+00 3.640334002e+00 -3.809273248e+00 
2.176139132e+00 -1.586752706e-01 4.649120199e+00 
1.247724445e-01 -7.185581114e-01 -9.291917718e-01 
6.907707344e+00 1.725171201e+00 4.697369313e+00 
1.630027638e+00 1.752563334e+00 4.647588975e+00 
-9.154116133e-03 2.991563879e-01 1.529143743e+00 
-3.980147591e+00 -3.348187665e+00 -1.460505657e+00 
4.830263823e-01 -3.335236283e-01 7.175747273e-01 
1.464684891e+00 2.605207135e+00 4.840216745e+00 
1.896779458e+00 6.734701555e-01 2.721147565e+00 
3.656763277e-01 1.619906257e+00 3.996002081e+00 
-3.149853841e-01 -3.518642024e+00 -6.855374879e+00 
-1.088795682e+00 3.856233093e+00 -3.075861932e+00 
-6.285294387e-02 6.099218786e-01 -2.269801472e+00 
-3.653145295e+00 -3.667275932e-02 3.509383765e+00 
-8.994354610e-01 -1.476692768e+00 1.764434317e+00 
1.960741395e+00 1.251340397e+00 3.805633579e+00 
-3.240361043e+00 8.851646252e-01 5.503857553e+00 
3.613180153e-01 5.149545489e+00 -2.430466358e+00 
8.592676959e+00 6.313337109e+00 -6.585157534e+00 
1.001336602e+00 1.118011580e+00 -4.170109909e+00 
3.948191840e-02 2.391090120e+00 -4.063340179e+00 
-8.022814729e-01 3.132667942e+00 -5.717715047e+00 
-4.010857652e+00 1.988068047e+00 -7.762053537e+00 
-8.288184089e-01 5.457008460e-01 -1.338652267e+00 
-9.882496860e-01 -9.897703016e-01 2.166754276e+00 
2.499562784e+00 2.126218621e+00 -4.923927652e+00 
6.355760348e-01 -2.050802816e+00 3.986220656e+00 
-3.771268774e-01 1.115886257e+00 5.074322127e+00 
-4.619399775e-01 2.983513243e+00 -3.940751783e+00 
-5.402439900e-01 6.615517324e+00 1.565002391e+00 
-2.604077915e+00 -6.887028926e+00 -5.189139260e+00 
-2.983205468e+00 -8.254837984e-01 -1.715009780e+00 
-7.808167936e+00 -1.498140078e+00 -1.808816441e+00 
-2.555721668e-02 -3.682064500e-01 -3.509953148e+00 
2.473754574e+00 -3.393386494e+00 1.084923189e+00 
-3.353019323e+00 -8.568779950e-01 -4.790199701e+00 
-9.556522039e-01 1.762793886e+00 2.744032432e+00 
5.525337401e-01 -4.933294106e-01 3.027566136e+00 
-4.492652787e-01 2.301990298e-01 -2.413701812e+00 
1.248823438e+00 1.585867176e+00 2.891507664e+00 
1.619073648e+00 5.396364847e-01 -2.962189276e+00 
-2.193564245e+00 -1.644604266e+00 2.786821431e+00 
7.248466074e-01 7.824844018e-01 -6.333137066e+00 
-2.773971167e+00 -3.479361536e+00 -4.063132337e+00 
2.059794101e+00 -1.285074341e+00 3.570555324e+00 
-1.161443202e+00 -1.195752947e+00 -6.665221832e+00 
-1.033613991e+00 -9.138815430e-01 -4.455065968e+00 
2.969313710e+00 3.510569633e+00 -6.598341129e+00 
1.765704851e-01 3.375608714e+00 2.832177215e+00 
6.101289388e-01 1.969882487e+00 5.039306626e+00 
2.457391416e+00 -4.066020005e-01 2.116449641e+00 
4.373594179e-02 3.588249442e+00 3.882159214e+00 
-4.792260522e+00 -1.457308778e+00 9.150572757e+00 
1.112346416e+00 5.999369720e-02 1.987289982e+00 
3.348795833e-01 -1.205402463e+00 4.028177595e+00 
3.492028620e+00 1.118759548e+00 -1.974692650e+00 
1.726802241e+00 -5.312431248e-01 3.179469367e+00 
-5.917677616e-01 -7.345276920e-01 1.607431272e+00 
2.329209150e+00 -1.021530447e+00 -6.386585595e+00 
-1.540174321e-01 2.728391555e+00 4.875599119e+00 
8.222360111e+00 2.612627242e+00 4.052357997e+00 
-1.285695198e+00 -9.043020357e-01 3.140966046e+00 
-1.023295197e+00 2.741835312e+00 -8.768210662e+00 
-4.347584478e-01 1.105064893e+00 -3.068748886e+00 
8.865610201e-01 -3.840782560e+00 -4.662702430e+00 
-1.205657092e+00 7.285164021e-01 -3.011012173e+00 
-1.561370303e+00 -4.415963428e-01 6.756040440e+00 
1.555284681e+00 -1.973801164e+00 5.161594770e+00 
-1.172286936e-01 -4.136240802e+00 -3.633358402e+00 
2.590475994e-01 3.069930863e+00 2.473887050e+00 
3.658762183e+00 -1.202113242e-01 4.071746828e+00 
3.289984126e-01 1.743417964e-01 3.175186077e+00 
2.282353525e+00 6.963186182e-01 1.084859134e+01 
-2.206763345e-01 5.670131549e-01 -1.528331430e+00 
5.797605851e+00 5.605727870e+00 4.131397073e+00 
-1.502048931e+00 2.714283218e+00 -7.123869295e+00 
-1.628240514e-02 8.268582569e-01 -1.407181190e+00 
-1.627393527e+00 -1.572249354e+00 6.606256336e+00 
7.388774328e-02 1.100907583e+00 -5.144646203e+00 
1.138339005e+00 2.112219972e+00 4.415617417e+00 
-1.215282637e+00 -2.800022442e+00 -7.258668205e+00 
4.485727442e-02 -2.619151577e+00 1.602358190e+00 
-1.876636355e+00 3.400243466e+00 -1.018231350e+00 
5.096359327e-01 8.530510271e-01 -1.697327478e+00 
1.463801839e+00 1.761478254e-02 1.020155293e+00 
4.348719463e+00 6.342586046e+00 -2.982676464e+00 
1.143183565e+00 8.971888266e-02 -1.538709225e+00 
6.671541812e-04 -3.337367877e+00 2.320060630e+00 
-1.602641000e+00 1.020785013e+00 1.542082834e+00 
-1.768879706e+00 9.135681820e-01 -2.414965538e+00 
-3.350974998e-01 1.999706056e+00 5.902633065e+00 
8.937382781e+00 -1.863584631e+00 -4.885369660e+00 
2.004049740e+00 1.780592172e+00 3.593034961e+00 
3.584790372e-01 -2.938666640e+00 -2.219067168e+00 
-5.854741241e-01 -3.281919766e+00 4.837685962e+00 
1.867046590e+00 2.571669256e+00 2.121277019e+00 
3.715539107e-01 -4.114323204e+00 -9.112605658e-01 
-8.855199163e-01 -2.178437829e+00 7.840858216e+00 
-1.081101897e+00 3.103625666e+00 -4.866955433e+00 
1.635262230e+00 2.828776636e+00 -5.903803164e+00 
3.901276403e-01 -1.594343654e+00 2.374622648e+00 
-3.657568343e+00 1.414619298e+00 3.447515666e+00 
8.818571394e-01 -2.413749377e+00 -2.314010868e+00 
3.863369380e-01 1.210398327e+00 1.716235173e+00 
-9.573694993e-01 9.253985204e+00 -5.096264225e+00 
-2.917216861e+00 2.278652497e+00 2.632818564e+00 
-3.040110478e+00 -1.300139101e+00 2.777790060e+00 
6.107534669e+00 -1.252986275e+00 -3.336631947e+00 
1.047185833e+00 2.153587131e+00 3.218333072e+00 
1.655210140e+00 5.705195634e-01 -5.275707466e+00 
-1.002059752e+00 -1.622067277e+00 -3.646520320e+00 
2.912710155e+00 7.348861269e+00 6.436564007e+00 
-4.576741964e+00 -5.147012260e-01 -3.714439974e+00 
-2.626318150e-01 -5.135873853e+00 6.700303681e+00 
2.491156174e-01 1.924311648e+00 3.914796884e+00 
4.920710937e+00 2.130029323e+00 -2.130084184e+00 
-6.231454435e-01 -2.128156204e+00 -4.287510853e+00 
1.321563081e+00 -3.057672324e+00 3.518851810e+00 
1.074014077e+00 2.513202315e+00 -8.316360060e+00 
1.114832687e+00 -1.085523957e+00 -5.537596843e+00 
2.462732716e+00 -5.379624439e-01 2.076736679e+00 
-2.618463079e-02 -3.035360285e+00 -2.487896642e+00 
2.150091073e+00 -4.139768960e+00 9.120402619e+00 
6.153339896e-01 2.818084463e+00 -1.657384466e+00 
-4.876275882e-01 1.070940828e-01 -1.477140996e+00 
-2.298772498e+00 1.184750674e+00 -6.244135838e+00 
-7.908050777e-01 8.995154091e-01 1.845801002e+00 
1.499795030e+00 1.238817760e+00 -4.626904904e+00 
2.694265160e-01 -2.715679936e+00 1.274261225e+00 
-2.601489833e+00 3.346848562e+00 7.980905258e+00 
-1.346232983e+00 -3.881016109e-01 -5.888684839e+00 
2.864645521e+00 1.472910029e+00 -4.156990162e+00 
-6.076050893e+00 9.985299766e-01 -4.449486260e+00 
4.366649604e-01 -1.511294688e+00 -5.809626668e+00 
-8.466675134e-01 -2.751163057e+00 6.652741763e+00 
1.948167009e+00 3.006736909e+00 2.923142165e+00 
-2.411530747e+00 -3.721851313e+00 3.507181698e+00 
-2.440514792e-01 -1.042388114e+00 -2.055341816e+00 
-7.192736560e+00 -5.499554739e-01 6.697997773e+00 
4.130536071e+00 -2.328649528e+00 2.659694728e+00 
1.349610807e+00 -1.652242683e+00 1.788087877e+00 
-2.165350285e+00 -3.241124043e-01 1.862728592e+00 
-1.170479301e+00 2.622829456e-01 3.611654105e+00 
3.089688822e-03 8.950695213e-01 -3.123953489e+00 
-4.309914242e-01 6.111271947e-01 -2.237141827e+00 
-1.395775614e+00 -2.021834495e+00 -1.116475641e+00 
-1.320113773e-01 -4.051472880e+00 -7.139159397e+00 
-1.805816684e+00 1.917889189e+00 4.605736614e+00 
-2.251031469e-01 -1.159955684e+00 -2.816206396e+00 
1.951971846e+00 -1.284272012e-01 3.897212216e+00 
-1.649878963e+00 2.259009963e+00 4.684770009e+00 
-4.471561573e-02 1.758997746e-01 6.769685404e+00 
5.926501712e-01 1.150796792e+00 5.460106628e+00 
-2.047188804e+00 -4.230788015e-01 3.776146849e+00 
2.978480314e+00 1.666877449e+00 -1.658475552e+00 
3.872002668e-01 2.151161526e+00 -3.060363337e+00 
4.845397351e+00 -4.552457487e-01 -3.709093420e+00 
-1.261530843e+00 -6.106193088e-01 -3.196238061e+00 
3.724587689e+00 -7.214092417e-01 -1.096495661e+01 
3.880279103e-01 1.388369798e+00 -1.047980524e+00 
-2.163268222e+00 -2.882997429e+00 -4.471530822e+00 
-1.459323397e+00 2.131285167e-01 7.141287671e-01 
8.026372296e-01 3.867291235e+00 -7.901537286e+00 
-1.742534982e+00 3.462890712e+00 -2.579721238e+00 
1.912314758e+00 7.756611477e-01 1.189132498e+00 
2.128547144e+00 -1.690906522e+00 -5.364522119e+00 
-2.299009912e+00 3.316284584e-01 1.390015189e+00 
-4.540721279e-01 3.382956706e+00 4.001572491e+00 
8.243720703e-02 -3.646029856e-01 1.511192795e+00 
-7.028591022e-01 1.935048048e-01 -2.609033871e+00 
7.826495445e-01 1.003571752e+00 1.606140190e+00 
-3.980680685e-01 2.027463443e+00 3.110720499e+00 
-5.050138045e-01 4.735897878e+00 -3.131741378e+00 
-1.762297159e+00 4.691291301e+00 -7.251710261e+00 
3.008890839e+00 2.951759926e+00 -6.142892723e+00 
-1.589708046e-01 3.764897009e+00 -3.776361044e+00 
-4.782832959e-01 -2.442839412e+00 3.503202520e+00 
1.594506330e-01 -2.457527001e+00 5.472658242e+00 
1.766051828e+00 -1.255500755e+00 -1.028630754e+01 
1.105658749e+00 -2.695115981e+00 2.931289005e+00 
-8.937590200e-01 7.315082150e-01 5.856918154e+00 
-3.116057934e+00 5.572940170e+00 -7.017105636e+00 
-2.127756551e+00 5.030711464e+00 3.341506518e+00 
-3.104910750e+00 -1.801426172e+00 3.040333301e+00 
6.040803781e-01 -7.144889005e+00 -9.885316261e+00 
3.693963714e+00 -2.808155039e+00 4.287092218e+00 
-8.038698426e-01 -3.695307390e-01 -1.086161130e+00 
2.580955320e+00 -2.831169945e+00 -4.411725835e+00 
1.236222859e+00 1.800088970e+00 2.048329109e+00 
8.234845251e-01 3.283703150e+00 -3.669680193e+00 
-2.350980417e-01 -2.268892928e+00 -3.316747288e+00 
1.375840049e+00 9.075195219e-01 2.704788994e+00 
-2.898108796e+00 1.157475046e+00 7.459391554e+00 
-1.386011980e+00 8.189155675e-01 2.865863219e+00 
-1.547094730e-01 2.900352063e+00 -8.938378644e+00 
2.717489411e-01 2.554974430e+00 -5.168377943e+00 
-2.392257481e+00 4.660207567e+00 7.135839230e+00 
-7.937664732e-01 1.749264591e+00 5.501343463e+00 
-5.776588672e-01 1.044078091e+00 2.433385381e+00 
6.267994083e+00 4.672894279e+00 -6.168657106e+00 
2.785901807e+00 -3.975756894e+00 -2.576041437e+00 
2.297772897e+00 1.583314301e+00 3.162811090e+00 
-1.395392374e+00 -1.104295677e+00 4.874760709e+00 
-1.447712653e+00 4.462501616e-01 2.288170372e+00 
6.053675037e+00 -6.875564149e+00 5.784789086e+00 
5.022849894e-01 3.439953555e+00 3.510079473e+00 
-1.161737321e+00 8.938053087e-01 2.888935867e+00 
1.279611626e+00 1.588005135e+00 1.934878250e+00 
1.543236732e+00 3.616503418e+00 -1.857738920e+00 
1.408101242e+00 9.032158587e-01 2.201634298e+00 
1.330609105e+00 1.817236581e+00 -2.507533363e+00 
3.914509144e+00 -9.504658666e-01 1.928924035e+00 
4.769022582e-01 3.019674424e+00 3.841310764e+00 
3.009922373e+00 -3.110133246e+00 9.411979417e-01 
-7.038885814e-01 -1.278110568e+00 -3.680534833e+00 
1.973924808e+00 -4.282946725e-01 2.864144071e+00 
8.328154543e-01 -1.905963757e+00 -2.096366208e+00 
-2.801744987e+00 3.620675712e-01 -4.212030878e+00 
-6.569549554e-01 1.368082514e+00 4.032413250e+00 
3.085607324e-01 8.560305576e-01 -3.385137251e+00 
-2.530441780e+00 -1.183034858e+00 -3.465398489e+00 
-3.989646970e-01 -2.841258814e+00 2.740747029e+00 
-7.090203400e-01 -6.817042503e-01 -5.787547973e+00 
9.718347402e-01 1.097220056e+00 -3.120753971e+00 
-2.301065507e+00 1.781064220e+00 -3.523051418e+00 
