1.030446202e+00 4.380037435e-01 1.328967051e+00 
3.498902272e-01 6.663493917e-02 8.715374640e-01 
-1.113325361e+00 -2.329290180e+00 1.994619669e-01 
-1.276902856e+00 -1.654125127e+00 -6.288702999e-02 
1.412799911e+00 -6.311951058e-01 1.104119963e+00 
6.294367230e-01 4.117679795e-01 2.864414271e-01 
6.902369048e-01 -1.116949601e+00 5.663812120e-01 
-8.290814159e-01 -8.826089884e-01 -1.405577062e+00 
6.559245835e-01 1.048714692e-01 4.900051307e-02 
1.326525858e+00 -3.173234102e-01 2.859828733e+00 
-2.624774880e-01 -5.820199878e-01 6.158199517e-01 
6.140039280e-01 -1.087946918e+00 -9.659109120e-01 
-4.066469230e-01 -1.533447203e-01 2.834303368e-02 
1.109675167e+00 -6.888917656e-01 -2.086223551e-01 
1.214921088e+00 2.045076131e+00 -8.991662765e-02 
5.297937409e-01 4.676236481e-01 1.451522597e+00 
-7.879930669e-01 -1.469659800e+00 -1.475904594e-01 
-4.320083442e-01 2.317142224e-01 7.238612115e-02 
-7.650798223e-01 -6.819894808e-01 7.333014280e-01 
2.876966895e-02 -1.419900484e+00 1.439301926e+00 
-6.096703278e-02 4.030252597e-01 5.970299810e-01 
-9.559582854e-02 -1.951472993e+00 1.136765211e-01 
3.026786718e-01 -2.059514324e+00 -3.072618268e-01 
-5.450455543e-02 1.120858903e-01 1.211102538e-01 
-4.279735654e-01 -9.111859769e-01 -8.202453707e-01 
-1.272987784e+00 -1.146763258e+00 -3.303035598e-01 
-1.752374915e+00 -1.027113842e+00 6.137979589e-01 
-1.527274926e+00 -1.107008116e+00 6.247342801e-01 
1.769861281e-02 1.045505734e+00 -3.904052463e-01 
1.936713590e-01 3.753078606e-01 -7.478322360e-01 
-1.604645417e-01 3.134024425e-03 2.378821012e+00 
2.327578110e-01 7.476249624e-01 -3.292383429e-03 
-8.282954035e-01 7.866455224e-02 -3.014545752e-01 
-5.983131852e-03 2.790564036e-01 1.019017580e-01 
1.020914431e+00 -5.189561694e-01 -1.751482631e+00 
-3.421351199e-02 8.964431910e-01 1.225608347e-01 
1.210615380e+00 -4.683880278e-01 2.932616695e+00 
-1.084787565e+00 3.894630986e+00 -1.195910464e-01 
-1.949658633e+00 8.390347041e-01 7.217856479e-01 
2.879014566e-01 2.420150783e-02 6.927495460e-02 
-5.810058110e-01 1.421437179e+00 -5.398746787e-02 
-1.279692731e-01 -3.743984056e-01 -1.006914998e-01 
-9.049867003e-02 8.476707862e-02 -1.258795431e-01 
6.790071048e-01 -1.650911735e-01 9.250483270e-02 
-1.202576678e-01 6.066944419e-01 -1.293369090e+00 
9.344738002e-02 -2.138137180e-01 4.125543779e-01 
-1.591845965e+00 -1.360695608e+00 1.125152637e+00 
5.726876808e-01 -4.949685863e-01 3.535845643e-01 
-1.774292645e-01 5.122610677e-01 -2.649982931e-01 
5.626593448e-01 -1.143508427e-01 4.124406155e-02 
3.256570850e-01 -6.299247109e-01 4.431510366e-01 
1.786621089e+00 -3.071986148e-01 -1.005730122e+00 
-2.683856503e-01 3.801598900e-01 3.913365333e-01 
-4.375727297e-01 2.670598365e-01 -1.149075122e-01 
6.613033551e-01 1.697870047e+00 1.289866979e+00 
2.789612434e+00 -4.485603662e-04 -1.659509030e+00 
-7.630201514e-01 8.033902415e-02 3.697798705e-01 
-7.055991636e-01 3.703049698e-01 1.665186451e+00 
9.010075147e-01 -7.600338330e-01 6.004607441e-01 
-4.735884292e-01 8.213230770e-02 -1.069129251e+00 
2.241788217e+00 8.722428782e-01 -4.104292362e+00 
1.317462196e+00 6.257750656e-01 1.249694898e+00 
-7.681244448e-01 5.060061588e-01 -7.640991070e-01 
8.546547101e-02 1.305739989e+00 -2.047241360e-01 
-1.361837272e+00 1.504177453e+00 -4.044036634e-01 
4.310862801e-01 2.293549806e-01 -9.961917679e-01 
-3.574542674e-03 -6.649276224e-02 -7.018345304e-02 
-4.591355968e-01 2.742375910e+00 1.645662998e-01 
1.266549066e+00 -3.452989826e-02 3.804726939e-01 
-1.714452877e+00 -1.456875941e+00 2.554936038e-01 
-1.005428844e+00 -5.012664997e-01 4.729256168e-01 
-3.886036246e-01 1.669457167e+00 -7.691369366e-01 
-1.242710239e+00 5.114102272e-01 -3.182595243e-01 
1.562254845e+00 8.084886377e-01 -5.380430091e-01 
-7.559213875e-01 1.303040375e-01 5.065953590e-01 
-1.864018091e+00 2.286024175e+00 -2.028732824e+00 
8.736857306e-01 -1.563773419e+00 6.513708297e-01 
-3.554750191e-01 6.626741900e-02 -4.202351269e-01 
8.700588176e-01 -4.839172438e-01 3.323522180e-01 
2.254576872e-01 1.269974997e-01 -8.197204317e-01 
1.792745452e+00 5.235007321e-01 -6.937465381e-01 
-4.314701796e-01 -5.329478854e-01 7.531310934e-01 
7.551202117e-01 1.241784538e+00 -4.210721325e-01 
-3.420350531e-01 3.027664519e-01 -8.228284757e-01 
-6.441526770e-01 7.927502077e-01 1.370799064e-01 
1.680455406e+00 -3.936115485e-01 -2.838307722e-02 
3.718495703e+00 -2.902214014e-01 4.066190710e-01 
7.564539775e-01 -1.115331337e+00 1.459257933e+00 
9.372151552e-01 2.040275694e-01 -5.579307368e-02 
-1.051464764e+00 2.669219517e+00 1.479398837e-02 
1.035078244e-01 5.134452797e-01 -9.212152990e-02 
-2.012409122e-01 -7.783463912e-02 5.392656681e-02 
1.257187238e-01 -8.670667647e-01 4.017623158e-01 
2.437493246e-01 6.410989537e-01 7.166161976e-01 
-2.136476137e+00 -2.509182896e-01 7.311687522e-01 
-1.748419596e+00 -6.452539118e-02 -1.072686182e+00 
-6.552825845e-01 -3.323509868e-02 -3.092811012e-01 
3.032924829e-01 -9.266349445e-01 -2.382949434e-01 
-4.708530012e-02 -2.121943959e-01 6.249861595e-01 
-1.182305351e+00 -7.653323403e-01 5.231873962e-01 
-4.978451038e-01 2.419523636e-02 5.564318734e-01 
5.995237510e-01 -4.523922104e-01 3.359455038e+00 
1.256469782e+00 -1.243112338e+00 1.210191285e+00 
1.100520242e+00 3.433179110e-01 2.014696605e-01 
-3.268486115e-01 -1.353912248e-01 5.020438175e-01 
1.123473343e+00 -2.265826881e-01 9.038488957e-01 
1.976327624e+00 1.110899304e+00 -8.401436088e-01 
1.585472693e-01 1.719054369e+00 2.020307670e+00 
4.633193446e-01 -1.206964192e+00 -5.229212744e-02 
-1.283126630e-01 -6.146368255e-01 1.260769580e+00 
-5.106024035e-01 -7.286603195e-01 2.040630978e-01 
-7.492374098e-01 -3.548608675e-01 -7.241895982e-01 
5.018657063e-01 6.220908770e-02 -8.113222777e-01 
4.983087839e-01 -3.714640401e-01 -6.198240300e-02 
-1.731057757e+00 2.547230542e+00 4.160274329e-01 
-5.521077548e-01 -8.791330110e-03 1.600095574e-01 
-1.242651173e+00 -1.820431940e+00 -1.059274323e+00 
1.182474322e+00 1.405815444e+00 9.833814448e-01 
1.677129808e+00 -1.061075419e+00 -4.281230799e-01 
-9.161951282e-01 5.804589485e-01 -8.217392794e-01 
3.271257036e-01 -3.240034229e+00 -5.484251346e-02 
4.042714715e-01 -3.279438528e-01 1.539739215e+00 
4.321610206e-01 -1.866252094e+00 8.842257082e-01 
-7.194023768e-01 1.063277309e+00 2.308974330e-01 
1.485120583e+00 -2.517781102e-01 5.000446249e-01 
3.490901633e-01 7.715344714e-02 -7.697313211e-01 
-2.534864775e-01 -4.904129772e-02 -5.973000210e-01 
-1.916687124e-01 -1.823822707e-01 -3.791337061e-02 
7.952616455e-01 1.515252461e+00 1.472529820e+00 
5.032499503e-02 2.374501910e+00 -1.341386606e+00 
1.613671310e+00 4.279631806e-01 1.447612984e-01 
5.846217216e-01 -6.508628782e-01 -1.167245854e+00 
-1.229426331e-01 -3.551215824e-01 -4.824975499e-03 
1.062308858e-01 1.325968035e+00 -1.441534353e+00 
-5.077386048e-01 -6.821999076e-01 3.045924696e-01 
-1.105712504e+00 -3.518202327e-01 9.107102817e-01 
-8.948044596e-01 -8.240699102e-02 2.201760952e+00 
-2.512181665e+00 6.613582363e-02 -2.255083502e+00 
3.044382925e-01 7.227038164e-02 -9.176611150e-03 
-1.605680727e+00 1.103773448e+00 -8.511109318e-01 
5.905122896e-01 -2.399540449e-01 8.448868096e-01 
8.457755300e-01 -1.890591063e+00 1.321152092e+00 
7.585941915e-02 -2.684938378e-01 -1.028181074e-01 
-3.525346210e-02 -1.165218104e+00 1.263252031e+00 
1.017339223e+00 9.748031246e-01 5.764148472e-01 
-3.539395072e-01 5.014172551e-01 4.222788216e-01 
1.029221230e+00 -3.120592637e-01 -9.518372039e-01 
3.216135429e-01 1.154195476e+00 6.098346969e-01 
-1.927792919e+00 1.640859479e+00 -3.152250764e-01 
-1.814101631e+00 -2.199758318e-01 3.936065689e-01 
-1.297832013e+00 6.064104962e-01 -1.596769258e+00 
-1.589303580e+00 -9.027312375e-02 -1.249486448e+00 
-6.889678806e-01 4.448976067e-01 -6.658749134e-01 
-1.051709267e+00 5.210450986e-02 -4.052127601e-02 
-5.770708749e-01 -5.154518261e-01 -2.691432832e-01 
4.141891332e-01 4.824656212e-01 -2.499163850e-01 
8.130295524e-01 7.441354563e-01 -8.493127489e-01 
-1.555457814e-02 1.106636665e-01 1.393703530e+00 
-2.502333876e-01 6.912186517e-01 -4.627758654e-01 
-1.662034159e-02 -2.463821851e-01 4.356502314e-01 
1.043237919e+00 -7.505342161e-02 3.289466731e-01 
-1.834373356e-01 -5.372159563e-01 1.808626060e+00 
1.199783863e+00 -4.031648412e-01 6.615331231e-01 
1.557340167e-01 4.472073680e-01 -1.357746517e+00 
9.578573890e-01 -6.775588023e-01 -1.630848375e+00 
-4.092650347e-02 -3.007843533e-01 1.257294120e+00 
1.239809150e+00 -8.093942924e-01 -3.870856953e-02 
8.155033849e-01 3.425369728e+00 -5.548899277e-01 
5.019451115e-02 2.006533807e-01 -8.249906274e-01 
-9.293023776e-01 1.041274893e-01 -2.324747849e+00 
2.233425941e-01 3.492630264e-01 -5.076784213e-02 
6.895212060e-01 1.708405857e+00 -5.718210571e-01 
1.839786585e-01 -2.918340974e-01 -1.192009379e+00 
9.288260962e-02 2.443618681e-01 -4.964836030e-01 
-2.438373579e+00 -2.851393823e-02 -9.984022842e-02 
2.038176125e+00 1.119450811e-01 -1.000692772e-01 
-2.856909166e-01 -3.896944424e-01 2.145685189e-01 
-1.796618151e+00 -1.476707732e+00 -8.283047484e-01 
-1.461449668e-01 3.398424249e-01 -9.453609580e-01 
1.272688975e+00 3.715087902e+00 -7.255978544e-01 
-1.568077019e+00 5.115496523e-01 -4.113236195e-01 
-5.659041782e-01 -4.803698627e-02 -3.156306777e-02 
-6.493883022e-01 -1.259764937e+00 -1.340303208e-01 
-1.610114912e+00 -8.780972335e-01 -3.590500603e-01 
-9.164071879e-01 -5.095170048e-02 4.895852921e-01 
-3.609414484e-01 5.715111740e-02 -2.470965823e-01 
1.848125790e+00 -1.024537804e+00 -2.936833853e-01 
7.006084309e-01 1.058386095e-01 4.369390276e-01 
-9.134258270e-01 -1.415242571e+00 6.294935423e-01 
9.237678072e-01 1.488442719e+00 -2.399824162e+00 
-9.179405012e-01 1.742400074e+00 1.148077367e+00 
1.084122877e+00 -6.299693792e-01 -3.474690048e-01 
1.377764946e+00 -2.983900149e-01 -6.835292957e-01 
-1.644209159e-01 4.247668353e-01 -3.007084767e-01 
1.157163070e-01 3.131122804e-01 -1.032546400e+00 
-3.015943914e-01 1.257321665e+00 -2.011773954e+00 
-1.253934566e+00 4.467819333e-01 6.792204259e-01 
-6.556602851e-02 -1.404213107e+00 -4.200898821e-01 
8.403331755e-02 1.067802528e-01 -2.854697147e-01 
2.432178839e-01 3.449689317e+00 3.134658403e-01 
-1.690506931e-01 1.474024366e-01 -3.441513169e-01 
-2.056217498e-01 -3.185535231e-01 -1.193766772e-01 
1.004283948e+00 -1.540223800e+00 -4.648176213e-01 
2.178456772e-01 -5.901959081e-01 4.541179997e-01 
-9.040315448e-01 1.897885634e-01 -5.781375997e-01 
-1.706475546e-01 7.952030453e-02 2.166325172e-01 
9.054057493e-01 1.300166599e+00 -2.070629111e-01 
-7.645511997e-01 9.951685502e-01 1.306143020e+00 
-1.198492697e+00 -1.396885459e+00 -1.337073789e-02 
-2.780177869e-01 1.088114594e-01 -1.792534192e+00 
2.133177221e-01 -3.476074819e+00 -2.413300998e-01 
-3.575594068e-02 4.140371466e-01 9.130824233e-02 
-5.253597790e-01 1.044650859e+00 1.286144292e+00 
8.679796956e-03 -1.211372560e+00 1.987617048e+00 
-2.443515872e+00 6.054910503e-01 -2.326759256e+00 
1.163285503e+00 1.697108865e-01 1.843618942e-01 
4.976979597e-01 2.295505154e+00 -2.798842399e+00 
-1.041101353e+00 2.006370209e-02 -1.588823880e-01 
1.462959666e+00 3.152346077e-01 -1.069991213e+00 
-3.026137160e-01 -3.617306685e-01 1.523419363e+00 
-4.000978197e+00 -3.215853795e-01 -1.871696384e+00 
-2.016323359e-01 1.617010361e-01 -2.881665545e-01 
2.001096720e-01 3.921254943e-03 5.722287518e-02 
3.438481456e-01 -6.838220247e-01 1.001577219e+00 
1.422300823e+00 3.306842929e-01 1.223769293e+00 
-5.542101628e-01 2.275005379e-02 1.770696160e+00 
-9.959716539e-01 -7.823887607e-02 9.961501961e-01 
-2.330799795e-01 -1.081178273e-01 1.124039541e+00 
1.909617158e-01 5.170056339e-02 -6.694309907e-01 
2.410089622e-01 -5.392957157e-01 -2.222934927e-01 
6.710953719e-01 1.984140237e-02 -7.398291410e-01 
-3.978769671e-01 1.536819969e+00 -3.249155359e-01 
-3.632553017e-01 -1.366204856e+00 1.042865251e+00 
-6.270339906e-01 -3.855036681e-01 -2.385951133e-01 
-1.563284596e-01 -2.247585710e-01 -5.337213981e-02 
2.253113119e-02 -2.637173873e-01 1.341607271e-01 
6.525248814e-01 1.837214487e+00 -3.590506675e-01 
1.303497417e+00 -4.100636220e-01 -1.261924709e+00 
-2.134669105e-01 7.042567479e-01 -1.833381798e+00 
-1.069682413e-01 -7.917634008e-01 -5.687097983e-02 
-1.896907208e-01 2.787426594e+00 7.345553801e-01 
1.193310005e+00 -5.990314843e-01 4.232228160e-01 
-2.209262041e-02 -3.177437278e-01 1.986801095e-01 
1.787806512e+00 4.456806548e-01 -2.659076003e+00 
-1.017488069e+00 -2.342907525e+00 -1.586113383e+00 
1.026130372e+00 2.938403235e-01 2.480285497e-01 
1.278260125e+00 -1.235127599e-01 -6.680584756e-01 
1.919823096e-01 -2.501173923e-01 -1.206209051e-01 
-1.708096585e-01 -5.118632806e-02 7.978637105e-01 
-8.406449333e-03 -1.814696831e-01 -8.888522375e-01 
-1.755526810e+00 1.544435713e-01 -1.456363922e+00 
-5.077382258e-02 4.707494114e-01 -1.417991632e-02 
-6.977913995e-01 -3.732193955e-01 -2.172919314e-01 
-6.388245693e-01 5.385804940e-01 1.538930935e+00 
2.669560237e-01 -1.508330414e+00 9.064567087e-01 
7.553794400e-01 9.441145437e-01 -1.573747430e-01 
9.777962201e-01 4.109874028e-01 -6.916119013e-01 
-7.659993049e-01 -1.842368822e+00 -6.799248333e-01 
9.948633519e-01 -7.244607360e-03 -6.525740243e-01 
-1.193691037e+00 -1.082438301e+00 -1.637001151e+00 
1.994530256e+00 2.408785490e+00 -4.521427819e-01 
2.293551468e+00 2.287020720e+00 -2.277576069e+00 
-1.784301537e+00 -1.973164702e-01 2.473204895e-01 
-1.698099510e+00 3.880256958e-01 4.219948982e-01 
9.597070374e-01 -4.324869586e-01 3.074074598e-01 
-5.416393081e-01 -7.458375935e-01 1.950058345e-01 
3.149275911e-01 -5.155066004e-01 -9.807049082e-01 
-2.947188960e+00 -2.124388321e-01 -4.314847256e-01 
4.206592731e-02 9.621252149e-01 -5.834703715e-01 
3.645038298e-01 2.501851045e-01 2.182831550e-01 
3.996830231e-01 -7.237917804e-02 -8.188102968e-01 
4.034496443e-01 1.968670636e-02 -3.529759564e-01 
9.310271349e-01 -3.716036672e-01 3.052850447e-01 
2.747688451e-01 2.138526836e-01 4.354397369e-01 
-4.606979932e-01 -5.311257818e-01 -1.369872033e+00 
9.402739482e-02 1.450539994e+00 -2.524475743e-01 
-8.332426275e-01 1.555477768e-01 -2.710067300e-01 
-1.567199170e+00 -1.264988135e+00 -3.181537342e-01 
2.762318330e-01 -2.044382067e-01 1.568244197e-01 
7.469980478e-01 -4.099690686e-01 -5.420835902e-01 
1.026945782e+00 -2.334744176e-01 4.367159431e-01 
-8.080629932e-01 8.698052128e-01 2.034339060e+00 
-5.109366472e-01 2.915779497e-04 3.739702741e-01 
-9.216941421e-01 -1.194810062e+00 4.653926823e-01 
-1.360982734e+00 1.140537085e+00 -1.191651277e+00 
3.185185116e-01 -7.531200432e-01 5.253360811e-01 
-1.542336330e+00 -1.546069470e-01 4.027344104e-01 
-4.206851309e-01 -2.612413806e-01 -3.666576095e-01 
-8.106321893e-01 8.107054243e-01 8.413112723e-01 
6.829895025e-01 4.130075826e-02 -1.723216115e-01 
-5.920938130e-01 6.464988006e-02 9.759091512e-02 
5.917904687e-01 -7.391886293e-01 -2.175218281e-01 
1.462869227e+00 -5.420831936e-01 -9.606350617e-01 
1.851341572e+00 -5.331258687e-01 7.111282533e-01 
9.388465201e-02 -1.012350770e+00 -8.129219184e-02 
-2.103324063e+00 1.203355457e+00 -2.254069841e+00 
-8.716583108e-01 -8.734870445e-01 -1.022280548e+00 
-5.933468452e-01 -1.519486654e-01 8.700115746e-01 
1.270904647e+00 -1.199622837e+00 -1.760769763e+00 
-2.234561457e+00 -2.683485100e+00 1.039749619e+00 
-1.215601968e+00 -6.772616636e-01 3.254805079e-01 
3.919256560e-01 8.228502814e-02 -2.970581088e+00 
-1.041801874e+00 -1.777013391e+00 -1.373175272e-01 
-1.041757202e+00 4.954650975e-01 1.431037142e+00 
1.257024423e+00 -1.596811255e+00 -1.819723735e-01 
-1.592735702e-01 3.410256161e-01 -5.602593106e-01 
3.509595570e+00 -3.237585835e-01 6.078668106e-02 
6.449372655e-01 6.722186658e-01 6.343461369e-02 
9.782158522e-01 -1.069771562e+00 -9.513156085e-02 
-3.420045399e-02 6.035995097e-01 1.533188545e-01 
-4.924425960e-01 -3.492919095e-01 4.630012614e-01 
-2.115166488e-01 -4.316271928e-01 -5.511598723e-01 
9.468733987e-01 6.268977374e-01 2.265678193e-01 
-6.558543834e-01 3.360522543e+00 -3.896794505e+00 
-1.710641453e+00 2.205565435e-01 -7.297728530e-01 
4.396440311e-01 -2.819079336e-01 1.274457641e+00 
-1.271320034e+00 1.177948104e+00 1.171784738e+00 
1.200961920e+00 1.245289703e+00 -1.376508554e+00 
-3.843851671e-01 1.990328972e-01 4.278323444e-01 
-1.173638596e+00 -6.661470217e-03 2.146762660e+00 
3.921854344e-01 -9.445139676e-01 -1.772217891e+00 
9.600175886e-01 -3.847569044e-01 -9.996990430e-02 
2.103216434e+00 2.611991601e-01 -1.936169765e+00 
1.260360684e+00 -2.306660683e-01 9.673229714e-01 
6.747965115e-01 -3.117650037e-01 2.145370493e-01 
-8.381643427e-01 -1.844271152e-01 -3.577799417e-01 
-6.407431099e-01 1.010674318e-01 5.564472950e-01 
5.727308130e-01 -6.544334093e-01 1.440782629e+00 
1.110071790e+00 -1.456410976e+00 8.370771425e-01 
-2.269196910e-01 7.605506800e-01 -6.032443316e-01 
-1.412449166e+00 1.169586166e+00 -9.275025983e-03 
1.669560141e-01 -8.729187325e-01 4.880163677e-01 
5.944384345e-02 2.533127247e+00 -6.869211721e-01 
-2.684846780e-01 -1.164627669e+00 -2.021852862e+00 
4.956782474e-01 1.561424446e-01 -2.210084764e+00 
-2.401750213e-01 2.750543283e-01 1.830861153e-01 
-1.252327506e-01 -1.313549451e-01 -5.358968083e-01 
-9.761822028e-01 -9.730708785e-01 -2.866346074e-01 
-1.771968075e-03 -7.564893131e-02 -1.430387499e+00 
2.339588197e+00 5.164071332e-01 -1.304491759e-01 
-2.182929549e-01 2.838322744e-01 1.561238430e-01 
1.431082238e+00 3.599735239e-01 2.189970080e-01 
4.238280364e-01 -2.009189303e+00 9.274393714e-02 
3.749523734e-01 -1.377405205e+00 4.324794198e-02 
5.897097326e-01 -1.200389823e-01 -8.245669613e-01 
1.586358092e+00 -1.089068800e-01 7.996802202e-01 
-2.349857698e-01 3.969570746e-01 -2.820880779e-01 
1.787087062e-02 3.511624960e-01 -4.190564688e-01 
-7.053377464e-01 4.343638083e-02 8.257493377e-01 
-4.608341551e-01 -1.053116567e+00 1.164624938e+00 
-1.255516119e+00 7.778686783e-01 4.106783732e-01 
1.599862356e+00 -4.226124496e+00 1.712845855e+00 
-1.619984607e+00 -3.082660807e-01 2.048786889e-01 
-2.439140432e-01 -6.355983380e-01 5.221679990e-01 
-5.524013245e-01 -1.802279674e+00 -1.086410696e+00 
7.168487474e-01 -1.057389747e+00 -5.869337413e-01 
2.219073847e-03 -4.525263104e-01 1.643311770e-02 
-2.152193828e+00 1.492146009e+00 -5.956265945e-01 
-1.742137116e-01 -2.082121395e+00 -2.065969979e+00 
1.907240900e-01 -4.599034645e-01 -3.863713789e-01 
-8.409968289e-01 1.206380535e+00 5.149083845e-01 
-1.409861153e+00 -6.580449467e-01 -8.242002209e-01 
-3.856126096e-01 6.312973315e-02 -9.716526431e-01 
1.589244630e+00 2.754724632e+00 1.684777715e-01 
-5.643492192e-01 1.374145640e+00 -1.423997493e+00 
-3.277953151e-01 -3.579314305e-01 -4.095161481e-01 
-2.285586830e-01 2.101748537e-01 5.459268643e-01 
5.604027066e-01 1.959543916e-02 6.060708171e-01 
-1.004817745e+00 1.812973641e-01 1.072128201e-01 
-8.067609840e-01 1.487164122e+00 -1.509781004e-01 
-2.833943510e-01 -9.108878140e-01 -4.059505710e-01 
4.646845970e-01 -1.978037996e-01 -1.119324710e+00 
-1.451410426e-01 1.131586294e+00 2.473246886e-01 
6.218922017e-01 1.730421206e+00 -1.711301686e+00 
-1.131007436e+00 3.052437734e-01 -6.216570778e-01 
-3.082262237e-01 6.185077196e-01 -4.573792782e-01 
-1.725031939e+00 -1.106719623e+00 -6.201950073e-01 
2.187497978e-01 -1.974890476e-01 5.029320518e-01 
1.520291960e+00 1.498219891e-01 1.414450054e-01 
-1.188314961e+00 1.560725016e+00 1.455975813e+00 
-1.234358689e-01 -7.679309140e-01 1.013889450e+00 
-2.201012675e-01 -2.978110888e+00 2.077289342e+00 
-1.902834742e+00 9.240414928e-01 1.087650055e+00 
3.548240765e-01 -4.761084024e-01 -9.382974599e-01 
-9.435832570e-01 1.249385614e+00 -7.604276750e-01 
1.292899038e+00 1.331735149e+00 6.659234486e-01 
4.617977280e-01 1.170199211e+00 -1.391302071e+00 
-2.284132404e+00 8.187073836e-01 -4.961123463e+00 
-5.933572675e-02 -2.436511672e+00 -1.181261257e+00 
-2.317051344e+00 1.912898555e+00 -2.107822594e+00 
5.963260636e-01 1.702279074e-01 2.049986316e-01 
2.828787749e-01 -2.687439252e-01 -2.795365095e-01 
-1.911595811e+00 1.226583647e+00 -3.577790124e-01 
4.148676804e-01 -3.394764292e-02 1.601484864e+00 
-3.882816534e-01 4.906930729e-01 -6.954015091e-01 
8.324775092e-01 -5.755385806e-01 -9.122126335e-01 
-2.832930019e-01 3.374589559e-01 3.705449663e-03 
-6.337444402e-01 2.218438281e-01 -1.182141501e-01 
-3.165551755e-01 8.005621766e-01 -1.365154495e+00 
-1.704985580e+00 1.645647915e+00 8.116349553e-02 
-1.094486132e+00 7.506103365e-01 2.325683341e+00 
-2.452239688e-01 1.926185585e+00 2.247958481e+00 
-9.517675870e-02 -4.016803857e-03 -9.383683128e-01 
-6.549715925e-01 -4.402574142e-01 6.517203444e-01 
2.564459749e-01 -4.243970877e-02 1.758286845e+00 
-2.146459129e-01 -1.202244234e-01 7.117402441e-03 
-9.999234002e-01 2.212532800e-01 -9.031226531e-01 
1.306025748e-01 1.107181602e-01 6.347691817e-01 
7.062796630e-01 1.054315630e+00 1.172867856e+00 
1.646877712e+00 4.950410018e-01 1.153296253e+00 
9.239584736e-01 -8.965529180e-01 -2.319101785e-01 
-1.429776757e+00 -5.643623104e-01 2.221688642e+00 
-1.433166983e-01 -1.512084987e-02 -5.333186057e-02 
6.404922241e-01 8.777560360e-01 -2.597812343e-02 
-1.198035726e-01 -1.916074253e-01 9.276416553e-02 
1.137686862e+00 -7.391865542e-01 1.345423774e-01 
1.830445865e+00 8.785088586e-01 5.627481694e-01 
-3.293852845e-01 -8.012252576e-02 -1.501080973e-01 
-1.880117351e+00 1.885693020e-01 1.382038208e-01 
1.035781277e+00 -9.904604697e-01 1.133179479e+00 
-2.967841198e+00 1.589367803e-01 -4.734728042e-02 
2.417692602e-01 1.152202892e+00 -1.177377063e+00 
-2.446706889e-01 -6.593989554e-01 4.190742030e-01 
-4.336084334e-01 3.657842271e-01 9.234995449e-01 
-2.211033473e+00 1.420598134e+00 6.558656246e-02 
-2.424981374e-01 -2.638707903e-01 -4.555597330e-01 
-5.532552441e-01 -8.640465263e-01 -2.200638204e-02 
7.203341731e-02 -8.421403801e-01 3.154913160e-01 
1.848260086e+00 1.485239166e+00 2.321791866e-01 
-2.854287488e+00 2.268062102e+00 -6.689736184e-01 
6.955581411e-02 -7.418834427e-01 -1.414648610e+00 
1.541849086e-02 -1.439491832e+00 -9.241784399e-01 
-7.585066301e-01 1.440226858e-02 2.118931951e-04 
-4.412426652e-01 5.443501948e-01 6.800857520e-01 
1.821601640e-01 1.020652401e-01 1.788410960e-01 
-6.078143302e-01 1.300783344e+00 -1.049481070e-02 
1.333594280e+00 1.690238781e+00 8.549020304e-02 
2.305754902e-02 -1.696340253e+00 -1.565604899e+00 
-3.806784663e-01 1.246106497e-01 -1.242160803e+00 
-2.556943582e+00 -4.343846392e+00 1.677971751e+00 
3.064426283e+00 1.394709605e+00 2.596411474e+00 
2.138000769e-01 7.599218340e-01 -1.023083321e-01 
1.515545247e-01 7.948045022e-02 -3.455218190e-01 
-4.015176522e-01 -3.279054771e-01 -1.512787363e-01 
9.076528208e-01 -1.260416523e-01 2.017056878e-01 
-1.230306935e+00 1.540727749e-01 -5.820662413e-01 
1.034080837e+00 -1.353490180e+00 -3.934550534e+00 
-1.085345956e+00 3.138821479e-01 9.457091695e-01 
-4.202556777e-03 8.677818225e-02 -1.437991871e-01 
2.180035677e-01 6.222040429e-01 -4.346322864e-01 
1.321750447e+00 2.545659952e+00 1.097615989e+00 
-1.320170569e-01 1.043277046e+00 1.139352848e+00 
1.119261340e+00 1.442283568e-01 4.836901429e-02 
7.779440006e-01 2.322570645e-01 -6.357147244e-01 
4.452390138e-02 -7.848828391e-01 1.149308431e+00 
4.549449347e-01 -1.626020622e-01 2.394729654e-01 
8.640086999e-01 8.406445399e-01 5.364701813e-01 
-4.478087081e-01 -3.382272861e-01 -7.479924155e-01 
-1.572092164e+00 -6.825142245e-01 1.392158989e+00 
-1.161861230e+00 -8.290159288e-02 -1.840712044e-01 
7.383832675e-01 7.641873419e-01 -1.588407740e-01 
8.863425402e-01 7.110909755e-01 -1.422270681e-01 
-8.090156361e-01 -4.566581414e-01 -1.300837066e+00 
-3.417947214e-01 1.477019958e+00 1.497012653e+00 
4.638078409e+00 -2.046221851e+00 -3.427097454e-01 
-2.244890847e+00 -7.588634019e-02 5.914858830e-01 
1.137532855e+00 -3.475959379e-01 -1.322752443e-01 
-1.124848137e+00 2.401202557e-01 -2.059267505e-01 
8.185467808e-01 1.008168346e+00 -4.260476006e-01 
3.520985881e-01 -1.974760036e-01 -1.231322135e+00 
-3.685758678e+00 2.728554793e-01 1.481514028e+00 
1.880327988e-01 8.628743127e-01 3.404725708e-01 
-3.644267466e-01 -1.012276053e+00 1.028653399e+00 
1.089911924e+00 -4.475123892e-01 1.086530226e+00 
-5.114163656e-01 -2.882224657e-01 6.110077478e-01 
-6.203485517e-03 6.383577242e-01 1.334544847e+00 
-4.546342304e-01 4.114475877e-01 -3.459055882e+00 
5.642219368e-03 1.040068587e-01 1.396346134e+00 
-6.315314212e-01 3.580253595e-01 5.398806193e-01 
-1.810805941e+00 5.920344833e-01 -4.297632309e-01 
-5.141858841e-01 -8.810029628e-01 -3.022079231e-01 
1.655900158e+00 -4.106480036e-01 -7.767381973e-01 
1.302261961e+00 -8.243615538e-01 5.097703735e-01 
-2.192806187e-01 -8.988517675e-01 -6.906510394e-03 
4.220473047e-01 5.380829604e-01 7.670913671e-01 
7.041227902e-01 3.071359059e+00 1.369520835e+00 
-1.160481956e+00 -6.161121484e-01 -1.402627483e+00 
7.076411794e-01 1.672254738e-01 -1.387158839e+00 
6.993859074e-01 -6.220235316e-02 -5.212530327e-01 
8.353363987e-01 -6.291231852e-02 1.607270588e+00 
5.022907008e-01 -5.503309231e-01 -2.922839414e-01 
-1.103164115e-01 -7.621849627e-02 1.558523965e-01 
1.674241040e+00 1.706578419e+00 -5.173576389e-01 
-3.650119041e-01 1.544871914e+00 2.187745678e-01 
1.179403422e+00 -1.370011962e+00 -1.702494909e+00 
5.631542806e-02 2.530779064e-01 2.962075363e-01 
4.904788269e-01 5.123884992e-01 1.648882720e+00 
1.761395859e+00 -2.189453365e-01 -1.665938304e+00 
-1.486982573e-01 -4.731927984e-01 2.056993199e-01 
8.344951553e-02 7.143376031e-01 -1.094287678e+00 
1.758420965e+00 -7.510299844e-01 -3.050145882e+00 
1.496161203e-01 3.512566213e-01 4.781925860e-01 
5.835375099e-01 -1.083118626e-01 -9.552595891e-01 
-3.447881011e-01 6.355145751e-01 -4.281610167e-01 
-8.828453215e-01 1.183734096e+00 -1.092947797e-01 
1.030312451e+00 -6.241660995e-01 6.032349747e-01 
-1.351492033e+00 5.982822358e-01 3.095902891e-01 
-5.208625643e-01 2.649916818e-01 6.676064333e-01 
-1.921094241e+00 4.390476376e-01 -4.769850986e-02 
1.919187589e-01 -3.329068782e-01 -5.791166913e-01 
-4.333798958e-01 4.896663039e-01 -5.652618387e-01 
-6.833606543e-01 2.883194237e-01 -4.410371040e-01 
-1.398615442e-01 2.963266655e-01 -2.126746211e+00 
1.027042289e+00 6.478806053e-01 -1.890107472e-01 
1.371816164e+00 7.352969035e-01 -7.173613894e-01 
-2.320282961e+00 1.035384035e+00 -9.067139810e-01 
-1.409777156e+00 1.515886083e+00 -2.243070892e-02 
-6.018224996e-03 6.857120743e-01 -2.145488302e+00 
-2.561986309e-01 -4.699424097e-01 -1.314982869e-01 
3.446841634e-01 8.127509676e-01 9.577746913e-01 
-4.029248208e-01 5.370793032e-01 3.101082662e-01 
7.590253629e-01 -6.150339136e-02 -6.518048121e-01 
-6.425353508e-01 -4.740169533e-01 -3.589063783e-03 
-3.585877880e-01 -2.883668843e-01 -9.423240534e-01 
-7.169910010e-01 2.756894370e-01 -1.818584089e-01 
3.441797409e+00 -4.915012707e-01 -3.095877766e+00 
-3.889492670e-01 1.468542832e+00 -8.071742641e-01 
-1.151773070e+00 -4.564858964e-01 1.798493817e+00 
-4.952483092e-01 7.760879885e-01 -2.119409329e+00 
-5.507157054e-01 1.089121232e-01 1.900187792e+00 
9.607614714e-02 2.846137124e-01 2.745298796e-01 
-1.038156013e+00 2.477422811e-01 -2.881422499e-01 
4.074381407e-01 -8.745720380e-01 1.250832022e+00 
-7.948171665e-02 -3.153321965e-01 5.552614736e-01 
-2.446111152e+00 7.112844782e-02 -1.272852087e-01 
-6.199755985e-01 1.183898002e-01 -2.139421563e-01 
-1.111458881e+00 4.141652412e-01 -1.588457155e-01 
-6.734425621e-01 -3.171316861e-01 -1.668607665e+00 
3.690794244e-01 5.761183282e-01 7.494366237e-01 
4.938925579e-01 7.506316321e-01 1.260106388e+00 
3.391172544e-01 -1.990657403e-01 -3.049181253e-01 
-7.237547180e-02 -1.604317523e-01 8.899252015e-01 
-1.494411983e+00 -1.876363068e+00 -5.570953675e-01 
-2.038330999e-01 -1.184290417e+00 3.212667376e-01 
5.263531437e-01 1.639945358e+00 -7.381517034e-01 
-1.136370415e+00 -7.396211366e-01 3.286926039e-01 
-2.566966679e+00 -9.914420702e-01 -9.489382301e-01 
2.645394987e-01 3.945526637e-01 4.500057779e-01 
1.671794883e-01 1.208062496e-01 -3.457207773e-01 
1.846414065e+00 9.542750163e-01 -7.923809979e-01 
-3.751741571e-01 -1.824273590e-01 2.019459147e-01 
-1.789900501e-01 -1.490088605e+00 1.682520450e-01 
-2.436978699e-01 -3.478793032e-01 7.025689627e-01 
-3.805048799e-01 -7.275496370e-01 -5.488215804e-01 
1.232030249e+00 -4.943723580e-01 3.919317530e-01 
-9.347492978e-01 1.202108697e+00 4.954614387e-01 
-7.461722564e-01 1.045788815e+00 -1.285605887e+00 
-1.515732268e-01 -2.821287835e+00 2.988715289e+00 
-7.373669905e-02 -1.792924054e+00 5.872781067e-01 
7.095575560e-01 -9.511056959e-01 2.969255799e+00 
-1.140100291e+00 6.583183140e-01 9.684837744e-02 
5.415572850e-01 -2.097526920e-01 -4.833413491e-01 
-1.152926603e-01 7.197741674e-01 2.595802932e-02 
-4.429566127e-01 1.531677943e-01 -3.700609354e-01 
-7.804679785e-01 4.588743992e-01 3.447065114e-01 
6.365771996e-01 3.292818607e-02 7.638110079e-01 
1.541621904e-01 3.172218544e-01 3.362018684e-01 
1.105658767e+00 6.897153737e-03 5.269640313e-01 
1.349704792e-01 6.692913779e-01 9.263373631e-01 
-8.658305889e-01 -5.515486360e-01 -1.018221874e+00 
1.520388661e-01 5.892983189e-01 1.942142598e-01 
-1.997324326e+00 -4.101564791e-01 2.586881752e-01 
2.044048089e-01 6.520681306e-01 -2.611341104e-01 
-3.834536157e-01 8.580160871e-01 4.723550042e-01 
6.304953629e-01 2.740496744e-01 -4.268840502e-01 
-7.428646562e-01 2.071711520e+00 -5.271530987e-02 
-1.708626476e+00 -9.887296884e-02 -1.039640244e+00 
2.129177914e-02 6.226364264e-02 -1.252076081e-02 
-6.124653738e-02 2.033345180e-01 9.403928791e-01 
6.592620199e-02 -4.619414282e-01 2.276767238e-01 
-9.360606982e-01 -4.138826382e-01 1.038288438e+00 
2.951577774e+00 9.347677610e-01 9.766911285e-01 
1.996282207e+00 -1.183196131e+00 2.131215237e-01 
2.772303445e-01 -9.979136518e-01 7.317951858e-01 
-7.457104815e-02 -1.799771881e+00 -4.555245508e-01 
-5.835069771e-01 -1.011711859e-01 3.304953223e-01 
-4.739309307e-01 2.507568886e-01 2.962899299e-01 
-1.658952306e-01 -7.115266788e-01 -1.140529143e+00 
-1.281268772e-01 -1.503077630e+00 -1.589817897e+00 
-9.900484351e-01 -3.364851501e-01 -9.095107488e-01 
-3.410564495e-01 -7.216596096e-01 -3.956465019e-03 
8.810985041e-01 7.372867897e-01 -1.148624402e+00 
-1.155611915e+00 -9.351296220e-01 8.258044994e-01 
2.772940568e-01 -5.843556320e-01 -1.650648039e-01 
-6.229897339e-01 -1.030832059e+00 1.581461464e+00 
9.788530578e-02 1.461108250e-01 5.851106276e-01 
-8.065099440e-01 9.738418090e-01 -3.357642901e-01 
-4.937057819e-01 8.952543430e-01 1.766844441e-01 
-2.456770686e-01 -1.389747601e+00 4.274259425e-01 
7.678914554e-01 -6.993049362e-02 1.458756057e-01 
9.237987062e-01 -1.954486074e+00 -1.774112097e+00 
1.442807902e-02 -3.497163831e+00 -3.580234993e-01 
-3.325216918e+00 2.308219651e+00 3.134265634e+00 
-1.483819808e+00 7.168487214e-01 2.667255639e+00 
1.211292354e+00 1.373003439e-01 1.048040060e+00 
-9.649376155e-01 -1.424510665e+00 7.015058943e-01 
3.270549797e-01 7.049426908e-01 -1.168976420e+00 
-8.577325893e-01 -1.323842934e+00 1.992726117e+00 
-7.559127954e-01 1.467325968e+00 -1.333633459e+00 
6.382854070e-02 -3.320199720e-01 -6.187238986e-01 
-1.899121882e-01 -2.874987134e-01 2.547727343e-01 
5.153992328e-01 3.284958998e-02 1.393871964e+00 
3.249697346e-01 6.173274926e-02 -3.359830689e-01 
-1.424300036e+00 -7.155676203e-01 5.937482121e-02 
1.198140174e-01 2.178404668e-01 -1.793192135e+00 
3.215779430e-01 1.215115775e-01 -3.084768334e-02 
-2.439304825e-01 3.224917095e+00 9.317708093e-01 
-6.048376308e-02 2.274706209e-01 -1.792585030e-01 
1.139863267e-01 1.808475351e-01 -6.297662691e-01 
-3.843697557e-01 -2.285115111e+00 -4.370455901e-01 
-4.233393840e-02 -3.466995781e-01 7.815298627e-01 
-1.376266884e+00 -2.860193783e-01 -9.579005086e-01 
-6.132783132e-01 -1.064277952e+00 -5.618392582e-01 
-6.018576996e-02 3.929864220e-01 1.006705089e+00 
-4.732819297e-01 4.906943795e-01 -2.361870806e-01 
1.412451517e+00 9.241344433e-02 -2.471415327e+00 
9.356442549e-01 6.680195148e-01 2.300507017e-02 
-1.576476393e-01 -1.704274889e-01 2.727528339e-01 
-1.055992928e+00 -8.499815629e-01 -1.198525393e+00 
9.930291151e-01 8.935403565e-01 2.215836575e+00 
-1.580370383e+00 -4.259424102e-01 -6.891667086e-01 
-2.943523514e-02 -3.457291209e-01 8.224713133e-01 
-5.186185633e-01 -2.032460266e-01 9.129943806e-01 
1.243402733e+00 -1.905974746e+00 -3.520575437e+00 
-1.201636480e+00 7.703819369e-01 -1.321397471e+00 
-2.651330795e+00 -2.193216592e+00 -2.145186347e-01 
4.051569510e-01 6.466685241e-01 -4.291213753e-01 
-1.174649638e-02 6.432482182e-01 1.518994927e-01 
9.532017211e-01 6.612915486e-01 4.749836737e-01 
-6.848380984e-01 -1.815687076e-01 6.660607578e-01 
-2.137943486e-01 1.097644936e+00 -8.461074370e-01 
7.205330548e-01 1.675362391e+00 2.175474005e+00 
-1.352677146e+00 -1.231749445e+00 2.031460341e+00 
-1.779775412e-01 1.812527151e-01 1.896184957e-01 
3.580903335e-01 3.805498533e-01 -1.108056747e+00 
-4.215628506e-01 -9.616245597e-01 8.141679090e-01 
5.848278588e-01 -3.456446075e+00 -2.999326660e-01 
4.008673186e-01 5.360711463e-01 -7.319445642e-02 
-3.038221751e+00 1.337907998e+00 -5.467639349e-02 
-3.276372698e+00 -2.573043516e+00 5.787856191e-01 
4.769611400e-01 5.932040579e-01 -4.193496755e-01 
2.785670638e-01 -2.380039064e-01 4.309257516e-01 
1.780715842e+00 1.860992135e+00 1.901170007e-01 
4.704440154e-01 1.335526446e+00 1.025156218e+00 
-1.279800427e+00 1.226914911e+00 2.490845835e-02 
-8.418624664e-01 -4.872143775e-01 2.549647760e-02 
-2.892420717e-01 1.136070235e+00 -6.341951951e-03 
1.651647333e+00 2.936026448e+00 -1.325109602e+00 
6.165074313e-01 -1.207020916e+00 3.098453529e-01 
-1.304036809e+00 9.107183885e-01 6.516683539e-01 
-1.549984894e+00 -3.326431218e-01 4.766844671e-02 
9.893637849e-01 -7.826930258e-02 7.741062890e-01 
2.112588227e-01 -1.046726889e+00 -7.883124462e-01 
-8.216122650e-01 9.599242819e-01 -1.759608767e-01 
7.725270532e-02 -7.544193086e-01 -5.955682592e-01 
7.573065679e-01 -1.369624397e+00 1.084864144e+00 
5.633082948e-02 -9.270743738e-01 -4.506869401e-01 
1.009035927e+00 -2.258924674e-01 -7.581608249e-01 
-4.320503180e-01 4.895132778e-01 -4.987550467e-01 
3.647363826e-01 2.369719506e-01 -1.250628013e-01 
3.396502942e-01 -6.383110125e-02 9.333046796e-01 
9.043591170e-01 -5.164202777e-01 -3.813989599e-01 
-6.351026000e-01 4.282638647e-02 1.270701052e+00 
-5.915538532e-01 -2.617880659e-01 -1.427867544e-01 
3.439972804e-01 8.010864193e-01 1.693271728e+00 
-2.651912258e+00 -6.195668125e-01 5.825867197e-01 
-2.024638281e+00 -1.318215879e+00 -8.644538760e-01 
2.546519773e-01 3.136063951e+00 5.815166711e-01 
-4.110985082e-01 -1.085710685e+00 -7.947350101e-02 
-1.906277142e+00 5.827372878e-01 1.287375069e+00 
2.146090705e-01 -6.951101234e-02 1.399694146e+00 
-6.845744737e-01 1.149207254e-01 -2.484658342e+00 
-1.180915710e+00 1.659347072e+00 -7.775272158e-01 
1.822890836e-01 -6.315870173e-01 -4.660677504e-01 
2.760167473e-01 -9.769620691e-02 6.080285231e-01 
-5.834472058e-02 1.221755721e+00 1.840785335e+00 
-2.668308560e-02 3.945420905e-01 6.272068436e-02 
-9.202805076e-01 -1.355023615e+00 6.174001950e-02 
-1.336151804e+00 1.005463785e+00 -1.163293787e-02 
-1.238931801e-03 -1.566095065e-01 -9.892072817e-01 
1.517966230e-01 5.139991431e-01 3.928304951e-01 
-1.258056295e+00 -5.598664119e-01 -1.029704863e+00 
1.314833051e-01 3.209360923e-01 2.715358383e-02 
-4.615306849e-01 -1.518695758e-01 2.857935724e-01 
6.401058578e-01 7.309221599e-02 3.826936979e-01 
-1.218871423e-01 1.066655119e+00 7.471859334e-01 
6.385317832e-01 6.272155049e-01 4.545684279e-01 
7.036855700e-01 -6.806883148e-01 2.005557510e-01 
1.277722526e+00 -2.312309485e+00 5.892005046e-01 
-2.063408396e+00 6.498618322e-01 -1.798800301e+00 
1.669157844e+00 1.023604787e+00 3.368298362e-01 
1.062449406e+00 3.796157401e-01 9.617640230e-01 
2.767653641e-01 3.226980748e-01 -4.579552879e-01 
4.131246932e-02 1.057506361e-02 1.340319011e+00 
-6.301062598e-02 2.425040837e-01 -8.981272078e-01 
9.665744589e-01 9.463964378e-01 9.181695034e-01 
1.888835318e+00 1.014773844e+00 1.330805372e+00 
4.626218485e-01 -1.465902578e+00 3.905150902e-01 
4.687087167e-01 8.634263981e-02 -7.010971184e-02 
5.674460270e-01 -1.949810272e-01 3.984741549e-01 
3.665616325e-01 4.503676214e-01 1.459556872e+00 
-2.220118389e-01 2.263953204e-01 1.476448892e-01 
8.325804712e-01 -5.770094374e-02 5.441144511e-01 
-2.001554578e+00 1.533320234e+00 -1.008435292e+00 
1.237459569e+00 1.084448106e+00 2.274375379e-01 
7.392061315e-01 9.808200986e-02 -5.741666433e-01 
-4.822782960e-01 -1.134110124e+00 -9.961774971e-01 
-9.158505363e-01 7.611443058e-02 2.363322588e-01 
1.949448819e+00 -1.544861193e+00 3.253265696e-01 
1.307090636e-01 3.880554889e-01 -1.848171851e-01 
1.346564256e+00 1.893019558e-01 4.068036777e-01 
-4.201990351e-01 -5.537587557e-01 7.040554192e-01 
1.458248635e+00 7.410191727e-01 -4.799723877e-01 
2.898004360e-01 1.119296832e+00 1.598452988e+00 
2.781138017e-01 -3.980927597e-01 8.424054554e-01 
-2.267403050e-01 -1.618209150e+00 -6.079394742e-01 
-9.537060077e-01 -1.176642939e+00 -2.514269529e+00 
-7.714633702e-01 3.904508147e-01 -1.429235677e+00 
-1.512176498e+00 -7.396428132e-01 -9.613070874e-01 
-9.559518227e-01 -3.806731494e-01 1.799549142e+00 
4.251551668e-01 7.801801220e-02 -1.767558374e+00 
-2.257441969e-01 -1.735718363e+00 2.006594143e+00 
-1.183780714e+00 4.670406458e-02 7.341650051e-01 
-5.386730704e-01 -5.367625322e-03 2.781828260e-01 
8.850943370e-01 5.901208619e-01 1.931428982e+00 
-1.036109572e+00 -1.607978421e+00 -1.725596738e+00 
-2.311661871e+00 3.112231938e-01 8.722668836e-01 
1.941049928e+00 -3.524637716e-01 2.299917246e+00 
-1.127305800e+00 8.905505121e-01 -5.909368627e-01 
6.219866240e-02 7.151047901e-01 -7.148607131e-01 
7.409932739e-01 -3.875190555e-01 -4.444933773e-01 
-7.890400168e-02 1.213032573e+00 -1.428636008e+00 
-1.290866443e+00 5.524851191e-01 2.363584146e+00 
-1.177481357e+00 7.745744994e-02 7.055473315e-01 
7.438528831e-01 -2.648867461e+00 -1.664610237e-02 
1.104391766e+00 8.248188835e-02 -5.916574468e-02 
2.478172132e-02 6.299685037e-01 -6.019765524e-01 
5.864825836e-01 1.451516843e+00 1.192039957e+00 
5.835510690e-01 -3.918169430e-02 -2.144824758e-01 
7.853120334e-02 8.748806394e-02 -3.207075556e-01 
7.700614261e-01 -1.500525791e-01 -4.568296513e-01 
3.698240452e-01 -3.836594963e-01 -1.074829709e+00 
8.861650048e-01 3.885895902e-01 -7.327333523e-01 
-4.829468202e-01 -1.038360183e+00 1.169831734e+00 
1.077759982e+00 -1.690991477e+00 1.059659427e+00 
-1.289821077e-01 -1.273802314e+00 -1.594939667e+00 
3.312077734e-01 8.568829916e-01 1.001908024e+00 
2.375352774e-01 1.405222190e+00 4.449939393e-01 
2.937248688e+00 -7.747646653e-01 -3.724154151e-01 
-5.308182204e-01 -2.356284096e-01 -2.049380712e-01 
-9.004345442e-01 -1.468690870e+00 2.960725899e-01 
-5.459772525e-01 5.609320269e-01 3.844264292e-01 
1.177335657e+00 8.553620870e-01 1.310449016e-01 
1.377013185e+00 -1.296700100e+00 -2.701669548e-01 
-1.510328457e+00 6.000421347e-01 -5.657763307e-01 
5.165729407e-01 1.004945982e-01 -4.672322068e-02 
-8.744506599e-01 -1.540965570e-01 3.901201185e-01 
7.857794849e-01 -1.219410386e-01 4.211144545e-01 
-1.584319968e+00 1.203417570e+00 4.422291763e-02 
1.009836793e+00 7.187423769e-01 -2.027829821e-01 
9.071739632e-01 -2.752803993e-01 -2.146145080e-01 
6.972127719e-01 -1.007483949e+00 -2.089937566e+00 
-2.291645249e+00 -2.168600254e-01 1.327355978e-01 
-8.962631191e-01 1.594774073e+00 -2.352460909e+00 
-8.572917947e-01 1.033854998e+00 1.147452359e-01 
4.733342980e-01 -4.709093962e-01 -4.903986337e-01 
2.830104643e-01 -2.941964400e-02 3.234699318e-01 
-6.955691474e-01 4.266635510e-02 1.945077253e-01 
3.071777364e-01 9.002166068e-02 3.920094045e-01 
-3.912426065e-01 1.705005096e-01 9.308095128e-02 
2.983252158e-01 7.758977202e-01 -4.100310030e-01 
-1.499304467e+00 -7.548671582e-01 -1.681772135e+00 
-7.867460665e-02 -1.024840623e-01 1.417323621e-01 
-2.621217690e-01 1.292749781e-02 -8.857548393e-02 
-2.199620052e+00 2.066995593e+00 1.538828741e+00 
-1.608258981e+00 1.330604824e+00 -1.180300021e-01 
-1.978933063e-01 -6.704308487e-02 -3.107279384e-01 
1.043705776e+00 5.942719960e-01 -3.121663869e-01 
7.325060809e-01 -1.779928374e+00 2.671363212e-02 
-6.968541526e-02 9.025442834e-01 3.311399183e-01 
1.952837942e+00 -2.071131445e+00 8.537629308e-01 
-2.146746718e+00 5.661323968e-01 8.335321338e-01 
8.626342983e-01 5.550047480e-01 5.029713473e-01 
1.643910486e-01 1.749885438e+00 -3.690099178e-01 
2.115015514e-01 -3.791846104e-02 -1.392078815e-01 
1.390007183e+00 -1.647536807e+00 2.558680346e+00 
4.585744478e-01 -7.300312694e-01 6.200375634e-02 
4.029628441e-01 7.359586291e-01 -3.471547649e-01 
-1.101220045e+00 -6.125095247e-01 -3.904612699e-02 
-4.163350392e-02 6.094477767e-01 1.021715586e-01 
2.803218677e-01 8.748665010e-02 3.580001267e-01 
-1.478117854e+00 -1.034599848e-01 -6.539226297e-01 
2.049448029e-01 1.194455737e+00 -6.475086476e-01 
-1.894194319e+00 -2.210714560e+00 -2.643453574e+00 
-1.584731720e+00 -8.461533308e-02 1.482213738e+00 
-1.632347824e+00 3.754956850e-01 -3.446466724e-01 
7.579047120e-01 -7.382440115e-01 -6.735174291e-01 
1.769949369e+00 -6.196640400e-01 1.400336212e+00 
3.441615286e-02 3.689702918e-01 6.788141605e-01 
-1.415990576e+00 5.292829098e-01 1.469629187e-01 
-1.471862046e+00 4.163611528e-01 -2.193557867e+00 
-1.181079318e+00 -1.117283654e-01 8.059545039e-02 
-1.861690683e-02 1.090046272e+00 -6.538265741e-01 
-1.873305871e+00 -7.003809501e-01 3.648947643e-02 
1.523433882e+00 8.536389192e-02 2.438217859e-01 
1.728403462e+00 -2.940821355e-01 -2.623750086e-01 
2.812468383e+00 -2.497101336e+00 -1.378599286e+00 
1.504128834e+00 3.302597990e-02 2.175882707e+00 
-5.043687421e-01 -1.263449252e+00 1.880357262e-01 
-4.880351751e-01 9.558715249e-01 -2.422705362e-01 
-6.741917480e-01 2.405006108e+00 6.887024641e-01 
-2.518712455e-01 6.309149734e-01 -1.059011868e+00 
1.589332980e+00 1.051449298e-02 -1.392032574e+00 
1.636553606e+00 -1.010390606e+00 2.127890147e+00 
-4.657970709e-01 7.832967806e-02 -1.614688499e-01 
3.312809329e-01 8.756714114e-02 1.693214658e+00 
-3.198985697e-01 -2.824455475e-01 2.091291510e-01 
-1.103279927e-02 1.132637741e-01 -1.371464854e-01 
1.787030413e-01 1.064104471e+00 -1.790465201e-01 
-1.442761595e-01 1.846378325e+00 -1.304204799e+00 
1.907218625e+00 4.823381030e-01 -1.430339124e+00 
4.849896661e-01 4.598787170e-01 8.924759345e-02 
9.717583803e-01 1.145132227e+00 -9.650079265e-01 
-1.910140246e+00 -1.371522294e+00 -7.145835251e-01 
7.854928541e-01 -9.040246824e-01 -4.452699482e-01 
1.120605881e-01 7.682106652e-01 5.802882511e-01 
-2.233904431e+00 -1.619262151e+00 -8.964913890e-01 
1.072237609e+00 -2.104989771e+00 -9.674292605e-01 
-3.087398887e-01 -2.417341422e-01 -6.141935237e-01 
1.159400819e-01 -4.140718884e-01 4.716440985e-01 
1.654035398e-01 8.420012245e-01 8.796809497e-02 
9.696268228e-01 5.747247725e-01 -3.614711081e-01 
-1.597697362e+00 -8.004652484e-01 -3.241842038e+00 
8.761651442e-01 1.063827804e+00 1.307946439e-01 
9.246730760e-01 -8.570382407e-01 8.923448702e-01 
-2.739570609e-01 -4.808396029e-01 -3.813282568e-01 
2.882713419e+00 -3.652422107e+00 -1.895617764e+00 
-1.219584393e+00 -7.749113345e-01 2.039619564e+00 
5.872332527e-01 -7.508610193e-01 6.312340143e-01 
2.026055698e-01 2.055423378e+00 -1.865733888e-01 
2.417397259e-01 2.279317386e-02 -5.232061626e-01 
4.562160822e-01 -8.104766909e-01 1.359187297e+00 
-1.763900383e-01 7.648838921e-01 2.684660330e-01 
-8.041298624e-02 6.226928213e-01 -3.508475441e-01 
3.841672871e-01 2.798476728e-01 -1.150251797e+00 
-9.524493548e-01 3.327827491e-01 -1.719292333e+00 
1.774576706e-01 4.049992914e-01 2.307168303e-01 
3.409050678e+00 -4.463955868e-01 -1.639102316e-01 
-1.020547136e+00 1.799914122e-01 5.265016078e-01 
-4.462728161e-01 -1.065754388e+00 8.722024075e-02 
-2.509966088e-02 -2.234756986e-01 -4.346874668e-01 
5.318887794e-01 -9.568442677e-01 -4.976442423e-02 
1.085555503e+00 -1.773236595e+00 -1.964474608e+00 
2.939249450e-01 1.082528241e-01 -2.721429408e-01 
-1.207359231e+00 2.606467682e+00 -1.848501581e-01 
7.162766378e-01 -2.178936420e-01 -3.476954158e-01 
-7.939996523e-01 7.516621652e-01 -3.866974605e-01 
-5.225617349e-02 5.357322785e-01 -9.353671284e-01 
2.315817518e+00 6.885662232e-01 2.041386198e+00 
4.902565805e-02 -1.511699645e-01 -3.121780839e-01 
5.788088041e-01 2.996707880e-01 5.611218935e-01 
-5.405214593e-01 -4.813131990e-01 1.294250623e+00 
3.581351973e-01 -2.832824918e-02 8.349059790e-02 
3.847450757e-01 8.676715184e-01 3.032639533e-01 
4.076759420e-01 -9.547860980e-01 4.673519881e-01 
-3.354037350e-01 1.040491988e+00 -4.344673970e-01 
2.835994395e+00 8.696940009e-01 1.661686885e-02 
-6.036669105e-01 1.268792731e-02 2.803810842e-01 
5.825232037e-01 -1.760134644e-01 1.731468455e-01 
-2.452215246e-01 6.851562894e-02 1.690996089e+00 
-1.770836134e-01 -2.487775005e-01 6.251113841e-01 
2.635315701e-01 -7.176369786e-01 1.209852733e+00 
-3.835475180e-01 -6.607804594e-02 2.393649776e+00 
7.298333499e-01 -3.248341771e-01 -9.136332722e-01 
-1.949988387e+00 -8.422529022e-01 -1.119007180e+00 
-5.721038568e-01 3.215628718e+00 -1.798180099e+00 
2.176993586e-01 5.064265409e-01 4.139829427e-01 
-1.128047287e+00 -5.167507101e-01 -1.151931663e+00 
7.914304234e-01 -2.663431832e-01 2.420042099e+00 
4.344008700e-01 -2.240354997e-01 3.137041526e-01 
7.308413440e-01 5.702235560e-01 5.915978405e-01 
4.487464963e-01 9.524831149e-01 -9.239979293e-01 
-2.199946193e-01 -1.885251933e-01 -4.509559135e-01 
-7.703861814e-01 -1.620653521e-01 -6.950306136e-01 
-3.212622367e-01 1.072863246e-01 1.334793624e-01 
-1.082941829e-01 4.614072713e-01 4.698764846e-01 
3.035683785e-01 5.408979269e-01 6.072796280e-01 
-3.379908159e-01 -1.219795214e+00 2.624438829e+00 
-1.518795699e+00 1.423305962e+00 -2.456439016e-01 
-7.273994916e-01 -2.225751669e-01 -1.018045577e+00 
3.208037088e-01 -1.619935674e-01 3.215842298e-01 
-2.188595732e-01 7.713314464e-01 -1.185683579e+00 
-2.049625547e+00 -1.468032464e+00 -1.124858086e+00 
-1.318928992e+00 1.027034537e+00 -1.732487841e+00 
6.984710340e-02 -4.172208212e-01 2.221000144e+00 
-4.513391257e-01 1.374242808e+00 9.091498715e-01 
-9.605055286e-01 3.847706822e-01 8.070610661e-01 
-1.711198587e+00 2.403437613e-01 -1.172181691e+00 
-7.407366490e-01 1.043462722e+00 9.203393745e-01 
1.130262570e+00 -9.783474534e-01 -4.276908548e-01 
-2.950225099e-01 5.259971534e-01 3.436078424e-01 
-6.238534605e-01 -3.361483241e-01 3.814215624e-01 
-5.603843391e-01 1.916872955e-01 3.480672270e-02 
3.334582759e-01 -7.016275462e-01 6.335916601e-01 
5.334001303e-01 7.897714578e-01 8.826779845e-01 
2.026803143e+00 4.002928789e-01 5.261546958e-01 
-1.307181913e+00 9.188887036e-01 -1.938778278e+00 
3.763756146e-01 7.401693320e-01 -7.395811842e-01 
8.348584019e-01 2.112596284e-01 -3.994460406e-02 
1.874756482e+00 4.822762852e-01 -2.687401923e-01 
-1.010412725e+00 5.194541281e-01 -1.110727944e+00 
2.206152945e-01 1.330561412e+00 7.613628522e-01 
8.631665204e-01 -7.352924035e-01 -3.113123884e-01 
1.562276602e-01 3.110562864e-01 2.739303442e-01 
3.980805217e-01 1.477981465e+00 4.854460226e-01 
-7.651928454e-01 -2.644238932e-01 -7.818748273e-01 
-1.987665436e+00 -3.201346033e+00 -1.849690400e-01 
4.672855651e-01 2.813480017e-02 7.556407337e-01 
-2.926987253e-01 -2.511323297e-01 5.537069980e-01 
6.615410940e-01 -9.238026709e-02 -1.756109426e-01 
3.822431341e-01 -1.495954493e+00 -5.766523912e-01 
1.569168992e-01 -1.605328299e-01 5.681050561e-01 
1.076158865e-01 -1.056903064e+00 -1.280903777e-01 
9.111729982e-01 1.306523890e+00 1.543722708e+00 
2.201584105e-02 7.768857803e-02 -4.118768687e-02 
1.202217025e+00 5.571651900e-01 -1.472900298e+00 
3.511708879e-01 -7.723625418e-01 6.425113269e-01 
1.090638158e+00 4.788164391e-01 -1.327348496e-01 
3.265236639e+00 -1.987582946e-01 -9.750790894e-01 
-2.039145443e+00 1.186813135e+00 -4.935868316e-01 
1.218668143e+00 4.103855690e-01 -5.951777723e-01 
8.990553537e-02 -1.446557666e+00 3.773064429e-01 
4.468207194e-01 1.002159328e+00 -1.482396426e-01 
7.966968075e-01 5.024444636e-02 9.259480686e-01 
-4.078520126e-01 -1.746104357e-01 -8.185976138e-01 
4.514123960e-02 -1.928720045e-01 -1.868467336e-03 
3.846126278e-01 2.662268210e-01 7.924598372e-02 
-1.147045803e+00 3.348452370e+00 -9.216477196e-01 
-1.500069255e-01 -1.855869597e+00 -6.351164703e-01 
2.051205608e-02 3.082866995e-01 1.206049854e+00 
-1.218816965e+00 2.724846668e-01 8.571620094e-01 
-1.006284968e+00 -7.500145622e-01 -8.553618923e-01 
1.450517780e-01 -1.150500296e-01 -1.898082035e+00 
-6.432414401e-01 6.434705486e-01 -8.530751412e-01 
-4.479178992e-01 -2.081802046e-01 -3.731608275e-01 
1.492409852e-01 -6.879490897e-01 -6.049903533e-01 
1.152621072e+00 -2.580827564e+00 2.417629627e-01 
5.959306832e-01 -2.797896158e-01 2.202098815e+00 
-1.251033770e+00 9.466148150e-01 -1.391040209e+00 
4.072661113e-01 6.975834597e-01 -7.111230230e-01 
1.180185558e-01 8.194958139e-01 8.606911114e-01 
-3.082213736e-01 -9.773691390e-01 1.081002677e+00 
4.170397628e-01 3.166991713e-02 -8.382708669e-01 
4.890862956e-01 5.640850493e-01 5.867695434e-01 
-1.868459761e+00 -8.033402767e-01 -1.073696292e+00 
-4.464721370e-01 -2.117776357e-01 -3.446571984e-01 
9.186066465e-01 1.068667739e+00 -7.657836569e-01 
-3.894337470e-01 1.711975002e+00 6.240853389e-01 
1.003710970e-01 9.927485046e-02 -1.176739680e+00 
-4.947050308e-01 9.521331216e-02 -1.995112075e+00 
-1.293969701e+00 -8.535245856e-01 -6.138295210e-01 
8.560717808e-01 1.845854004e-01 8.200030224e-01 
5.743402462e-01 4.132108160e-01 -5.148120083e-01 
1.414184077e+00 -6.961153340e-01 -8.182602132e-01 
-1.700426732e-01 -4.166999417e-02 9.620505666e-02 
-3.388671526e-01 -6.440220878e-01 6.208404845e-03 
2.375796888e-02 2.915934892e-01 2.583785492e-01 
-1.585493745e+00 -1.381620032e+00 1.334106208e+00 
-2.138840986e-02 -5.525410821e-01 8.395137260e-01 
1.040555530e-02 1.374185695e-01 2.981907331e-01 
1.080438213e+00 -1.790710177e+00 1.894121565e+00 
-2.816693461e-01 -6.879692024e-01 -5.286172600e-01 
-6.446430729e-01 -4.004233519e-01 2.583984967e-01 
6.856821374e-01 3.444386223e-01 -3.094236511e-01 
-1.867448150e+00 1.826272165e+00 5.934503834e-01 
-3.669248872e-01 -3.781981393e-01 7.729407621e-01 
-6.364225646e-01 4.825785363e-01 1.100831484e+00 
1.556118026e-01 3.739812170e-01 2.105685598e+00 
4.110574032e-01 4.421171780e-01 4.271973493e-01 
-1.124827470e+00 -3.913840661e-01 -3.402760411e-01 
-2.462851479e-01 -2.649024924e+00 -4.265087701e-01 
-8.296913891e-02 1.807077585e-01 5.440021069e-02 
1.393634966e+00 -4.190280367e-01 -1.637948902e+00 
1.446819709e+00 -5.345593629e-01 -1.003334703e+00 
1.878867222e+00 6.671713935e-01 3.897018644e+00 
-3.905153142e-01 1.055755177e+00 -1.634212791e-01 
6.060883235e-01 -4.621200377e-01 -8.177234539e-02 
-2.639063304e-02 -1.214515939e+00 -6.989857790e-01 
-2.207774086e-01 5.795775108e-01 4.933067301e-01 
7.345565430e-02 -5.964096210e-01 7.690791845e-01 
