1.594503789e+00 0.000000000e+00
1.555118646e+00 3.938514350e-02
1.545181981e+00 2.481532779e-02
1.543433514e+00 1.763398374e-02
1.538354964e+00 1.457278629e-02
1.529325481e+00 1.493683256e-02
1.532255588e+00 1.295951693e-02
1.528344093e+00 1.188535235e-02
1.524122959e+00 1.129991653e-02
1.525244046e+00 1.016893939e-02
1.518131004e+00 1.162761193e-02
1.522315966e+00 1.140971970e-02
1.522008262e+00 1.049992530e-02
1.519613087e+00 1.001176890e-02
1.518304819e+00 9.411819475e-03
1.516779240e+00 8.935152217e-03
1.515429112e+00 8.501012246e-03
1.517135589e+00 8.194484862e-03
1.514387718e+00 8.223867513e-03
1.512450485e+00 8.038760440e-03
1.512803472e+00 7.654529679e-03
1.515496442e+00 7.779291752e-03
1.511227583e+00 8.571939730e-03
1.509525807e+00 8.381587731e-03
1.508855913e+00 8.067198436e-03
1.509623414e+00 7.788621140e-03
1.508570215e+00 7.568244194e-03
1.506922238e+00 7.476820226e-03
1.507286111e+00 7.223563945e-03
1.506098329e+00 7.078986151e-03
1.505240286e+00 6.900380234e-03
1.507296596e+00 6.990544170e-03
1.506601515e+00 6.810959323e-03
1.505332692e+00 6.728320992e-03
1.505682946e+00 6.542637602e-03
1.506094207e+00 6.371587316e-03
1.507250766e+00 6.303991921e-03
1.507674964e+00 6.150501053e-03
1.508596292e+00 6.061153099e-03
1.506921220e+00 6.140567180e-03
1.507535726e+00 6.020368585e-03
1.508753227e+00 6.000100285e-03
1.509297584e+00 5.884135712e-03
1.509139087e+00 5.751034610e-03
1.508963195e+00 5.624532335e-03
1.508319474e+00 5.538437551e-03
1.506627627e+00 5.677265680e-03
1.507111614e+00 5.578764778e-03
1.508305054e+00 5.592548964e-03
1.508412461e+00 5.480609092e-03
1.507392491e+00 5.468042609e-03
1.506264056e+00 5.479313346e-03
1.504035162e+00 5.818754734e-03
1.503046557e+00 5.794933163e-03
1.502091368e+00 5.768231953e-03
1.502337456e+00 5.669634512e-03
1.502636015e+00 5.577275975e-03
1.501811446e+00 5.541958211e-03
1.501086757e+00 5.495211236e-03
1.502133407e+00 5.503294020e-03
1.502158041e+00 5.412380275e-03
1.502950990e+00 5.383090680e-03
1.503035955e+00 5.297637057e-03
1.503475156e+00 5.232669142e-03
1.503807404e+00 5.162240583e-03
1.503410716e+00 5.098877474e-03
1.502891482e+00 5.048968207e-03
1.502303248e+00 5.008825396e-03
1.501542544e+00 4.993976796e-03
1.500811957e+00 4.976042209e-03
1.500898600e+00 4.906221584e-03
1.500984976e+00 4.838370793e-03
1.500602885e+00 4.786905117e-03
1.499757485e+00 4.796858387e-03
1.499932315e+00 4.735696322e-03
1.499832673e+00 4.674031312e-03
1.498755331e+00 4.737065685e-03
1.498462114e+00 4.685124156e-03
1.499246324e+00 4.691446295e-03
1.499790340e+00 4.664266247e-03
1.499431477e+00 4.620280503e-03
1.499829687e+00 4.580928388e-03
1.499128500e+00 4.579400500e-03
1.498832842e+00 4.534205029e-03
1.498116327e+00 4.537473583e-03
1.498132868e+00 4.484432395e-03
1.498595695e+00 4.456685031e-03
1.498315279e+00 4.414664770e-03
1.498807322e+00 4.392426551e-03
1.499361838e+00 4.378602108e-03
1.499869615e+00 4.359888505e-03
1.499538412e+00 4.324938390e-03
1.499962875e+00 4.299186053e-03
1.499581860e+00 4.270236249e-03
1.499512177e+00 4.225621895e-03
1.498983526e+00 4.214659441e-03
1.498663823e+00 4.183217624e-03
1.498829484e+00 4.143624547e-03
1.498966349e+00 4.103839086e-03
1.499690587e+00 4.126643499e-03
