5.081659853e+00 0.000000000e+00
5.073516310e+00 8.143543855e-03
5.009543186e+00 6.414566452e-02
5.024298731e+00 4.769758116e-02
5.013508427e+00 3.848981966e-02
5.025458499e+00 3.362214119e-02
5.024556595e+00 2.843020506e-02
5.022054997e+00 2.474803853e-02
5.017252595e+00 2.234781990e-02
5.028842584e+00 2.310558173e-02
5.020958873e+00 2.233727646e-02
5.014824716e+00 2.129372727e-02
5.025652660e+00 2.238101524e-02
5.025829830e+00 2.072155118e-02
5.022535342e+00 1.957001048e-02
5.015645251e+00 1.955979299e-02
5.033658727e+00 2.573054167e-02
5.030777107e+00 2.442953541e-02
5.022138954e+00 2.466979127e-02
5.020883336e+00 2.343747677e-02
5.018818228e+00 2.238893131e-02
5.018757619e+00 2.134709446e-02
5.023453751e+00 2.093146306e-02
5.027785537e+00 2.050317066e-02
5.031120004e+00 1.994663567e-02
5.034993319e+00 1.955161351e-02
5.030124920e+00 1.943324281e-02
5.028910914e+00 1.876565134e-02
5.031543523e+00 1.829737995e-02
5.034349478e+00 1.789826503e-02
5.030555302e+00 1.772219116e-02
5.030170811e+00 1.716374489e-02
5.026954297e+00 1.694360974e-02
5.028045148e+00 1.647387200e-02
5.025390851e+00 1.621498801e-02
5.023662402e+00 1.585264594e-02
5.026023735e+00 1.559801754e-02
5.021823569e+00 1.575228190e-02
5.019771725e+00 1.547965139e-02
5.015058128e+00 1.580685358e-02
5.013855301e+00 1.546335301e-02
5.016392821e+00 1.530254394e-02
5.016150668e+00 1.494439564e-02
5.014189599e+00 1.473190967e-02
5.009214122e+00 1.523610182e-02
5.006329247e+00 1.517788888e-02
5.007594821e+00 1.490527026e-02
5.008433577e+00 1.461552709e-02
5.009869942e+00 1.438602982e-02
5.008164870e+00 1.419812707e-02
5.009986895e+00 1.403571245e-02
5.008890008e+00 1.380678873e-02
5.010923429e+00 1.369557321e-02
5.010513205e+00 1.344581789e-02
5.013048199e+00 1.344031364e-02
5.010597531e+00 1.342372167e-02
5.008126391e+00 1.341566851e-02
5.003590103e+00 1.394101334e-02
5.000784281e+00 1.398700446e-02
5.002318938e+00 1.383727772e-02
5.003980859e+00 1.370965070e-02
5.000543614e+00 1.391783468e-02
5.001575751e+00 1.373397349e-02
5.002200844e+00 1.353212217e-02
5.002500456e+00 1.332567777e-02
5.003281268e+00 1.314543016e-02
5.002198429e+00 1.299294405e-02
5.000523301e+00 1.290958780e-02
5.000089664e+00 1.272850528e-02
5.000915549e+00 1.257250719e-02
5.000612162e+00 1.239787736e-02
5.001258467e+00 1.224154499e-02
5.003919900e+00 1.236256528e-02
5.002749158e+00 1.225042995e-02
5.002962510e+00 1.208787019e-02
5.002661792e+00 1.193154906e-02
5.003752905e+00 1.182601703e-02
5.002472012e+00 1.174348112e-02
5.002935490e+00 1.160313687e-02
5.004024002e+00 1.150877161e-02
5.004725355e+00 1.138741869e-02
5.007649203e+00 1.162150712e-02
5.007369522e+00 1.148404131e-02
5.008537175e+00 1.140642547e-02
5.008464280e+00 1.127166915e-02
5.009110142e+00 1.115853929e-02
5.009968146e+00 1.106285691e-02
5.010581092e+00 1.095358330e-02
5.011819910e+00 1.090043374e-02
5.011863046e+00 1.077872368e-02
5.011872366e+00 1.065962218e-02
5.011291534e+00 1.055910728e-02
5.009869446e+00 1.054131602e-02
5.011053211e+00 1.049554201e-02
5.010676826e+00 1.039129373e-02
5.011103335e+00 1.029132320e-02
5.010132624e+00 1.023082967e-02
5.010025341e+00 1.012646362e-02
5.009515375e+00 1.003661841e-02
5.010622318e+00 9.997217494e-03
