-0.46219 0.000207349
-0.465149 0.000148039
-0.468257 0.000190323
-0.471004 0.000200019
-0.474017 0.000169891
-0.477045 0.000221363
-0.480141 0.000170605
-0.48341 0.000203315
-0.487069 0.000229432
-0.489877 0.000238
-0.493522 0.000189183
-0.496889 0.000221187
-0.500023 0.000185077
-0.503713 0.000236694
-0.506896 0.000254217
-0.510867 0.000205138
-0.513635 0.000228748
-0.517526 0.000226936
-0.521867 0.000213698
-0.525128 0.000207857
-0.528729 0.000237899
-0.532718 0.000210374
-0.536241 0.000208731
-0.540277 0.000213976
-0.543793 0.000212377
-0.547994 0.000245385
-0.552225 0.000244751
-0.555939 0.000282154
-0.559675 0.000289697
-0.564376 0.000248572
-0.567962 0.000251565
-0.572977 0.00017809
-0.576702 0.000176682
-0.581424 0.000195733
-0.586067 0.000227567
-0.58989 0.000159993
-0.594324 0.000275388
-0.599522 0.000261972
-0.603956 0.00024841
-0.608329 0.000211144
-0.613084 0.00026629
-0.618323 0.000255801
-0.622754 0.000226852
-0.628253 0.000229104
-0.632902 0.000252506
-0.637714 0.000267835
-0.643464 0.000216696
-0.648307 0.000266112
-0.653561 0.000222614
-0.658607 0.000271725
-0.664057 0.000306782
-0.669422 0.000273391
-0.674676 0.000235573
-0.680487 0.00028317
-0.686359 0.000274538
-0.691945 0.000270608
-0.696706 0.00022067
-0.702895 0.000329225
-0.709492 0.000322578
-0.714809 0.000297691
-0.720868 0.000301172
-0.726712 0.000266085
-0.732592 0.000271503
-0.738297 0.00024476
-0.744607 0.000314722
-0.751352 0.000239452
-0.757196 0.000287074
-0.763499 0.000259788
-0.770048 0.000330517
-0.776662 0.000240341
-0.782646 0.000323928
-0.789618 0.000339297
-0.795548 0.000383319
-0.802749 0.000317989
-0.808979 0.000341873
-0.814989 0.000408026
-0.822421 0.000328125
-0.828306 0.000408935
-0.835355 0.000320179
-0.841255 0.000327866
-0.848261 0.00040381
-0.854193 0.00041568
-0.861484 0.000408286
-0.868076 0.000344485
-0.874245 0.000396516
-0.881034 0.000373023
-0.887166 0.000288917
-0.894242 0.000523562
-0.900973 0.000447641
-0.906712 0.000609493
-0.913792 0.000453716
-0.92019 0.000310188
-0.926407 0.000535967
-0.932969 0.000492643
-0.939697 0.000558885
-0.946576 0.000669217
-0.950954 0.000658291
-0.957288 0.000706213
-0.962822 0.000642855
-0.969606 0.000462232
-0.973985 0.000582978
