9.84725 0.019679
9.92641 0.0192543
10.032 0.0213305
10.2088 0.0226507
10.2876 0.0184415
10.3829 0.025095
10.5273 0.0156297
10.6553 0.0151385
10.8098 0.0198816
10.9457 0.0225116
11.04 0.0253494
11.1912 0.0202866
11.3041 0.023977
11.4345 0.0244932
11.5759 0.0248542
11.7158 0.0244204
11.8832 0.0217455
12.0499 0.0210872
12.1019 0.0216865
12.285 0.0270314
12.4761 0.0249287
12.603 0.0262236
12.768 0.0250242
12.9639 0.0276955
13.0458 0.0264359
13.2636 0.0300542
13.426 0.0236318
13.5472 0.0283614
13.7462 0.0348159
13.904 0.0282823
14.0638 0.0302672
14.1996 0.0254426
14.4302 0.0275242
14.6054 0.0369893
14.7625 0.0347613
14.9882 0.0341494
15.1448 0.038664
15.3703 0.0361239
15.5232 0.0286388
15.7354 0.0352119
15.9044 0.0350893
16.112 0.035495
16.2833 0.0397315
16.4826 0.0557953
16.7417 0.0350401
16.9692 0.0388043
17.0824 0.0406899
17.323 0.0384855
17.4566 0.0443585
17.7626 0.0421416
17.9346 0.0264324
18.0509 0.0413227
18.3365 0.047831
18.513 0.0496858
18.6027 0.0427083
18.7864 0.0713001
19.0604 0.0469032
19.2975 0.05311
19.3905 0.0474326
19.6207 0.0557632
19.8308 0.0438809
20.1681 0.0402165
20.2345 0.0531414
20.3813 0.0551815
20.6414 0.0723623
20.6392 0.069099
20.9774 0.0506558
20.935 0.0783846
21.1023 0.0778409
21.282 0.0714191
21.4959 0.0630278
21.417 0.0734229
21.6978 0.0952422
21.8113 0.0617762
22.0831 0.0751986
21.879 0.098284
21.8748 0.10497
21.9487 0.091235
21.8774 0.0820355
21.983 0.106403
22.0735 0.119961
21.976 0.121703
21.905 0.108144
21.7321 0.141998
21.8388 0.141035
21.6465 0.164206
21.9108 0.168396
21.5548 0.125268
21.7671 0.132379
21.5297 0.195309
21.2656 0.114552
21.4906 0.13521
21.0503 0.133309
21.1136 0.138118
20.9542 0.122677
20.572 0.142054
20.3909 0.19555
19.3864 0.171914
18.9149 0.199387
17.497 0.191931
16.4452 0.222612
