-0.0009816 0.000712478
-0.0004716 0.000742846
-0.000521333 0.000655238
-0.0009456 0.00063698
0.00157747 0.000716745
3.84667e-05 0.000725835
0.000148467 0.000822445
-0.0004896 0.000745646
-0.000493333 0.000673802
0.000595 0.000776957
-0.000414733 0.000903758
-0.0010588 0.000929339
3.47333e-05 0.000589866
-0.0003194 0.000919846
-0.000197667 0.000793197
0.000854 0.000669379
0.000982067 0.000670325
5.4e-05 0.000707951
7.18667e-05 0.000840083
0.00122453 0.00106567
0.000478467 0.000808622
0.000493 0.00103401
-0.000526733 0.000959049
-0.000854733 0.000972221
0.000681933 0.000768985
-0.00224767 0.000885723
0.000418867 0.00085024
6.55333e-05 0.000910857
7.46667e-05 0.000826507
-0.0001466 0.000838268
0.000539133 0.000972359
5.29333e-05 0.00105648
-0.000943667 0.00109204
0.00187393 0.000920332
0.000344267 0.00121037
0.000376667 0.00114398
0.0003484 0.00121586
0.000839933 0.00131836
-2.08e-05 0.000967349
-0.0006082 0.00101572
0.0004466 0.00125384
-0.000453267 0.00134979
0.00197667 0.00131978
0.00322767 0.00117068
-4.84e-05 0.001387
0.0026022 0.00138189
-0.00158447 0.0015628
0.0005832 0.0013701
-0.000601933 0.00129369
-0.0013602 0.00150853
0.00334347 0.00189719
-0.00229393 0.0016709
-0.00219427 0.00201281
0.000895533 0.00173122
-0.0023016 0.00184912
-0.0024144 0.00191425
-0.00110433 0.00182546
-0.00270667 0.00184466
-0.00171627 0.00148848
-0.00227533 0.0019824
-0.00230427 0.00174465
-0.0012268 0.00224415
0.00301853 0.00251027
0.0003404 0.00247779
-0.00282827 0.00258144
-0.0009468 0.00271599
-0.0005214 0.00247063
-0.000663467 0.00215889
0.001941 0.00255095
0.0012026 0.00293628
-0.00308853 0.00358731
0.0011706 0.00283206
0.0037486 0.00356718
-0.00633293 0.00487581
-0.000738333 0.00433985
0.00404627 0.00428025
0.0056454 0.00486345
0.000360667 0.0036918
0.0044596 0.00474054
0.00758613 0.00608528
0.0004576 0.00558164
0.00459247 0.00723921
0.00110753 0.00611027
-0.0020514 0.00647405
0.00522453 0.0100225
0.0171915 0.0100176
-0.0016676 0.00773719
-0.0157825 0.00969338
0.00381753 0.0113794
0.0021014 0.0109204
0.0155965 0.0110706
-0.0211033 0.0139376
0.000899533 0.0156499
-0.0129169 0.0165137
0.0342759 0.019222
-0.0350579 0.0267312
-0.00864547 0.0223603
-0.0169357 0.025222
0.0193261 0.042087
-0.0369801 0.0389091
0.0923175 0.0416781
