67.8649 0.195186
69.1236 0.186359
69.9191 0.205841
71.4962 0.21008
72.3204 0.1995
73.4842 0.159789
74.4092 0.227683
75.6679 0.253091
77.1555 0.244966
78.2109 0.251529
79.7098 0.247757
81.0815 0.256558
82.5572 0.184458
83.5486 0.214148
85.5092 0.294004
86.8899 0.302973
88.54 0.251232
90.4238 0.285475
92.4281 0.299916
93.3475 0.189278
94.8954 0.256546
97.3024 0.31644
99.2922 0.366321
101.584 0.370387
103.252 0.300891
105.056 0.381864
107.368 0.333306
110.022 0.466335
111.444 0.379411
114.829 0.363855
117.215 0.50038
120.078 0.359332
122.836 0.387937
125.186 0.542329
128.833 0.488641
131.241 0.418954
135.075 0.390314
138.231 0.344066
141.709 0.420579
144.36 0.60875
148.079 0.577228
152.23 0.653319
156.498 0.55627
161.755 0.56741
164.679 0.602056
170.006 0.688877
174.578 0.70875
182.091 0.663261
186.191 0.747945
193.044 0.834423
200.765 0.915257
205.429 0.949002
211.114 0.899899
218.165 1.05434
225.248 0.780356
232.435 1.1941
239.939 1.24417
251.967 1.33387
259.182 1.4079
269.117 1.89311
280.711 1.67059
290.031 1.85509
301.695 1.62282
318.753 1.39649
329.394 1.89682
343.97 2.08703
361.443 2.40118
373.588 1.90416
389.724 2.28949
412.167 2.46451
433.397 3.2164
450.865 3.0557
479.99 4.72527
509.85 3.0348
533.018 4.75401
561.075 5.21616
592.046 4.16433
624.95 5.14191
671.727 5.75547
705.718 6.7389
756.273 6.43636
796.836 8.03765
869.379 7.24523
935.813 8.9732
1006.32 10.2824
1066.53 11.6758
1176.84 11.1869
1261.73 13.4595
1395.42 11.7365
1494.99 18.2761
1633.51 15.9544
1790.25 11.8635
1943.08 18.6779
2143.9 19.9674
2366.52 21.71
2613.29 25.7464
2793.43 30.3199
3056.17 32.6026
3332.35 28.5302
3674.1 21.1222
3946.87 28.8175
