1.0602 0
1.0584 0.00127631
1.05628 0.00192447
1.04911 0.00637972
1.04601 0.00580598
1.044 0.00517387
1.04105 0.00521013
1.04195 0.00463694
1.04217 0.00412684
1.04112 0.0038449
1.04185 0.00356317
1.04196 0.00326788
1.0404 0.00336587
1.0403 0.00312705
1.04065 0.00293771
1.04013 0.00279867
1.04011 0.00263412
1.04014 0.00248792
1.03908 0.00257245
1.03864 0.00248131
1.03855 0.00236481
1.03852 0.00225754
1.03837 0.00216414
1.03812 0.00208802
1.03822 0.00200653
1.03858 0.00196144
1.0395 0.00209465
1.039 0.00207752
1.03919 0.00201386
1.03869 0.00200689
1.03881 0.00194549
1.03887 0.00188579
1.03872 0.00183461
1.03912 0.00182444
1.03917 0.00177292
1.03839 0.00188828
1.03849 0.00183979
1.039 0.00186083
1.03947 0.00187226
1.03986 0.0018662
1.03972 0.001826
1.03941 0.00180902
1.03895 0.00182342
1.03883 0.00178606
1.03898 0.00175232
1.03922 0.00173067
1.03938 0.00170154
1.03971 0.001698
1.03972 0.00166336
1.03982 0.0016333
1.04011 0.00162616
1.03962 0.00166564
1.03928 0.00167019
1.03942 0.00164547
1.03937 0.00161639
1.03943 0.00158863
1.03928 0.00156741
1.03933 0.00154109
1.03955 0.00153096
1.03984 0.001533
1.03972 0.00151294
1.03981 0.00149129
1.03968 0.00147306
1.03963 0.00145084
1.03953 0.00143216
1.03941 0.00141526
1.0394 0.00139426
1.03955 0.0013821
1.0396 0.00136296
1.03995 0.00138694
1.04024 0.00139841
1.04006 0.00139088
1.04018 0.00137699
1.04001 0.00136864
1.03954 0.00142808
1.03932 0.00142624
1.03928 0.0014084
1.03896 0.00142496
1.0391 0.00141371
1.0387 0.00145061
1.03862 0.00143525
1.03868 0.00141923
1.03894 0.00142488
1.0389 0.00140835
1.03881 0.00139528
1.03889 0.0013818
1.03884 0.00136701
1.03877 0.00135336
1.03862 0.0013465
1.03878 0.0013415
1.03875 0.00132718
1.03868 0.00131447
1.03873 0.00130134
1.03855 0.00129936
1.03839 0.00129606
1.03841 0.00128278
1.03829 0.00127497
1.0383 0.00126201
1.03827 0.0012498
1.03825 0.00123748
