-3.5181 0
-3.51868 0.000410518
-3.51827 0.000432257
-3.51837 0.000334349
-3.51818 0.000317504
-3.5177 0.000509034
-3.51742 0.000510185
-3.51755 0.000464096
-3.51769 0.000431436
-3.51771 0.000388832
-3.51789 0.000392294
-3.51791 0.000360592
-3.5179 0.000333203
-3.51775 0.000341013
-3.51784 0.000330621
-3.51784 0.000309966
-3.51792 0.000301002
-3.51798 0.000290784
-3.51796 0.000275984
-3.51796 0.000262203
-3.51797 0.00024989
-3.51805 0.000248885
-3.51804 0.000238222
-3.51801 0.00022993
-3.518 0.000220871
-3.51793 0.00022402
-3.51794 0.00021589
-3.51787 0.000219399
-3.51786 0.000211933
-3.51783 0.000206549
-3.51792 0.000216357
-3.51793 0.000209961
-3.51796 0.000205859
-3.51798 0.000201166
-3.51796 0.000197504
-3.51791 0.000196944
-3.51786 0.000199424
-3.51784 0.000194633
-3.51786 0.000190247
-3.51784 0.000186159
-3.51786 0.000182184
-3.51783 0.000180173
-3.5178 0.000178262
-3.51783 0.000176577
-3.51782 0.000172844
-3.51782 0.00016909
-3.51782 0.000165507
-3.51785 0.000164547
-3.51787 0.000162422
-3.51782 0.000168074
-3.51777 0.000170706
-3.51773 0.000172615
-3.51771 0.000170017
-3.51775 0.000169672
-3.51776 0.000167262
-3.51779 0.000167155
-3.5178 0.000164453
-3.51778 0.000162705
-3.5178 0.000160964
-3.51781 0.000158661
-3.51782 0.000156632
-3.51785 0.000156408
-3.51785 0.000153955
-3.51783 0.000152783
-3.51782 0.000151185
-3.51784 0.000150027
-3.51785 0.00014833
-3.51786 0.00014655
-3.51788 0.000145149
-3.51791 0.000147736
-3.51793 0.00014636
-3.51792 0.00014442
-3.51793 0.000142629
-3.51792 0.000140795
-3.51791 0.000139721
-3.5179 0.000137964
-3.51792 0.000136615
-3.51791 0.000135285
-3.51792 0.00013501
-3.51791 0.000134307
-3.51793 0.000133883
-3.51793 0.000132283
-3.51793 0.00013069
-3.51794 0.000129313
-3.51792 0.000128538
-3.51793 0.000127214
-3.51792 0.000126345
-3.51791 0.000125187
-3.51792 0.000124606
-3.51793 0.000123836
-3.51795 0.000124077
-3.51796 0.000122729
-3.51796 0.000121512
-3.51797 0.000120545
-3.51798 0.000119736
-3.518 0.00011963
-3.51799 0.00011843
-3.518 0.000117509
-3.51801 0.000116929
-3.51802 0.000115774
