1.5903 0
1.58759 0.00191447
1.58442 0.00288671
1.57366 0.00956958
1.56902 0.00870896
1.566 0.0077608
1.56157 0.00781519
1.56293 0.00695541
1.56326 0.00619025
1.56169 0.00576735
1.56278 0.00534476
1.56294 0.00490182
1.56061 0.0050488
1.56045 0.00469058
1.56097 0.00440656
1.5602 0.00419801
1.56017 0.00395118
1.56021 0.00373187
1.55862 0.00385868
1.55796 0.00372196
1.55782 0.00354722
1.55778 0.00338631
1.55756 0.00324621
1.55719 0.00313204
1.55732 0.0030098
1.55786 0.00294216
1.55925 0.00314198
1.55851 0.00311628
1.55878 0.00302079
1.55803 0.00301033
1.55821 0.00291823
1.55831 0.00282868
1.55808 0.00275191
1.55869 0.00273666
1.55876 0.00265937
1.55758 0.00283242
1.55773 0.00275968
1.5585 0.00279125
1.55921 0.00280838
1.55979 0.0027993
1.55958 0.002739
1.55912 0.00271353
1.55843 0.00273513
1.55825 0.00267908
1.55847 0.00262848
1.55883 0.00259601
1.55907 0.0025523
1.55957 0.002547
1.55958 0.00249504
1.55974 0.00244996
1.56016 0.00243924
1.55944 0.00249847
1.55891 0.00250528
1.55913 0.00246821
1.55905 0.00242458
1.55914 0.00238294
1.55892 0.00235112
1.55899 0.00231164
1.55933 0.00229645
1.55977 0.00229949
1.55958 0.00226941
1.55972 0.00223694
1.55952 0.00220959
1.55945 0.00217626
1.5593 0.00214823
1.55912 0.00212289
1.55909 0.00209139
1.55932 0.00207315
1.5594 0.00204445
1.55992 0.00208042
1.56036 0.00209762
1.56009 0.00208632
1.56027 0.00206549
1.56001 0.00205296
1.55931 0.00214212
1.55898 0.00213936
1.55891 0.0021126
1.55844 0.00213744
1.55865 0.00212057
1.55806 0.00217592
1.55793 0.00215287
1.55803 0.00212885
1.55841 0.00213732
1.55836 0.00211252
1.55821 0.00209292
1.55834 0.0020727
1.55826 0.00205052
1.55815 0.00203004
1.55792 0.00201975
1.55817 0.00201226
1.55812 0.00199077
1.55802 0.0019717
1.55809 0.00195201
1.55783 0.00194904
1.55758 0.00194409
1.55762 0.00192416
1.55744 0.00191246
1.55746 0.00189301
1.5574 0.00187469
1.55737 0.00185622
