-5.1084 0
-5.10628 0.00150395
-5.1027 0.00309094
-5.09203 0.00952604
-5.08719 0.00876149
-5.08371 0.0079654
-5.07899 0.00810435
-5.08048 0.00722777
-5.08094 0.00643935
-5.07939 0.00597913
-5.08066 0.00556816
-5.08085 0.00510739
-5.0785 0.0052261
-5.0782 0.00486169
-5.07881 0.00457596
-5.07804 0.00435477
-5.07808 0.00409885
-5.07819 0.00387244
-5.07658 0.00398756
-5.07592 0.00384209
-5.0758 0.00366122
-5.07582 0.00349489
-5.07559 0.00335041
-5.07519 0.00323443
-5.07532 0.00310767
-5.07579 0.00302314
-5.07719 0.00321607
-5.07637 0.00320236
-5.07664 0.00310302
-5.07587 0.00309383
-5.07613 0.00300475
-5.07624 0.00291289
-5.07604 0.00283109
-5.07667 0.00281677
-5.07671 0.00273659
-5.07549 0.00291884
-5.07559 0.00284137
-5.07634 0.00286442
-5.07706 0.00288121
-5.07764 0.00286564
-5.07744 0.0028025
-5.07694 0.00277959
-5.07623 0.00280469
-5.07608 0.00274517
-5.07629 0.00269224
-5.07665 0.00265795
-5.0769 0.00261287
-5.07742 0.00261074
-5.07745 0.00255763
-5.07755 0.00250845
-5.07794 0.00248853
-5.07717 0.002557
-5.07663 0.00256457
-5.07688 0.00252897
-5.07681 0.00248379
-5.07693 0.00244237
-5.07672 0.00240849
-5.07678 0.00236752
-5.07713 0.00235343
-5.07758 0.00235659
-5.0774 0.00232436
-5.07757 0.00229265
-5.07738 0.00226397
-5.07729 0.00223046
-5.07712 0.00220257
-5.07696 0.00217483
-5.07694 0.00214242
-5.07718 0.00212432
-5.07727 0.00209541
-5.07783 0.00213835
-5.07829 0.00215647
-5.07801 0.00214454
-5.0782 0.00212333
-5.07794 0.00211022
-5.07722 0.0022004
-5.07689 0.00219693
-5.07683 0.00216909
-5.07635 0.00219419
-5.07658 0.0021783
-5.07597 0.00223519
-5.07586 0.00221034
-5.07596 0.00218569
-5.07634 0.00219252
-5.07629 0.0021669
-5.07613 0.00214752
-5.07627 0.00212697
-5.07617 0.00210464
-5.07606 0.00208392
-5.07585 0.0020712
-5.0761 0.00206426
-5.07607 0.0020418
-5.07597 0.00202209
-5.07606 0.00200201
-5.0758 0.00199693
-5.07556 0.00198984
-5.07562 0.00196979
-5.07544 0.00195768
-5.07546 0.00193785
-5.07542 0.00191876
-5.07539 0.00189981
