0.772807 0
0.799392 0.0187986
0.823623 0.0234201
0.850166 0.0289295
0.874538 0.0317936
0.893573 0.0316844
0.909483 0.0308953
0.924452 0.0304444
0.934767 0.0287561
0.942673 0.0269454
0.949302 0.0252983
0.95436 0.0236903
0.9592 0.0223569
0.964256 0.021324
0.968329 0.0202876
0.971938 0.019338
0.975642 0.0185518
0.979046 0.0178307
0.982245 0.0171768
0.985569 0.0166365
0.988416 0.0160861
0.991079 0.0155737
0.993378 0.0150654
0.995506 0.0145871
0.997485 0.0141373
0.999201 0.0136973
1.0004 0.013242
1.00139 0.0128064
1.00253 0.0124155
1.00366 0.0120532
1.00482 0.0117192
1.00578 0.0113926
1.00666 0.0110812
1.00751 0.010788
1.00838 0.0105146
1.00937 0.0102689
1.01039 0.0100417
1.01118 0.00980896
1.01187 0.00958134
1.01243 0.0093581
1.01291 0.00914243
1.01345 0.00894058
1.01401 0.00875033
1.01466 0.00857581
1.0152 0.00840223
1.01571 0.00823461
1.01611 0.00806923
1.01645 0.00790809
1.01668 0.00775026
1.01688 0.00759789
1.01708 0.00745151
1.01735 0.00731285
1.01768 0.00718231
1.01801 0.00705717
1.01829 0.00693447
1.01852 0.00681442
1.01877 0.00669929
1.01903 0.00658876
1.01927 0.00648151
1.01946 0.00637646
1.01961 0.00627364
1.01974 0.00617367
1.01986 0.00607686
1.01998 0.00598312
1.02011 0.00589256
1.02023 0.00580447
1.02033 0.00571877
1.02044 0.00563562
1.02052 0.00555451
1.02056 0.00547533
1.02059 0.00539827
1.0206 0.00532331
1.02061 0.00525041
1.02064 0.00517951
1.02069 0.00511076
1.02079 0.00504433
1.02088 0.00497967
1.02097 0.00491665
1.02107 0.00485542
1.02118 0.00479592
1.02131 0.00473866
1.02144 0.00468254
1.02155 0.00462738
1.02163 0.00457306
1.02171 0.00451995
1.02178 0.00446788
1.02183 0.00441685
1.02189 0.00436708
1.02195 0.00431842
1.02201 0.0042708
1.02205 0.00422405
1.02208 0.00417826
1.02211 0.00413348
1.02215 0.00408963
1.02217 0.00404666
1.0222 0.00400459
1.02223 0.00396341
1.02227 0.0039232
1.02231 0.00388376
1.02234 0.00384504
