-0.462004 0.000209667
-0.465137 0.000161399
-0.468256 0.00020614
-0.471423 0.000251479
-0.474439 0.000222074
-0.47732 0.00025675
-0.480244 0.00027522
-0.483896 0.000246604
-0.486918 0.000244645
-0.489997 0.000162711
-0.493468 0.0002639
-0.496778 0.00025068
-0.500186 0.000201562
-0.50381 0.000296388
-0.506836 0.000228359
-0.510757 0.000289607
-0.513785 0.000282101
-0.517903 0.000213581
-0.521456 0.000221429
-0.524844 0.00022681
-0.528683 0.000286328
-0.532233 0.000228023
-0.536184 0.000282808
-0.540389 0.000349711
-0.54361 0.000220571
-0.547939 0.000234737
-0.552114 0.000233759
-0.556276 0.000241657
-0.559858 0.000245097
-0.564241 0.00028327
-0.56881 0.00022258
-0.572647 0.000268433
-0.576733 0.000233311
-0.581032 0.000240637
-0.585821 0.000276326
-0.590446 0.000276582
-0.594985 0.000272137
-0.599358 0.000218668
-0.603777 0.000251803
-0.608217 0.000242736
-0.613109 0.000308344
-0.617673 0.000229926
-0.62281 0.000211023
-0.628042 0.000285381
-0.633225 0.000325552
-0.638147 0.000295179
-0.64288 0.000285855
-0.648183 0.000319888
-0.653923 0.000219844
-0.658343 0.00029641
-0.663783 0.000236109
-0.669678 0.000295475
-0.674918 0.000364364
-0.680265 0.000310988
-0.68627 0.000323596
-0.691175 0.000285977
-0.697884 0.000301749
-0.703115 0.000323916
-0.709657 0.000334799
-0.714463 0.000284276
-0.720477 0.000283706
-0.726745 0.000346458
-0.732695 0.000265944
-0.738663 0.00032078
-0.744199 0.000307348
-0.751546 0.000334646
-0.757392 0.00030556
-0.764375 0.0003166
-0.769477 0.000303521
-0.776723 0.000317156
-0.782357 0.000297277
-0.789493 0.000377734
-0.796375 0.00044239
-0.802021 0.000429447
-0.808983 0.000296112
-0.815487 0.000310692
-0.82232 0.000441374
-0.828513 0.000470735
-0.834692 0.000419022
-0.841587 0.000385612
-0.849164 0.00049708
-0.855029 0.000400337
-0.861083 0.000423857
-0.868656 0.000544885
-0.875374 0.000466604
-0.880804 0.000576964
-0.887893 0.000636345
-0.894189 0.000488767
-0.90082 0.000554374
-0.90803 0.000722541
-0.912671 0.000549515
-0.919641 0.000638783
-0.927651 0.000914652
-0.932408 0.000903252
-0.938745 0.000883884
-0.947218 0.00106952
-0.95046 0.00100747
-0.958417 0.000931322
-0.964546 0.00100806
-0.968536 0.000784045
-0.972847 0.000758118
