9.8474 0.0225726
9.91175 0.0193221
10.0203 0.0148149
10.136 0.0202458
10.3109 0.016127
10.3966 0.0245792
10.5341 0.0270445
10.6808 0.021448
10.7876 0.0232394
10.9114 0.0233142
11.0876 0.0182942
11.2111 0.0274815
11.312 0.0295929
11.4712 0.0247288
11.5876 0.0286231
11.7365 0.0268773
11.837 0.0242585
11.9621 0.0255087
12.1739 0.0265437
12.3377 0.0252577
12.489 0.025373
12.6528 0.0303037
12.8061 0.0316823
12.9194 0.022162
13.0753 0.0275368
13.2436 0.025442
13.3936 0.029027
13.5894 0.0351791
13.7754 0.0332339
13.9199 0.0312624
14.0733 0.0313949
14.2745 0.030479
14.4441 0.0303296
14.6045 0.0310455
14.8189 0.0327835
14.9642 0.0401547
15.118 0.0383894
15.339 0.0396558
15.4728 0.0322865
15.6772 0.034007
15.8747 0.037196
16.0621 0.0400987
16.2941 0.0323237
16.5158 0.037317
16.6513 0.0392399
16.9464 0.0350955
17.0744 0.0495131
17.3069 0.0449425
17.5563 0.0477353
17.6303 0.036665
17.9234 0.0488859
18.1127 0.0402513
18.238 0.0418716
18.4885 0.0687369
18.6367 0.0492643
18.8278 0.0532272
19.0904 0.047173
19.2468 0.0568608
19.3371 0.0540248
19.5872 0.0798001
19.9279 0.0734479
20.0687 0.0670784
20.2261 0.0606239
20.4193 0.0629158
20.5643 0.0677106
20.7339 0.0540033
20.7447 0.0659837
21.0604 0.0738505
21.2537 0.0616536
21.3256 0.0646038
21.3494 0.0798955
21.6284 0.0807772
21.7675 0.0973338
21.8376 0.0715367
21.6855 0.109072
21.699 0.0941116
21.8897 0.101895
22.1433 0.0859499
22.0744 0.0940403
21.8991 0.113828
21.9136 0.122524
21.9687 0.160251
22.0051 0.114576
21.7455 0.185121
21.9643 0.203646
21.946 0.12664
21.8266 0.165448
21.5603 0.182998
21.5021 0.196551
21.5222 0.221307
21.3469 0.22337
21.3458 0.174928
21.2642 0.169492
20.8893 0.146652
20.8064 0.202253
20.2445 0.177829
20.1121 0.185782
19.3941 0.238291
18.4156 0.301098
17.9398 0.29305
16.6201 0.285455
