-0.0002832 0.00098613
-0.000292667 0.000929632
-0.00145767 0.000797115
0.000154467 0.000742292
0.000541067 0.000717705
-0.0007658 0.000761372
0.00132687 0.000956266
0.00142107 0.000927533
-0.000464 0.00079414
0.00220773 0.000847065
-0.000912067 0.000819677
-0.000932067 0.00100973
-0.000698467 0.000957919
-0.0013024 0.000842246
-0.00132727 0.00114159
-0.000563733 0.000944343
-0.0013082 0.00106739
0.000727667 0.000928169
-0.0012694 0.00105216
-0.000508 0.00118473
-0.00187413 0.000892062
0.00180513 0.00110501
-0.00155667 0.000906118
0.000100533 0.00112528
-0.0011688 0.00122778
-0.000827067 0.000910573
-0.000237667 0.00128991
-0.00194127 0.00132977
-0.000189 0.00112289
0.00103587 0.00136714
0.00156747 0.00112012
-5.28667e-05 0.00103116
-0.00221113 0.00115651
-0.000992533 0.00118881
0.000138333 0.00110631
0.0006922 0.00131422
0.00102893 0.0010842
0.00125607 0.00129888
0.00105147 0.00170626
-0.0004584 0.00186801
0.000486867 0.00201122
-0.00240033 0.00192947
-0.000304467 0.00162038
-0.00127267 0.00144015
-0.00178433 0.0016338
0.00396473 0.00156925
-0.00290233 0.00169172
-0.00164333 0.0016101
0.000981467 0.00173182
-0.0018186 0.00187799
-0.0015612 0.00249925
0.00353453 0.00234404
-0.0017744 0.00199107
-0.00215013 0.00151346
-0.00276993 0.0025039
-0.00215733 0.00215066
0.00254487 0.00232103
0.00106007 0.00308822
0.0011938 0.00270592
0.00136153 0.00207691
-0.00243267 0.00279059
-0.001462 0.00246348
-0.0025604 0.00286034
0.00231713 0.00377588
-0.00493127 0.00232092
-0.0004264 0.00360433
0.00116747 0.00413368
-0.0072222 0.00323121
0.000612867 0.00397913
-0.00453387 0.00432036
0.0005832 0.00352196
0.00182693 0.0041971
-0.00507213 0.00488188
-0.000685333 0.00492284
0.000245 0.00467473
0.0104301 0.00553876
-0.00558773 0.00658536
0.00278633 0.00675184
-0.00159027 0.00654054
-0.0035162 0.00735029
-0.0011986 0.00730481
0.00475993 0.00783316
0.00529473 0.00785017
0.0108192 0.0100324
0.0001718 0.0101719
-0.0118753 0.0124207
0.0130195 0.0100111
0.0123988 0.0127872
0.0143043 0.0143844
0.0211023 0.0171931
-0.0160755 0.0182604
0.0206897 0.0201122
-0.0143317 0.0241682
0.0015746 0.0206242
0.0183595 0.0275577
0.0408956 0.0393702
-0.0352531 0.0337622
-0.0835049 0.0348486
0.0202642 0.0405571
-0.0196651 0.05439
-0.0491346 0.0496936
