67.8341 0.180162
69.3907 0.282387
70.3417 0.22718
71.2023 0.254027
72.3253 0.233077
73.5658 0.238104
74.0321 0.300379
75.7216 0.329805
76.9589 0.205877
78.2761 0.263069
79.4486 0.324307
81.1494 0.323143
81.8793 0.279599
84.1333 0.354835
85.0324 0.33593
86.9595 0.347764
88.192 0.390143
90.2668 0.32517
92.3519 0.347987
93.0476 0.423327
95.1498 0.383425
97.4132 0.388501
98.6377 0.561956
101.05 0.480401
103.038 0.412327
104.942 0.415891
106.655 0.504937
110.526 0.454303
112.885 0.415362
116.175 0.484221
117.612 0.537306
119.773 0.453864
122.072 0.593529
126.147 0.63595
129.024 0.497085
131.984 0.615586
134.052 0.664759
139.46 0.653268
140.357 0.715613
144.485 0.728194
148.32 0.870315
153.364 0.712696
155.502 0.632536
161.157 1.03971
165.872 1.00993
170.007 1.04545
175.401 1.0007
181.065 1.0744
187.012 1.12157
191.883 1.10049
198.926 1.09948
205.087 0.839734
212.448 1.44042
215.142 1.26939
224.827 1.53767
232.802 1.19114
244.086 1.46765
251.092 1.55116
259.585 1.66719
267.226 2.00132
277.115 2.33532
293.059 2.14167
303.247 1.95573
314.409 2.11035
324.74 2.13059
343.517 3.00363
356.293 3.25064
378.011 2.91007
389.378 3.15605
412.828 2.79294
425.477 3.08334
454.779 4.74429
482.21 5.30115
507.143 3.0804
530.123 4.16405
559.311 5.06269
595.97 6.15372
645.03 6.36995
670.83 8.02172
704.612 7.29507
767.477 11.2501
822.346 8.29647
862.264 9.83189
942.17 14.5209
1025.83 13.2808
1088.7 13.6493
1178.1 16.8928
1264.29 17.7142
1371.66 17.661
1533.8 26.3823
1608.48 22.2175
1775.5 21.9217
2003.21 30.6553
2123.23 34.205
2326.55 38.1209
2634.16 45.7646
2767.91 43.9596
3105.17 42.3953
3395.41 47.4549
3634.63 37.8225
3888.22 37.6341
