-22.8568
-41.0702
-49.4233
-43.7658
-37.0881
-49.0848
-55.1708
-52.541
-52.1872
-45.4287
-40.9745
-47.1667
-42.3378
-37.4905
-39.4698
-42.6445
-42.0579
-47.7525
-50.6754
-36.7712
-41.8676
-52.9371
-48.1188
-39.5454
-52.9322
-55.9004
-53.9254
-51.8211
-47.5277
-50.5442
-49.8306
-44.0874
-44.506
-41.5403
-42.5285
-48.6335
-49.9277
-46.9723
-41.4688
-40.296
-46.3769
-53.9848
-47.8928
-45.6701
-50.0621
-49.8303
-45.363
-42.7172
-53.1203
-53.0446
-40.532
-50.0935
-48.5343
-35.1581
-39.3481
-46.3437
-46.6366
-45.1067
-49.3112
-52.9924
-51.5773
-47.4931
-44.2701
-49.8265
-39.3238
-43.1268
-40.0838
-42.4874
-46.7965
-52.5016
-47.514
-52.9281
-53.7974
-53.866
-48.7291
-51.6665
-45.7422
-40.0327
-48.971
-43.7747
-45.2936
-40.5823
-50.9371
-47.6078
-45.8411
-52.063
-47.534
-51.2853
-49.6984
-47.8175
-47.7411
-47.4971
-52.2594
-56.69
-62.0405
-57.2942
-58.7341
-54.9571
-52.0186
-49.2118
-41.0449
-37.3792
-38.0711
-35.3649
-43.4041
-46.4431
-42.1533
-38.5372
-39.245
-44.1622
-43.8707
-40.1174
-38.3163
-42.0194
-41.7935
-46.9286
-45.9261
-45.9491
-40.9458
-39.9199
-47.5393
-44.2321
-40.0255
-41.1077
-43.226
-43.067
-42.4969
-39.244
-48.0057
-45.9098
-47.1927
-40.9132
-41.4346
-44.3986
-40.6617
-51.1029
-47.9602
-45.5095
-49.3337
-46.4466
-46.3248
-41.6333
-41.2261
-38.7255
-44.7293
-43.1095
-42.0355
-40.2376
-50.543
-52.1983
-50.2046
-44.5491
-49.2302
-43.5982
-41.8667
-41.8466
-42.2064
-39.5776
-40.1453
-44.8758
-46.7178
-50.4721
-49.9485
-50.3662
-44.2875
-37.9361
-35.8431
-35.609
-42.1809
-35.6539
-43.7387
-44.8463
-47.9202
-43.2352
-48.5423
-50.3985
-49.7998
-47.1154
-54.198
-53.5661
-43.8674
-45.7773
-49.4492
-43.8088
-43.7439
-40.8606
-47.9642
-48.1324
-54.3233
-46.4809
-48.2095
-49.9203
-45.7972
-51.9302
-50.5399
-46.5365
-44.4221
-41.3675
-41.9267
-46.9819
-39.9063
-48.6542
-47.9895
-49.7868
-49.8125
-55.9891
-48.2621
-45.6735
-48.1103
-45.4768
-48.3322
-43.3909
-39.7825
-41.7598
-40.8977
-48.3183
-50.4562
-49.6078
-52.8332
-50.3606
-53.8999
-52.675
-54.6352
-49.3813
-47.5181
-45.2166
-40.9976
-43.0026
-45.0809
-42.5314
-46.6066
-45.6171
-43.2226
-40.4737
-40.488
-38.9557
-45.0994
-43.1721
-39.5788
-39.7376
-47.3736
-42.7963
-45.1539
-47.7895
-45.5823
-47.1091
-46.2414
-52.6833
-44.8881
-42.0989
-50.9951
-44.7135
-41.8344
-51.0079
-51.1066
-48.1495
-48.4856
-50.3553
-46.2328
-51.7056
-51.3716
-49.9538
-55.2348
-45.3417
-61.0327
-50.0474
-44.1804
-42.3317
-46.9894
-50.1379
-47.9742
-45.6403
-48.8124
-42.6306
-49.9037
-42.6738
-43.4516
-37.2307
-40.9218
-46.3594
-43.5767
-43.0265
-45.4513
-45.6179
-50.9178
-46.1282
-44.9156
-47.369
-37.2213
-34.4906
-41.0618
-50.1312
-38.5397
-44.2674
-40.0434
-42.0026
-44.1808
-40.5523
-33.1139
-37.3572
-40.1834
-43.0237
-38.9105
-41.5778
-47.075
-43.0825
-37.7929
-39.7806
-38.1043
-35.6165
-48.5831
-53.6469
-45.6268
-58.6815
-53.7517
-52.8798
-39.0036
-35.6406
-41.3237
-44.634
-51.922
-54.0513
-41.2106
-38.5143
-38.239
-39.1359
-40.0488
-40.9805
-39.5841
-39.0593
-31.8924
-46.8701
-45.9775
-42.3087
-46.2806
-45.2266
-44.1152
-44.5193
-52.9485
-50.1327
-45.1419
-42.1022
-41.9731
-41.8044
-48.1793
-46.5558
-44.3151
-40.7358
-44.5124
-44.1443
-42.7537
-43.0119
-41.2688
-41.72
-34.8818
-39.6751
-47.4031
-38.7999
-38.1021
-37.0655
-42.5666
-39.402
-39.3135
-34.0621
-35.1013
-38.4429
-42.7173
-48.6956
-49.8077
-48.6117
-47.4167
-40.799
-35.1241
-43.8999
-44.4997
-45.8989
-48.4417
-48.7564
-48.5663
-35.6263
-40.9198
-42.6399
-51.906
-50.6518
-45.9527
-40.0224
-39.8294
-39.129
-41.5534
-49.3934
-47.081
-37.0916
-41.5943
-46.9471
-47.8213
-49.3112
-53.8996
-51.7721
-47.103
-44.7825
-42.8695
-48.4113
-46.5672
-44.8638
-49.5556
-39.5735
-43.9293
-45.6762
-40.6775
-41.4362
-39.9291
-44.8134
-52.0753
-41.1141
-38.6334
-39.7134
-38.2389
-42.0109
-44.8141
-44.4069
-41.3702
-45.8976
-42.0406
-46.5138
-40.2062
-43.9009
-43.9738
-49.8429
-55.2652
-53.9313
-57.9271
-50.4284
-42.6428
-42.8763
-52.8061
-46.1845
-45.1995
-44.8667
-50.9575
-45.2353
-44.0889
-42.7793
-42.1034
-51.3865
-50.8007
-44.2258
-40.8511
-42.4991
-43.5847
-43.6488
-43.5413
-41.0514
-46.4624
-48.125
-44.9716
-45.1672
-50.2223
-43.9131
-43.8318
-43.2059
-46.0157
-46.5221
-43.5355
-40.0179
-52.2978
-49.6201
-46.4371
-43.4829
-39.9919
-38.3274
-35.7003
-38.0075
-38.6841
-45.9532
-33.5964
-37.4735
-42.7967
-44.3319
-35.9102
-37.4194
-40.7895
-43.17
-45.5188
-52.618
-44.0332
-51.2178
-43.057
-43.1474
-40.1213
-52.6761
-46.7971
-37.6948
-40.4256
-45.0919
-45.7006
-48.7902
-46.917
-48.3252
-44.0214
-39.6927
-37.8396
-48.0033
-47.2753
-46.0014
-46.5615
-56.7391
-48.634
-49.8893
-45.52
-39.6757
-44.852
-44.0402
-42.5819
-44.3981
-44.6696
-44.6861
-50.6027
-51.9489
-45.4612
-48.247
-38.4623
-36.7858
-34.9835
-30.0863
-36.4668
-37.5784
-33.3698
-41.866
-45.8525
-45.418
-49.1672
-48.1268
-47.9442
-45.8707
-49.5864
-46.7323
-45.6023
-42.1053
-43.9411
-36.449
-42.3477
-37.9907
-42.9461
-37.1309
-40.9443
-47.0613
-49.5531
-57.1289
-55.4215
-56.5331
-47.7782
-47.1665
-45.8083
-39.7275
-39.983
-43.2487
-45.4946
-39.0056
-42.2897
-35.7527
-37.8145
-40.8118
-38.8687
-38.9125
-42.0685
-45.3443
-41.2312
-43.7414
-41.7249
-40.1825
-45.9364
-39.2483
-53.603
-49.492
-54.5889
-56.6267
-53.2032
-44.6141
-46.7371
-52.7453
-48.898
-41.7603
-39.4238
-35.4009
-34.9385
-38.8962
-44.2151
-39.9991
-39.0121
-46.4535
-50.4743
-44.1188
-41.7714
-50.018
-48.8796
-50.2294
-57.3202
-51.7144
-56.0737
-45.0529
-41.1721
-48.0603
-50.1813
-45.7904
-48.9962
-42.4873
-42.4016
-42.7543
-41.469
-38.5576
-36.649
-43.7847
-40.8241
-44.5522
-43.9723
-51.2092
-45.2859
-48.4485
-51.9437
-47.0422
-47.3251
-52.6962
-53.5159
-47.3182
-48.1766
-44.3445
-43.4061
-43.2891
-39.7589
-42.7082
-42.4548
-47.4871
-56.7209
-54.0323
-44.8817
-53.8415
-56.8801
-59.8009
-54.4246
-53.3873
-51.5199
-49.6848
-53.3696
-46.4705
-52.5538
-52.0706
-49.2097
-52.3591
-51.7179
-49.1695
-54.469
-54.1047
-46.9658
-47.8162
-51.4506
-39.8151
-39.2243
-46.3427
-42.2118
-44.5768
-45.5559
-52.8577
-52.446
-48.5121
-37.0921
-37.0043
-41.3821
-36.1229
-33.9521
-36.7919
-35.2854
-37.8459
-44.5936
-44.5487
-41.7877
-44.8672
-48.1132
-52.6754
-56.74
-45.1554
-49.5691
-47.6787
-53.1235
-51.4613
-52.5674
-48.2423
-50.1328
-50.3961
-49.5769
-42.0353
-46.3961
-52.2757
-49.862
-59.5013
-61.9442
-53.4676
-45.5802
-43.5422
-45.9927
-44.1632
-43.6392
-49.5064
-47.4033
-49.5063
-42.4292
-43.5786
-46.6775
-45.8304
-47.6507
-44.3368
-47.2347
-40.4029
-35.2396
-47.7354
-51.6223
-42.7297
-45.3981
-47.5001
-42.792
-35.1157
-35.5561
-43.8827
-41.7982
-41.5302
-40.7538
-48.4891
-41.4971
-48.7582
-48.5965
-52.9614
-48.3061
-44.1084
-36.6174
-38.5963
-39.0195
-40.7921
-41.8287
-40.9182
-33.4997
-44.3244
-46.3591
-39.8534
-45.469
-41.8214
-37.3941
-38.5713
-38.8983
-47.3206
-39.6589
-36.7373
-35.5253
-37.0956
-35.5355
-41.5945
-39.2757
-34.6409
-33.4693
-37.4847
-41.4195
-45.4014
-43.6015
-50.8537
-42.0125
-40.3804
-38.313
-46.6021
-51.5822
-43.8216
-46.8769
-43.1567
-44.7016
-47.5883
-44.9465
-43.1933
-45.3512
-43.437
-43.2322
-37.4811
-37.1341
-41.7776
-38.7032
-41.0388
-43.913
-51.9465
-49.9694
-45.025
-49.0908
-41.7879
-43.0964
-43.7085
-42.0653
-48.4509
-48.2091
-42.1797
-48.7
-48.9784
-45.9201
-42.3879
-39.2832
-38.1783
-36.3375
-38.5598
-43.9769
-47.6375
-44.9194
-44.4195
-39.1587
-47.6549
-45.9735
-47.4639
-38.0774
-37.5624
-42.6405
-44.6856
-46.065
-43.3918
-46.4971
-46.1565
-46.3779
-41.8247
-45.9278
-47.5538
-51.4318
-47.3196
-50.0335
-47.1546
-49.8027
-47.334
-44.1167
-47.7146
-57.8383
-57.9561
-51.4044
-43.7764
-47.5025
-45.7453
-50.0976
-49.6853
-49.8226
-43.0244
-41.166
-45.783
-40.5356
-40.9875
-42.2492
-40.4456
-41.5393
-40.0905
-47.4346
-50.2438
-36.557
-38.4692
-36.8549
-38.2802
-43.9409
-40.8522
-30.8479
-36.6089
-38.6883
-41.0737
-42.6187
-40.7694
-43.0085
-41.7293
-38.6634
-32.1023
-35.5539
-35.8156
-41.1053
-42.6044
-40.0993
-40.0734
-39.1431
-42.02
-36.5655
-38.0667
-43.6643
-36.1288
-45.071
-40.2179
-39.5112
-42.3789
-41.2469
-44.5916
-45.4506
-36.4995
-37.8185
-44.5023
-37.2746
-46.8271
-47.9902
-47.8387
-41.5153
-39.0071
-41.6811
-47.4415
-45.8117
-47.3898
-46.6833
-40.5894
-33.0514
-44.1222
-41.611
-41.8638
-48.8969
-50.0209
-45.7761
-44.0342
-44.4242
-43.1821
-42.2789
-46.3551
-51.688
-50.5055
-45.1573
-50.8966
-54.7312
-45.3329
-43.4441
-47.2729
-41.1799
-43.3981
-38.866
-39.8583
-41.9362
-45.5967
-42.2847
-52.0404
-45.986
-42.8496
-43.9006
-44.1662
-50.0763
-50.6844
-54.9746
-48.1173
-40.4395
-41.4654
-48.6078
-47.6576
-39.0089
-41.527
-40.4336
-44.2639
-45.5287
-42.5879
-37.3147
-36.7729
-40.7428
-50.8584
-42.7801
-43.4019
-40.5789
-45.2907
-50.6157
-55.7545
-55.9914
-47.8971
-44.5084
-31.5772
-41.39
-47.2558
-42.1242
-42.6986
-44.1306
-45.5498
-48.36
-45.208
-46.6513
-45.5377
-50.3947
-52.6201
-48.4251
-48.6071
-46.1189
-48.401
-36.716
-44.9012
-48.6922
-43.6927
-38.9063
-40.2655
-44.4328
-42.4013
-44.2505
-47.5408
-38.7742
-44.1427
-44.1288
-43.4047
-46.3868
-47.1896
-47.1754
-44.3068
-54.6109
-61.8314
-49.841
-48.0542
-43.7736
-35.8056
-38.5388
-43.3935
-45.4612
-45.5757
-44.6464
-43.9146
-42.7784
-44.1325
-47.2797
-41.9733
-50.1941
-41.5514
-38.7037
-40.6268
-38.3003
-40.0211
-43.9049
-49.739
-45.5229
-35.4557
-38.1696
-41.317
-33.8566
-37.1845
-33.2014
-41.427
-46.0132
-41.7483
-40.7243
-41.0101
-44.3374
-41.7019
-49.9884
-41.1978
-35.464
-37.25
-35.8206
-34.0121
-42.2497
-41.4233
-45.5974
-41.0681
-38.4415
-40.4859
-51.1655
-43.7642
-53.2742
-51.2571
-48.9083
-51.3756
-44.4187
-54.5071
-52.2923
-50.0056
-47.2095
-41.7073
-42.3994
-37.9348
-47.3252
-41.8783
-48.7554
-49.1799
-43.5041
-43.7897
-41.2587
-40.0208
-45.4229
-52.4006
-60.7408
-51.8419
-42.7864
-39.5626
-39.0094
-37.7873
-40.1128
-39.0318
-42.3454
-45.8818
-43.8046
-42.6875
-47.617
-45.5535
-35.7763
-38.4619
-42.6987
-47.8449
-41.7511
-32.1256
-41.4745
-50.7145
-42.4903
-41.3216
-46.4786
-42.8403
-44.7992
-46.035
-48.8024
-42.8548
-46.0738
-48.0099
-49.6678
-52.2871
-52.9172
-56.9294
-54.3018
-54.8571
-62.2165
-50.867
-44.3072
-51.6173
-47.5383
-41.1069
-45.0099
-40.9497
-40.0142
-41.5065
-40.1963
-39.8663
-45.8492
-45.6276
-45.546
-45.8304
-53.3569
-49.5066
-48.0277
-45.2773
-48.3018
-42.6047
-46.2436
-43.8185
-38.2881
-43.8271
-50.2832
-49.0053
-43.627
-36.6414
-37.3431
-42.5832
-33.4925
-35.4937
-38.211
-38.5097
-44.9959
-44.9887
-43.0486
-41.8595
-31.9912
-33.9768
-39.8407
-46.5979
-48.2941
-50.7192
-48.1884
-40.9171
-42.4896
-43.174
-38.7258
-39.996
-44.1221
-44.9597
-49.5559
-48.0812
-42.4954
-45.8885
-44.4778
-52.3374
-52.8028
-45.6774
-37.5994
-39.921
-41.2683
-42.7284
-38.4651
-31.4446
-39.278
-41.3161
-43.7775
-48.0948
-35.593
-39.1908
-42.1039
-38.9661
-39.0645
-37.5282
-42.3955
-36.7681
-45.1695
-53.7393
-51.6982
-47.3359
-43.8789
-43.0055
-40.4614
-44.2251
-43.987
-47.1369
-47.0418
-44.7488
-39.1003
-37.9609
-43.9664
-40.9858
-37.5097
-45.8445
-47.5706
-45.4856
-40.9419
-44.1637
-37.1592
-45.9186
-49.7334
-49.8885
-46.2949
-46.7194
-47.9474
-54.7467
-49.7387
-57.0331
-46.4884
-42.9052
-49.8449
-47.4422
-44.6878
-47.0886
-40.8962
-43.3214
-49.0768
-52.5692
-48.1974
-43.1175
-48.8445
-52.5471
-48.5498
-51.1893
-50.3503
-48.1355
-38.5141
-51.021
-44.2714
-52.4054
-46.0862
-52.6213
-52.0808
-48.1784
-48.7677
-49.04
-46.8866
-46.9569
-43.1368
-28.5849
-36.3757
-37.5048
-37.376
-36.1011
-43.9091
-45.953
-46.9732
-47.999
-49.4491
-43.3247
-42.1323
-37.1396
-42.0057
-39.0131
-39.855
-42.8586
-56.4055
-55.6263
-54.1365
-49.8759
-53.0481
-50.0898
-44.1785
-49.0704
-45.0339
-42.8074
-45.0742
-42.0879
-42.0302
-41.5255
-42.2591
-42.0515
-49.8112
-48.4691
-45.6962
-43.0498
-47.6832
-46.0881
-45.3083
-51.7978
-51.1867
-63.443
-55.9515
-49.314
-50.7656
-49.4308
-45.3298
-39.3472
-47.5804
-48.6021
-52.7032
-53.0288
-54.6708
-44.3895
-45.904
-43.4637
-42.8242
-47.3299
-51.5769
-54.1396
-49.5099
-46.8841
-46.8131
-49.9068
-46.2024
-38.1067
-41.7772
-44.1624
-37.6338
-38.8171
-39.9518
-40.8921
-40.8704
-38.0026
-39.2605
-45.5836
-35.1093
-35.9942
-42.3392
-50.5712
-46.4009
-49.6901
-45.3275
-46.9232
-36.1428
-43.5232
-44.7818
-43.6411
-43.2479
-45.7322
-43.0543
-44.3014
-39.5865
-37.5216
-51.0018
-53.5496
-41.0907
-44.4689
-49.0045
-40.1512
-45.1197
-42.0101
-44.8123
-43.1143
-38.7866
-39.4097
-39.0216
-34.5755
-42.3807
-42.756
-43.4257
-45.4229
-40.9672
-39.2589
-50.0234
-41.0761
-47.441
-51.9091
-51.3579
-50.1429
-46.5169
-43.732
-40.7266
-42.6732
-43.7275
-43.5515
-38.8329
-38.475
-42.5594
-47.9681
-48.9392
-37.2681
-39.5403
-33.2676
-42.6133
-46.4391
-53.298
-44.8017
-47.3523
-42.4346
-44.3882
-48.6993
-43.2719
-34.5929
-38.8326
-38.3718
-40.3545
-50.0202
-56.487
-46.8494
-41.8535
-44.1161
-45.8773
-39.3284
-48.0707
-52.8765
-51.9764
-48.5268
-46.8247
-45.1192
-44.3382
-52.1747
-43.1635
-43.4874
-44.4991
-41.2465
-45.3085
-46.7344
-54.8005
-48.7939
-42.2769
-47.4058
-46.1932
-47.0187
-38.7898
-37.7526
-33.7385
-45.5583
-48.5572
-47.9428
-46.8693
-41.9854
-41.1406
-48.47
-46.5083
-43.267
-51.5726
-50.5159
-52.0236
-53.1997
-56.7748
-52.2642
-47.3804
-50.1022
-44.1883
-44.3601
-47.3956
-51.663
-51.2823
-49.1736
-50.0667
-51.4424
-51.9128
-50.9423
-46.472
-43.3969
-40.3319
-38.8841
-41.311
-40.4789
-44.355
-48.8412
-51.7703
-47.3966
-47.9767
-48.3185
-40.8063
-49.0644
-48.3393
-46.6336
-49.2544
-41.1088
-46.9542
-53.3381
-49.9546
-52.1726
-45.9702
-41.8929
-33.7616
-39.5895
-40.637
-47.7549
-47.2027
-47.9939
-42.7984
-38.4016
-39.7348
-37.8023
-40.399
-40.2068
-34.9618
-40.7157
-42.6224
-44.5357
-40.1502
-38.5421
-34.4307
-46.5896
-41.0155
-39.3178
-38.756
-42.5554
-38.2975
-35.7507
-38.2556
-44.5033
-44.9403
-44.7035
-41.8082
-44.4219
-43.7735
-46.6121
-49.644
-44.7829
-47.6249
-43.8206
-45.8331
-44.6918
-42.0377
-40.1172
-50.5054
-41.6853
-49.0426
-44.141
-40.2613
-46.5329
-42.6184
-44.8257
-47.7528
-53.0679
-41.9227
-46.4948
-48.5042
-46.9355
-45.4759
-46.5039
-53.4481
-50.0747
-43.8943
-40.9873
-35.418
-29.3257
-32.7693
-42.7242
-50.6877
-54.9262
-55.7274
-49.7836
-44.0755
-40.9463
-35.8677
-42.9963
-43.7464
-42.9538
-44.6079
-50.0044
-47.4089
-43.1447
-41.905
-42.9105
-52.1471
-54.3806
-44.2982
-40.8942
-35.2364
-36.3327
-38.0995
-39.2091
-44.7332
-38.1069
-42.7808
-43.6998
-39.5447
-37.0229
-40.2442
-41.72
-40.8022
-46.423
-47.4694
-54.6934
-47.1319
-49.8591
-43.9795
-50.7509
-48.058
-50.9717
-61.021
-55.7098
-53.0926
-46.1446
-44.9355
-40.1318
-43.6496
-43.5856
-44.3462
-47.7971
-41.1313
-38.7074
-44.5182
-43.9449
-41.6398
-44.2365
-40.4103
-39.282
-34.8851
-40.1401
-44.7253
-46.8988
-42.0448
-42.0553
-37.6015
-44.5873
-39.9445
-36.1487
-35.7482
-45.0745
-44.7947
-50.841
-51.3885
-53.401
-52.6387
-56.4761
-52.6455
-57.8081
-63.8674
-56.3535
-50.018
-51.3714
-45.4985
-46.298
-48.383
-46.7799
-42.7351
-43.7533
-43.3999
-49.1828
-55.4975
-56.7706
-49.9647
-47.4859
-50.4101
-49.127
-46.7192
-51.5889
-53.3945
-55.4172
-46.7833
-45.4371
-45.0267
-40.8047
-42.8364
-39.9699
-45.9198
-48.4464
-45.8939
-41.4888
-39.1688
-36.9047
-38.9429
-40.2472
-39.5352
-34.2346
-40.2017
-41.3398
-38.2568
-38.1804
-41.3493
-35.8392
-41.254
-37.683
-35.0657
-42.4126
-41.2507
-44.5196
-41.8437
-40.0089
-42.4571
-38.5377
-45.4946
-42.9999
-44.1949
-37.9873
-48.1601
-57.4747
-48.3883
-50.9817
-50.5691
-47.3733
-51.3012
-49.1714
-49.2652
-45.8695
-41.142
-45.2246
-46.7305
-47.4419
-47.4893
-46.9447
-43.7713
-55.8037
-48.6498
-42.1423
-46.1193
-50.9546
-48.5026
-53.8803
-49.6848
-44.2867
-46.1129
-43.844
-39.7996
-41.3246
-36.1455
-32.8545
-31.2315
-33.9542
-43.2463
-38.2827
-33.8583
-39.8825
-37.1255
-43.1186
-41.5875
-40.4703
-48.6444
-51.0029
-53.7804
-46.1672
-45.3525
-43.205
-40.141
-38.6719
-46.1464
-43.054
-42.9351
-44.1548
-45.4842
-45.2423
-47.2688
-46.1758
-39.1335
-39.6764
-43.9487
-41.1982
-40.8755
-38.0522
-41.6079
-43.8451
-59.0072
-61.1875
-53.3763
-45.5638
-45.5431
-48.3553
-53.2392
-40.0573
-37.5433
-41.0358
-42.2674
-52.5851
-44.6079
-40.5048
-38.7193
-43.9092
-42.471
-37.5036
-33.6434
-36.9636
-42.7227
-40.6541
-46.2163
-48.1476
-47.3422
-40.8979
-51.9674
-47.1119
-42.2404
-49.1665
-48.4832
-50.2342
-54.0036
-55.2221
-40.6357
-47.4762
-48.2951
-49.5397
-48.8699
-40.2971
-41.9164
-41.5109
-50.5587
-49.2554
-48.8666
-38.0403
-44.93
-46.3162
-45.6238
-41.2525
-38.7882
-47.4871
-45.2393
-48.9475
-37.6416
-37.3026
-33.2534
-34.5227
-45.7328
-43.5834
-48.6731
-56.5047
-55.0229
-44.6747
-45.0353
-44.6061
-43.8785
-42.9754
-41.9188
-50.8552
-48.5624
-48.4837
-45.6499
-46.746
-43.756
-40.2207
-38.1764
-40.5579
-46.4101
-39.26
-37.3922
-38.4996
-37.7937
-39.9902
-39.2708
-36.6097
-38.3203
-44.9837
-44.1436
-45.4087
-46.1964
-50.5329
-48.5778
-42.4002
-50.0616
-46.7165
-56.153
-52.5195
-52.0902
-49.5635
-40.4276
-43.3227
-37.8051
-46.3625
-47.171
-48.9241
-47.0522
-47.9643
-38.2255
-41.1096
-39.4119
-43.1688
-40.5131
-44.0267
-43.5903
-35.961
-34.714
-41.8839
-33.946
-49.7314
-50.3864
-49.0627
-55.4312
-51.1074
-45.1494
-46.2787
-45.9986
-45.7047
-43.8182
-47.1145
-47.9252
-44.2061
-52.8117
-53.473
-52.6935
-58.0062
-57.6132
-49.1841
-57.7577
-53.0669
-59.5752
-60.5929
-66.5697
-53.9623
-54.2927
-56.922
-51.5203
-50.8576
-44.4264
-46.798
-48.2502
-51.9025
-48.8157
-48.9874
-41.303
-44.3642
-47.5231
-38.4819
-40.4815
-43.0598
-44.4198
-40.7612
-38.4643
-43.8033
-47.476
-52.1868
-42.6373
-44.9852
-44.5839
-41.923
-38.2566
-39.2143
-42.032
-48.5818
-44.9775
-42.7753
-48.9182
-47.0061
-43.6656
-39.0969
-39.0253
-36.3868
-38.7193
-46.7167
-54.4291
-52.2271
-51.7977
-41.9206
-40.4939
-43.3287
-51.4395
-58.7169
-50.9174
-40.9067
-41.2353
-45.8026
-52.7275
-48.5065
-46.08
-43.39
-41.6411
-47.1275
-47.0569
-46.7937
-44.3424
-42.6583
-47.5567
-45.7569
-39.9574
-45.5177
-42.8503
-43.2101
-43.8375
-47.5568
-45.5333
-46.0495
-39.2873
-41.8676
-38.9126
-40.5198
-40.4076
-35.1936
-33.6862
-44.2646
-41.8263
-43.1385
-41.7752
-41.9739
-44.0833
-44.5089
-38.5339
-37.4873
-42.1359
-43.2206
-39.9902
-44.9375
-48.9142
-45.606
-46.9189
-47.7648
-40.1405
-41.4224
-46.7527
-44.3741
-46.1396
-44.1766
-42.3401
-42.1596
-43.6768
-42.2141
-34.4134
-33.9989
-41.5682
-46.5133
-42.9508
-41.1442
-40.0567
-40.4604
-44.7317
-39.0394
-43.634
-47.2139
-51.4427
-44.9474
-45.7242
-41.9765
-39.6965
-42.2153
-47.4919
-48.4071
-47.4111
-54.8351
-61.9479
-53.0159
-46.1041
-45.2279
-48.5796
-47.1427
-50.6181
-47.0858
-58.7661
-52.7814
-51.8802
-49.5552
-46.2553
-46.2452
-45.9036
-44.0944
-51.0686
-59.7922
-61.8175
-48.5814
-45.8887
-43.2348
-41.1731
-50.8106
-54.9643
-54.2868
-61.588
-51.3296
-53.6466
-41.8821
-38.6885
-38.9497
-44.0935
-45.8856
-49.5238
-47.2038
-48.1238
-45.3847
-43.0795
-39.3566
-44.0758
-47.023
-46.4939
-47.3513
-46.2426
-57.9417
-62.9434
-51.9332
-63.1496
-61.5109
-69.7539
-65.3462
-53.316
-56.8946
-61.0452
-60.1661
-56.8148
-49.6793
-51.7525
-53.4146
-55.35
-50.0804
-63.192
-54.6979
-54.658
-48.5747
-46.0555
-38.6407
-41.5634
-43.2572
-49.7379
-39.031
-31.6583
-44.9058
-44.1019
-43.516
-41.1863
-40.0927
-45.0544
-44.812
-42.7512
-38.441
-37.0412
-40.1074
-40.3575
-45.4005
-54.1811
-52.0123
-53.8466
-55.155
-57.7245
-56.8973
-55.5246
-45.3205
-49.8322
-52.5493
-48.3877
-43.4123
-34.6816
-35.3775
-44.9354
-41.801
-39.1267
-38.0938
-35.8547
-47.3658
-45.1957
-36.2024
-35.4212
-38.4992
-36.1809
-41.3516
-46.6102
-50.5488
-51.5884
-44.7611
-46.0211
-41.8774
-51.2391
-57.5052
-45.9295
-48.9359
-44.0202
-46.3335
-42.8423
-42.5948
-47.7071
-46.3328
-44.0729
-40.9419
-44.8534
-43.0864
-42.6583
-44.8593
-44.0768
-40.616
-37.6606
-42.3434
-43.5753
-42.4573
-38.003
-42.7714
-44.3558
-47.3204
-47.1342
-54.0882
-48.0013
-52.9827
-50.4435
-47.9075
-45.2034
-46.185
-46.1907
-38.0195
-40.1196
-42.6081
-43.2636
-44.9204
-39.3578
-50.4256
-44.0769
-42.6821
-46.2211
-39.5393
-43.6412
-37.6622
-35.9555
-39.1624
-33.805
-37.7578
-34.2118
-36.9754
-28.5724
-39.6789
-45.0878
-46.4882
-46.583
-58.27
-49.7894
-49.4196
-44.6377
-41.6066
-43.611
-38.7317
-43.4442
-39.9551
-44.3049
-41.2058
-35.0911
-42.2935
-42.5181
-41.3894
-34.5033
-42.8936
-41.5365
-45.86
-49.1953
-53.7871
-48.6239
-45.9673
-49.1168
-46.0324
-40.9123
-39.2867
-52.919
-49.6828
-51.2316
-49.089
-51.297
-47.6849
-48.7644
-49.9185
-41.9722
-41.1506
-45.059
-41.7977
-50.0753
-43.2355
-42.0311
-37.1754
-42.9145
-42.6165
-45.9125
-48.5694
-44.0425
-44.3284
-41.5618
-42.1952
-37.3189
-44.3629
-47.2461
-47.601
-47.1625
-50.4047
-44.3457
-49.384
-50.2289
-46.3032
-52.1636
-44.6633
-46.5119
-41.0323
-41.1335
-36.3866
-38.3303
-41.9882
-43.8015
-40.1787
-41.1187
-43.7023
-45.3129
-43.5026
-42.243
-42.0606
-49.8534
-45.4335
-46.5539
-52.2752
-44.8261
-46.959
-42.4913
-45.8344
-50.4508
-49.6196
-52.112
-54
-56.921
-47.8812
-40.9615
-50.6358
-45.6654
-47.3302
-48.7633
-49.7122
-43.4088
-42.8675
-46.1512
-43.7413
-49.234
-51.9434
-42.3323
-31.388
-35.8918
-39.6981
-40.9175
-41.9706
-40.9332
-43.8607
-46.2029
-51.9943
-46.3091
-45.1588
-42.3666
-44.3387
-43.391
-39.8496
-41.2363
-41.9658
-42.0324
-41.5504
-42.6943
-39.3831
-43.8625
-46.1128
-45.1006
-43.4675
-51.3603
-47.5504
-47.1686
-45.9892
-42.0645
-46.3212
-44.552
-43.9118
-36.491
-34.9846
-44.318
-36.8186
-38.1003
-37.5918
-37.6952
-35.4048
-30.4467
-40.1922
-35.8983
-40.7849
-40.3159
-40.7137
-42.8892
-43.7344
-43.7928
-40.7196
-44.4053
-39.3598
-45.8186
-42.3087
-42.2264
-45.2264
-41.1499
-48.3286
-44.2215
-45.5306
-47.8829
-53.4996
-56.7547
-57.9846
-57.9676
-49.6521
-48.1708
-48.5466
-46.0834
-42.9125
-42.881
-34.2187
-48.6037
-48.5374
-38.3253
-40.3037
-39.5829
-30.6824
-35.6657
-41.994
-42.9207
-38.8992
-37.8243
-45.8615
-43.5075
-39.8663
-40.1263
-35.6389
-47.4258
-47.8905
-41.9956
-39.3533
-33.9933
-30.9311
-31.9266
-40.5787
-42.4692
-46.3176
-45.5097
-53.3346
-52.6203
-52.3854
-47.6797
-55.361
-56.016
-52.5798
-52.4143
-53.6868
-56.3912
-53.3912
-47.7986
-44.7824
-48.2425
-45.8302
-45.6275
-47.0806
-42.704
-37.9409
-48.0429
-47.6422
-41.417
-50.7373
-49.4005
-48.6779
-46.5174
-51.3287
-46.1993
-43.5566
-44.1157
-43.4568
-39.6203
-44.955
-44.1354
-37.5841
-41.1659
-35.9144
-40.9357
-41.1756
-41.7431
-41.9671
-38.3509
-43.0052
-41.7746
-46.0565
-50.747
-49.1713
-45.4768
-43.3918
-34.665
-41.9116
-41.3366
-39.6611
-35.4966
-44.5513
-42.3597
-43.893
-49.2747
-48.3271
-39.914
-46.2162
-43.3786
-52.8445
-47.0194
-37.7858
-52.9584
-55.5702
-51.5006
-45.1931
-51.8576
-44.1326
-47.1866
-41.5678
-45.7345
-41.8559
-36.4519
-33.4944
-42.7587
-46.0001
-41.3269
-36.738
-39.2148
-40.5079
-37.8521
-45.7469
-47.3226
-49.378
-43.8327
-49.0409
-46.8682
-46.4397
-44.1019
-43.1752
-31.5309
-39.0877
-42.7134
-39.2033
-44.3644
-46.2001
-46.5709
-39.8897
-39.6514
-43.0916
-48.699
-53.8523
-49.9782
-56.5709
-50.8185
-45.0641
-40.4104
-44.218
-46.0406
-48.0366
-46.209
-44.887
-45.9489
-41.0463
-39.2293
-41.8155
-39.8854
-40.8303
-39.3945
-39.4766
-44.0728
-45.3591
-52.9558
-48.1824
-47.3659
-51.2687
-45.9524
-45.1217
-48.1855
-42.5426
-40.8384
-43.2775
-45.6325
-44.1666
-49.3449
-46.2961
-37.4553
-41.647
-45.4868
-48.8141
-42.7749
-46.1604
-45.0549
-44.4684
-52.0286
-52.9626
-42.2901
-43.6955
-50.2253
-45.6722
-47.2136
-54.2251
-47.2925
-38.9793
-36.2582
-41.4366
-44.2386
-40.234
-46.2755
-43.5588
-40.188
-38.6549
-48.5943
-50.7936
-46.7771
-43.0461
-37.4841
-35.5004
-34.098
-38.7099
-37.6129
-34.7351
-35.289
-37.6692
-47.2848
-53.5757
-37.682
-47.0339
-49.7722
-43.6977
-42.0525
-39.1374
-46.6444
-39.6805
-35.2721
-38.951
-34.6409
-37.4248
-39.8303
-36.5196
-36.4279
-29.7425
-35.5754
-44.8172
-37.7438
-35.0475
-35.2808
-43.5712
-48.7515
-42.8962
-50.3484
-43.6671
-41.6622
-38.6611
-43.0891
-39.8584
-42.3311
-40.8806
-34.1763
-38.4668
-33.1436
-34.069
-35.1125
-41.7414
-42.8132
-41.2786
-35.8785
-37.2486
-36.3208
-35.9133
-37.7586
-43.729
-45.8253
-40.8993
-38.546
-39.8236
-38.6716
-37.2529
-34.1155
-36.5514
-42.2672
-47.1712
-42.3596
-45.5766
-44.0226
-46.0595
-48.2
-50.3208
-46.0817
-43.6456
-33.0754
-35.7562
-41.0225
-37.3349
-47.8511
-49.0846
-49.0472
-46.8358
-41.9256
-53.9696
-56.9269
-51.5907
-46.6288
-45.3251
-50.0112
-42.4283
-37.1617
-41.334
-46.1922
-42.1198
-39.6668
-48.5931
-50.3962
-41.6933
-40.2116
-43.6524
-43.5708
-43.4019
-41.0152
-43.7156
-47.2298
-47.2738
-57.0123
-53.8789
-48.3265
-49.1293
-55.4093
-56.653
-55.8113
-58.5818
-59.9833
-54.8439
-50.1067
-34.1607
-45.2636
-43.2396
-38.7327
-41.7035
-48.3575
-42.1516
-38.6472
-41.9651
-43.2754
-44.8956
-48.343
-41.8517
-43.4622
-48.9468
-52.8469
-51.591
-49.5624
-45.5941
-48.8959
-50.259
-50.299
-51.4802
-51.5528
-52.1009
-44.6985
-46.1725
-45.0809
-43.4517
-38.4744
-45.7552
-49.9404
-45.7644
-52.0504
-54.8656
-48.1357
-46.8204
-48.3935
-50.4242
-54.0264
-47.5032
-45.7343
-47.3577
-39.405
-39.0507
-41.0518
-44.0538
-42.9552
-47.2503
-44.909
-51.259
-45.4251
-46.4542
-42.8035
-50.2277
-50.1723
-54.3321
-45.2277
-50.7676
-48.6493
-43.2573
-38.4515
-41.8348
-43.9349
-45.3503
-49.1886
-51.9291
-51.7245
-50.2963
-48.1522
-47.7767
-51.808
-52.995
-43.5966
-48.3544
-48.4087
-41.1094
-43.9399
-41.2057
-43.9159
-47.6239
-47.1243
-38.5558
-45.1668
-40.1348
-34.9196
-40.4252
-42.3907
-49.3443
-53.8217
-51.5222
-45.7446
-46.4224
-51.0628
-49.0736
-51.2364
-53.6597
-46.9351
-48.8903
-47.2681
-44.2238
-43.7909
-48.3397
-42.4929
-45.3585
-49.8595
-55.9673
-58.0519
-57.2108
-50.9643
-41.6961
-36.1649
-43.0282
-36.3836
-36.9936
-42.1537
-45.6926
-32.8317
-40.8218
-44.7736
-44.2663
-44.0392
-46.4566
-41.002
-39.8018
-42.9742
-50.5857
-46.1257
-42.6894
-40.9273
-44.0767
-36.2297
-39.7956
-40.253
-43.7921
-34.524
-37.7553
-53.493
-59.917
-58.4083
-57.1479
-48.2794
-44.3751
-47.4205
-43.8535
-43.4038
-47.3895
-50.1619
-44.2494
-42.0638
-45.3318
-47.367
-43.613
-48.7287
-55.2019
-52.8981
-48.3161
-40.1147
-43.224
-39.7984
-44.656
-54.5523
-45.4819
-41.8456
-43.1008
-37.1938
-37.0035
-39.4149
-41.744
-43.12
-38.2194
-42.6768
-42.2787
-40.6552
-49.067
-42.7478
-43.2572
-40.823
-39.6542
-38.8787
-39.3012
-34.175
-40.0445
-43.799
-45.1462
-47.6647
-45.7374
-46.444
-44.7909
-46.1254
-51.0411
-55.9546
-56.8833
-54.6763
-54.3962
-56.5598
-53.6152
-44.1232
-37.2326
-40.9328
-41.7025
-43.2834
-44.7661
-43.2872
-45.3517
-38.6078
-40.0616
-39.4638
-44.8461
-46.2742
-44.9786
-44.4008
-45.2164
-40.0762
-41.4226
-41.7022
-41.3278
-39.3662
-40.6853
-40.7863
-40.1776
-40.1973
-41.771
-42.6074
-45.4106
-42.0855
-44.4208
-57.827
-42.8386
-43.6176
-43.8086
-42.7209
-49.7282
-54.0709
-55.4038
-53.3728
-46.4231
-53.4805
-51.8717
-52.7667
-53.2751
-44.2426
-47.4736
-49.2838
-51.579
-49.2972
-47.1157
-40.0192
-50.276
-48.5755
-48.6978
-43.6697
-54.0682
-52.81
-51.4075
-39.3901
-42.0498
-42.7714
-40.1695
-34.0443
-36.9879
-40.184
-44.2154
-44.0688
-42.6816
-39.1296
-35.9305
-38.5752
-40.3509
-44.3348
-40.4165
-36.8258
-39.7215
-39.1921
-38.6857
-39.0303
-40.2192
-33.6118
-36.9413
-43.0975
-48.4535
-45.5542
-38.3804
-43.4307
-39.3674
-42.7039
-46.2586
-42.8024
-39.8811
-44.9767
-41.1483
-46.8988
-45.0315
-42.8542
-40.6315
-49.8433
-41.3863
-40.48
-35.3036
-43.0227
-41.2865
-41.5933
-39.6322
-38.8461
-33.3128
-38.9416
-45.1808
-46.2113
-46.6504
-48.1722
-43.7805
-45.7385
-50.0888
-45.0164
-41.6818
-44.7901
-48.5814
-48.9723
-52.956
-48.272
-41.6167
-46.9273
-44.0374
-45.2753
-45.2332
-42.1414
-35.7346
-43.0914
-49.1248
-43.5395
-45.4631
-45.6826
-46.2526
-44.2386
-44.5563
-40.4652
-40.4798
-42.3606
-48.1752
-45.4748
-45.938
-42.845
-46.7685
-42.5861
-50.6014
-52.0952
-49.2425
-49.9068
-54.4562
-55.1376
-50.8905
-52.924
-46.6528
-46.4466
-45.0694
-44.0197
-41.9497
-46.017
-40.7075
-40.7286
-41.1379
-41.5976
-41.1344
-47.2903
-40.3979
-38.3138
-49.8033
-53.4566
-47.6834
-51.3684
-44.9492
-47.5022
-42.0456
-34.7196
-37.423
-36.7267
-43.9429
-41.6533
-37.9404
-38.1012
-39.2179
-44.7395
-45.201
-44.6411
-42.76
-41.2523
-41.7058
-49.1617
-45.7453
-43.0156
-45.4123
-45.08
-46.2903
-37.8782
-39.792
-36.4501
-40.1107
-40.8779
-41.4071
-40.618
-39.6012
-44.0233
-42.9856
-41.7515
-37.3675
-40.1894
-42.6591
-47.1923
-44.5708
-46.8465
-52.1925
-45.2315
-49.5645
-51.7832
-45.2753
-46.7339
-45.7004
-45.1709
-43.8389
-43.4608
-42.3102
-38.1974
-36.9745
-40.6926
-43.8303
-46.1739
-41.2135
-42.7354
-43.8269
-42.551
-49.8726
-45.6913
-46.399
-38.0836
-41.5792
-52.8011
-48.0777
-43.5398
-49.096
-39.0608
-39.4962
-41.9021
-48.2141
-48.6735
-51.9941
-57.0699
-52.8402
-53.2946
-49.4291
-54.604
-41.2155
-44.0753
-48.138
-51.8776
-46.7804
-46.6049
-43.3358
-41.9866
-41.0522
-44.0319
-40.6897
-47.7344
-50.8244
-54.8712
-55.4237
-46.9119
-49.0183
-48.8956
-51.0137
-40.5295
-42.9756
-34.6636
-39.9113
-42.6979
-36.0469
-44.4314
-48.0646
-40.7872
-44.2503
-38.0893
-43.7322
-42.0418
-41.9274
-38.9348
-35.6738
-43.5429
-43.2348
-47.351
-46.5197
-35.05
-39.5028
-41.8426
-38.6184
-45.2623
-43.5503
-51.2889
-46.6708
-41.5347
-36.1063
-36.7271
-33.0085
-32.7274
-33.199
-46.0928
-48.8343
-47.2086
-45.1994
-44.198
-46.7672
-45.7738
-45.9485
-47.1125
-50.0312
-52.6613
-54.615
-47.663
-38.3133
-38.3967
-46.4715
-64.442
-64.4485
-58.2739
-58.9845
-48.2684
-50.0345
-55.5305
-55.1162
-56.9472
-54.882
-55.8517
-58.8913
-56.9663
-46.0731
-47.7947
-42.6259
-49.2921
-45.9976
-42.925
-40.5853
-39.1072
-41.693
-43.6917
-43.4651
-55.1355
-53.4376
-48.0014
-38.2778
-34.017
-36.6295
-43.9767
-52.0302
-46.5979
-45.0063
-47.0294
-41.495
-37.7766
-35.6823
-34.3717
-37.6774
-39.3851
-37.1083
-35.3394
-45.427
-46.6525
-47.6742
-41.7385
-36.8941
-40.4346
-42.6416
-46.624
-52.1371
-46.297
-49.1362
-50.6661
-44.6172
-42.0274
-42.8188
-39.5892
-39.9575
-48.5475
-46.5893
-49.3993
-52.1795
-52.5326
-49.8093
-45.2333
-43.4294
-54.7388
-43.7809
-48.7371
-45.9057
-41.8582
-46.0888
-48.0448
-44.0859
-47.818
-43.9429
-41.9162
-38.8938
-37.869
-42.7297
-34.757
-35.7508
-39.6985
-38.7468
-35.5097
-42.7487
-41.7274
-38.4268
-39.7829
-42.2554
-43.6653
-40.7017
-43.994
-42.0827
-39.9712
-43.6921
-45.762
-51.7671
-51.0284
-41.7374
-39.5741
-41.8479
-47.2833
-44.1021
-41.7659
-52.1681
-49.1015
-50.9957
-50.656
-49.8177
-48.22
-50.747
-45.3411
-45.3596
-38.3731
-47.3863
-46.7483
-51.4342
-50.6068
-48.559
-50.5952
-55.2926
-50.922
-46.0844
-48.8343
-54.1582
-44.6084
-50.9311
-51.712
-52.5527
-54.8293
-58.0161
-62.7387
-64.6542
-51.5267
-52.1537
-67.3567
-59.2475
-53.4564
-52.0317
-50.7364
-44.3491
-49.3635
-50.8426
-52.3748
-47.8668
-43.3236
-43.7442
-49.748
-41.4596
-40.8615
-38.2644
-43.4216
-32.5885
-30.6901
-41.636
-40.6351
-49.4329
-37.2728
-38.5416
-43.5622
-49.0327
-42.384
-40.2714
-41.3676
-45.9029
-44.0576
-38.9437
-35.585
-40.5383
-34.8207
-42.7544
-39.5177
-39.4886
-43.1376
-48.1826
-46.1392
-51.4142
-43.0932
-38.6441
-46.5312
-38.6806
-36.5736
-51.2079
-50.1786
-46.658
-49.3704
-49.4136
-41.6225
-41.9541
-41.9084
-41.3325
-42.6443
-41.5607
-43.8439
-39.8246
-38.2651
-39.1975
-35.1106
-37.1576
-39.4346
-38.8827
-47.543
-44.127
-43.3708
-42.201
-43.2328
-42.3888
-41.8437
-36.3512
-40.0312
-42.2519
-37.3516
-36.1628
-42.7552
-48.5262
-46.0678
-41.7771
-43.5526
-37.4598
-41.396
-37.2828
-35.629
-37.7158
-42.3185
-43.4667
-45.2482
-40.6182
-42.8672
-43.5366
-49.2543
-43.9293
-48.7493
-49.4664
-53.2121
-52.5372
-51.768
-48.426
-45.4102
-40.4676
-43.3236
-43.1737
-42.2096
-42.9594
-44.0592
-35.5772
-34.1347
-34.8733
-34.93
-42.3851
-48.9988
-39.7019
-44.1677
-47.0613
-45.8101
-49.5616
-45.8732
-46.0531
-50.0434
-51.6704
-50.2754
-39.5532
-49.5632
-36.9109
-45.1184
-42.1467
-44.0437
-41.9344
-38.8885
-37.2751
-38.3782
-34.6819
-32.6499
-37.3255
-43.748
-46.7975
-52.5765
-47.686
-41.0593
-42.9729
-44.6021
-39.6038
-45.6325
-42.5417
-46.1618
-46.7979
-46.4722
-45.9423
-47.2433
-42.9349
-45.1784
-48.5735
-47.1017
-48.1988
-45.7943
-43.5006
-40.3549
-39.38
-34.8009
-31.4687
-38.2912
-37.9345
-36.2318
-38.145
-35.8764
-44.4038
-42.8034
-45.2427
-49.6617
-48.3629
-45.1022
-47.4349
-46.0467
-43.8091
-40.3542
-46.5228
-45.103
-43.6778
-40.2156
-42.303
-47.6893
-38.7212
-42.3415
-44.5927
-48.0141
-47.4292
-46.1376
-42.6376
-47.7225
-45.73
-46.4886
-43.7048
-40.6056
-38.3972
-40.5937
-40.4951
-51.4954
-47.6976
-50.5808
-51.4526
-49.7189
-47.8344
-50.2466
-40.279
-38.9717
-51.7154
-54.2229
-43.6807
-48.7185
-51.3929
-46.9915
-50.4897
-48.5955
-48.199
-51.5708
-57.1159
-51.5328
-59.0126
-45.8634
-40.9983
-44.0281
-48.3339
-47.163
-47.5336
-48.928
-44.1462
-43.9641
-52.3783
-47.3231
-45.9177
-43.2692
-40.1838
-38.4619
-41.758
-47.7933
-51.6011
-41.7684
-46.3056
-54.08
-56.7781
-54.5096
-50.5127
-53.2323
-50.6934
-55.2355
-46.232
-39.6626
-41.594
-42.7996
-41.5369
-39.9226
-45.6269
-39.8046
-42.4338
-40.9558
-43.8305
-52.8454
-48.6104
-51.5789
-51.9503
-52.3275
-47.8685
-44.0804
-41.7922
-48.2171
-37.8488
-40.4189
-45.3966
-47.5425
-48.5531
-53.0816
-51.1805
-51.0201
-53.9368
-46.6645
-50.7665
-46.1041
-46.9151
-42.5098
-47.2409
-46.1342
-40.0518
-47.4143
-49.0455
-53.1407
-46.9946
-52.4543
-41.8228
-40.1344
-47.166
-45.6504
-46.2875
-48.493
-41.6623
-51.045
-49.1794
-49.4832
-53.6833
-55.9459
-52.8846
-56.0329
-49.2597
-48.5145
-44.3612
-51.2035
-38.0808
-35.999
-37.6208
-38.8469
-38.4884
-35.4451
-38.0164
-45.0054
-41.8813
-43.7249
-40.7851
-45.8731
-48.7239
-46.8498
-48.5939
-44.4032
-48.1361
-46.8502
-46.6175
-39.9014
-39.485
-43.3401
-45.982
-42.565
-35.4258
-46.0554
-41.6106
-40.6422
-50.936
-40.7218
-46.6585
-46.2115
-51.9442
-49.8048
-54.586
-51.7733
-45.4419
-45.2409
-44.474
-47.8808
-41.992
-41.6436
-46.7952
-46.5492
-52.1937
-53.0401
-53.317
-48.9408
-49.7553
-46.3756
-44.3551
-42.4217
-41.8961
-42.4103
-34.9546
-37.1045
-35.1597
-38.5363
-36.7108
-39.3576
-40.4726
-48.8984
-34.8882
-36.9817
-34.0207
-40.3866
-41.4102
-43.1136
-38.0768
-41.6255
-39.6023
-43.857
-48.6043
-39.7108
-38.7284
-36.9691
-38.7575
-43.1799
-42.6125
-37.6932
-41.0686
-45.6676
-41.0645
-40.5258
-39.0911
-46.3271
-44.8568
-45.8368
-42.9554
-40.6972
-37.3169
-38.5085
-37.3074
-44.9928
-40.0774
-39.6129
-36.6059
-38.5317
-46.8848
-51.1149
-47.0952
-41.8018
-41.1218
-37.7331
-37.7587
-41.1806
-46.277
-39.0299
-40.9268
-34.4779
-32.6397
-44.0411
-41.2503
-38.422
-39.526
-36.1808
-33.396
-36.9711
-47.3476
-43.8443
-43.138
-45.4479
-43.473
-42.0047
-38.3858
-49.9148
-53.0014
-47.9956
-41.5895
-44.655
-48.9649
-45.6666
-48.4194
-47.6606
-50.02
-43.601
-42.6425
-45.52
-49.9471
-50.9366
-46.69
-46.0098
-45.1256
-51.3848
-50.6548
-50.2661
-49.9831
-46.7764
-44.8066
-50.2184
-48.5669
-49.9098
-52.2575
-48.1639
-50.4646
-51.1604
-54.7001
-49.2759
-50.3433
-37.4453
-43.6737
-40.0969
-42.5914
-43.7569
-45.5559
-50.7424
-51.9236
-58.064
-60.8227
-56.1342
-53.2674
-48.7572
-59.0903
-48.6088
-52.0596
-55.2147
-47.9554
-48.5718
-55.7362
-46.4633
-47.2619
-49.5566
-41.3415
-46.1471
-43.3017
-40.2632
-34.8271
-39.4808
-45.1367
-47.5278
-46.1936
-36.9416
-40.3886
-46.3804
-41.5831
-46.8496
-47.6932
-39.8482
-55.4126
-59.1747
-50.4071
-44.3961
-43.5039
-35.1479
-41.775
-39.9641
-42.6462
-42.8934
-46.6822
-41.3175
-41.1711
-40.1456
-35.1742
-34.3226
-33.1272
-33.4991
-41.2183
-44.7649
-44.9864
-53.638
-52.4735
-45.7686
-47.9407
-43.2067
-34.1653
-39.2822
-48.9413
-48.6169
-34.8397
-42.4189
-40.9725
-45.0242
-49.2931
-44.9101
-42.76
-42.7119
-41.6504
-39.7105
-45.9004
-39.5344
-39.6347
-38.8795
-34.4775
-32.9889
-38.599
-38.0693
-39.1488
-39.3376
-41.0714
-38.0697
-43.909
-46.972
-45.072
-48.7305
-49.1427
-57.8738
-46.8024
-43.6034
-44.418
-50.9411
-52.936
-51.1416
-44.7829
-46.6542
-48.6104
-50.7006
-48.6864
-51.5026
-55.9618
-52.1033
-45.0437
-45.2876
-48.7311
-52.7339
-50.7554
-51.5606
-55.9937
-54.7663
-54.5018
-58.2402
-67.3682
-49.9923
-47.2653
-50.6598
-57.1786
-49.9608
-44.9225
-44.269
-44.2455
-48.1776
-45.6674
-48.48
-46.2901
-56.0202
-45.1933
-45.27
-46.671
-45.194
-42.9321
-44.8461
-44.6176
-43.7588
-48.022
-44.2868
-47.6137
-43.7326
-46.2541
-42.9251
-38.76
-40.6241
-41.2324
-41.7864
-36.7989
-40.0816
-40.3856
-49.7666
-48.5485
-52.4834
-51.0934
-50.5137
-44.2413
-44.1852
-41.7893
-37.3237
-42.1048
-37.3385
-40.1701
-45.6707
-45.5074
-40.9777
-42.094
-47.6689
-49.1167
-47.3041
-37.3952
-40.331
-45.2121
-41.9054
-45.9981
-49.6923
-47.8271
-41.2632
-41.0858
-47.1079
-46.7545
-48.6788
-44.8565
