0.0578651
0.0440562
0.0498299
0.0440932
0.0470934
0.0420905
0.0404835
0.04024
0.0524471
0.0567344
0.0583815
0.0408
0.0479082
0.0428759
0.0449475
0.0423882
0.0440413
0.0577887
0.0498089
0.0616728
0.0448462
0.0612208
0.0670521
0.052524
0.0424547
0.0409754
0.0526185
0.0472874
0.0386171
0.0382716
0.0451148
0.0454609
0.0426762
0.0525998
0.0618733
0.0426218
0.0501703
0.0418728
0.0541708
0.0545642
0.0682903
0.0643454
0.04844
0.0510301
0.0498119
0.0548312
0.06039
0.0493544
0.050004
0.0614491
0.0638925
0.0524973
0.0563629
0.0600204
0.0631174
0.0472011
0.0472419
0.0460774
0.040837
0.0563546
0.050549
0.0541861
0.0402669
0.0412233
0.0411933
0.0418753
0.0593617
0.0445531
0.0399447
0.0464983
0.0480432
0.053386
0.0486324
0.0561785
0.0562285
0.0471355
0.0467042
0.0572676
0.0469731
0.0405669
0.0467696
0.0478979
0.0461912
0.0579301
0.0493821
0.0502136
0.0594926
0.0534618
0.0533906
0.05407
0.0418198
0.0545317
0.0531226
0.0409018
0.0484331
0.0414024
0.0390633
0.0425698
0.0371772
0.0419365
0.0402652
0.0553276
0.0466069
0.0412405
0.0516835
0.0678238
0.0465804
0.050729
0.0385739
0.0334622
0.049739
0.0508506
0.0653858
0.0475247
0.0511385
0.0362956
0.0336006
0.041567
0.0433059
0.0511385
0.0327336
0.038351
0.0476664
0.0649487
0.0523258
0.0491602
0.0484504
0.0521487
0.042485
0.0467272
0.0432483
0.0584202
0.0525317
0.0609189
0.0449701
0.0502257
0.0473114
0.0527001
0.0404232
0.0496558
0.0448089
0.0549104
0.0482375
0.045492
0.0591127
0.0750678
0.0786186
0.045932
0.0464317
0.0452874
0.0471366
0.0597593
0.0475972
0.0420109
0.0439292
0.0455098
0.0416201
0.0462765
0.0375168
0.0415071
0.042033
0.0547816
0.0809007
0.0596795
0.0512611
0.0450283
0.0448606
0.0735283
0.0656452
0.0629518
0.0527264
0.0525869
0.0414738
0.0547272
0.0445161
0.0307461
0.0392039
0.051977
0.042567
0.0404759
0.0575653
0.0534479
0.0353069
0.0393213
0.0452738
0.0464034
0.0390926
0.0573484
0.0460124
0.0391784
0.0406993
0.0487456
0.0400676
0.0416865
0.0502561
0.0551789
0.0498375
0.0511434
0.0510248
0.0568663
0.0516572
0.047119
0.0478997
0.0456077
0.0430777
0.0431348
0.04792
0.0453643
0.0351931
0.0471622
0.0365112
0.0469823
0.0593759
0.0534743
0.0600807
0.0552144
0.0403282
0.0397869
0.0454275
0.0467224
0.0321071
0.051627
0.0492021
0.0426029
0.0547572
0.0500112
0.0494693
0.0572607
0.0535303
0.0498758
0.0587916
0.0623235
0.0566269
0.0569451
0.0491531
0.0472517
0.053118
0.03913
0.0461032
0.0506371
0.0494844
0.0432185
0.0437102
0.0411273
0.0367944
0.0371235
0.044735
0.041419
0.047252
0.05755
0.0581345
0.0473742
0.0524341
0.0454787
0.0374587
0.0399992
0.0542187
0.0397818
0.0455084
0.0467239
0.0447681
0.0459654
0.0592096
0.0532568
0.0416413
0.0428847
0.0673941
0.0414281
0.0381838
0.0398622
0.0418314
0.0402396
0.0464165
0.0520668
0.039816
0.0416768
0.0507562
0.0427455
0.0389023
0.0439713
0.0401666
0.0441051
0.0516574
0.0441375
0.0609043
0.0446194
0.0394357
0.0419586
0.0607355
0.0591928
0.0476784
0.0490603
0.0544013
0.0409319
0.0533104
0.0400471
0.0445659
0.04189
0.0526607
0.05715
0.0545892
0.0523721
0.0584516
0.0418755
0.0483494
0.0402141
0.0440458
0.0517245
0.0484234
0.0513898
0.0521123
0.0465897
0.058886
0.0460267
0.0361318
0.0403194
0.0433288
0.0501003
0.0462719
0.0414292
0.0389703
0.0355069
0.0363618
0.0448043
0.0457434
0.0545994
0.0465377
0.0428253
0.0510674
0.0429356
0.0514649
0.0404018
0.0509441
0.0467118
0.0532785
0.0459447
0.0491946
0.0437585
0.036315
0.0400222
0.0476869
0.0457747
0.036732
0.0517984
0.0533533
0.0441977
0.0422689
0.048587
0.0541014
0.0514611
0.0629276
0.0500939
0.0592881
0.0470135
0.0431256
0.0561488
0.0350915
0.0402169
0.0476305
0.0530273
0.048991
0.0428932
0.0377224
0.039994
0.0400279
0.0627504
0.0587897
0.0555527
0.0514306
0.0514391
0.0477909
0.0557144
0.0489891
0.0505304
0.0465654
0.0541575
0.0469407
0.0620993
0.0549648
0.0542837
0.0428674
0.0517804
0.0541571
0.0575543
0.0440842
0.042613
0.0388948
0.0518025
0.0529373
0.060155
0.0509015
0.0640864
0.0643989
0.0447476
0.0584912
0.0534702
0.0412628
0.0493103
0.0427414
0.0404141
0.0428577
0.0419907
0.0405482
0.0499265
0.0455202
0.0513393
0.0428691
0.0464992
0.0451843
0.0370124
0.0510522
0.0518919
0.0435513
0.0418768
0.0598358
0.045977
0.047419
0.0672269
0.0532438
0.0472932
0.0571544
0.0553101
0.0489972
0.0554105
0.0477871
0.0394037
0.0455552
0.0512466
0.0366832
0.0544232
0.0465641
0.0489934
0.0536055
0.0595252
0.0421679
0.0451906
0.0459499
0.0420123
0.0416704
0.0456435
0.0432966
0.0446527
0.0429972
0.0518246
0.0547813
0.0514011
0.0409788
0.0574714
0.0438809
0.041212
0.0499755
0.0361277
0.0522754
0.0465079
0.0497999
0.047671
0.0503788
0.0479909
0.0413449
0.0358493
0.0409644
0.044603
0.0565589
0.059461
0.0503372
0.0426073
0.0483953
0.0443848
0.0611865
0.0598285
0.0688983
0.0660962
0.0600465
0.0663007
0.0538107
0.0618151
0.0611758
0.0581398
0.0596257
0.0488681
0.0421947
0.050598
0.0427096
0.0531997
0.0452784
0.0366876
0.0425806
0.0391953
0.0434226
0.0431652
0.0488082
0.0482321
0.0433927
0.0472271
0.0544491
0.0495444
0.0595646
0.0579581
0.0562745
0.0513762
0.0500022
0.0512611
0.0404955
0.0546686
0.0522758
0.0471333
0.0499833
0.0599569
0.0453651
0.0480549
0.0457742
0.045707
0.0521835
0.0578678
0.0440844
0.0554281
0.0390178
0.047444
0.0498525
0.0433391
0.0535975
0.0481478
0.0509797
0.0498872
0.0398073
0.0445067
0.0558287
0.0574348
0.0498063
0.0625347
0.0661305
0.0613948
0.0556711
0.044717
0.0558999
0.0524712
0.044618
0.0394665
0.0417742
0.0587556
0.0474114
0.0480144
0.046936
0.0629344
0.0456472
0.0397247
0.0416943
0.0363096
0.0317666
0.0387976
0.0443314
0.0396386
0.0465599
0.0481059
0.0546015
0.0653912
0.0519448
0.0550712
0.0471284
0.0674055
0.0407367
0.0491733
0.0435401
0.0598823
0.0556092
0.0560431
0.0511765
0.0471251
0.0520621
0.0524679
0.0470533
0.0641402
0.0442919
0.0616126
0.0401171
0.0500093
0.0506086
0.0419018
0.0417924
0.0379933
0.04223
0.0427744
0.0410222
0.0564571
0.0505708
0.0369123
0.0447751
0.0542877
0.0381174
0.038396
0.0372779
0.0413854
0.0451268
0.0497726
0.0607462
0.0553254
0.0452973
0.0539458
0.0479337
0.0668509
0.0786139
0.0426435
0.0440645
0.0469767
0.0484121
0.0478356
0.0342035
0.0411842
0.0487375
0.0455239
0.042621
0.0554838
0.0532778
0.0601379
0.0657043
0.0494972
0.0438903
0.0735937
0.0465922
0.0584922
0.0680184
0.0484278
0.051624
0.046187
0.0517909
0.0451278
0.0440917
0.0524302
0.0595372
0.0558948
0.0532112
0.052957
0.0484873
0.0626672
0.0485895
0.0431537
0.0407986
0.038914
0.057096
0.0614998
0.053762
0.0628146
0.0447332
0.0508115
0.0510449
0.0625775
0.0485514
0.0384447
0.0446025
0.0364519
0.0404144
0.0407033
0.0410498
0.0534152
0.0438749
0.0471659
0.0620813
0.0511604
0.0563716
0.0577515
0.0580507
0.0466324
0.0477806
0.0605574
0.0553604
0.0423526
0.0453716
0.0431406
0.0459191
0.0444489
0.0463451
0.0514964
0.0536295
0.0559766
0.0523636
0.0633304
0.0565699
0.0533837
0.0391882
0.0478438
0.0303021
0.0369722
0.0503795
0.0434953
0.0520106
0.0375549
0.045334
0.0472317
0.0428125
0.054126
0.0582723
0.0530143
0.0545255
0.0456709
0.0418409
0.0566312
0.0660431
0.0487276
0.0425485
0.0544491
0.0612075
0.0408096
0.0492608
0.0496753
0.0497067
0.0442417
0.0625115
0.0491676
0.0433679
0.0521727
0.0464007
0.0503067
0.0566626
0.056119
0.0609062
0.0456109
0.0616074
0.052092
0.0602949
0.0614625
0.0522968
0.0645608
0.0589056
0.0572874
0.0503122
0.0429004
0.0549292
0.0440189
0.0445257
0.0444323
0.0405141
0.0361905
0.0483501
0.061245
0.0586066
0.0579923
0.0391626
0.056673
0.0546751
0.0458741
0.036994
0.0493923
0.0443681
0.037926
0.0509564
0.0471071
0.0397485
0.0430692
0.0511727
0.0492716
0.0406188
0.0445281
0.04286
0.0438998
0.056072
0.0585573
0.0607436
0.0477622
0.0483032
0.0474195
0.0700212
0.0551262
0.0560439
0.0474901
0.0510628
0.0463849
0.0468198
0.044593
0.0375105
0.0388697
0.0583273
0.0530989
0.05094
0.0408226
0.0401825
0.043665
0.0460506
0.0426848
0.0441572
0.0378418
0.0444563
0.0472706
0.0533549
0.0417169
0.0418914
0.0418007
0.0408699
0.0388967
0.0530625
0.0497117
0.0547925
0.0363589
0.0563058
0.0567971
0.0422396
0.0556302
0.053505
0.0477126
0.050671
0.0429582
0.0496708
0.0496885
0.0385159
0.0485738
0.0524039
0.050759
0.0497154
0.0500646
0.0428402
0.0435379
0.0552459
0.0443299
0.0521754
0.0394055
0.0410003
0.0391631
0.0413093
0.0367921
0.037064
0.04823
0.0433621
0.041125
0.0461679
0.0525286
0.0453363
0.0401205
0.0341505
0.0483003
0.0539194
0.0419251
0.0486759
0.0531065
0.0485315
0.0375351
0.0345122
0.0459327
0.0493245
0.0428049
0.0497078
0.0462886
0.0414151
0.0465367
0.0445565
0.0436597
0.0505023
0.0687504
0.0492104
0.0636711
0.0595896
0.0415995
0.0483348
0.0466826
0.0449916
0.0589117
0.0487462
0.0491836
0.0644826
0.0486719
0.0467731
0.0401262
0.0577396
0.043759
0.0431701
0.0486138
0.0455956
0.057036
0.0500075
0.039225
0.0393479
0.0438701
0.0523546
0.0475327
0.0518602
0.0471812
0.0535426
0.0486013
0.0409671
0.0619246
0.0431456
0.0496256
0.0595676
0.0457731
0.0520157
0.0440799
0.0499719
0.0485104
0.0543168
0.0534506
0.0559074
0.0419157
0.0447475
0.0508131
0.060358
0.0480868
0.0490628
0.0511525
0.0492748
0.0473209
0.0548156
0.0471971
0.0578398
0.0466386
0.0492605
0.047847
0.0450929
0.0433775
0.0446856
0.0449479
0.0396087
0.0584437
0.0581016
0.0523827
0.057163
0.0492293
0.046066
0.0483111
0.0486054
0.0503353
0.0486395
0.0430799
0.0551188
0.0418149
0.0520501
0.0456797
0.0477164
0.052111
0.071491
0.0688243
0.0630943
0.0452056
0.0370267
0.0418727
0.0374678
0.0431687
0.0427723
0.042729
0.0434883
0.0614509
0.04957
0.0415665
0.0478665
0.045898
0.0475037
0.0440275
0.042635
0.0395653
0.0544007
0.0658039
0.0640262
0.046728
0.0356127
0.0408299
0.0488526
0.0582563
0.043546
0.0408411
0.040218
0.0376454
0.0465303
0.0733712
0.0731214
0.0663209
0.061112
0.054956
0.0682027
0.0614367
0.0489025
0.050953
0.0562471
0.0575402
0.0543712
0.057783
0.0563069
0.0571088
0.0677262
0.0617533
0.0698433
0.0533081
0.0517254
0.0659498
0.0628935
0.042556
0.0389432
0.0343203
0.0447111
0.0433208
0.0644467
0.0632323
0.0585229
0.0590142
0.053657
0.0581938
0.0476077
0.0658818
0.0366399
0.0478332
0.0490962
0.0364721
0.0487547
0.0643195
0.0456515
0.0638534
0.0384882
0.0420694
0.0452889
0.0343546
0.0411395
0.0429912
0.0471698
0.0608786
0.0415816
0.05042
0.0443395
0.0612
0.0539022
0.0510215
0.0467582
0.0637972
0.0511999
0.0601805
0.043393
0.0438164
0.0553205
0.0643734
0.0670517
0.0721254
0.0603372
0.0692368
0.0594699
0.0547038
0.0628454
0.046974
0.0413656
0.0584253
0.048297
0.0495418
0.0495735
0.0648483
0.0504607
0.0540465
0.0576631
0.0479995
0.0433861
0.0425825
0.0534586
0.0570548
0.0478416
0.0527183
0.0478169
0.0392222
0.0422831
0.0408515
0.0482982
0.0477049
0.0525797
0.0446037
0.0528357
0.0564027
0.0473951
0.0550408
0.0663871
0.0496179
0.0501384
0.0411477
0.0525872
0.0503607
0.0502578
0.0565823
0.0345398
0.0355159
0.0393358
0.0417903
0.0475556
0.045012
0.050965
0.0533271
0.0446203
0.0380065
0.0533796
0.0458313
0.0460812
0.0493258
0.0549541
0.0474384
0.0472624
0.0513451
0.048753
0.0490322
0.0450298
0.0469991
0.043081
0.0568977
0.0404805
0.0436828
0.0410542
0.0418115
0.0492273
0.0708686
0.0481966
0.0353681
0.0358047
0.0392989
0.0380944
0.0481333
0.0462921
0.044724
0.0355211
0.0420902
0.0554414
0.0530717
0.0592251
0.0479051
0.0514624
0.0526764
0.0502427
0.0472458
0.0512737
0.0390077
0.046379
0.0417849
0.0472684
0.0489009
0.0472276
0.0694176
0.0628687
0.0431389
0.047936
0.0539721
0.0521201
0.0491694
0.0575758
0.0568284
0.0421276
0.0435419
0.0511085
0.0551319
0.0500573
0.0445392
0.048413
0.0524553
0.0478367
0.0586493
0.0497555
0.0515892
0.0445364
0.0567649
0.0654923
0.0686134
0.0539925
0.0419156
0.0494186
0.0408499
0.0506756
0.0429192
0.0499215
0.0546142
0.0711674
0.0450615
0.0516051
0.0497822
0.0379186
0.037678
0.0464881
0.03523
0.0612254
0.0389888
0.0455603
0.0414508
0.0374765
0.0433061
0.0491624
0.0449603
0.058934
0.0670652
0.0537292
0.0539623
0.052095
0.0620868
0.0660473
0.0478942
0.0435942
0.0466912
0.0525461
0.0609479
0.0421374
0.0389458
0.043363
0.0355173
0.0441479
0.0398896
0.0519292
0.0455365
0.0391387
0.0500457
0.0464845
0.0526317
0.0541947
0.053113
0.0624938
0.0757045
0.0508276
0.0577151
0.0547233
0.038255
0.0380737
0.0536299
0.0438964
0.0414286
0.0558507
0.0505591
0.0676312
0.0563443
0.0645667
0.0510454
0.047959
0.0392184
0.0466451
0.0391211
0.0430515
0.0444038
0.0423457
0.053623
0.0486577
0.0428086
0.0495443
0.0384439
0.0352599
0.0448311
0.0413524
0.0539397
0.0470928
0.0430139
0.0385485
0.0478561
0.0485206
0.0439191
0.0501314
0.0391271
0.058833
0.0401741
0.0603732
0.0515872
0.0533441
0.0537193
0.0490989
0.0388643
0.0448657
0.0580853
0.0534934
0.0515208
0.0452497
0.0379854
0.0502093
0.0446231
0.0441091
0.0408535
0.0431976
0.0351446
0.0425762
0.0498044
0.0465332
0.0528688
0.0465353
0.0415302
0.0521213
0.0451282
0.0370044
0.0345961
0.0341985
0.0384087
0.0427309
0.0546588
0.0487745
0.0508182
0.0502914
0.0452024
0.0432739
0.0496671
0.0544912
0.0513119
0.0425392
0.0581951
0.0384473
0.0349104
0.0367681
0.045313
0.0559053
0.0509125
0.0472884
0.0432013
0.0521803
0.0447534
0.0410568
0.0457364
0.0510055
0.0471436
0.0545978
0.0684704
0.0541047
0.0522737
0.0486831
0.0460921
0.0419663
0.0501935
0.0431277
0.0568277
0.0616561
0.0485146
0.0451393
0.0516808
0.0496699
0.0524056
0.0547321
0.050749
0.0409343
0.0702111
0.051632
0.0535019
0.05899
0.0493556
0.0496785
0.0509555
0.0518478
0.0624851
0.0664135
0.0485316
0.0593875
0.0480989
0.0511363
0.0473163
0.0355339
0.0500492
0.0532153
0.0488625
0.0553979
0.0442572
0.0587794
0.0621115
0.0597952
0.0461394
0.0380676
0.0522226
0.0662179
0.057538
0.0391661
0.0533756
0.0467086
0.0435191
0.042839
0.0518149
0.043883
0.0508034
0.0467126
0.0521205
0.0574409
0.056712
0.0578901
0.0470072
0.0513129
0.0619811
0.047745
0.0553573
0.0499057
0.065966
0.0561632
0.0464653
0.0481202
0.0448981
0.0385378
0.0411759
0.0455399
0.0431081
0.0528649
0.0373398
0.0428692
0.0447559
0.04886
0.0518896
0.0454051
0.0409211
0.0477246
0.0583156
0.0560162
0.0730876
0.0634088
0.0536356
0.0525778
0.0448269
0.0414528
0.0460477
0.0436208
0.0464656
0.0430654
0.0528034
0.0441423
0.0429264
0.0480208
0.0511584
0.0539139
0.0502098
0.0482767
0.0599297
0.0527454
0.0564131
0.0537657
0.0722532
0.0569349
0.0512881
0.0390552
0.0451679
0.0467571
0.0420756
0.04622
0.0361248
0.0411381
0.0540176
0.0449509
0.0403969
0.0405019
0.0362494
0.0610518
0.0499816
0.0475975
0.0400414
0.0494649
0.0407709
0.0591753
0.0471719
0.0378887
0.0440023
0.0395636
0.0432353
0.0536872
0.0572931
0.0500861
0.0374888
0.044048
0.0464364
0.0554428
0.0448538
0.0519568
0.0642433
0.0527181
0.0393975
0.0464274
0.0622728
0.0470475
0.0385562
0.0533208
0.0426279
0.0525649
0.0565259
0.0442721
0.0403244
0.0664546
0.0493968
0.0447937
0.035394
0.0389152
0.0524695
0.0472917
0.0493016
0.039253
0.0476055
0.0505347
0.0446032
0.0389312
0.0437551
0.0461494
0.0506486
0.0453152
0.0490557
0.0422578
0.0544463
0.0487164
0.0403614
0.0436605
0.0415768
0.0534381
0.0479334
0.0495564
0.048005
0.0539677
0.0456199
0.0439515
0.0450908
0.0475745
0.0510829
0.0489697
0.0451465
0.0578688
0.0538758
0.0427092
0.040559
0.0433767
0.0462605
0.0562698
0.0567175
0.0576513
0.0580213
0.0583905
0.0519892
0.0455505
0.0638172
0.0507309
0.0527449
0.0615716
0.053333
0.0470919
0.0488417
0.0421857
0.0425201
0.0481688
0.0522729
0.0552067
0.0483658
0.0565822
0.0574757
0.0405818
0.0563505
0.0451336
0.0478395
0.0470944
0.0406877
0.0496988
0.0479952
0.071985
0.0549754
0.057815
0.0557138
0.0641681
0.0502108
0.0461032
0.0551132
0.0571153
0.059984
0.0421788
0.0604461
0.0589666
0.0503215
0.0545703
0.0646436
0.0645213
0.0590509
0.0485308
0.0422855
0.03859
0.0463126
0.0505605
0.0498787
0.0626615
0.0491458
0.0409295
0.0423725
0.0486907
0.0411852
0.0397609
0.0407178
0.0494795
0.0537032
0.0456909
0.0418974
0.0348578
0.0503154
0.0565792
0.0395326
0.0414145
0.0508081
0.0436414
0.0607635
0.0467848
0.0476504
0.0435725
0.0593748
0.0591008
0.0480801
0.0436185
0.040779
0.057497
0.0453179
0.0539125
0.051287
0.0635095
0.0487734
0.045632
0.0355685
0.0445123
0.041334
0.0510181
0.0543692
0.0442614
0.0553399
0.0547593
0.0577789
0.0462271
0.0421938
0.0485734
0.0387378
0.038803
0.0488011
0.050399
0.0469136
0.0420584
0.0609215
0.0588097
0.0370739
0.0389203
0.0435762
0.045461
0.0549876
0.0510249
0.035694
0.0466155
0.0483493
0.0460324
0.0574915
0.0793429
0.0732557
0.0576504
0.05183
0.0431481
0.0523373
0.0461193
0.0500842
0.0359407
0.0471069
0.0421952
0.0438236
0.0440663
0.0529233
0.0547251
0.0436114
0.0415359
0.0473294
0.0486742
0.0450315
0.0414574
0.0408731
0.0501522
0.0459024
0.0516993
0.0440421
0.0506391
0.0405666
0.0416713
0.0406583
0.0536376
0.0600672
0.0504553
0.0475754
0.0536166
0.0513689
0.0440849
0.037728
0.0466387
0.0404793
0.0438027
0.0591574
0.0516123
0.0511319
0.0561795
0.0665747
0.0464435
0.0391868
0.0525247
0.0473442
0.0505164
0.04112
0.0521035
0.049943
0.0609231
0.0452752
0.0461557
0.059712
0.0587783
0.0623581
0.0461178
0.0441796
0.0410602
0.0609124
0.0502819
0.0587185
0.0388643
0.0353208
0.0399596
0.0361764
0.0393927
0.0427875
0.055795
0.0477672
0.0343865
0.035505
0.0391604
0.0385042
0.0485452
0.0393852
0.0389767
0.0511988
0.0699342
0.0497117
0.0457064
0.0471894
0.0491526
0.0591531
0.0602275
0.049553
0.0481978
0.0463419
0.0484775
0.0367675
0.0405121
0.0541653
0.0432445
0.0510743
0.0518603
0.0531529
0.0431263
0.0511352
0.0656573
0.0434226
0.0490339
0.0538352
0.04682
0.0552643
0.0531532
0.0536162
0.0431678
0.0502117
0.0444425
0.0468299
0.0461108
0.0541103
0.0509234
0.0607598
0.0649018
0.0586604
0.045568
0.0428404
0.0447119
0.041419
0.0601042
0.0442238
0.0486214
0.0581495
0.049814
0.0396642
0.0400981
0.0540494
0.0560099
0.0475809
0.049582
0.0550023
0.0454634
0.0532364
0.041392
0.048445
0.0493131
0.0483778
0.0476911
0.0401315
0.0398276
0.0460138
0.0453588
0.0402231
0.0387294
0.047863
0.0589222
0.0460694
0.0421981
0.0544194
0.0443833
0.0565513
0.0457135
0.0414329
0.0346059
0.0696653
0.0630459
0.0377576
0.0533997
0.0548911
0.0467181
0.0440591
0.0605131
0.0453236
0.0381666
0.0349303
0.0482422
0.0643058
0.0641361
0.0624701
0.0553024
0.04944
0.0481753
0.0539417
0.0470387
0.057675
0.0553256
0.0537785
0.0417261
0.0427575
0.0561384
0.0522303
0.050919
0.0528784
0.0649544
0.0558591
0.0660547
0.0556048
0.0585957
0.0493039
0.0507054
0.0546467
0.0520745
0.0439272
0.0447814
0.0493507
0.0396987
0.0431351
0.0743173
0.0660941
0.0489012
0.0384173
0.0395551
0.0518271
0.0416784
0.0438997
0.0377137
0.0435475
0.0505999
0.03978
0.0504467
0.0428653
0.037459
0.0423406
0.0451248
0.0475531
0.0540982
0.0515274
0.0376688
0.0444698
0.039907
0.0467631
0.0391353
0.0464676
0.0329352
0.0390819
0.0347532
0.0410211
0.0583816
0.058321
0.049757
0.0350984
0.0326538
0.038103
0.0394321
0.0432089
0.0500616
0.0458295
0.0414938
0.0551532
0.066341
0.0554159
0.0521989
0.0457349
0.0515999
0.0524863
0.044365
0.0446318
0.0458186
0.0480652
0.0334169
0.0463339
0.0515562
0.0448255
0.0497678
0.0403121
0.0531982
0.0464996
0.0366721
0.0477676
0.0434167
0.0374972
0.0419939
0.0471953
0.0617549
0.0511385
0.0382596
0.0436253
0.0473757
0.0440065
0.0464592
0.0461006
0.0465385
0.062786
0.0536921
0.0510561
0.0452217
0.0518922
0.0496677
0.0511785
0.0414957
0.0380027
0.0460775
0.0581388
0.0458379
0.0453961
0.0615892
0.0644547
0.0532811
0.0507736
0.0595734
0.0431258
0.0446587
0.0427879
0.0520092
0.0353971
0.0434401
0.0360348
0.0435515
0.0438842
0.0535002
0.0471783
0.0423193
0.033935
0.0486703
0.0360527
0.0446507
0.0397774
0.0436427
0.0585943
0.047013
0.0412133
0.038295
0.0420309
0.0435103
0.0536429
0.0387955
0.039932
0.0545441
0.0574827
0.052161
0.0529721
0.0481163
0.0387131
0.0455419
0.0438811
0.0396196
0.0397823
0.0410207
0.0442148
0.053125
0.0421407
0.0424775
0.0558076
0.0516729
0.0528188
0.0519603
0.0415406
0.0523952
0.0491824
0.0393278
0.0505535
0.0373245
0.0440549
0.0634125
0.0516328
0.0520134
0.0429171
0.0459799
0.061319
0.0566738
0.0436272
0.0418632
0.0508846
0.0535798
0.0455614
0.0514953
0.0417382
0.0466857
0.0447559
0.0375894
0.0365106
0.048178
0.0556167
0.0500428
0.0557281
0.0548437
0.0511433
0.0431241
0.0404262
0.0498012
0.0538866
0.0594399
0.0390648
0.0403659
0.0361019
0.0441136
0.0510899
0.0535127
0.0535077
0.0569311
0.0428323
0.0461003
0.040389
0.0506803
0.0473572
0.0530039
0.0422692
0.0450021
0.0456191
0.0401216
0.0480778
0.045354
0.0439738
0.0463646
0.0573514
0.0491799
0.0441241
0.0660167
0.0581724
0.044129
0.0439855
0.0506336
0.0440746
0.0500567
0.0529598
0.0504025
0.0459312
0.0447621
0.0512834
0.0406046
0.0435926
0.0629728
0.0467844
0.0455651
0.0509874
0.0442926
0.0369478
0.0390266
0.0390012
0.0513606
0.0540929
0.045756
0.0358283
0.0373944
0.0389072
0.0305023
0.0346824
0.0511055
0.0696877
0.0619372
0.0523612
0.0521104
0.0471171
0.0443583
0.0407631
0.0528366
0.0508522
0.0601045
0.0631296
0.047692
0.0375104
0.0440194
0.044934
0.0408275
0.0453917
0.0408644
0.0405909
0.0322795
0.0512469
0.0405624
0.0485193
0.0392052
0.0356121
0.0331262
0.0544534
0.0557641
0.0683262
0.0457248
0.0521752
0.0482536
0.0467917
0.0403845
0.0495325
0.0520897
0.0481231
0.0468205
0.0547346
0.0609611
0.0492142
0.0448311
0.0512206
0.0833013
0.0552553
0.0473863
0.045366
0.0464113
0.0453338
0.0452248
0.0652744
0.0568543
0.0531779
0.0657981
0.0585624
0.0708279
0.05695
0.0387399
0.0349243
0.0463803
0.0420915
0.0359928
0.0340566
0.0345335
0.0488029
0.0423128
0.0609439
0.0537824
0.05689
0.0501821
0.042878
0.0484228
0.0507484
0.0629635
0.063707
0.0702962
0.0522261
0.0370491
0.042367
0.0478108
0.0559164
0.0480694
0.0474068
0.0460354
0.044276
0.0515123
0.0522008
0.037446
0.0380317
0.0547065
0.0405801
0.0602854
0.0421519
0.0501404
0.0486213
0.0401281
0.0490666
0.0599919
0.0587338
0.0534889
0.0622137
0.0441313
0.0464824
0.0394242
0.0424504
0.0536202
0.0411256
0.048274
0.0497522
0.0384961
0.0440896
0.0400721
0.0468014
0.0532362
0.0431953
0.0472333
0.0379352
0.0471751
0.0549542
0.0552659
0.0564517
0.048046
0.0492576
0.0451167
0.044919
0.0638897
0.0484359
0.043153
0.0462096
0.0578181
0.0523937
0.0474573
0.03679
0.0461898
0.0399233
0.035509
0.0434017
0.0567113
0.0387426
0.0493607
0.0445048
0.0471831
0.055729
0.0729312
0.0400204
0.0459549
0.0412632
0.0525627
0.0446277
0.0445153
0.0481267
0.0462383
0.0595729
0.0525193
0.0555096
0.0537031
0.0641328
0.0572578
0.0490373
0.0468367
0.0565159
0.0578431
0.0500342
0.0492109
0.049198
0.0498792
0.0440911
0.0448411
0.042671
0.0566076
0.0404656
0.0411736
0.0533549
0.0529286
0.0493111
0.0491087
0.0497213
0.0416544
0.0430294
0.0435845
0.0498842
0.0373309
0.0594316
0.0557552
0.0463034
0.0457535
0.0460178
0.0417656
0.0452366
0.0410329
0.0539453
0.0585921
0.0616332
0.055394
0.0475722
0.0639322
0.0586069
0.0645518
0.0579191
0.0493783
0.0627487
0.049328
0.0479652
0.0507171
0.0404105
0.041415
0.0399246
0.0363193
0.0365485
0.0465377
0.0501038
0.0475286
0.0533886
0.0483855
0.04012
0.039912
0.0407017
0.0404858
0.045883
0.0492243
0.0465432
0.053241
0.0474688
0.0424884
0.0543889
0.0424349
0.0521924
0.0465512
0.0427633
0.0457472
0.0595463
0.0573819
0.0571303
0.0447251
0.0516347
0.0461954
0.0612777
0.0353335
0.044479
0.0570526
0.0520115
0.0396151
0.0416195
0.0464622
0.0420771
0.0550077
0.0456013
0.046722
0.0503942
0.0629324
0.0416269
0.0528054
0.055565
0.048272
0.0703836
0.0431675
0.0534058
0.0456019
0.0475289
0.050078
0.0437018
0.0451485
0.0418814
0.0484862
0.0462079
0.0413748
0.0452872
0.042261
0.0391331
0.0443584
0.0521085
0.0393792
0.0442944
0.0585019
0.0480062
0.048717
0.0464073
0.0427326
0.0488818
0.0574796
0.0615583
0.0515213
0.0445442
0.0445724
0.0459203
0.061088
0.0798839
0.0460751
0.0479402
0.061178
0.0495557
0.0429257
0.0493139
0.0625843
0.0610741
0.0503983
0.0434977
0.0484647
0.0524788
0.0533278
0.0417459
0.0410993
0.0393907
0.040498
0.0436691
0.0455667
0.0629743
0.0627359
0.0418341
0.054616
0.0404391
0.0518529
0.047196
0.0588415
0.046528
0.0399283
0.0400652
0.0529979
0.0589696
0.05929
0.0515137
0.0519807
0.0463968
0.0366139
0.0545239
0.0522085
0.038594
0.0633258
0.0474571
0.0457159
0.0690829
0.0541484
0.0537246
0.0530947
0.068129
0.0412453
0.046523
0.0547
0.0459421
0.0481732
0.06008
0.0380281
0.0451622
0.0446106
0.0536084
0.0437401
0.0477379
0.0498829
0.0376772
0.0405299
0.0574081
0.0364496
0.0324754
0.0397888
0.0568676
0.0721063
0.0738806
0.0579075
0.0560676
0.0564003
0.0569363
0.0572254
0.0474896
0.0453186
0.0400787
0.0638501
0.0560216
0.0516002
0.0378169
0.0510287
0.0572785
0.0384791
0.0530767
0.0605143
0.046598
0.0590027
0.0539181
0.0592949
0.0555635
0.0454238
0.0548776
0.0544992
0.0626721
0.0605542
0.0507124
0.0513353
0.0423888
0.0458188
0.0494316
0.0452559
0.0668687
0.0621986
0.0538703
0.0480464
0.0568859
0.0485673
0.0600759
0.0456036
0.0417985
0.0518599
0.0371009
0.053712
0.0449909
0.0449746
0.0400651
0.0498557
0.0471359
0.0677826
0.0571303
0.0456804
0.0505997
0.044468
0.0446349
0.0517472
0.0449304
0.0569222
0.0541318
0.0521325
0.0443478
0.0533348
0.0465204
0.0364536
0.0461487
0.0393068
0.0497524
0.050133
0.0369701
0.0619097
0.0775473
0.0483053
0.0404348
0.0437888
0.0472768
0.0387467
0.0452905
0.0592099
0.068299
0.0480348
0.0604199
0.0587681
0.0532211
0.0520644
0.053906
0.0639866
0.0545965
0.0521235
0.0615558
0.0526505
0.0464882
0.0396326
0.0506671
0.0428566
0.0776207
0.0547585
0.0530585
0.0583728
0.0536154
0.0527703
0.0573333
0.0645451
0.0446584
0.0430297
0.0449932
0.0608229
0.046293
0.0544455
0.0523915
0.0552556
0.0403757
0.0636972
0.0598495
0.0604949
0.0455952
0.0455443
0.0489067
0.0504385
0.0521526
0.0500061
0.0557008
0.0623047
0.0475933
0.043157
0.05122
0.0493768
0.0497227
0.0457379
0.0421137
0.0492533
0.0638189
0.0529167
0.0492372
0.0547501
0.0456224
0.0490818
0.0557777
0.0445405
0.0393513
0.0513829
0.0506829
0.0486404
0.0542174
0.0399317
0.0412325
0.0465105
0.050913
0.0444656
0.0414607
0.0560907
0.0535361
0.0608527
0.0585306
0.041393
0.0552303
0.0448605
0.0468658
0.0646418
0.0583669
0.0582749
0.0603496
0.0538592
0.0553435
0.0503055
0.0533342
0.0441959
0.0412033
0.0443053
0.0479092
0.0539639
0.0476222
0.054515
0.0543378
0.0668573
0.0456727
0.0377895
0.0496865
0.0521352
0.0629869
0.0498061
0.0607677
0.0479017
0.0590035
0.0632192
0.04664
0.0527718
0.0434036
0.053908
0.0504564
0.0472382
0.0435616
0.0538084
0.0518519
0.0498711
0.0625697
0.0512123
0.0479382
0.0470505
0.0425096
0.0491896
0.0416841
0.0514558
0.0521239
0.0380772
0.0393249
0.0571978
0.0555146
0.0547907
0.0681806
0.0514561
0.0634499
0.055221
0.0631041
0.0476593
0.0542985
0.0450138
0.0528948
0.0486683
0.0464383
0.0521338
0.0449312
0.0408714
0.0405276
0.054545
0.0687101
0.0653176
0.0653245
0.0448399
0.0399953
0.0345579
0.0368549
0.0468915
0.0487392
0.0416338
0.0421112
0.0414325
0.0487831
0.0594236
0.0428426
0.039972
0.0505748
0.0435309
0.0416344
0.0466072
0.0458375
0.0605058
0.0349015
0.0360032
0.0480229
0.050815
0.0516885
0.0375113
0.0524847
0.042909
0.0531719
0.0478034
0.0519262
0.0585902
0.0465816
0.0376548
0.0419261
0.0460405
0.053869
0.0601165
0.0560274
0.0493548
0.0483614
0.0456246
0.0396877
0.0367536
0.0413384
0.0507056
0.0613971
0.0544104
0.0435569
0.0467753
0.0485392
0.0491246
0.0650948
0.0519549
0.0533195
0.0430531
0.0383607
0.0449822
0.0420807
0.0456981
0.0442975
0.0463385
0.0444851
0.0394787
0.0415385
0.0393001
0.0409046
0.0391885
0.0423582
0.0458693
0.0501838
0.0404246
0.0414988
0.0418444
0.0447447
0.0457542
0.0484382
0.0593268
0.0455544
0.0547252
0.0477462
0.0513437
0.0417122
0.0521884
0.0425157
0.0432638
0.0405789
0.0518832
0.0631865
0.0615544
0.0480308
0.0501725
0.0454321
0.0704048
0.0587516
0.0421391
0.0536303
0.058091
0.057686
0.0603297
0.0474616
0.0466694
0.0411745
0.0477759
0.0428668
0.0566377
0.0481279
0.0380747
0.0480498
0.0551204
0.0396219
0.055186
0.0430118
0.0533028
0.0510592
0.0510902
0.0434729
0.0461401
0.0388373
0.0391328
0.0345072
0.0523239
0.0430633
0.043118
0.0444397
0.0402232
0.0384654
0.0399012
0.0413979
0.0543806
0.0550779
0.0713149
0.0611395
0.0461464
0.0438765
0.0466979
0.0589206
0.0459483
0.0440174
0.0483145
0.047326
0.0461399
0.0437913
0.041082
0.0377347
0.0512855
0.0595259
0.0488847
0.0447916
0.0498027
0.0498525
0.0490739
0.0555331
0.0647078
0.0533775
0.0536262
0.0681915
0.0660808
0.0410622
0.0459479
0.0415708
0.031967
0.0473306
0.038555
0.0527657
0.0446329
0.0358024
0.0578613
0.0538935
0.0512993
0.0415442
0.0431122
0.0504617
0.042573
0.0447644
0.0603422
0.0476104
0.0504705
0.0443452
0.0478397
0.0473636
0.0415806
0.0472298
0.034941
0.039269
0.054299
0.0539362
0.0444165
0.0433713
0.0474923
0.0501587
0.0483748
0.0487363
0.0574756
0.0428624
0.0429182
0.0528767
0.0511929
0.0701372
0.0393452
0.04766
0.0395502
0.0452628
0.0502336
0.0405014
0.0481051
0.0327351
0.0347058
0.0391667
0.0416195
0.0401393
0.0463234
0.0610071
0.0448187
0.0493572
0.0534611
0.0600316
0.0497552
0.0424358
0.0600713
0.0473894
0.046484
0.0455594
0.0528181
0.0465498
0.0538865
0.0368817
0.0508894
0.039972
0.0373973
0.042013
0.0529336
0.0398831
0.0396389
0.042398
0.053746
0.0588333
0.0438813
0.048104
0.053339
0.0505574
0.0457766
0.0466999
0.0433752
0.0375322
0.0583393
0.0385799
0.0441828
0.0452468
0.0471223
0.0419888
0.0554959
0.0491125
0.0553269
0.0472303
0.0546021
0.0447379
0.0395968
0.0426383
0.0396555
0.0550802
0.0641765
0.0614884
0.0439017
0.0490972
0.0376479
0.037159
0.0416708
0.0402377
0.04073
0.0386987
0.0442119
0.0578719
0.0494591
0.0596203
0.0589466
0.0553899
0.0428587
0.0492946
0.059621
0.0417625
0.0455861
0.0399778
0.046512
0.0462584
0.0453807
0.0371319
0.040908
0.0413562
0.0464904
0.0517126
0.0457251
0.0472864
0.0388177
0.0449499
0.0412891
0.0584975
0.0418611
0.0439043
0.0510733
0.0527192
0.0593213
0.042293
0.0471747
0.0536689
0.0546538
0.045937
0.059464
0.0530201
0.0483332
0.0454772
0.0486205
0.0403191
0.045131
0.0484677
0.046241
0.0374614
0.0376529
0.0512078
0.0427259
0.043666
0.0508341
0.0492434
0.0551419
0.0431334
0.0444652
0.0499277
0.0430875
0.060078
0.0565242
0.0556285
0.0546485
0.0785965
0.0578057
0.0496418
0.0490095
0.0549666
0.0514255
0.0488761
0.0528863
0.0537537
0.0757361
0.0659575
0.0556385
0.0507174
0.040529
0.0499816
0.0444398
0.0572953
0.0344097
0.05192
0.0552718
0.0565304
0.0514329
0.041207
0.0507117
0.0567548
0.0461342
0.0500334
0.0557333
0.0469698
0.0541688
0.0425465
0.0439682
0.0336673
0.0392766
0.0438013
0.0460496
0.0449842
0.0425692
0.0485559
0.0499986
0.0474588
0.0482489
0.0433433
0.0479627
0.0613193
0.0475663
0.0474385
0.0397871
0.0495102
0.0468403
0.0509571
0.0480172
0.0542091
0.0433479
0.0407573
0.0402596
0.0565686
0.0474998
0.0566223
0.0554176
0.0499791
0.0485691
0.0401937
0.057387
0.0398873
0.0521387
0.0412324
0.0468602
0.0468304
0.0517943
0.0622509
0.0462096
0.0660623
0.0516445
0.0578471
0.0519006
0.0484864
0.0580375
0.0460896
0.0501886
0.0606203
0.0581579
0.0487496
0.0451067
0.0540643
0.0415725
0.059379
0.0753155
0.0407161
0.0470126
0.0378818
0.0462642
0.0515497
0.0630415
0.0561787
0.0490972
0.0581891
0.0635743
0.0511004
0.0445851
0.0461562
0.0577033
0.0676654
0.0456378
0.0400741
0.0594954
0.0447807
0.0494326
0.0483186
0.0509357
0.0489467
0.0576897
0.0586363
0.062029
0.0494392
0.0597225
0.0517561
0.0523659
0.0470252
0.0545611
0.0479424
0.0592783
0.0547415
0.0632127
0.0660297
0.0593586
0.0425124
0.0501404
0.0470587
0.0462469
0.0485995
0.0400558
0.0382233
0.0508793
0.0407054
0.0391149
0.0379793
0.0400825
0.0407406
0.0461285
0.0588517
0.0554118
0.0509882
0.0401923
0.0469916
0.0425505
0.0395508
0.0376602
0.0432875
0.0450874
0.0416027
0.0534558
0.0410793
0.0468077
0.0392513
0.058498
0.045257
0.0448872
0.0430538
0.0453218
0.0452892
0.0459288
0.0373992
0.0481117
0.0446602
0.0540631
0.051227
0.053023
0.0530461
0.0582722
0.0511897
0.0430925
0.0527538
0.045198
0.0509947
0.0402396
0.0647222
0.0512517
0.0606786
0.0486392
0.0651607
0.0544812
0.0564008
0.0481188
0.0395363
0.0378068
0.0413023
0.0589174
0.0473981
0.0386167
0.0327711
0.042135
0.0571754
0.0678498
0.067878
0.0441137
0.0414678
0.0447642
0.0470435
0.0535771
0.0505665
0.046818
0.0403885
0.0402719
0.0458209
0.054206
0.0592041
0.0434962
0.061305
0.04688
0.0615013
0.0576068
0.0510334
0.0548119
0.0771604
0.0508296
0.0579635
0.0527679
0.0528909
0.0572246
0.0498022
0.0447718
0.0412944
0.041254
0.0626426
0.056916
0.0383639
0.0401604
0.0455643
0.0419223
0.0415906
0.0589243
0.0647367
0.0504714
0.0647506
0.0617281
0.0614239
0.0565058
0.0495035
0.0550446
0.0391951
0.036611
0.0454178
0.0480394
0.0476153
0.0596643
0.0530872
0.043054
0.046367
0.049003
0.0364304
0.0360849
0.0499883
0.041566
0.0540835
0.0517303
0.0500475
0.0472722
0.0385459
0.0406675
0.0533449
0.0470635
0.0441068
0.0428946
0.0566739
0.0441711
0.0573713
0.0459812
0.054614
0.0663686
0.0502964
0.0491677
0.0473673
0.0452722
0.0426816
0.0374641
0.0436158
0.0560822
0.048705
0.0660049
0.0473891
0.0357865
0.052167
0.0447678
0.0527176
0.0402979
0.0494983
0.0495823
0.0543955
0.0573078
0.0491188
0.0467248
0.0467735
0.0472358
0.0467157
0.056573
0.0500507
0.0503571
0.0381369
0.0399963
0.0518261
0.0479404
0.0471538
0.0643049
0.0565578
0.0480804
0.0512875
0.0430728
0.0504973
0.0485786
0.0585201
0.0510971
0.058527
0.0505407
0.0531305
0.0459543
0.0644683
0.0591838
0.0395039
0.0395171
0.0402387
0.0563494
0.0420477
0.0496435
0.043302
0.0442449
0.051553
0.0465042
0.0448519
0.0397775
0.0425786
0.0517219
0.0767906
0.0555527
0.0472525
0.0459075
0.054456
0.05995
0.046815
0.0419068
0.0355808
0.0503182
0.0562152
0.0758669
0.0623716
0.0390133
0.0501557
0.040447
0.0448684
0.0396031
0.0523639
0.0605971
0.0486198
0.0500775
0.0433841
0.0566811
0.0568034
0.0568019
0.0417196
0.0563367
0.0540165
0.0427831
0.0449264
0.0506868
0.0420081
0.0410373
0.0445899
0.0429445
0.0538393
0.0493374
0.0438021
0.0416036
0.0381469
0.0467448
0.0480946
0.059325
0.0662515
0.0619018
0.0488572
0.0558226
0.0524741
0.0447174
0.0445857
0.036551
0.0481653
0.0434542
0.0411455
0.0484899
0.0431664
0.0403104
0.0520342
0.0371218
0.0448317
0.0502261
0.0500444
0.0438036
0.0543677
0.0419934
0.0515359
0.0528103
0.0452978
0.0454057
0.048152
0.0499847
0.0365712
0.0469684
0.0535715
0.0525196
0.056839
0.0600377
0.05215
0.0581986
0.0419435
0.0570395
0.0563558
0.0397824
0.0467045
0.0558199
0.0470756
0.0453512
0.0471373
0.0457609
0.0445602
0.0371489
0.0445151
0.0506146
0.0444173
0.0342082
0.043822
0.0505461
0.052084
0.0567728
0.0389156
0.0415205
0.0405536
0.0607092
0.0552504
0.0634525
0.0421383
0.050093
0.0444793
0.0610209
0.0528233
0.0523037
0.0638749
0.0540389
0.0510505
0.0554196
0.0511258
0.0422747
0.0487572
0.0495952
0.0497765
0.0542234
0.0641991
0.0442832
0.0482152
0.0439459
0.0439169
0.0450462
0.054993
0.0691068
0.0691401
0.0438934
0.0471772
0.0517237
0.053153
0.0470161
0.0478274
0.053812
0.0481911
0.0557076
0.0502443
0.0496526
0.0490236
0.0452238
0.0483077
0.0465726
0.0459528
0.0551473
0.0450042
0.0459943
0.0524162
0.0562341
0.0376352
0.0482254
0.0555456
0.0356213
0.0610886
0.0549009
0.0540253
0.0544112
0.0465478
0.044694
0.0458535
0.0437448
0.0421241
0.047161
0.0541114
0.0406312
0.0411953
0.0351313
0.0432988
0.0430827
0.0551581
0.0485838
0.050064
0.0500224
0.0405277
0.0504239
0.0482525
0.051113
0.0742951
0.056673
0.062741
0.0543496
0.0531817
0.0499655
0.0533704
0.046899
0.0416432
0.0448663
0.0499572
0.0374337
0.0612928
0.045612
0.0444875
0.0490662
0.0485307
0.0459842
0.0452321
0.0422983
0.0488087
0.0438268
0.0466794
0.0558059
0.0465179
0.0405548
0.0502602
0.0512276
0.0503081
0.0548956
0.0519032
0.0500812
0.0502751
0.0623404
0.0548393
0.0544258
0.0434888
0.0550227
0.0481449
0.0529668
0.0434437
0.0541439
0.0491568
0.0584693
0.0528032
0.0566089
0.0499256
0.0558821
0.0622452
0.0517157
0.0521216
0.0345615
0.0575973
0.0484342
0.0447715
0.0517925
0.0518199
0.0533354
0.0531924
0.0509166
0.0548809
0.0454149
0.0590206
0.0493028
0.0396779
0.0381462
0.0374112
0.0627204
0.0579459
0.054245
0.0467745
0.0448313
0.0564736
0.045695
0.0627688
0.05895
0.050285
0.0367591
0.0371588
0.0493311
0.0400423
0.0364955
0.0433175
0.0385963
0.0491504
0.0367945
0.0384591
0.0397173
0.0452499
0.0416669
0.041897
0.0372815
0.0424996
0.0532375
0.0569592
0.0468663
0.0399697
0.0463996
0.0446375
0.0486116
0.0597749
0.0657174
0.0491413
0.0586917
0.0515413
0.0399704
0.0419945
0.0511791
0.0409542
0.0541678
0.0436822
0.0492047
0.0470454
0.0448882
0.0349346
0.0411247
0.0312059
0.0367027
0.0472171
0.0424912
0.0471747
0.0530206
0.0449865
0.0390033
0.0519274
0.0490942
0.040696
0.0490669
0.0529102
0.0447774
0.0473144
0.0439024
0.0415153
0.0633412
0.0608896
0.0445993
0.0442066
0.0456449
0.0358194
0.0444493
0.0488757
0.0459327
0.0451792
0.0501171
0.0631645
0.0562837
0.0493917
0.0527413
0.0403775
0.0522638
0.0399458
0.0481424
0.0447232
0.0395426
0.0349481
0.0437764
0.0424416
0.0580092
0.0703724
0.0558151
0.0459186
0.0513673
0.0406384
0.0647095
0.0527574
0.0517437
0.0446525
0.0416568
0.041503
0.042696
0.0483931
0.0463968
0.0513073
0.0485886
0.0491218
0.0401963
0.0548058
0.0681111
0.047372
0.0461213
0.0470772
0.0380943
0.0535236
0.0455893
0.0424269
0.0406217
0.0387434
0.0498312
0.0466837
0.0568736
0.0500285
0.054755
0.0419442
0.0408187
0.0481751
0.0478603
0.0479081
0.0548409
0.0556662
0.0554885
0.0484387
0.0450893
0.0473117
0.0624437
0.055992
0.0537142
0.04623
0.0574048
0.0429517
0.0550995
0.049223
0.0470101
0.0576477
0.0454146
0.0482874
0.0384833
0.0381434
0.0389219
0.042204
0.0509701
0.0449382
0.0578496
0.0533694
0.0496894
0.0530419
0.0426272
0.0461586
0.0437392
0.0410132
0.0368474
0.046235
0.0485314
0.0571879
0.0607292
0.0463703
0.0485656
0.0639381
0.0528272
0.0429576
0.044666
0.0427345
0.0368864
0.0634721
0.0493642
0.051715
0.0503588
0.0576382
0.0434308
0.0444573
0.0402385
0.049085
0.0486956
0.0586558
0.0529603
0.0493183
0.0418102
0.0413821
0.0375645
0.0421624
0.0456676
0.0606324
0.0567412
0.0625086
0.0517994
0.0654913
0.0726771
0.0539431
0.0558242
0.0554926
0.0499671
0.057488
0.0523013
0.0420831
0.0392207
0.0415273
0.0439061
0.0481061
0.0433682
0.0532022
0.0552564
0.0700462
0.0527998
0.0563133
0.0463929
0.0556587
0.0517767
0.046476
0.043638
0.0550988
0.0523448
0.054382
0.0519812
0.0566557
0.0421526
0.0385044
0.038712
0.0390564
0.0363627
0.0407458
0.0415332
0.038156
0.04368
0.0461492
0.0489847
0.0499165
0.0559485
0.0545094
0.0633981
0.0421132
0.0450262
0.0505638
0.0631104
0.0481402
0.0536993
0.057962
0.0527359
0.0443162
0.0466913
0.0415293
0.036228
0.0442395
0.0418936
0.0391716
0.0572282
0.048152
0.047521
0.0460632
0.0417353
0.0404379
0.056024
0.0431562
0.0517212
0.0363629
0.033985
0.0355136
0.0531087
0.0737802
0.0502349
0.0436221
0.0422933
0.0478829
0.049039
0.0382272
0.0383527
0.0461478
0.0602919
0.0593455
0.0501586
0.0438189
0.0680427
0.0495595
0.0548914
0.0478846
0.0512618
0.0549628
0.0477551
0.040964
0.0424102
0.0452294
0.0422642
0.0439049
0.0424161
0.0593315
0.0463195
0.0562703
0.0458379
0.0457565
0.0512606
0.0449692
0.0392772
0.0581193
0.0525647
0.0567161
0.0602751
0.0552604
0.0591338
0.0534516
0.0570582
0.0571668
0.0761304
0.0586248
0.0446499
0.0518052
0.0563345
0.0497466
0.0524929
0.0478115
0.0476803
0.0503292
0.04273
0.0479881
0.0548652
0.039975
0.0456895
0.0489528
0.035373
0.0373681
0.0492109
0.0478886
0.0509236
0.0609413
0.0637638
0.0430624
0.0528297
0.0557017
0.0539861
0.0508309
0.040984
0.049594
0.0622512
0.0534547
0.0554684
0.053356
0.0610051
0.0542179
0.0479754
0.0408037
0.0463817
0.0475319
0.0623351
0.0586845
0.0702897
0.0651386
0.0447524
0.0460058
0.0500263
0.0448076
0.0436664
0.0531311
0.0524758
0.0658765
0.0466241
0.0537331
0.0566291
0.0565432
0.0328978
0.0438765
0.04421
0.0617153
0.0558229
0.0402853
0.0411269
0.0524299
0.0600898
0.0540393
0.0585363
0.0475155
0.0458775
0.0454202
0.0398693
0.047712
0.0338355
0.0359574
0.0344772
0.0333313
0.0407559
0.0514171
0.0474797
0.0557727
0.0607297
0.0439956
0.0385252
0.0475939
0.0450113
0.0421479
0.0412643
0.0487785
0.04306
0.055194
0.053088
0.0470711
0.0458703
0.0456984
0.0666704
0.0638201
0.0577332
0.0438687
0.0411578
0.0442851
0.0618064
0.0484374
0.0470824
0.0518037
0.0476601
0.0561187
0.0606717
0.0531101
0.0609993
0.0489906
0.0450925
0.0407189
0.03911
0.0421084
0.0466296
0.0492825
0.0496254
0.039958
0.0436113
0.0377197
0.0539647
0.0566988
0.0567798
0.0659517
0.0442804
0.0453952
0.0450685
0.0514393
0.0396105
0.0536628
0.0448868
0.0508014
0.0485767
0.0562694
0.0543734
0.0535798
0.0651101
0.0637499
0.064021
0.0641114
0.0549966
0.0451165
0.0438988
0.0461693
