-1.02 50
-1.02 50
-1.02 50
-1.02 50
-1.02 50
-1.02 50
-1.02 50
-1.02 50
-1.02 50
-1.02 50
-1.02 50
-1.02 50
-1.02 50
-1.02 50
-1.02 50
-1.02 50
-1.02 50
-1.02 50
-1.02 50
-1.02 50
-1.02 50
-1.02 50
-1.02 50
-1.02 50
-1.02 50
-1.02 50
-1.02 50
-1.02 50
-1.02 50
-1.02 50
-1.02 50
-1.02 50
-1.02 50
-1.02 50
-1.02 50
-1.02 50
-1.02 50
-1.02 50
-1.02 50
-1.02 50
-1.02 50
-1.02 50
-1.02 50
-1.02 50
-1.02 50
-1.02 50
-0.9392 48
-0.9384 46
-0.9384 46
-0.9376 44
-0.936 40
-0.936 40
-0.936 40
-0.9376 44
-0.9368 42
-0.9376 44
-0.9392 48
-1.02 50
-1.02 50
-1.02 50
-1.02 50
-1.02 50
-1.02 50
-1.02 50
-1.02 50
-1.02 50
-1.02 50
-0.9392 48
-1.02 50
-1.02 50
-1.02 50
-1.02 50
-1.02 50
-1.02 50
-1.02 50
-1.02 50
-1.02 50
-1.02 50
-1.02 50
-1.02 50
-0.9392 48
-0.9368 42
-0.9352 38
-0.9352 38
-0.9352 38
-0.936 40
-0.936 40
-0.9368 42
-0.9336 34
-0.9328 32
-0.9336 34
-0.932 30
-0.9328 32
-0.9344 36
-0.9352 38
-0.8536 34
-0.8536 34
-0.8536 34
-0.856 40
-0.8576 44
-0.9384 46
-0.9368 42
-0.9384 46
-0.9392 48
-1.02 50
-1.02 50
-1.02 50
-1.02 50
-1.02 50
-1.02 50
-1.02 50
-1.02 50
-1.02 50
-1.02 50
-1.02 50
-1.02 50
-1.02 50
-1.02 50
-1.02 50
-1.02 50
-1.02 50
-1.02 50
-1.02 50
-1.02 50
-1.02 50
-1.02 50
-1.02 50
-1.02 50
-1.02 50
-1.02 50
-0.9392 48
-0.9392 48
-1.02 50
-1.02 50
-1.02 50
-1.02 50
-1.02 50
-1.02 50
-1.02 50
-1.02 50
-1.02 50
-1.02 50
-1.02 50
-1.02 50
-1.02 50
-1.02 50
-1.02 50
-1.02 50
-1.02 50
-1.02 50
-1.02 50
-1.02 50
-1.02 50
-1.02 50
-1.02 50
-1.02 50
-1.02 50
-1.02 50
-1.02 50
-0.9384 46
-1.02 50
-1.02 50
-1.02 50
-1.02 50
-1.02 50
-1.02 50
-1.02 50
-1.02 50
-1.02 50
-1.02 50
-1.02 50
-1.02 50
-1.02 50
-1.02 50
-1.02 50
-1.02 50
-1.02 50
-1.02 50
-1.02 50
-1.02 50
-1.02 50
-1.02 50
-1.02 50
-1.02 50
-1.02 50
-1.02 50
-1.02 50
-1.02 50
-1.02 50
-1.02 50
-1.02 50
-1.02 50
-1.02 50
-1.02 50
-1.02 50
-1.02 50
-1.02 50
-1.02 50
-1.02 50
-1.02 50
-1.02 50
-1.02 50
-1.02 50
-1.02 50
-1.02 50
-1.02 50
-1.02 50
-1.02 50
-1.02 50
-1.02 50
-1.02 50
-1.02 50
-1.02 50
-1.02 50
-1.02 50
-1.02 50
-1.02 50
-1.02 50
-1.02 50
-1.02 50
-1.02 50
-1.02 50
-1.02 50
-1.02 50
-1.02 50
-1.02 50
-1.02 50
-1.02 50
-1.02 50
-1.02 50
-1.02 50
-1.02 50
-1.02 50
-1.02 50
-1.02 50
-1.02 50
-1.02 50
-1.02 50
-1.02 50
-1.02 50
-1.02 50
-1.02 50
-1.02 50
-1.02 50
-1.02 50
-1.02 50
-1.02 50
-1.02 50
-1.02 50
-1.02 50
-1.02 50
-1.02 50
-1.02 50
-1.02 50
-1.02 50
-1.02 50
-1.02 50
-1.02 50
-1.02 50
-1.02 50
-1.02 50
-1.02 50
-1.02 50
-1.02 50
-1.02 50
-1.02 50
-1.02 50
-1.02 50
-1.02 50
-1.02 50
-1.02 50
-1.02 50
-1.02 50
-1.02 50
-1.02 50
-1.02 50
-1.02 50
-1.02 50
-1.02 50
-1.02 50
-1.02 50
-1.02 50
-1.02 50
-1.02 50
-1.02 50
-1.02 50
-1.02 50
-1.02 50
-1.02 50
-1.02 50
-1.02 50
-1.02 50
-1.02 50
-1.02 50
-0.9376 44
-0.9368 42
-0.9376 44
-0.9352 38
-0.9384 46
-0.9384 46
-1.02 50
-1.02 50
-1.02 50
-1.02 50
-1.02 50
-1.02 50
-1.02 50
-1.02 50
-0.9392 48
-1.02 50
-1.02 50
-1.02 50
-1.02 50
-0.9392 48
-1.02 50
-1.02 50
-1.02 50
-1.02 50
-1.02 50
-1.02 50
-1.02 50
-1.02 50
-1.02 50
-1.02 50
-1.02 50
-1.02 50
-1.02 50
-1.02 50
-1.02 50
-1.02 50
-1.02 50
-1.02 50
-1.02 50
-1.02 50
-1.02 50
-1.02 50
-0.9392 48
-0.9384 46
-1.02 50
-1.02 50
-1.02 50
-1.02 50
-1.02 50
-1.02 50
-1.02 50
-1.02 50
-1.02 50
-1.02 50
-1.02 50
-1.02 50
-1.02 50
-1.02 50
-1.02 50
-1.02 50
-1.02 50
-1.02 50
-1.02 50
-1.02 50
-1.02 50
-1.02 50
-1.02 50
-1.02 50
-1.02 50
-1.02 50
-1.02 50
-1.02 50
-1.02 50
-1.02 50
-1.02 50
-1.02 50
-1.02 50
-1.02 50
-1.02 50
-1.02 50
-1.02 50
-1.02 50
-1.02 50
-1.02 50
-1.02 50
-1.02 50
-1.02 50
-1.02 50
-1.02 50
-1.02 50
-1.02 50
-1.02 50
-1.02 50
-1.02 50
-1.02 50
-1.02 50
-1.02 50
-1.02 50
-1.02 50
-1.02 50
-1.02 50
-1.02 50
-1.02 50
-1.02 50
-1.02 50
-1.02 50
-1.02 50
-1.02 50
-1.02 50
-1.02 50
-1.02 50
-1.02 50
-1.02 50
-1.02 50
-1.02 50
-1.02 50
-1.02 50
-1.02 50
-1.02 50
-1.02 50
-1.02 50
-1.02 50
-1.02 50
-1.02 50
-1.02 50
-1.02 50
-1.02 50
-1.02 50
-1.02 50
-1.02 50
-1.02 50
-1.02 50
-1.02 50
-1.02 50
-1.02 50
-1.02 50
-1.02 50
-1.02 50
-1.02 50
-1.02 50
-1.02 50
-1.02 50
-1.02 50
-1.02 50
-1.02 50
-1.02 50
-1.02 50
-1.02 50
-1.02 50
-1.02 50
-1.02 50
-1.02 50
-1.02 50
-1.02 50
-1.02 50
-1.02 50
-1.02 50
-1.02 50
-1.02 50
-1.02 50
-1.02 50
-1.02 50
-1.02 50
-1.02 50
-1.02 50
-1.02 50
-1.02 50
-1.02 50
-1.02 50
-1.02 50
-1.02 50
-1.02 50
-1.02 50
-1.02 50
-1.02 50
-1.02 50
-1.02 50
-1.02 50
-1.02 50
-1.02 50
-1.02 50
-1.02 50
-1.02 50
-1.02 50
-1.02 50
-1.02 50
-1.02 50
-1.02 50
-1.02 50
-1.02 50
-1.02 50
-1.02 50
-1.02 50
-1.02 50
-1.02 50
-1.02 50
-1.02 50
-1.02 50
-1.02 50
-1.02 50
-1.02 50
-1.02 50
-1.02 50
-1.02 50
-1.02 50
-1.02 50
