-4.400570350e-01 0.000000000e+00
-4.437066330e-01 3.649597943e-03
-4.467143997e-01 3.672399214e-03
-4.470760666e-01 2.621843037e-03
-4.473738453e-01 2.052585853e-03
-4.463657764e-01 1.955745893e-03
-4.476669142e-01 2.103582883e-03
-4.473089161e-01 1.856598588e-03
-4.476963232e-01 1.682572969e-03
-4.472550882e-01 1.568288777e-03
-4.480763408e-01 1.639145600e-03
-4.475247643e-01 1.594752412e-03
-4.475529613e-01 1.467229826e-03
-4.483940434e-01 1.597699899e-03
-4.476318896e-01 1.671278189e-03
-4.473483820e-01 1.588836358e-03
-4.478226399e-01 1.565992691e-03
-4.475935979e-01 1.494092320e-03
-4.471444463e-01 1.482925787e-03
-4.472201662e-01 1.408863198e-03
-4.470064808e-01 1.357025905e-03
-4.472941357e-01 1.325463631e-03
-4.471176495e-01 1.278761645e-03
-4.461555183e-01 1.557131466e-03
-4.468967205e-01 1.667353118e-03
-4.472905095e-01 1.649631762e-03
-4.469191538e-01 1.630218808e-03
-4.469377461e-01 1.571028169e-03
-4.464167389e-01 1.602922986e-03
-4.461651960e-01 1.568867466e-03
-4.457241365e-01 1.580215876e-03
-4.454405223e-01 1.556101399e-03
-4.462612088e-01 1.717039109e-03
-4.457130673e-01 1.753641220e-03
-4.458709149e-01 1.710100695e-03
-4.458315886e-01 1.662384376e-03
-4.459953143e-01 1.625099495e-03
-4.461704542e-01 1.591422343e-03
-4.458423623e-01 1.584421393e-03
-4.453523599e-01 1.620177132e-03
