2.392468827e+00
1.610815532e+00
2.086711045e+00
1.315160617e+00
1.881422946e+00
1.677636519e+00
7.421407524e-01
7.421407524e-01
1.225807539e+00
1.115328471e-01
1.601375043e+00
1.601375043e+00
9.174567316e-01
9.174567316e-01
2.908153912e+00
2.067857015e+00
2.757781820e+00
2.757781820e+00
1.093948893e+00
9.449727473e-01
9.449727473e-01
2.678868170e+00
1.860582672e+00
1.860582672e+00
1.860582672e+00
1.860582672e+00
8.841461042e-01
6.971856659e-01
6.971856659e-01
6.971856659e-01
6.971856659e-01
6.971856659e-01
1.161901627e+00
1.161901627e+00
1.426971723e+00
1.909072365e+00
1.909072365e+00
1.909072365e+00
9.866101728e-01
9.866101728e-01
2.656771015e+00
2.589249338e+00
1.020367406e+00
1.020367406e+00
1.360524052e+00
1.360524052e+00
2.056979348e+00
2.636520043e-01
2.636520043e-01
1.657053972e+00
8.694550915e-01
8.694550915e-01
8.694550915e-01
2.888466246e+00
2.393345814e+00
3.218789715e-01
1.506043513e+00
4.641999452e-01
1.191579561e+00
9.394400304e-01
1.454015555e+00
1.454015555e+00
2.224909914e+00
2.224909914e+00
2.224909914e+00
2.224909914e+00
5.439238041e-01
7.394864429e-01
1.774090922e+00
1.774090922e+00
1.774090922e+00
1.774090922e+00
1.681753359e+00
1.681753359e+00
1.681753359e+00
7.419532596e-01
7.419532596e-01
7.419532596e-01
7.419532596e-01
7.419532596e-01
1.191613114e+00
1.191613114e+00
2.698321283e-02
2.698321283e-02
5.125220140e-01
5.125220140e-01
5.125220140e-01
5.125220140e-01
5.125220140e-01
5.572600453e-02
1.043396190e+00
1.671145231e+00
9.607421157e-01
9.607421157e-01
9.607421157e-01
2.660331883e-01
2.660331883e-01
3.133418903e+00
4.883633499e-01
4.883633499e-01
4.883633499e-01
1.399870154e+00
2.126574093e+00
6.149642552e-01
3.825823422e-01
1.194324979e+00
2.325666369e+00
2.500965495e-01
2.500965495e-01
2.015563412e+00
1.898695016e-01
1.898695016e-01
8.761776445e-01
8.761776445e-01
1.480663671e+00
1.188831884e+00
1.838019507e+00
1.395633266e-01
1.395633266e-01
1.995512625e-01
1.995512625e-01
1.741960486e+00
4.217249592e-01
4.217249592e-01
5.649632795e-01
5.649632795e-01
1.589450432e+00
2.235729230e+00
2.235729230e+00
2.235729230e+00
2.235729230e+00
3.057823677e+00
5.362693878e-01
8.584288608e-01
8.584288608e-01
8.584288608e-01
1.468421289e+00
1.468421289e+00
1.118866081e-01
1.118866081e-01
3.913176388e-01
2.330783757e+00
2.330783757e+00
1.211448447e+00
2.324234144e+00
1.342815795e+00
1.793010923e+00
7.885318213e-01
3.477636728e-01
3.477636728e-01
2.462364258e-01
1.196800095e-01
1.196800095e-01
1.300546704e+00
1.300546704e+00
1.911935671e+00
1.000614040e+00
1.926479804e+00
1.926479804e+00
2.813129717e+00
5.479452433e-01
1.314083267e+00
1.314083267e+00
1.314083267e+00
1.314083267e+00
1.314083267e+00
1.314083267e+00
1.314083267e+00
1.314083267e+00
1.314083267e+00
1.886420756e+00
2.115585790e+00
4.364918033e-02
4.364918033e-02
4.364918033e-02
4.364918033e-02
4.364918033e-02
1.695568199e+00
1.161597939e+00
1.161597939e+00
1.161597939e+00
7.862706945e-01
3.269732304e-01
1.339736463e+00
1.188499303e+00
1.188499303e+00
2.507218191e+00
2.507218191e+00
2.507218191e+00
2.507218191e+00
1.507712610e+00
2.041799048e+00
2.041799048e+00
1.519227494e+00
1.519227494e+00
1.519227494e+00
8.410315182e-01
2.862655038e-01
1.952177814e+00
1.572258048e+00
1.572258048e+00
1.572258048e+00
1.689834642e+00
1.227971127e+00
1.493010355e+00
2.323521457e+00
5.672514730e-01
5.672514730e-01
9.842195676e-01
9.842195676e-01
1.305395338e+00
1.305395338e+00
1.305395338e+00
1.305395338e+00
1.305395338e+00
4.013346312e+00
4.013346312e+00
4.013346312e+00
4.832121708e+00
8.515279136e-01
8.515279136e-01
8.515279136e-01
1.031711219e-01
1.597476344e+00
1.597476344e+00
1.670655779e+00
1.670655779e+00
1.670655779e+00
1.562924340e+00
1.562924340e+00
1.977332934e+00
8.953858965e-01
2.124610680e+00
2.383891730e+00
2.383891730e+00
2.661949232e+00
2.661949232e+00
2.451453483e+00
9.087465278e-01
9.087465278e-01
1.477034169e+00
1.477034169e+00
1.477034169e+00
1.477034169e+00
1.477034169e+00
3.749292017e-01
3.749292017e-01
9.264037037e-01
9.264037037e-01
2.956994754e+00
2.956994754e+00
2.956994754e+00
2.956994754e+00
1.144441828e-01
1.683115695e+00
7.669822616e-01
7.669822616e-01
7.669822616e-01
7.669822616e-01
4.380120023e-01
2.251211675e+00
3.451845410e-01
2.199052079e+00
2.199052079e+00
9.170796329e-02
9.170796329e-02
3.493729858e-01
3.493729858e-01
1.551634993e+00
2.354680481e-01
2.354680481e-01
2.354680481e-01
2.354680481e-01
9.207771474e-01
1.735339938e+00
7.451436806e-01
1.700128029e+00
1.700128029e+00
8.456375132e-01
3.330893278e+00
3.330893278e+00
3.330893278e+00
3.444258632e-01
3.444258632e-01
1.737654541e+00
1.928295447e+00
1.928295447e+00
1.159536272e+00
1.159536272e+00
1.159536272e+00
4.365041015e-01
4.365041015e-01
4.365041015e-01
4.365041015e-01
4.365041015e-01
4.365041015e-01
1.409110115e+00
1.409110115e+00
1.606569330e+00
7.116873186e-01
7.116873186e-01
7.116873186e-01
3.934441495e-01
4.673967561e-02
7.305912031e-01
7.305912031e-01
1.437481384e+00
1.437481384e+00
1.756833154e+00
1.756833154e+00
3.072200931e+00
4.720401907e-01
1.322676851e+00
6.907001191e-01
4.644208023e-01
4.644208023e-01
1.369301155e+00
2.569984751e+00
2.569984751e+00
2.252531419e+00
2.296901989e+00
2.249502009e-01
1.608907103e-04
2.043918132e+00
8.009796214e-01
8.009796214e-01
1.741917891e+00
1.741917891e+00
8.636500773e-01
7.382363157e-01
2.641839652e+00
8.150614458e-01
8.150614458e-01
8.150614458e-01
8.150614458e-01
2.808970111e+00
2.808970111e+00
2.808970111e+00
8.028502337e-01
8.028502337e-01
2.364032724e+00
8.867165492e-01
2.743719223e-01
1.367172040e+00
6.144647978e-01
6.144647978e-01
6.144647978e-01
6.144647978e-01
6.547292772e-01
6.547292772e-01
6.547292772e-01
3.671513342e+00
2.749492901e+00
2.851071167e+00
2.851071167e+00
2.851071167e+00
2.851071167e+00
5.133427241e-01
4.404913427e-02
9.848344944e-01
9.848344944e-01
9.848344944e-01
7.848037213e-02
7.848037213e-02
2.042454678e+00
2.436077830e+00
6.114915375e-01
1.542101606e+00
1.542101606e+00
1.542101606e+00
1.218520210e+00
1.218520210e+00
1.664968581e+00
2.650732899e-01
2.650732899e-01
2.650732899e-01
2.650732899e-01
7.429434142e-01
1.501048858e+00
3.832124475e-01
3.832124475e-01
3.832124475e-01
3.832124475e-01
2.177114262e+00
2.177114262e+00
2.177114262e+00
5.625898760e-01
5.625898760e-01
1.351099623e+00
1.130911174e+00
1.130911174e+00
3.219924999e+00
5.282898964e-01
9.217259346e-02
1.749606950e-01
7.812727998e-01
7.812727998e-01
9.173535685e-01
9.173535685e-01
1.858150956e+00
2.290218655e+00
1.874205725e+00
2.294909897e+00
8.732038118e-01
8.732038118e-01
8.732038118e-01
4.573105507e-01
1.884967906e+00
8.843253792e-02
1.655172410e+00
1.272625310e+00
1.781863868e+00
1.781863868e+00
1.541540997e+00
1.541540997e+00
1.323886781e+00
1.531383009e+00
9.163052763e-01
9.163052763e-01
9.163052763e-01
7.001669209e-01
7.732434751e-01
1.557939803e+00
1.049278897e+00
1.049278897e+00
9.788713581e-01
9.788713581e-01
8.025448980e-01
8.025448980e-01
2.905664705e+00
2.905664705e+00
1.683336280e+00
1.683336280e+00
1.131141165e+00
1.131141165e+00
1.163746523e+00
1.163746523e+00
1.163746523e+00
1.163746523e+00
2.968140559e+00
2.025579794e+00
3.308027238e+00
3.308027238e+00
3.308027238e+00
3.308027238e+00
3.308027238e+00
6.968440796e-01
6.968440796e-01
2.627377081e+00
1.198991745e+00
3.043910087e+00
3.043910087e+00
3.043910087e+00
3.043910087e+00
2.998381342e+00
3.238415513e+00
3.238415513e+00
3.238415513e+00
3.238415513e+00
1.174692732e-01
1.095752328e+00
1.095752328e+00
2.778083620e+00
2.778083620e+00
3.906251945e+00
3.906251945e+00
1.768452172e+00
1.768452172e+00
4.303593480e-01
5.562048146e-01
1.004802591e+00
1.044812897e+00
8.287640635e-01
1.123172200e+00
1.123172200e+00
1.123172200e+00
1.123172200e+00
1.123172200e+00
1.123172200e+00
1.863192932e+00
8.912742925e-01
1.866995676e+00
7.226638979e-02
7.226638979e-02
7.226638979e-02
7.226638979e-02
2.735085380e-02
1.396629106e+00
1.396629106e+00
1.197662063e+00
2.671979328e+00
1.813994682e-01
1.321931330e+00
2.638138455e+00
2.638138455e+00
2.621953165e+00
2.621953165e+00
2.621953165e+00
2.621953165e+00
2.621953165e+00
1.255811506e+00
1.430365099e+00
2.320088542e+00
5.068030681e-02
5.068030681e-02
5.068030681e-02
3.339144337e+00
3.339144337e+00
3.423128078e+00
7.339914821e-01
8.519260623e-01
2.296352984e+00
2.296352984e+00
2.296352984e+00
9.836669808e-02
1.014422684e+00
1.798260136e+00
1.921204783e+00
1.921204783e+00
2.696576188e+00
1.890820469e-01
1.026446891e+00
1.026446891e+00
1.955390160e+00
1.955390160e+00
1.955390160e+00
1.955390160e+00
1.809940583e+00
9.968504557e-01
2.558893557e+00
9.975475798e-01
9.382591713e-01
2.208142388e+00
2.208142388e+00
5.836840821e-01
9.233472935e-01
5.136813462e-01
2.960559785e-01
5.488812856e-01
2.453781047e+00
1.179970158e+00
9.634866360e-01
9.634866360e-01
9.634866360e-01
2.508746912e-01
2.508746912e-01
2.508746912e-01
2.713172769e-01
3.372402401e+00
2.513106039e+00
2.513106039e+00
2.224763526e-01
1.961100541e+00
1.961100541e+00
1.240602213e+00
1.705678885e+00
1.887167520e+00
2.121349038e+00
2.121349038e+00
1.799047626e+00
7.992913711e-02
2.359766487e+00
1.717973601e-01
1.717973601e-01
1.717973601e-01
7.187889840e-01
7.207016055e-01
1.932677357e+00
1.658851525e+00
1.658851525e+00
6.317575047e-01
2.451398657e+00
8.592990779e-01
8.592990779e-01
8.592990779e-01
1.378647453e+00
1.378647453e+00
2.152660064e-01
2.152660064e-01
1.227606792e+00
2.502555213e+00
2.502555213e+00
2.502555213e+00
1.274533581e+00
1.207422303e+00
2.480340690e+00
3.160313621e-01
3.160313621e-01
1.117704711e-01
5.665142608e-01
1.898305035e+00
1.898305035e+00
1.776845498e+00
5.776793117e-01
1.386100877e+00
1.693764450e+00
1.857313008e+00
2.414228403e-01
1.337718394e+00
4.791906295e-01
4.791906295e-01
4.791906295e-01
1.248935174e+00
1.626539627e+00
1.626539627e+00
1.626539627e+00
5.031944427e-01
1.910755778e+00
1.910755778e+00
1.910755778e+00
1.910755778e+00
1.153438582e+00
1.153438582e+00
3.570803463e-01
3.017757922e+00
3.017757922e+00
3.017757922e+00
3.017757922e+00
3.017757922e+00
2.678421428e+00
2.678421428e+00
2.678421428e+00
2.678421428e+00
1.423601928e+00
2.685493439e+00
3.708615788e+00
3.708615788e+00
1.955160422e+00
2.108993897e+00
1.164514413e+00
6.460464368e-01
2.708356962e-01
2.145391314e+00
1.468496299e-01
1.377125720e-01
1.855172506e+00
1.205444779e+00
1.864833204e+00
1.272763104e+00
3.439295529e-01
1.443252103e+00
1.443252103e+00
1.443252103e+00
1.883120522e+00
1.023006895e+00
1.023006895e+00
5.430917378e-02
1.197389814e+00
1.686537337e+00
2.321618404e+00
2.321618404e+00
5.052724493e-01
2.986596509e+00
4.539553510e-02
4.539553510e-02
1.948926520e+00
1.948926520e+00
1.881689083e+00
1.881689083e+00
1.605188049e+00
9.480119606e-01
2.004931360e+00
7.566621191e-01
9.458554868e-01
2.105962399e+00
1.657896687e+00
1.657896687e+00
1.657896687e+00
1.558263178e+00
1.574150122e+00
1.574150122e+00
5.795375508e-01
5.795375508e-01
1.663359722e+00
1.367269423e+00
9.749044758e-01
9.970497097e-01
2.962637040e-01
2.962637040e-01
1.946946294e-01
1.946946294e-01
2.281741230e+00
3.730918855e-01
1.047661044e+00
1.173663623e+00
1.173663623e+00
1.530509561e+00
1.530509561e+00
1.472010150e+00
1.814709954e-01
1.814709954e-01
1.935480123e+00
1.317850342e+00
1.489317673e+00
2.497126766e+00
2.497126766e+00
4.271131908e-01
2.092602022e+00
2.092602022e+00
1.124553137e+00
1.147395011e+00
6.612560558e-02
6.612560558e-02
2.702000951e+00
6.366982263e-01
6.366982263e-01
2.713904779e+00
2.745666691e+00
2.745666691e+00
3.077460453e+00
3.077460453e+00
1.780546054e+00
1.780546054e+00
1.603358649e+00
1.603358649e+00
1.603358649e+00
1.603358649e+00
1.603358649e+00
1.603358649e+00
1.646577812e+00
1.419653923e+00
5.546246616e-01
7.074600138e-01
7.074600138e-01
7.074600138e-01
3.127488238e-01
3.127488238e-01
3.918243802e-03
3.918243802e-03
3.918243802e-03
2.530702417e+00
3.183940417e+00
3.690576487e-01
3.690576487e-01
7.140291422e-02
7.140291422e-02
1.098982932e+00
5.604993278e-01
5.628911499e-01
5.628911499e-01
5.628911499e-01
1.575277661e+00
1.575277661e+00
1.575277661e+00
1.575277661e+00
2.756825206e+00
1.408704042e+00
1.408704042e+00
1.773507817e+00
4.126631944e+00
4.126631944e+00
4.126631944e+00
4.126631944e+00
3.858203662e+00
2.020859137e-01
2.020859137e-01
9.478572558e-01
6.724083498e-01
9.774764160e-01
3.902349070e-01
3.902349070e-01
2.469323220e-01
1.170190454e+00
1.170190454e+00
1.783497712e-01
3.777732165e-01
3.777732165e-01
6.150282692e-01
6.150282692e-01
2.546146032e+00
2.546146032e+00
3.105417482e+00
3.105417482e+00
3.105417482e+00
3.105417482e+00
1.832470745e+00
1.867212522e+00
6.966594101e-01
6.966594101e-01
7.909938938e-01
3.590229685e+00
3.590229685e+00
3.590229685e+00
8.332582343e-01
9.710646496e-02
3.490126204e+00
3.664370360e+00
3.664370360e+00
3.664370360e+00
3.687998430e-01
3.687998430e-01
2.485572168e-01
5.714901463e-01
5.714901463e-01
2.031599506e+00
2.031599506e+00
3.845561282e-01
1.041671971e+00
1.981232971e+00
8.144639415e-01
7.947925651e-02
5.068606777e-01
5.068606777e-01
3.400068130e+00
1.232253813e-01
3.031249678e-01
3.031249678e-01
1.421471570e+00
1.421471570e+00
1.421471570e+00
2.813790669e+00
3.441902726e+00
2.786364687e-02
1.161888038e+00
1.161888038e+00
1.811712441e+00
1.811712441e+00
3.527591841e+00
1.137660199e+00
6.476405115e-01
6.476405115e-01
5.760775661e-01
5.760775661e-01
5.760775661e-01
2.733935722e+00
2.733935722e+00
3.160451798e-01
3.160451798e-01
2.500985498e+00
2.500985498e+00
2.500985498e+00
2.500985498e+00
1.997239390e+00
1.932173906e+00
1.932173906e+00
4.447061635e-01
4.447061635e-01
8.610628227e-01
8.610628227e-01
8.610628227e-01
1.374068174e+00
1.374068174e+00
2.462865163e+00
1.400910823e-01
9.293848490e-02
5.247761608e-02
5.247761608e-02
5.247761608e-02
2.400791836e+00
9.746833701e-01
9.746833701e-01
1.875298010e+00
5.355258900e-01
5.355258900e-01
5.355258900e-01
1.636804944e+00
1.636804944e+00
1.636804944e+00
1.636804944e+00
1.637454436e+00
1.837508582e+00
1.725704703e+00
1.725704703e+00
2.120179177e+00
2.120179177e+00
2.120179177e+00
2.120179177e+00
1.783707358e+00
1.783707358e+00
2.820221352e-01
1.375262890e+00
1.375262890e+00
1.095254791e+00
1.095254791e+00
1.095254791e+00
3.258176613e+00
3.258176613e+00
3.258176613e+00
5.457846495e-01
5.457846495e-01
5.457846495e-01
1.724732884e+00
1.268395152e+00
1.656066882e+00
8.295632530e-01
7.351124870e-01
2.229435351e-01
7.406630146e-01
7.406630146e-01
6.329891940e-02
6.329891940e-02
6.329891940e-02
6.329891940e-02
1.687901390e-02
5.617779489e-01
3.538786217e+00
3.538786217e+00
3.702497291e+00
3.702497291e+00
3.365132705e-01
3.365132705e-01
3.365132705e-01
1.614377553e-01
1.614377553e-01
3.132167081e+00
1.227796058e-01
9.950056982e-01
9.950056982e-01
1.730266237e+00
8.228952598e-01
8.228952598e-01
2.824523806e+00
1.611884775e+00
1.611884775e+00
1.611884775e+00
1.611884775e+00
1.004606429e+00
1.004606429e+00
1.476541133e+00
1.476541133e+00
2.652774612e-01
1.719798967e+00
1.776077568e+00
1.774578995e+00
1.774578995e+00
6.075242746e-01
1.128773512e+00
1.342642837e+00
9.570563764e-01
2.046682821e-01
1.505403842e+00
1.505403842e+00
1.599894249e+00
2.308477875e+00
3.578875196e-01
5.000434055e-01
3.021082699e-01
3.021082699e-01
1.542606093e-01
1.836173915e-02
1.836173915e-02
1.953094902e+00
1.612604011e+00
5.619443283e-01
1.525309997e+00
4.261875689e-03
2.920899059e-01
5.596052000e-01
1.637896422e+00
1.637896422e+00
1.900292009e+00
1.777588672e+00
1.777588672e+00
1.777588672e+00
1.155251059e+00
1.615734795e+00
1.615734795e+00
1.942451509e-01
1.942451509e-01
3.675015724e+00
2.058961415e+00
9.915595386e-01
7.981690429e-01
3.358216817e+00
5.008048461e-01
2.640964607e+00
1.385232125e+00
1.385232125e+00
1.540984135e+00
2.215957271e-01
2.221382545e+00
2.221382545e+00
2.402393973e+00
2.402393973e+00
3.839483765e-01
1.157531544e+00
1.654157243e+00
1.654157243e+00
2.333113577e+00
9.690436518e-01
1.706000571e+00
1.008950782e+00
1.418517766e+00
1.418517766e+00
1.418517766e+00
1.219424401e-01
1.460864697e+00
2.736786390e+00
8.137321699e-01
8.137321699e-01
8.137321699e-01
1.482956787e-01
1.482956787e-01
9.823783074e-01
1.818891487e+00
1.818891487e+00
1.226242370e+00
2.488899165e+00
1.223673249e+00
2.006773285e+00
