-0.462843 0.000215906
-0.465998 0.000167982
-0.468957 0.000224384
-0.472315 0.000273011
-0.475403 0.000211523
-0.478302 0.000272583
-0.481274 0.000283332
-0.48489 0.000234323
-0.487845 0.000226327
-0.491047 0.000184892
-0.494211 0.000258471
-0.49768 0.000252563
-0.500995 0.000180173
-0.504832 0.000341002
-0.507849 0.000255918
-0.511795 0.000285827
-0.515046 0.000303667
-0.519125 0.0002537
-0.522609 0.000200543
-0.525985 0.000242581
-0.529962 0.000262991
-0.53348 0.000218472
-0.537436 0.000263163
-0.54175 0.000297159
-0.54491 0.000221639
-0.549333 0.000229683
-0.553644 0.000228896
-0.55752 0.000265432
-0.56141 0.000276893
-0.565732 0.000296042
-0.570308 0.000242203
-0.574074 0.000249069
-0.578327 0.000247466
-0.582647 0.000245818
-0.58752 0.000269792
-0.592165 0.000282899
-0.596792 0.000271907
-0.601158 0.000231905
-0.605683 0.000215815
-0.610316 0.000291556
-0.615227 0.000345392
-0.61973 0.000213674
-0.62505 0.000228088
-0.630032 0.000280698
-0.635392 0.000311051
-0.640605 0.000277533
-0.645382 0.000331438
-0.650718 0.000324362
-0.656658 0.000257521
-0.661058 0.000312379
-0.666463 0.000264968
-0.673023 0.000313656
-0.677868 0.000365436
-0.683396 0.000328881
-0.689283 0.000284795
-0.694738 0.000339208
-0.70153 0.000293044
-0.706956 0.000316734
-0.713315 0.0003094
-0.718668 0.000273862
-0.724375 0.00035869
-0.731235 0.000429417
-0.737426 0.000286477
-0.743796 0.000383141
-0.749433 0.000336747
-0.75676 0.000363566
-0.763201 0.000384728
-0.769992 0.000380899
-0.7757 0.000378879
-0.783006 0.000380577
-0.789615 0.000327613
-0.796507 0.000415441
-0.803602 0.000478376
-0.80971 0.00048241
-0.817801 0.000540055
-0.826041 0.000577577
-0.831411 0.000504784
-0.839232 0.000704143
-0.846757 0.00032452
-0.853391 0.000569083
-0.862648 0.000623434
-0.869231 0.000681617
-0.876375 0.000690103
-0.885085 0.000673432
-0.890812 0.000709837
-0.898394 0.000696236
-0.907778 0.000922962
-0.915365 0.000800227
-0.922276 0.00086669
-0.931169 0.00086954
-0.938972 0.000839223
-0.947874 0.000982106
-0.953209 0.00113689
-0.962817 0.00109181
-0.97078 0.000949573
-0.978072 0.00110084
-0.982486 0.00119836
-0.988934 0.00130637
-0.99531 0.000853968
-0.999624 0.000760531
-1.00378 0.000527745
