9.88364 0.0248517
9.98266 0.0198866
10.0796 0.0153806
10.1865 0.0201466
10.3704 0.0158476
10.4427 0.0229833
10.5875 0.0268042
10.7375 0.0211296
10.8528 0.0239937
10.9815 0.0243956
11.1396 0.0169698
11.279 0.0265225
11.3756 0.0271812
11.5343 0.0231599
11.6634 0.0309814
11.8193 0.0260987
11.9222 0.0256401
12.0661 0.0247654
12.269 0.0315398
12.4123 0.0266749
12.5717 0.027963
12.7281 0.0293348
12.877 0.0271357
13.0402 0.0275486
13.1816 0.0290483
13.3442 0.0230376
13.488 0.0322534
13.7099 0.0356822
13.8921 0.0316782
14.0584 0.0332522
14.2039 0.0306964
14.4076 0.032824
14.5663 0.0322148
14.7188 0.0364728
14.9497 0.0332595
15.1388 0.0352063
15.2948 0.0389328
15.5258 0.0406308
15.6605 0.0384596
15.8944 0.0328174
16.0936 0.0402252
16.2925 0.0404256
16.5401 0.0317752
16.7198 0.0374351
16.8841 0.0438805
17.2036 0.0360163
17.348 0.0507411
17.6181 0.0474411
17.8419 0.051494
17.9329 0.0445109
18.2638 0.050148
18.4844 0.0430113
18.6202 0.0521926
18.8286 0.0666533
19.0928 0.0451428
19.2484 0.0503626
19.5684 0.0480826
19.7462 0.0631635
19.8883 0.0546005
20.1804 0.0696111
20.5783 0.0820199
20.7002 0.0801452
20.8983 0.0735009
21.2652 0.0760643
21.2947 0.0679776
21.5105 0.0711552
21.7744 0.0815249
22.0792 0.0631671
22.4577 0.060204
22.5485 0.083874
22.7755 0.08587
23.1105 0.083306
23.2488 0.114678
23.3627 0.0946649
23.4672 0.112405
23.8396 0.128259
23.7838 0.133389
24.3192 0.126826
24.5669 0.110873
24.5731 0.177192
24.8664 0.127876
25.4997 0.215784
25.4687 0.177334
25.6042 0.155572
25.7904 0.232117
26.3737 0.161899
26.3037 0.16894
26.2933 0.206737
26.343 0.207623
26.6079 0.188931
26.1821 0.230211
25.7815 0.195145
25.4178 0.210698
24.3743 0.314
23.4031 0.301883
21.7533 0.380691
20.6704 0.41502
18.8688 0.56504
16.455 0.451361
14.4929 0.465627
12.9516 0.410652
