0.026957 0.000973328
0.0271489 0.000909219
0.0263949 0.000792845
0.028712 0.000731312
0.0296725 0.000773095
0.0289113 0.000773489
0.0311759 0.000986754
0.0320667 0.000901731
0.0300156 0.000850658
0.0338402 0.000796623
0.0307657 0.000900144
0.0316847 0.000965569
0.0323342 0.00103033
0.0323977 0.000841063
0.0331045 0.0011224
0.0337893 0.000976291
0.0342457 0.00104802
0.0367073 0.000941542
0.0355777 0.000937793
0.0369577 0.00122744
0.036457 0.000930017
0.0407473 0.00109452
0.0381041 0.000871142
0.0410879 0.00113732
0.0405045 0.00121775
0.0407864 0.000929431
0.0427847 0.00133881
0.0424548 0.00137624
0.0443727 0.00110262
0.0465281 0.0013532
0.0484516 0.00114364
0.0481325 0.00124971
0.0471271 0.00120393
0.0489999 0.00122227
0.0509861 0.00117416
0.0528074 0.00134377
0.0553054 0.00121539
0.0566762 0.00126556
0.0571385 0.00162441
0.0568414 0.00173201
0.0590912 0.00199122
0.0594396 0.00183604
0.0614279 0.00158628
0.0631065 0.00126487
0.0645213 0.00175469
0.0718635 0.00183868
0.0673787 0.00177699
0.0710499 0.00159657
0.0745563 0.00187972
0.0738521 0.00205931
0.0781415 0.00233281
0.0846657 0.00216895
0.0824383 0.00206562
0.0841211 0.00170221
0.0877702 0.0025544
0.0927383 0.00204118
0.0984869 0.0023626
0.102048 0.00281908
0.102984 0.00276699
0.107662 0.00214589
0.108365 0.00261627
0.115493 0.00233976
0.118516 0.00279539
0.127733 0.00350952
0.127594 0.00239831
0.132404 0.003354
0.142872 0.00353586
0.143828 0.0036281
0.15262 0.00397945
0.158999 0.00367968
0.170801 0.00266292
0.179352 0.00373276
0.18297 0.00361937
0.193253 0.00521032
0.211482 0.00512508
0.233268 0.00572164
0.223997 0.00567546
0.248591 0.00648449
0.265315 0.00554955
0.270326 0.00669111
0.299216 0.00634759
0.308498 0.00771671
0.336978 0.0062831
0.358254 0.00802205
0.365427 0.0100235
0.391351 0.0083554
0.431665 0.0106949
0.451795 0.00886375
0.480287 0.0108976
0.511582 0.0140153
0.559931 0.00915766
0.599028 0.0120968
0.605077 0.0147284
0.675382 0.0119583
0.699623 0.014641
0.747168 0.0157877
0.780314 0.0150105
0.778648 0.0180868
0.838121 0.0114693
0.840351 0.0163237
0.898648 0.0114939
