68.5484 0.189381
70.2741 0.31917
71.2202 0.233248
72.2099 0.287976
73.3653 0.259291
74.744 0.23086
75.1732 0.297826
76.9386 0.316792
77.955 0.207109
79.5861 0.286812
80.6598 0.296258
82.4384 0.351768
83.2557 0.294117
85.3692 0.375545
86.5609 0.400388
88.456 0.389154
89.8906 0.443218
92.0111 0.369155
94.1394 0.389847
94.936 0.39926
96.9956 0.411051
99.6165 0.406648
100.922 0.535906
103.165 0.546754
105.361 0.460599
107.284 0.384893
109.395 0.463692
112.915 0.482381
115.928 0.454678
119.257 0.512437
121.058 0.57522
122.982 0.551602
125.206 0.679603
129.569 0.608924
132.824 0.599679
136.189 0.639542
139.305 0.752835
143.908 0.659708
145.814 0.69048
149.574 0.702809
153.913 0.964996
158.425 0.668901
162.238 0.711888
167.424 0.985492
172.719 1.05326
178.94 1.10922
183.185 1.12264
189.376 1.08486
196.777 1.29788
200.957 1.26216
208.648 1.38403
218.928 1.16223
223.746 1.28401
227.639 1.33861
238.878 1.61627
247.635 1.57486
260.66 1.60663
270.181 2.15681
278.274 1.65068
288.414 1.95702
298.433 2.62667
317.681 2.72704
329.655 1.86973
346.74 2.51217
358.43 2.30187
378.885 3.19592
395.417 4.18918
418.481 3.58452
439.599 4.38267
460.612 3.56349
489.567 2.97695
515.622 5.42995
548.182 4.39131
579.903 6.11881
620.27 5.08381
674.776 7.98555
687.804 5.11637
758.19 8.53254
805.916 7.09292
859.84 9.34652
948.392 9.39441
1020.11 12.0876
1093.38 13.7489
1189.94 14.6543
1267.99 14.9861
1373.61 16.3642
1522.15 22.3515
1656.84 18.9184
1772.97 21.7109
1978.76 23.5777
2143.55 22.3836
2369.8 26.3423
2520.97 32.8706
2781.6 32.8062
3055.62 24.4019
3292.61 35.2953
3478.55 37.6653
3762.91 39.7906
4039.45 29.5682
4293.56 23.9119
4527.1 20.0152
