-6.68357 0
-6.68701 0.00243219
-6.68533 0.00212285
-6.68627 0.0017887
-6.68561 0.00154921
-6.68549 0.00129579
-6.68568 0.00112543
-6.6854 0.00101962
-6.68562 0.000929905
-6.68529 0.000892286
-6.68556 0.000850645
-6.68622 0.00100074
-6.68648 0.00095815
-6.68647 0.000889745
-6.68675 0.000873419
-6.68656 0.000840789
-6.68627 0.000840002
-6.68634 0.00079665
-6.68659 0.000791232
-6.68645 0.000763339
-6.68637 0.000731462
-6.68607 0.000755663
-6.68603 0.000723701
-6.68596 0.000696902
-6.68609 0.000680911
-6.68648 0.000758016
-6.6864 0.000734806
-6.68661 0.00073793
-6.68633 0.000762058
-6.68638 0.000738044
-6.68648 0.00072148
-6.68649 0.000698951
-6.68669 0.000707677
-6.68654 0.000703919
-6.68667 0.000697001
-6.68658 0.000683961
-6.68666 0.000669621
-6.68649 0.000672462
-6.68649 0.000655231
-6.68621 0.000697367
-6.68621 0.000680362
-6.686 0.000694819
-6.68613 0.000689281
-6.68616 0.00067442
-6.6862 0.000660652
-6.68633 0.000658847
-6.68634 0.000644873
-6.68643 0.000637584
-6.68634 0.00063036
-6.68641 0.000621719
-6.68626 0.000627403
-6.6863 0.000616263
-6.68621 0.000610325
-6.68628 0.000602746
-6.68622 0.00059456
-6.68623 0.000583981
-6.68624 0.000573834
-6.68629 0.000566399
-6.68635 0.000559848
-6.68638 0.00055126
-6.68637 0.000542295
-6.6864 0.000534431
-6.68646 0.000529274
-6.68655 0.000528591
-6.68657 0.000520863
-6.68664 0.000517935
-6.68662 0.000510797
-6.6866 0.000503593
-6.68659 0.000496398
-6.68666 0.000494052
-6.68668 0.000487352
-6.68661 0.00048527
-6.68659 0.000479063
-6.68657 0.000472912
-6.68657 0.000466609
-6.6866 0.00046136
-6.68664 0.000457421
-6.68661 0.000452946
-6.68665 0.000449595
-6.68662 0.000445448
-6.68662 0.00043996
-6.68663 0.000434675
-6.68661 0.000429926
-6.68666 0.000427904
-6.68656 0.00043436
-6.68655 0.000429587
-6.68665 0.000436814
-6.68669 0.000433692
-6.68666 0.000429807
-6.68667 0.000425299
-6.68667 0.000420691
-6.68665 0.000416471
-6.68668 0.000413163
-6.6867 0.000409206
-6.6867 0.000404925
-6.68665 0.000402829
-6.68673 0.000406517
-6.6867 0.000403701
-6.68676 0.000404349
-6.68678 0.00040079
