0.778779 0
0.781204 0.00171497
0.779825 0.00160459
0.780241 0.00125614
0.779751 0.00109644
0.779646 0.00091872
0.779727 0.00079104
0.779586 0.000704547
0.77978 0.000652538
0.779534 0.000632021
0.77969 0.000593418
0.780088 0.000664266
0.780228 0.000627807
0.780207 0.000583339
0.780397 0.000574701
0.780276 0.000551421
0.780069 0.000556419
0.780096 0.00052617
0.780246 0.000519422
0.780136 0.000505098
0.780072 0.000485053
0.779889 0.000496422
0.779851 0.000476258
0.779827 0.000457031
0.779904 0.000445151
0.780123 0.000478925
0.780071 0.000463987
0.780219 0.000470343
0.780053 0.000482349
0.780075 0.000466781
0.780142 0.000456399
0.780145 0.000442148
0.780258 0.000442999
0.780149 0.000443127
0.780216 0.000435494
0.780166 0.000426251
0.780207 0.000416661
0.780112 0.000416359
0.780117 0.000405713
0.77994 0.000432407
0.779944 0.000421878
0.779806 0.000433822
0.779876 0.000429406
0.779908 0.000420786
0.77993 0.000412034
0.780009 0.000410564
0.78001 0.000401829
0.780066 0.00039744
0.78 0.000394762
0.780047 0.000389635
0.779956 0.000392446
0.779986 0.000386038
0.779933 0.000382439
0.779975 0.000377627
0.779944 0.000372027
0.779948 0.000365405
0.779963 0.000359322
0.780002 0.000355237
0.780028 0.000350135
0.780045 0.000344736
0.780032 0.000339343
0.780049 0.000334306
0.780081 0.000330508
0.780128 0.00032868
0.780142 0.000323933
0.780182 0.000321483
0.780164 0.000317224
0.780142 0.000313278
0.780138 0.000308766
0.780187 0.000308151
0.780197 0.000304001
0.780157 0.000302456
0.780152 0.000298358
0.780143 0.000294451
0.780147 0.000290555
0.780163 0.000287159
0.780181 0.00028397
0.780161 0.000281009
0.780193 0.000279219
0.780178 0.000276106
0.780173 0.00027274
0.780187 0.000269766
0.780173 0.000266876
0.780209 0.000266155
0.78015 0.000269635
0.780146 0.00026652
0.780213 0.000271599
0.780235 0.000269379
0.780212 0.000267286
0.780224 0.000264587
0.780221 0.0002617
0.780217 0.000258889
0.780244 0.000257587
0.780257 0.000255131
0.780247 0.000252619
0.780223 0.000251165
0.78027 0.000253021
0.780241 0.000252127
0.780283 0.000252994
0.78029 0.000250567
