8.69643 0
8.64397 0.0370949
8.62552 0.028959
8.61655 0.0230656
8.61168 0.0189597
8.60842 0.0160779
8.60626 0.0139254
8.60475 0.0122656
8.60355 0.0109618
8.6025 0.00991574
8.60148 0.00906611
8.60047 0.00836656
8.59949 0.00778076
8.59866 0.00726885
8.59784 0.00683057
8.59717 0.0064366
8.59661 0.0060823
8.59611 0.00576479
8.59564 0.00548034
8.59517 0.00522657
8.59473 0.00499583
8.59438 0.00478106
8.59409 0.00458227
8.59386 0.00439723
8.5936 0.00422894
8.59334 0.00407433
8.59307 0.00393199
8.59283 0.00379896
8.59261 0.00367429
8.59239 0.00355835
8.59218 0.00345016
8.59198 0.00334777
8.59178 0.00325252
8.59159 0.00316246
8.59142 0.00307656
8.59126 0.00299531
8.59111 0.00291828
8.59098 0.00284404
8.59088 0.00277312
8.59078 0.00270542
8.59069 0.00264084
8.59062 0.00257897
8.59055 0.00252003
8.59047 0.00246403
8.59037 0.00241103
8.59027 0.00236069
8.59017 0.00231273
8.59008 0.00226651
8.58999 0.00222207
8.5899 0.00217916
8.58983 0.00213763
8.58976 0.00209763
8.5897 0.00205904
8.58964 0.00202183
8.58957 0.001986
8.58952 0.00195136
8.58946 0.00191787
8.58942 0.00188536
8.58937 0.00185404
8.58932 0.00182381
8.58927 0.00179457
8.58922 0.00176634
8.58917 0.00173909
8.58911 0.00171266
8.58907 0.00168694
8.58902 0.00166199
8.58898 0.00163776
8.58894 0.00161422
8.5889 0.00159127
8.58886 0.00156902
8.58882 0.00154747
8.58878 0.00152646
8.58874 0.001506
8.58871 0.00148603
8.58868 0.00146658
8.58864 0.00144765
8.58861 0.00142915
8.58859 0.001411
8.58857 0.00139331
8.58855 0.00137607
8.58853 0.00135924
8.5885 0.00134284
8.58848 0.00132687
8.58846 0.00131125
8.58844 0.00129594
8.58843 0.00128097
8.58841 0.00126638
8.58838 0.00125222
8.58836 0.00123841
8.58833 0.00122488
8.58831 0.00121165
8.58829 0.00119872
8.58826 0.00118603
8.58824 0.00117362
8.58822 0.00116147
8.5882 0.00114956
8.58818 0.0011379
8.58816 0.00112647
8.58814 0.00111531
8.58811 0.00110438
