1.16817 0
1.17181 0.00257246
1.16974 0.00240689
1.17036 0.00188421
1.16963 0.00164466
1.16947 0.00137808
1.16959 0.00118656
1.16938 0.00105682
1.16967 0.000978807
1.1693 0.000948032
1.16953 0.000890128
1.17013 0.000996399
1.17034 0.000941711
1.17031 0.000875008
1.1706 0.000862051
1.17041 0.000827132
1.1701 0.000834628
1.17014 0.000789255
1.17037 0.000779133
1.1702 0.000757647
1.17011 0.000727579
1.16983 0.000744633
1.16978 0.000714387
1.16974 0.000685546
1.16986 0.000667726
1.17018 0.000718387
1.17011 0.00069598
1.17033 0.000705514
1.17008 0.000723523
1.17011 0.000700171
1.17021 0.000684599
1.17022 0.000663222
1.17039 0.000664499
1.17022 0.00066469
1.17032 0.000653241
1.17025 0.000639377
1.17031 0.000624992
1.17017 0.000624538
1.17018 0.00060857
1.16991 0.00064861
1.16992 0.000632818
1.16971 0.000650733
1.16981 0.000644108
1.16986 0.000631179
1.1699 0.000618051
1.17001 0.000615846
1.17001 0.000602744
1.1701 0.00059616
1.17 0.000592142
1.17007 0.000584453
1.16993 0.000588668
1.16998 0.000579057
1.1699 0.000573658
1.16996 0.00056644
1.16992 0.00055804
1.16992 0.000548108
1.16994 0.000538983
1.17 0.000532855
1.17004 0.000525202
1.17007 0.000517104
1.17005 0.000509014
1.17007 0.00050146
1.17012 0.000495763
1.17019 0.00049302
1.17021 0.0004859
1.17027 0.000482225
1.17025 0.000475835
1.17021 0.000469916
1.17021 0.000463149
1.17028 0.000462227
1.1703 0.000456002
1.17024 0.000453685
1.17023 0.000447538
1.17021 0.000441677
1.17022 0.000435832
1.17024 0.000430738
1.17027 0.000425954
1.17024 0.000421513
1.17029 0.000418828
1.17027 0.000414158
1.17026 0.00040911
1.17028 0.000404649
1.17026 0.000400314
1.17031 0.000399232
1.17022 0.000404452
1.17022 0.000399779
1.17032 0.000407399
1.17035 0.000404068
1.17032 0.000400929
1.17034 0.000396881
1.17033 0.00039255
1.17033 0.000388334
1.17037 0.00038638
1.17038 0.000382696
1.17037 0.000378929
1.17033 0.000376747
1.17041 0.000379532
1.17036 0.00037819
1.17042 0.000379491
1.17043 0.00037585
