-5.5154 0
-5.5152 0.000140265
-5.51559 0.000332054
-5.51591 0.000371142
-5.51598 0.000303775
-5.51602 0.000255242
-5.51609 0.000229434
-5.51602 0.000211661
-5.51595 0.000199683
-5.51599 0.00018431
-5.51603 0.000170877
-5.51609 0.000166146
-5.51614 0.000162009
-5.51616 0.000152255
-5.51616 0.000142206
-5.51614 0.00013414
-5.51616 0.000127699
-5.5162 0.00012503
-5.51622 0.000119895
-5.51625 0.000117485
-5.51626 0.000112594
-5.51624 0.000109399
-5.51626 0.000106385
-5.51622 0.000107066
-5.51624 0.00010371
-5.5163 0.000116243
-5.51629 0.000112228
-5.51628 0.000108827
-5.51625 0.000108364
-5.51626 0.000105495
-5.51627 0.00010218
-5.51627 9.89871e-05
-5.51631 0.000102648
-5.51631 9.98578e-05
-5.51635 0.000103467
-5.51633 0.000102355
-5.51635 0.00010061
-5.51632 0.000100906
-5.51632 9.83821e-05
-5.5163 9.75355e-05
-5.5163 9.5224e-05
-5.5163 9.29578e-05
-5.51631 9.22269e-05
-5.5163 9.11355e-05
-5.51631 8.93703e-05
-5.51632 8.81096e-05
-5.51632 8.64807e-05
-5.51633 8.47798e-05
-5.51634 8.4011e-05
-5.51634 8.23327e-05
-5.51633 8.18815e-05
-5.51632 8.10183e-05
-5.51631 7.95762e-05
-5.51632 7.8254e-05
-5.51631 7.76687e-05
-5.51631 7.62841e-05
-5.51629 7.59555e-05
-5.51629 7.48322e-05
-5.51631 7.63179e-05
-5.51631 7.50903e-05
-5.51632 7.46737e-05
-5.51633 7.3645e-05
-5.51634 7.34513e-05
-5.51636 7.4804e-05
-5.51636 7.36569e-05
-5.51637 7.35288e-05
-5.51637 7.2499e-05
-5.51639 7.28301e-05
-5.51638 7.18756e-05
-5.51638 7.09627e-05
-5.51638 6.99637e-05
-5.51637 6.9351e-05
-5.51636 6.95767e-05
-5.51636 6.87917e-05
-5.51635 6.80426e-05
-5.51636 6.73464e-05
-5.51637 6.86162e-05
-5.51637 6.80147e-05
-5.51637 6.71588e-05
-5.51635 6.7899e-05
-5.51636 6.78604e-05
-5.51635 6.81545e-05
-5.51635 6.73341e-05
-5.51635 6.65885e-05
-5.51634 6.65957e-05
-5.51633 6.66616e-05
-5.51633 6.59809e-05
-5.51634 6.56674e-05
-5.51634 6.50765e-05
-5.51634 6.44177e-05
-5.51634 6.37609e-05
-5.51632 6.39997e-05
-5.51631 6.41448e-05
-5.51632 6.34686e-05
-5.51632 6.35062e-05
-5.51632 6.30323e-05
-5.51633 6.29758e-05
-5.51634 6.32823e-05
-5.51634 6.2645e-05
-5.51635 6.26618e-05
