7.080145083e+00 0.000000000e+00
7.668054027e+00 4.157144009e-01
7.910417334e+00 3.405410216e-01
8.049019042e+00 2.822054757e-01
8.143861679e+00 2.411755714e-01
8.208384693e+00 2.094329636e-01
8.257007132e+00 1.850720727e-01
8.294180416e+00 1.656292784e-01
8.323892772e+00 1.498673914e-01
8.348607143e+00 1.369032889e-01
8.368785070e+00 1.259357507e-01
8.386008107e+00 1.166128735e-01
8.400687879e+00 1.085626996e-01
8.413255609e+00 1.015330650e-01
8.424185516e+00 9.535067454e-02
8.433967350e+00 8.989160643e-02
8.442406338e+00 8.499906620e-02
8.450141052e+00 8.062804817e-02
8.457065339e+00 7.668121706e-02
8.463379928e+00 7.310669258e-02
