-0.463048 0.000221484
-0.465938 0.00016895
-0.469224 0.000206792
-0.471787 0.000230793
-0.475089 0.00018067
-0.478009 0.000217013
-0.481126 0.000188955
-0.484251 0.000204393
-0.488139 0.000228524
-0.491066 0.000244087
-0.494517 0.00025369
-0.497767 0.000220572
-0.501141 0.000149555
-0.504892 0.00023689
-0.508056 0.000250738
-0.511761 0.000213676
-0.515056 0.000185264
-0.518338 0.000196152
-0.522749 0.000195885
-0.526013 0.000257619
-0.52975 0.000271417
-0.533808 0.00027076
-0.537725 0.000254264
-0.541474 0.000235853
-0.544986 0.000273943
-0.549398 0.000256447
-0.553391 0.000228251
-0.557198 0.000278466
-0.56132 0.000242458
-0.565837 0.000260864
-0.569925 0.000263835
-0.574784 0.000214869
-0.577974 0.000223225
-0.583192 0.000192504
-0.587612 0.000220705
-0.591872 0.000275428
-0.596391 0.000235931
-0.601579 0.000287118
-0.605684 0.000318192
-0.610496 0.000214357
-0.615067 0.000250742
-0.620203 0.000291929
-0.62512 0.000226858
-0.630152 0.000222399
-0.635353 0.000215128
-0.640133 0.000261669
-0.645761 0.000304223
-0.650467 0.000278625
-0.656372 0.000269931
-0.661072 0.000325611
-0.667099 0.000313156
-0.672096 0.000266343
-0.678267 0.000279786
-0.683009 0.000221748
-0.689785 0.000265559
-0.695429 0.000301203
-0.700766 0.000237136
-0.706397 0.000317923
-0.713263 0.000302836
-0.71892 0.000299199
-0.724957 0.000323918
-0.731064 0.0002528
-0.73763 0.000334666
-0.743127 0.00025803
-0.749884 0.000283521
-0.756279 0.000239525
-0.763172 0.0004091
-0.769532 0.000307867
-0.776101 0.000369966
-0.782953 0.000343089
-0.789016 0.000395005
-0.796624 0.000336328
-0.803629 0.000366364
-0.811222 0.000375461
-0.817943 0.000518327
-0.824406 0.000383144
-0.833358 0.000330914
-0.839435 0.000388075
-0.846781 0.000331239
-0.85307 0.000395884
-0.861605 0.000475014
-0.868119 0.000419261
-0.875806 0.000571742
-0.884567 0.000560068
-0.890656 0.000682637
-0.899592 0.000594472
-0.906741 0.00062733
-0.915614 0.000616806
-0.92284 0.000560706
-0.931361 0.000744388
-0.938039 0.000743377
-0.945973 0.000708805
-0.955909 0.00088127
-0.962252 0.000799367
-0.970423 0.000710515
-0.975442 0.000885641
-0.982711 0.000732939
-0.988571 0.000816599
-0.995078 0.000808604
-0.999025 0.000720161
-1.00315 0.000484716
