9.8828 0.020761
9.99164 0.0208077
10.1115 0.0219609
10.2577 0.0208041
10.3222 0.0241526
10.4486 0.0201288
10.6099 0.0189234
10.7533 0.0200284
10.834 0.0212325
10.9815 0.0188858
11.13 0.0219345
11.298 0.0176808
11.3469 0.0241439
11.5134 0.0251068
11.6693 0.0269709
11.7894 0.030744
11.9517 0.0261842
12.1303 0.0274174
12.2157 0.0254879
12.4038 0.0242715
12.5611 0.0255802
12.7382 0.0266954
12.853 0.0289882
13.0556 0.0226858
13.1852 0.0294946
13.3863 0.0353142
13.5409 0.0242984
13.6498 0.0251693
13.893 0.0372186
14.0419 0.0256132
14.2442 0.0249793
14.3909 0.0287298
14.562 0.0351589
14.761 0.0286589
14.9901 0.0372314
15.1478 0.039906
15.3644 0.034863
15.5734 0.034699
15.6971 0.037933
15.858 0.032429
16.1002 0.0296838
16.321 0.0387889
16.5214 0.0352765
16.7492 0.0380322
16.9669 0.0386165
17.1689 0.0478623
17.3094 0.0507219
17.5902 0.0397782
17.8094 0.0412484
18.0517 0.0395976
18.2144 0.0410195
18.4773 0.0393791
18.6379 0.0576599
18.8549 0.0501806
19.146 0.0542971
19.3084 0.0481464
19.6443 0.0554594
19.7404 0.059367
20.0159 0.0496087
20.1702 0.0522305
20.4568 0.0633464
20.8054 0.064702
20.8998 0.0605215
21.1939 0.0595275
21.377 0.0606549
21.5696 0.0795167
21.9631 0.0648623
22.0581 0.0759102
22.2707 0.0843279
22.3638 0.0903445
22.8132 0.0990107
22.8243 0.088453
23.1805 0.0869073
23.4486 0.0988881
23.661 0.0910343
23.8114 0.0918489
24.1388 0.0987463
24.2167 0.102772
24.5284 0.136862
24.6883 0.155204
24.8694 0.16371
24.9806 0.130275
25.3099 0.123348
25.487 0.16773
25.689 0.131933
25.9017 0.148101
26.0171 0.141786
26.1846 0.1228
26.3475 0.157102
26.2964 0.151767
26.4964 0.171407
25.9565 0.153742
25.1725 0.173414
24.437 0.18015
23.5317 0.207568
22.3853 0.222212
20.7932 0.283522
19.3123 0.395336
16.8012 0.449408
15.2839 0.458032
13.2927 0.302794
