0.0275254 0.000685741
0.0268089 0.000659747
0.0291555 0.000585097
0.0275521 0.000907803
0.0283201 0.000571171
0.0287307 0.000626194
0.0302521 0.00090667
0.0312145 0.000638803
0.0317795 0.000739657
0.0313287 0.000639425
0.032828 0.000523039
0.0306037 0.000764107
0.0319845 0.000788206
0.0334389 0.000680056
0.033861 0.000850608
0.0351251 0.000628631
0.0342735 0.000625295
0.0349401 0.000884154
0.036481 0.000860816
0.0375799 0.00106187
0.0378507 0.000726549
0.0390072 0.000869295
0.0398521 0.000940108
0.042522 0.000843093
0.0411963 0.000860374
0.0424263 0.000859046
0.0424192 0.000904534
0.0436225 0.000874209
0.0439196 0.000956355
0.0459747 0.00108352
0.0477161 0.000683673
0.0485034 0.00109097
0.0475336 0.000929044
0.0522619 0.00103494
0.0508927 0.000856781
0.0522162 0.00129384
0.0538695 0.00130375
0.0557341 0.00112525
0.0576243 0.0011738
0.0570057 0.00136708
0.0562513 0.00174742
0.0618787 0.00124751
0.0611023 0.0012568
0.0636541 0.00152397
0.0661123 0.00123271
0.0662092 0.00147897
0.0697597 0.00145725
0.0722411 0.00145093
0.0750046 0.00131745
0.0761797 0.00182849
0.0785002 0.00160182
0.082134 0.00118526
0.0846843 0.00144385
0.0828046 0.00172488
0.0912473 0.00201273
0.0921213 0.00206182
0.0955359 0.00190089
0.0962189 0.00137641
0.106581 0.00165711
0.10579 0.00148717
0.115317 0.00241896
0.118742 0.0018087
0.119254 0.00203461
0.124605 0.00212803
0.131255 0.00277263
0.136219 0.00210929
0.143102 0.0030519
0.14534 0.00349545
0.155012 0.00302076
0.159107 0.00219556
0.165024 0.0024677
0.182862 0.00310769
0.188355 0.00340494
0.201784 0.00439105
0.210374 0.00447697
0.216001 0.00350949
0.242661 0.00302368
0.252786 0.00409514
0.265787 0.00393859
0.269553 0.00419776
0.292982 0.00510321
0.304584 0.00496509
0.322835 0.00617375
0.351899 0.00573142
0.363555 0.00724291
0.398225 0.00622893
0.42368 0.00728445
0.449318 0.00855591
0.47943 0.00811582
0.524547 0.00718173
0.551134 0.00839815
0.570946 0.0105363
0.637976 0.0114534
0.657849 0.0120052
0.71348 0.00941443
0.718349 0.01265
0.770481 0.0105429
0.790725 0.0115621
0.841713 0.0125018
0.859483 0.0109418
0.886024 0.0103635
