68.8362 0.18496
69.8187 0.180414
70.8142 0.194476
72.0629 0.234383
73.4417 0.203498
74.5769 0.230545
75.9448 0.222871
77.1364 0.215407
77.6873 0.190945
79.6486 0.200142
81.0427 0.22598
82.1188 0.252874
83.8135 0.188194
85.306 0.246029
87.0412 0.242882
88.3169 0.29502
90.0185 0.21321
91.2689 0.291845
93.5831 0.344805
95.2382 0.352631
97.0729 0.232288
99.5798 0.325617
101.639 0.328017
104.13 0.340372
104.842 0.397645
107.779 0.333622
110.403 0.388626
112.634 0.309591
114.246 0.378
117.956 0.392162
120.321 0.358609
123.5 0.445524
124.827 0.497335
129.162 0.56632
132.735 0.539448
135.801 0.531266
140.167 0.535027
143.085 0.627055
145.764 0.6101
150.21 0.560063
154.736 0.71481
159.037 0.72901
163.624 0.609294
167.669 0.650851
172.468 0.678149
178.744 0.725041
184.698 0.566747
189.081 0.788376
195.737 0.746079
202.289 1.06007
209.419 1.01337
216.196 1.03171
223.231 1.29167
228.685 1.06758
241.693 1.18932
249.788 1.37258
258.884 1.26291
264.682 1.29744
280.068 1.52932
289.201 1.6347
303.723 1.65087
317.967 1.62263
329.895 1.59728
344.349 1.59604
365.019 1.84108
375.459 1.72572
397.716 2.65266
417.05 2.46649
440.959 2.58341
457.428 2.54197
488.765 2.84633
518.283 3.06011
550.876 4.24795
591.218 4.76444
620.198 5.9285
654.329 4.32091
717.576 4.29461
752.781 5.61804
815.5 6.69505
854.188 6.58684
934.424 7.03834
994.685 7.4294
1081.85 12.7389
1181.23 12.1081
1259.21 13.0558
1379.33 12.8865
1503.01 14.9647
1651.05 13.6387
1781.31 14.1124
1971.96 20.4931
2117.87 17.5415
2303.19 18.4197
2577.27 23.6216
2762.42 22.4221
3027.25 21.0127
3204.52 27.6451
3482.4 23.7881
3739.56 26.0513
4028.84 26.4674
4254.35 25.0738
4502.22 15.3854
