4.255662762e+00 -1.163462325e+00 -5.516807305e+00 
-1.953687314e+00 -6.702903807e+00 -6.996195046e+00 
3.059994060e+00 1.036727446e+00 5.127220829e+00 
-6.911231138e-01 7.693619400e-01 -8.208337700e+00 
-1.649670208e+00 -3.789253516e-01 6.406666139e+00 
-1.569824186e+00 -2.496975226e+00 5.911124032e+00 
-3.327730178e+00 -1.399445908e+00 -7.818225933e-01 
-7.256564262e-01 1.755490474e+00 -4.182295589e+00 
-4.482272234e-01 -3.262471844e+00 -1.086510198e+00 
2.404243895e+00 3.292719789e-01 -2.052901899e+00 
1.898117396e+00 -8.755359565e-01 4.702025651e+00 
-6.625252522e+00 -1.087620735e+00 4.462943745e+00 
1.966236115e+00 -1.515562429e-01 1.275128972e+00 
9.081864212e-01 -7.926792643e-01 2.384584433e+00 
-2.882901226e+00 -1.203680369e+00 -1.973826490e+00 
2.445411363e+00 -1.517554513e-01 2.702400758e+00 
-8.578873093e-01 1.383500539e+00 -1.250801585e+00 
3.688331353e+00 1.060692947e+00 3.390955089e+00 
8.546593629e-01 1.898346450e+00 -3.684714478e+00 
-8.509149781e-01 2.872306055e-01 -3.262609211e+00 
-2.674386643e+00 -1.748922368e+00 -2.909880896e+00 
-1.053519757e+00 -1.377692082e-01 2.296809577e+00 
1.845243612e-02 5.806909043e-01 -3.897588764e+00 
1.464581832e+00 7.482145272e-01 -2.020552489e+00 
3.477867097e+00 -1.687832286e+00 3.056371596e+00 
-6.598492327e-01 -6.052782221e-01 5.240243048e+00 
-2.701948049e+00 -2.186452308e+00 3.888229864e+00 
-2.459134900e+00 3.417619467e-01 3.787995286e+00 
-3.050239490e+00 -8.063920798e-01 2.246106065e+00 
3.274385760e-01 -7.765946059e-01 -5.979759047e+00 
2.718044303e+00 6.336745491e+00 6.876772264e-01 
-2.529182105e+00 -8.525298441e-01 -5.710479012e+00 
-9.273120906e-01 -2.858275993e+00 -4.145264534e+00 
1.811961689e+00 -1.649031513e+00 -6.471563726e+00 
9.087173875e-01 -1.439747679e+00 1.845264868e+00 
6.660591884e-01 -2.182077698e+00 7.303277403e+00 
3.432408369e+00 5.193516312e-01 3.292432398e+00 
-2.784914902e+00 6.090692430e+00 5.174280104e+00 
-5.106673825e-01 2.673936846e+00 3.154430025e+00 
-3.291579526e-01 1.437800179e-01 1.003316191e+00 
1.018254632e-01 -3.134542677e+00 -4.898270388e+00 
1.085144286e+00 3.582464010e+00 1.785159954e+00 
-7.233418434e-01 3.569386305e+00 -1.096605694e+01 
-2.243282640e+00 3.639880469e+00 1.398801205e+01 
-1.130176960e+00 1.366549608e+00 -3.220724827e+00 
2.668598620e+00 -3.021676631e+00 5.324000033e+00 
-1.971937835e+00 -1.554463084e+00 -3.614232513e+00 
2.346510871e+00 -2.527155816e+00 -7.057018531e+00 
1.816385021e+00 1.235593305e+00 7.793322532e+00 
4.682881269e-01 -9.352815132e-01 4.816729806e+00 
4.519367568e-03 1.124485047e-01 -4.220256815e+00 
1.104073039e+00 8.643843036e-01 3.067300983e+00 
2.210216985e-02 -3.950066472e+00 2.862294924e+00 
1.147552754e+00 3.393335926e-01 -1.654834780e+00 
6.146272009e-01 2.732484047e+00 -2.356820924e+00 
1.043628973e+00 5.740421571e-01 -2.770903787e+00 
1.110808001e-02 1.241751931e+00 -2.153343657e+00 
-3.286344854e+00 2.677279583e+00 2.730760470e+00 
-3.140254434e+00 5.044680162e+00 3.600440961e+00 
-9.341723736e-01 -1.782782854e+00 7.676492250e+00 
2.088517202e+00 -4.055746153e-01 2.514199347e+00 
1.461590470e+00 2.912546186e+00 3.388572346e+00 
-9.743054670e-01 6.459814577e-01 -6.004384421e+00 
-7.471836334e-01 4.554583609e-01 -5.732910648e+00 
-2.824878401e+00 1.964040200e+00 1.991955481e+00 
-2.384962504e+00 -3.194266211e+00 -1.069740575e+00 
-2.384199477e+00 -1.452762711e+00 3.148500078e+00 
-1.762692210e+00 1.753555123e-01 1.187721723e+00 
-5.803546283e+00 5.322924917e+00 5.146316933e+00 
2.141811474e+00 6.914478863e+00 -1.515731604e+00 
-2.630217289e+00 2.359669331e+00 4.450671156e+00 
-7.830175252e-01 1.365049163e+00 -1.819360222e+00 
-8.838421367e-01 -7.468345435e-01 -2.371421209e+00 
-5.538457755e-01 2.097199652e+00 1.140293125e+00 
-9.051696385e-01 -1.280132976e-01 -4.914720791e+00 
2.708764867e-02 2.365828900e+00 -1.139492645e+00 
-1.805667494e+00 1.379379177e+00 3.395143199e+00 
-5.609786088e+00 3.799442654e+00 4.969172727e+00 
2.552078569e+00 -2.545571313e-01 3.772711064e+00 
-3.366832718e+00 2.526041217e+00 -2.975971266e+00 
2.952806160e-01 -1.078247242e+00 -4.419270418e+00 
3.040136951e+00 2.892102354e+00 2.726963246e+00 
-4.981728859e+00 1.518243709e+00 2.368729980e+00 
8.641665220e-01 1.543946724e+00 -2.986987408e+00 
5.368917229e+00 5.681662885e+00 -8.307854145e+00 
-1.381010851e+00 1.019684236e+00 -1.079932665e+00 
-1.159106912e+00 -3.050898339e+00 -5.189316513e+00 
8.114140938e-01 8.800616550e-01 2.134227797e+00 
3.878859412e-03 2.033832859e+00 1.078928590e+00 
4.193780175e+00 2.206694966e+00 6.311538882e+00 
1.393401891e+00 1.082527689e+00 2.492776211e+00 
-2.241369874e+00 -1.881000111e-01 -2.167536819e+00 
5.310922487e-01 -6.787879086e-01 3.152062122e+00 
-1.122773094e+00 4.104582671e+00 1.474159598e+00 
-2.772054758e+00 -3.505670177e-01 6.218434583e+00 
-4.350622378e+00 -6.913799553e-01 -3.607025596e+00 
-6.813785901e-01 2.899961043e+00 -5.181320314e+00 
1.035424827e-01 -2.620188332e+00 3.965249348e+00 
-4.324221239e-01 2.093786154e+00 -5.739198564e+00 
-2.002081787e+00 -1.506976165e+00 -2.266016884e+00 
1.437568775e+00 -1.322791436e+00 -2.343816401e+00 
-4.232805564e+00 -2.159968552e+00 -2.153486792e+00 
8.660968138e-01 -2.304305618e-01 9.366891117e+00 
1.353204429e+00 1.763446856e-01 2.355564903e+00 
1.209384523e+00 1.909663078e+00 5.354149317e+00 
-7.486323457e-01 -2.377074221e+00 -2.997615878e+00 
5.469943122e+00 4.548597459e+00 -5.484919036e+00 
-2.147945547e-02 -2.650872722e+00 1.841259121e+00 
1.805874076e+00 6.803960382e+00 2.088450136e+00 
-3.208432571e+00 -3.953146462e-01 4.317264023e+00 
1.550840601e+00 2.460133446e+00 -2.376342663e+00 
6.565141056e-01 -6.348703320e+00 -5.043961124e+00 
1.100739176e+00 -4.905158518e+00 1.928048410e+00 
2.222946593e+00 2.259317226e+00 -1.767817062e+00 
-4.717239218e+00 -6.190766336e-01 2.134367878e+00 
4.357427822e+00 1.832836263e-01 -1.486341619e+00 
2.322215255e-01 -1.161803088e+00 3.369518059e+00 
-1.704798642e-01 -1.216589717e+00 -2.967088791e+00 
2.397039991e-01 -3.824071409e+00 -1.117958115e+00 
-3.936327338e-01 -7.910812757e-01 -4.493125076e+00 
4.970517597e-01 4.033080253e+00 -8.233473963e+00 
7.146492981e-01 1.595681280e+00 -3.554502606e+00 
7.683892465e-01 6.025939875e-01 -1.859136671e+00 
5.818835884e-01 7.370772491e-01 6.451424320e-01 
-2.817309908e+00 7.662092274e+00 -6.187596995e+00 
-1.015381393e+00 9.748319556e-01 -4.620015555e+00 
2.972874723e+00 -5.728533691e-01 3.337053503e+00 
-1.243649871e+00 2.446833430e+00 3.484773260e+00 
-1.525839680e-02 1.747884429e+00 -2.239823191e+00 
3.602696354e+00 2.836687771e-01 -2.491359476e+00 
-5.685257453e-01 -2.357497953e-01 2.938444539e+00 
7.162880270e-01 -1.497608618e+00 -2.459973152e+00 
-8.705800343e-01 -2.574513125e+00 -3.624646587e+00 
2.156914035e+00 1.007807854e+00 2.408714180e+00 
3.105631013e+00 2.054034193e+00 5.559846863e+00 
-1.628081149e+00 5.462198784e-01 -1.164986781e+00 
6.094596351e+00 2.063104261e+00 4.995419010e+00 
7.738747550e-02 1.829760493e+00 -4.720524972e+00 
-6.540380445e-01 9.949994118e-02 1.978013705e+00 
4.402653145e+00 -1.635724451e+00 5.295362943e+00 
2.641764404e+00 -1.358776579e+00 -6.092933996e+00 
-3.007576670e-01 -7.217617253e-01 -1.651773104e+00 
6.707382427e+00 4.040840536e+00 -3.786934458e+00 
9.711082644e-01 3.389452886e+00 -5.893579740e+00 
-2.152414450e+00 -1.876998852e-02 -5.933634995e-01 
1.234803893e+00 2.108461470e+00 -2.336605633e+00 
2.886549999e-02 2.185510147e-01 5.333493414e+00 
1.106991230e+00 1.826266900e+00 -2.355321453e+00 
1.810622019e+00 4.451192176e+00 -3.136571722e+00 
-3.311024345e+00 -8.901263914e-01 5.515636874e+00 
-1.355024268e+00 1.732970846e+00 5.037899361e+00 
2.040751921e+00 -1.286786688e+00 6.098402259e-01 
-1.844422054e+00 -1.109227559e+00 1.992796730e+00 
1.410457049e+00 -2.690054059e+00 3.393203950e+00 
3.185882139e+00 -4.967580240e+00 1.657528808e+00 
4.078964712e+00 -1.939582376e+00 5.105427655e+00 
4.990583790e-01 1.185386122e+00 4.734617719e+00 
-1.773975028e+00 2.329654749e+00 -4.053244482e+00 
-2.664408055e-01 -1.023399814e+00 -2.396839857e+00 
5.096534383e+00 1.026819468e+00 1.528788004e+00 
-1.251799087e+00 -2.228324643e+00 -2.612467123e+00 
5.820566540e-02 1.449339882e+00 -3.993377878e+00 
-1.009839912e+00 -2.583426740e-01 -4.129556945e+00 
-2.666321673e-01 -1.983444601e+00 3.533649874e+00 
1.204308343e+00 -1.070752524e+00 -2.489264330e+00 
1.245654495e+00 -5.948361903e-01 -1.783012883e+00 
-3.587990632e+00 -4.883527475e+00 7.071879859e+00 
-8.992297244e-01 7.732898404e-01 1.008224636e+00 
1.063063372e+00 -6.197166616e+00 -5.324027884e+00 
4.450464092e+00 5.432051874e+00 -5.270513757e+00 
-2.420415817e-01 -3.160995028e+00 -4.697065632e+00 
1.763357552e+00 1.370427840e-01 -1.735718140e+00 
-1.742733072e+00 -5.973340816e-01 -4.577015195e+00 
-6.178863023e-01 -1.140810879e-01 4.000190189e+00 
1.461615912e+00 8.853598701e-01 -1.314219097e+00 
-1.498355655e+00 2.042763205e+00 -3.721317335e+00 
1.776563041e-02 1.166023898e+00 -1.584048833e+00 
-1.742632352e+00 -7.353651422e-01 -2.121746949e+00 
4.007632247e+00 6.466277448e+00 -5.979121859e+00 
2.002199172e+00 -8.079296418e-01 -2.259985149e+00 
1.743886700e+00 -2.146849952e+00 1.697640392e+00 
1.007038594e+00 2.011503093e+00 3.433824240e+00 
-3.724998245e+00 -1.701058394e+00 -4.462408015e+00 
-7.930237910e-01 1.040263817e-01 2.261321260e+00 
-1.240026639e+00 -5.100043336e-02 4.251787652e+00 
-2.337557982e+00 6.397984837e+00 2.983446734e+00 
-1.798336114e-01 1.278658155e+00 -3.599166193e+00 
4.581970567e-01 5.174353035e-01 -2.441958643e+00 
2.946816346e+00 9.836560551e-01 -6.986021220e-01 
-1.898404218e+00 -1.257603505e+00 -8.697853547e+00 
2.675905924e+00 -3.569121094e+00 -3.360264606e+00 
-2.109214261e+00 -1.005226793e-01 9.709059238e-01 
7.048446266e-01 -8.919964259e-02 1.732849033e+00 
6.047643011e-01 -3.117974931e-01 -2.538560343e+00 
-2.054244407e+00 2.550653943e+00 2.440972839e+00 
9.793120053e-01 1.509683251e+00 3.124137278e+00 
-5.297750023e+00 -1.869098483e+00 5.709930936e+00 
-9.662562826e+00 3.782940299e-01 -3.557315359e+00 
8.240183489e-01 5.852821315e-01 1.296545189e+00 
-1.430270366e+00 -2.358335299e-01 -3.226893145e+00 
3.463198986e-01 2.710374360e-01 5.881881532e+00 
3.514660331e-01 -1.218664434e+00 -2.353508749e+00 
2.856210036e+00 -2.372100603e+00 2.736129369e+00 
4.015301672e+00 -1.854376228e+00 -3.313479072e+00 
4.632083071e-01 1.088795605e+00 -2.367629482e+00 
1.377070015e+00 -5.654851522e+00 4.191262085e+00 
2.002376636e+00 -1.544602286e+00 -6.096194468e+00 
1.349827347e+00 4.345029202e-01 -5.040984342e+00 
-2.199008919e+00 1.196379074e+00 2.146202730e+00 
-1.391824890e+00 -4.956696607e+00 2.613516343e+00 
1.169793274e+00 2.016610199e+00 -3.578865634e+00 
4.876552782e+00 3.520438315e+00 -6.876772407e+00 
-7.443350404e+00 7.598063291e-01 -7.437299019e+00 
7.738835880e-01 1.417348222e+00 3.549411494e+00 
-2.787338655e-01 -5.648412791e+00 -1.818178551e+00 
-1.632458897e+00 -6.187100009e-01 -3.793330512e+00 
1.042472585e+00 5.810101865e-01 3.444163677e+00 
-4.683681395e-01 2.651390311e+00 7.208106895e+00 
-9.252735406e-01 4.124992525e-01 3.278026353e+00 
-4.703036533e+00 1.796101183e+00 2.419424388e+00 
-1.577571640e+00 9.202067392e-01 3.610778916e+00 
2.343749151e+00 -1.449274566e+00 4.086458841e+00 
2.522950492e+00 2.022777649e+00 1.519364211e+00 
3.351705162e+00 -1.422412326e+00 2.397349527e+00 
3.276014869e+00 -1.418679234e+00 -7.034940764e+00 
8.301310528e-01 2.402762399e+00 -4.789397772e+00 
3.399591767e+00 -9.807586829e-02 -4.160019301e+00 
3.288128598e+00 2.623107007e-01 -2.503307547e+00 
1.034451688e-01 2.971802454e+00 2.190969822e+00 
-1.886287439e+00 -3.637075989e+00 -4.053000784e+00 
-1.902997347e+00 6.339929397e+00 -2.345163230e+00 
-4.502575133e-01 2.450835199e+00 -1.024327381e+00 
1.779086286e-01 4.094653163e+00 -4.032833977e+00 
4.618979758e-01 -1.338922261e-01 -3.147264311e+00 
-1.516426742e+00 4.568165597e+00 -3.216481048e+00 
-3.094884734e-01 -7.134835399e-01 -2.360327711e+00 
1.815934761e+00 -2.926773704e+00 -1.360724720e+01 
4.110025466e+00 -8.201631284e-01 -4.484677938e+00 
1.149165439e-01 -4.760167049e+00 3.068408913e+00 
3.497481887e+00 -5.342815389e+00 3.225025865e+00 
-3.979178767e-01 9.866433296e-01 4.271222542e+00 
-2.675535740e+00 7.606323750e-01 2.644745622e+00 
3.649907427e+00 4.048039570e+00 2.950652686e+00 
-1.220518358e+00 7.261172967e-01 -2.161563901e+00 
-6.714963952e+00 1.574101250e+00 -5.066460420e+00 
-4.185212385e+00 9.132013845e-01 4.531984616e+00 
2.888285704e+00 5.028917281e+00 1.772333504e+00 
-4.302923028e+00 1.476318251e+00 2.903811960e+00 
2.256541476e+00 -3.663656982e+00 -3.604802233e+00 
-8.058505630e-02 -2.131474436e+00 -4.993961777e+00 
-3.573922907e+00 7.169028491e+00 -6.870017346e+00 
4.447696972e-01 6.179277402e-01 2.104736694e+00 
-1.085895713e+00 4.269749287e+00 -2.631492824e+00 
-1.050261143e+00 -1.115572225e-01 1.034495498e+00 
1.867067751e+00 -1.392269017e+00 -4.361103738e+00 
-6.298107092e-01 2.094945772e+00 4.869013649e+00 
3.931786853e-01 4.568546590e-01 1.314809010e+00 
1.028531664e+00 -2.566461711e+00 1.939712622e+00 
1.426704914e+00 -2.538243894e+00 -2.897961453e+00 
3.524585139e-02 -2.909012663e+00 -6.229494915e+00 
-6.429590193e+00 -4.441120485e+00 -6.925663821e+00 
2.088194674e+00 2.319436625e+00 3.576211415e+00 
-9.833000373e-01 -4.933475962e-01 2.744183603e+00 
8.650277475e-01 5.125751272e-01 -9.590461348e-01 
9.170667310e-01 -1.846408095e-01 -3.842961600e+00 
4.535228095e+00 -7.566608066e-01 4.639407186e+00 
-2.399251528e+00 1.016003495e+00 4.702800728e+00 
-4.081375683e+00 5.145100334e+00 -4.911324576e+00 
3.323378222e+00 -1.727510142e+00 4.187510674e+00 
1.458712085e+00 -4.969195699e-01 3.514767583e+00 
-1.356772125e+00 -1.758400555e+00 4.588367473e+00 
-8.959438899e-02 -2.022362531e+00 1.498067708e+00 
2.465432447e-01 -2.084494435e+00 3.934441665e+00 
-1.044349921e+00 -1.405230740e-01 8.343267223e-01 
1.302509355e+00 -5.286699953e-01 -2.545317873e+00 
8.694085792e-01 -4.831683249e-01 -8.054401095e+00 
-3.408173952e+00 2.284063166e+00 6.033676849e+00 
3.824771235e+00 9.493290870e-02 -1.167274717e+00 
-1.772291404e+00 1.479067764e+00 1.773872220e+00 
9.553772729e-01 -1.810317745e+00 -1.839256396e+00 
-4.760887217e-01 -5.065959705e+00 -7.717681693e+00 
6.991906280e-01 2.906710395e+00 2.999214171e+00 
3.588742502e+00 -2.587836572e+00 5.047839759e+00 
-7.018771726e-01 -9.262787228e-01 3.660061119e+00 
6.707355436e-01 -2.763813085e+00 -3.327774844e+00 
2.061775070e+00 -1.181681775e+00 4.751264388e+00 
-1.372991823e+00 1.122254766e+00 1.232893610e+00 
-7.998212164e-02 7.743663072e-01 3.468309246e+00 
-1.748900212e+00 -2.379420971e-01 3.355180773e+00 
-6.536427980e-01 -1.077065759e-01 6.007218871e-01 
-2.679669842e+00 1.880141040e-01 3.744127497e+00 
-1.712252043e-01 -2.213486754e+00 6.009110723e+00 
-3.672535393e+00 -1.231101851e+00 -2.995203961e+00 
-3.382256445e+00 8.481085255e-01 3.053151105e+00 
-3.735931964e-01 -3.667313854e-01 7.289989890e+00 
-9.914144525e-01 -1.237970441e+00 -2.699025520e+00 
1.042566903e+00 1.199676008e+00 1.674221543e+00 
3.587787378e+00 -2.090420038e+00 -5.534520228e+00 
-1.822851110e+00 5.959665659e-01 -4.522548756e+00 
8.799534886e+00 4.122238072e+00 5.216686678e+00 
-4.608110056e+00 3.893174500e+00 4.051888509e+00 
-2.029720693e+00 3.370505051e+00 -4.101711254e+00 
-1.252688258e+00 -1.038930921e+00 1.807818160e+00 
2.696872821e+00 -2.880202474e+00 -2.384186050e+00 
6.716805614e-01 4.311803168e+00 -3.194236253e+00 
2.052720250e+00 2.456839080e-01 7.491157330e+00 
-6.776256302e-01 -3.559179533e-01 1.612380214e+00 
-2.504371573e-01 -2.731394084e+00 -2.025047683e+00 
7.494407075e-01 -1.184509301e+00 7.178313882e+00 
-4.108391183e+00 2.260273284e+00 -8.897392758e-01 
-4.257720945e+00 1.274509385e+00 -7.099591742e+00 
-1.259937679e-01 9.472523132e-01 2.148568847e+00 
5.460205139e-01 -3.068013263e+00 -5.794430624e+00 
-1.799058607e-01 4.734884667e-02 4.049851091e+00 
6.564077756e-01 1.291327129e+00 1.176299117e+00 
1.722435720e+00 5.376540534e+00 1.813419724e+00 
1.949712905e-01 -2.325727335e+00 -3.253503023e+00 
-6.278220347e+00 4.023018420e+00 -5.340174021e+00 
1.244077901e+00 -5.130975803e-01 1.709491356e+00 
-1.646925837e+00 -2.616568160e+00 3.087110353e+00 
4.341774581e+00 5.741219478e+00 7.421246050e+00 
-1.581931307e+00 -1.108455300e+00 -1.240135432e+00 
7.985102235e-01 8.179259290e-01 4.613920387e+00 
-4.377027565e+00 -3.261996529e+00 -3.225582901e+00 
-1.152229379e+00 1.832389793e+00 -3.704192284e+00 
2.296128227e+00 -1.116992796e+00 -4.464563073e+00 
1.503990759e+00 6.784614223e+00 -6.292016442e+00 
-1.268367063e+00 -7.633568425e-01 -6.004833363e+00 
-1.935243692e+00 1.742071145e+00 1.589807243e+00 
2.644754500e+00 -2.346539232e+00 -6.477160140e+00 
4.652101440e+00 2.461638867e+00 3.620846470e+00 
-5.695520421e+00 -3.284098547e+00 -4.633907059e+00 
6.658486289e-01 -8.701573041e-01 -3.653281106e+00 
1.248548493e+00 -7.772839981e-01 3.198564123e+00 
-3.564654771e+00 -5.520948904e+00 4.581131256e+00 
1.378635512e+00 -1.603760410e+00 5.227819736e+00 
-4.123381678e+00 5.264758583e-01 5.117782360e+00 
1.216250169e+00 -7.216680775e-02 2.652279496e+00 
2.031638086e+00 -1.114705647e+00 -3.428280732e+00 
-2.963701690e-01 1.961635850e+00 1.443744017e+00 
-1.269176040e-02 -1.782361658e+00 5.413220849e+00 
1.220120913e+00 -5.286253283e-01 1.670820931e+00 
-4.609803504e+00 -1.830702210e+00 -3.175871936e+00 
2.484826157e+00 -1.601652680e+00 2.242307932e+00 
-1.801919222e+00 1.782832292e+00 -1.243991451e+01 
-7.712979100e-01 -1.577007714e-01 3.512686918e+00 
-6.371416460e+00 7.305713340e-01 4.982039347e+00 
-3.307882603e+00 2.811385520e+00 -1.274720174e+00 
1.495958415e+00 -1.508204665e+00 -3.571664060e+00 
-4.590153161e+00 -6.787193611e+00 -6.368968062e+00 
1.007749252e+00 -1.572444364e+00 6.387574135e+00 
-1.889616365e+00 1.373770480e+00 7.544469289e+00 
-3.363863831e+00 -2.642484966e+00 2.555781586e+00 
5.961835662e-01 2.629464788e-01 4.230641389e+00 
-1.064249729e+00 5.706338469e+00 3.011339187e+00 
2.507698113e-01 -2.552375959e+00 -3.506482218e+00 
3.405673017e+00 -2.873660680e+00 2.490453913e+00 
2.857132700e-01 1.784123638e+00 -4.837106866e+00 
-2.154693720e+00 7.403557013e-01 1.549329113e+00 
1.237391198e+00 -2.693499456e+00 -5.708202673e+00 
-5.994184404e+00 -1.282898661e+00 6.178834331e+00 
-4.828694508e+00 1.102325637e+00 3.661757342e+00 
3.315824470e+00 -1.795852802e+00 2.307352020e+00 
2.809985665e+00 -5.539778590e-01 -1.978014395e+00 
-2.747581114e+00 1.529704568e+00 3.854874609e+00 
-2.696272507e+00 -3.131474296e+00 -3.919920435e+00 
1.803273568e+00 9.449961396e-01 2.162829998e+00 
1.171977714e+00 1.615162121e+00 -2.543983428e+00 
9.704986448e-01 3.869411882e-01 -3.773432588e+00 
6.516072541e-01 -2.684474259e-01 1.369225362e+00 
-7.618099517e-02 1.047839020e+00 -2.492563746e+00 
3.139369319e+00 -1.398801256e-01 -4.115381103e+00 
-1.356520630e+00 -5.722655269e-01 1.542379375e+00 
5.624616263e-01 1.110149195e+00 -2.557713050e+00 
-3.341728762e-01 -9.202013044e-01 2.259572246e+00 
-4.924856066e+00 -3.745122055e-01 3.764498048e+00 
6.055980967e+00 7.922466047e+00 6.690583395e+00 
-1.294079764e+00 1.906935874e+00 4.422332322e+00 
-1.325573951e+00 1.769659484e+00 3.087731778e+00 
-6.187102118e-01 4.914612639e-01 2.314043399e+00 
5.102005495e+00 4.292623948e+00 -4.021647216e+00 
2.683819205e+00 2.866276182e-01 3.535093918e+00 
1.328285488e+00 -3.526583985e+00 7.275822423e+00 
-1.340731907e+00 1.484863365e+00 5.944227907e+00 
1.741527648e+00 -7.952625301e-01 1.364283408e+00 
2.188583036e+00 -2.231135837e+00 -6.392279647e+00 
-1.304779604e+00 3.711325801e+00 7.371214262e+00 
1.094135291e+00 -2.014592427e+00 6.241291390e+00 
1.284348380e+00 1.530248639e+00 4.488673217e+00 
3.953704850e-01 1.400022463e+00 -4.693617233e+00 
6.887180372e-02 3.725059963e-01 3.983883474e+00 
-2.095515383e-01 1.450714478e-01 -6.537748276e+00 
-5.782838199e-01 4.590247625e+00 -8.761123108e+00 
-2.906496936e+00 1.582991474e+00 -2.523871366e+00 
-6.782972782e-01 -4.079983317e-01 -2.982997539e+00 
1.928893075e-01 3.266130300e+00 -4.508755833e+00 
-1.462004417e+00 -7.175837799e-01 -4.254685880e+00 
-1.366561558e-01 -7.196383476e-02 4.462587958e+00 
2.414110405e+00 4.257530045e-01 5.273334714e+00 
-4.708486079e+00 4.336433976e+00 3.810791242e+00 
1.371721295e+00 -2.007472822e-01 -4.119885320e+00 
4.151182359e-01 -2.769004679e+00 6.611233897e+00 
-2.358912184e+00 -6.808662009e-01 -7.619579829e-01 
3.020749542e+00 1.086362813e+00 -3.208356611e+00 
-2.500207507e+00 -1.172954744e+00 1.707522979e+00 
-4.000682100e+00 -1.635568136e+00 -1.187466511e+00 
5.514628857e+00 5.265774282e+00 -1.403416175e+00 
1.156071394e+00 -3.166883081e+00 4.128472086e+00 
1.965774787e+00 -5.939862203e+00 8.589962625e+00 
1.115143477e+00 7.845777227e-01 3.605110837e+00 
7.858633640e+00 7.231152256e-01 -8.708308495e+00 
3.170516924e-01 4.411667637e-02 -2.151670269e+00 
-3.139061150e+00 5.733978378e-01 2.657387320e+00 
-2.716108833e+00 1.104368852e+00 -2.357541792e+00 
-2.119402648e+00 2.148743827e+00 -3.026922612e+00 
-2.973420771e-01 -2.250299486e+00 4.849667398e+00 
-1.428582344e+00 2.192465196e-02 -6.287456335e+00 
-2.523092358e+00 2.163068903e+00 3.428176322e+00 
3.715181509e+00 8.380227689e-01 -2.328860218e+00 
3.035519757e+00 -7.237469798e+00 -5.509144584e+00 
-2.070283862e+00 -9.572982438e-01 -1.695967217e+00 
-6.228432076e-01 2.070938889e+00 3.700055664e+00 
8.500133886e-01 -4.899768182e+00 4.275886982e+00 
1.884331304e+00 1.012474887e+00 -4.401871855e+00 
-1.424116711e-01 3.436074403e+00 -2.401568304e+00 
7.135956434e-01 -1.418610688e+00 -2.852062651e+00 
-1.430963966e+00 -1.624225304e+00 2.051777754e+00 
-5.065440468e+00 5.315951085e+00 3.194334097e+00 
-1.442175909e+00 2.602761386e+00 -3.050446065e+00 
7.823058846e-01 -1.250290254e+00 -2.248151021e+00 
-2.723283966e+00 -1.790280086e+00 2.530429904e+00 
-1.049475436e-02 1.524718994e+00 5.085144181e+00 
-2.622760332e+00 1.068129879e+00 1.769612109e+00 
1.478427853e+00 -4.094663682e-02 -4.864635853e+00 
-1.477524543e+00 3.920213695e+00 3.002411967e+00 
-6.669541228e+00 -2.456647298e+00 -3.051391694e+00 
-2.430470456e+00 -5.881298598e-01 -2.675881456e+00 
-1.828791523e+00 -4.921536384e-01 3.282261234e+00 
-3.100023791e+00 -2.703356602e+00 -3.845612906e+00 
-1.824672421e+00 -3.154473021e+00 -6.328883234e+00 
1.778162286e+00 -1.108276657e+00 -3.033215176e+00 
-8.261609371e-01 1.689942876e+00 7.354348412e+00 
3.336351021e+00 4.824569695e+00 -1.213660337e+00 
1.875956451e+00 -6.073579523e-01 -4.495734559e+00 
2.834290250e+00 3.475067628e-01 2.449952135e+00 
-3.262712891e-01 8.289242743e+00 3.040252068e+00 
-1.602689010e-01 1.446711203e+00 7.023567708e+00 
6.859148935e-01 3.131429211e+00 3.408581321e+00 
-2.277465118e+00 -2.619369721e-01 3.951847146e+00 
-1.427111968e+00 1.619436092e+00 -9.558637143e-01 
-1.525842548e+00 -1.720342538e+00 -4.385949229e+00 
-1.154396372e+00 1.874282695e+00 4.525229497e+00 
-2.095163058e+00 4.272012287e-01 4.552474746e+00 
5.949397493e-01 1.976244489e+00 1.313727713e+00 
-2.347368601e-01 8.908795474e-02 4.879783472e+00 
4.373729995e-01 9.561164058e-01 5.110724831e+00 
4.848984845e+00 2.932052227e+00 7.276445481e+00 
-1.139726374e+00 1.128572300e+00 8.714014107e+00 
-5.715981966e+00 1.743195859e+00 -6.731490703e+00 
-3.071765445e+00 9.739773624e-01 -3.466437644e+00 
-8.399973542e+00 -5.826477646e-01 4.145379846e+00 
4.390453775e-01 -5.653529208e-01 3.558898475e+00 
-2.472717360e+00 2.887513001e+00 2.821311457e+00 
-8.218407991e-01 4.131437527e-01 -1.034007512e+01 
1.946138479e+00 -2.026820249e+00 -8.931115741e-01 
3.843151346e+00 -1.679096270e-01 6.632883124e+00 
-2.531474329e+00 2.504210823e+00 4.514546867e+00 
-3.302644715e+00 -8.146746428e-02 -6.228988775e+00 
-8.505320032e-01 -1.162021512e+00 1.993224245e+00 
-6.050980595e-02 -3.975344180e-01 2.586299052e+00 
1.505496716e+00 -3.730426755e+00 2.161425966e+00 
-4.595540077e-02 -9.837288279e-01 -3.428045094e+00 
1.728104462e+00 -1.544818820e+00 -3.318164650e+00 
-1.728282073e+00 2.671017597e+00 -3.078402803e+00 
-4.148714248e+00 1.344339110e+00 3.185651544e+00 
1.051021685e+00 2.177256650e-01 -1.907441774e+00 
-3.396153376e+00 -7.178240251e-01 3.814270289e+00 
-3.172531595e+00 -1.531194076e+00 6.798149663e+00 
3.982128905e+00 -1.408985004e+00 -3.464706498e+00 
-3.070434494e+00 -1.632800901e+00 -4.667108801e+00 
-8.248836405e-01 1.111863993e-01 -2.995318521e+00 
6.649961986e-01 2.113900703e-01 -4.798895346e+00 
-1.932628084e+00 1.584732828e+00 2.111975998e+00 
-4.217012298e+00 -1.751758309e+00 2.953305013e+00 
2.112826154e+00 2.230122388e-01 -2.716342198e+00 
1.098949900e+00 -9.000123351e+00 2.102996259e+00 
-3.003693944e+00 -4.421048300e-02 3.758670122e+00 
1.419205583e+00 5.996287394e-01 -6.510991199e+00 
2.451462184e+00 8.955914227e-01 6.903002424e+00 
5.270823222e-01 -8.973136789e-01 2.563097266e+00 
3.030968949e+00 -3.718330621e+00 -2.845738822e+00 
-7.322049384e-01 5.897180482e-01 2.028268001e+00 
-2.096935923e+00 -2.372223831e+00 2.318021360e+00 
3.968325100e-01 -1.172127401e+00 3.967776934e+00 
1.175401933e+00 -6.614103484e-01 -4.219278478e+00 
-2.912566263e+00 8.870481134e-01 -1.603629714e+00 
2.154025064e+00 1.498167738e+00 2.156470757e+00 
1.998773987e+00 3.360726894e-01 9.844029168e-01 
3.010107174e+00 -9.327644377e-01 5.180861296e+00 
-1.461772654e+00 -2.960297722e+00 7.801984143e+00 
-1.466451032e+00 -4.922384177e+00 -2.688034752e+00 
-4.276621534e+00 3.294152726e+00 -4.936446926e+00 
1.290412248e-02 4.395413318e-01 9.780139138e-01 
-1.994424963e-01 -4.811807986e-01 2.737707285e+00 
-5.098885510e+00 2.233862298e+00 -3.669522389e+00 
-1.461717240e-01 2.443391929e-01 5.712956732e+00 
1.152585738e+00 -2.431817244e+00 -7.700287425e-01 
-1.231465901e+00 9.414104152e-01 -7.457540448e+00 
7.250720270e-01 1.246901665e+00 -3.134898307e+00 
3.299594724e+00 4.271733053e+00 -9.173470043e-01 
-4.326455642e-01 1.078680087e-01 -2.991510025e+00 
-1.310062016e-01 1.390035048e+00 -2.220245926e+00 
2.247894864e+00 -3.269454742e+00 -9.485797541e+00 
-1.330849596e+00 -1.563965396e+00 -3.723746210e+00 
1.039160562e+00 -2.246909086e+00 5.601587739e+00 
-3.598567221e+00 2.819778673e+00 -4.370855955e+00 
-6.324701390e+00 7.981364916e-01 -5.794074082e+00 
-5.518811607e-01 2.342714990e+00 4.216973869e+00 
-1.263243837e+00 -1.843223657e+00 1.431541747e+00 
3.900414868e-01 4.191881086e-01 -2.840058763e+00 
-7.079539521e-01 -1.090581360e+00 3.100505143e+00 
-2.672552293e+00 2.790252658e+00 -1.149636444e+00 
-2.237478007e+00 1.427639439e+00 -5.735156954e+00 
-1.132510897e+00 -1.444423297e+00 1.300154610e+00 
2.126027284e-01 -1.817732281e+00 -3.070183340e+00 
1.026166466e+00 2.294946570e-01 2.042989332e+00 
1.378188113e+00 2.801460147e+00 -5.478529092e+00 
3.258987726e-02 3.599997042e+00 8.839430635e+00 
1.895723154e+00 -5.765107982e-01 2.553465676e+00 
2.868264227e+00 1.549420618e+00 -3.081119490e+00 
1.818890399e+00 2.124559088e+00 -3.681015163e+00 
5.881189546e+00 1.395725308e+00 2.640058229e+00 
-3.425732033e-01 -5.881035080e-01 6.278744096e+00 
3.992061401e-02 -2.270176916e+00 -3.353296419e+00 
1.376885995e+00 1.778848235e-01 -4.460847649e+00 
1.099509654e+00 3.636613051e+00 -5.411001110e+00 
7.555890632e-01 8.872041700e-01 7.649366526e+00 
-1.015639602e-01 4.507626392e-01 4.951618578e+00 
2.423257783e+00 -2.739248580e+00 3.969561845e+00 
1.107989694e+00 2.713149631e+00 -3.739227165e+00 
-1.984557234e+00 2.910491765e+00 -8.489162214e+00 
6.590690971e-01 1.346768224e+00 -9.853336141e+00 
-6.638409857e-01 -2.068539571e+00 3.524459579e+00 
4.349075492e-01 5.903565448e-01 -7.771591837e-01 
5.419994561e-01 2.495369451e+00 -1.955514295e+00 
-9.775927379e-01 4.193972889e-01 -2.732042273e+00 
2.602971880e+00 -4.055006565e+00 5.615180921e+00 
1.597834708e+00 4.894735214e-01 4.991141876e+00 
-4.893806762e+00 7.075522408e-01 -5.225729533e+00 
1.264599304e+00 -5.264698252e-01 -5.591477513e+00 
-8.998158788e-01 1.455011926e+00 4.354756395e+00 
2.278563939e+00 -2.977984595e+00 1.482235985e+00 
2.722302431e+00 1.201621431e+00 2.905204370e+00 
-4.750632927e-01 -8.281816630e-01 2.351090257e+00 
-1.450316613e-01 7.061911472e+00 -4.582046386e+00 
1.049053297e+00 -2.276740650e+00 -2.401742871e+00 
-2.892450093e+00 -5.437278655e-01 -2.606102329e+00 
2.750538735e+00 -4.961405826e-01 1.372624862e+00 
-1.168072642e+00 -2.329509972e-01 1.710590744e+00 
-2.404883152e+00 2.724748177e-01 1.629796802e+00 
1.149129395e+00 -1.717891604e+00 3.049204162e+00 
-3.110986473e+00 9.255750800e-01 -5.483903670e+00 
1.248485883e+00 -1.072028212e+00 1.957139445e+00 
-1.295036889e+00 7.754790083e-02 -1.295922067e+00 
-7.232412926e-02 3.892507835e-01 -4.192908292e+00 
-1.590294589e+00 -6.453935902e-01 -3.435265557e+00 
-3.666684490e+00 1.105150100e-01 5.719067858e+00 
-4.615691748e-01 -3.107324387e+00 -4.497820318e+00 
-9.258154217e-01 -7.071132901e-02 5.161146943e+00 
-1.770182972e+00 1.291588815e-01 -2.352413332e+00 
4.997664232e-01 3.441242696e-01 1.699391838e+00 
5.840325877e-01 1.132624834e+00 -6.859459597e+00 
-3.078808386e+00 5.841956750e-01 -3.478145011e+00 
-3.504234369e+00 2.038659990e-01 5.247020585e+00 
-1.265124673e-01 5.812790241e-01 1.597000784e+00 
9.996425665e-01 2.932118195e+00 -1.335830957e+00 
8.654834671e-01 3.620736397e-01 7.804291180e-01 
-2.609837058e+00 -7.324268554e-01 2.025628141e+00 
-2.215061559e+00 -8.866635527e-01 -6.066153449e+00 
2.759549637e+00 -1.958661198e+00 3.856381235e+00 
-1.499164907e+00 -2.636915116e+00 -5.428404787e+00 
-5.550600729e+00 -4.041616642e+00 -5.228494912e+00 
1.144791421e+00 -1.050800185e+00 -5.141819990e+00 
-3.186786659e+00 2.077678144e+00 4.401633245e+00 
2.454769893e+00 -1.041678237e-01 5.068849644e+00 
-5.229240203e-01 -8.848555577e-01 -6.118117025e+00 
1.784226289e-01 1.951457379e+00 3.600090016e+00 
-2.142666696e+00 -1.949126297e-01 1.625826391e+00 
-1.710314401e-01 2.221137294e+00 2.318842286e+00 
1.498220741e+00 1.399558640e+00 4.956987188e+00 
-4.016943987e-01 2.408971347e+00 2.281926786e+00 
6.073789255e+00 -1.969871943e+00 5.160400693e+00 
-4.652624517e+00 -3.529412050e+00 -2.177132163e+00 
-3.258057802e-01 2.339883665e+00 -2.588673059e+00 
2.982048646e+00 1.360497558e+00 -4.749203626e+00 
9.904188914e-01 5.583131427e-01 -7.057915471e-01 
1.907916543e+00 5.111523710e-02 -3.072205724e+00 
-2.656856453e+00 -3.580903843e+00 -4.764117379e+00 
3.464815409e+00 6.533605070e+00 -5.403360326e+00 
-6.336606293e+00 -1.854663506e-01 -6.129062405e+00 
1.925187108e-01 -2.429977617e+00 1.247288065e+00 
-6.497579631e-01 2.163613491e+00 4.268474387e+00 
-3.088647207e-02 1.011883893e+00 3.574681685e+00 
7.173017199e-01 2.037150515e+00 -4.890972673e+00 
-2.926783840e+00 -2.913363099e+00 -6.170864446e+00 
-3.192708893e+00 -1.354475434e+00 -5.714529549e+00 
-1.367948329e+00 1.188402397e+00 5.324117307e+00 
1.981626613e-01 -3.346612963e-01 -2.034380160e+00 
2.689707127e+00 -9.943161516e-01 1.272476415e+00 
-1.888969493e+00 1.026330527e+00 -2.198462162e+00 
-1.474796230e+00 6.128296665e-01 -3.509796018e+00 
3.933417980e+00 -1.429437875e+00 3.566397937e+00 
3.635519162e+00 3.784379519e-01 -9.546661790e+00 
-2.612578785e+00 -1.943094380e+00 -1.482004927e+00 
-2.115091586e+00 -5.537778487e-01 2.090960625e+00 
4.312629228e+00 -4.574387500e+00 4.549982100e+00 
3.330796631e+00 2.812122849e+00 -1.337528811e+00 
-1.126758389e+00 -1.906960452e+00 1.812892767e+00 
1.652459386e-01 -6.507451681e+00 -2.141349984e+00 
-2.508528520e+00 -1.887095750e+00 2.502318646e+00 
5.463348655e+00 1.211395650e+00 1.087919035e+00 
2.016160042e+00 -2.115723612e+00 -5.231360109e+00 
-5.870481471e-01 -1.730014888e+00 5.413178980e+00 
1.734591421e+00 2.036973253e-01 -5.121450406e-01 
1.141739793e+00 1.302026151e-01 -1.985635378e+00 
-2.715249035e+00 -5.889269286e+00 -4.648791711e+00 
-2.488287278e-01 -3.889417509e+00 -4.266553137e+00 
9.211131454e+00 3.573007603e+00 -5.575914425e+00 
2.707731291e+00 1.269861127e+00 -3.984449327e+00 
6.372934220e-01 7.625286376e-02 3.284193984e+00 
-1.729084648e+00 9.782965551e-01 6.109001226e-01 
-3.130392588e+00 -1.117234692e+00 1.082236190e+00 
1.707330278e+00 3.726395698e+00 6.009257815e+00 
1.103390685e+00 1.343840742e+00 2.960950491e+00 
1.178230758e+00 -3.812227167e+00 8.264335847e-01 
7.266455766e-01 1.362523388e+00 -1.691589690e+00 
2.365875327e+00 -1.950723573e+00 1.332685401e+00 
-1.589801754e-01 -2.081369351e+00 -1.130190095e+00 
-1.793650168e+00 2.590276220e+00 -2.048096649e+00 
2.392888859e+00 -4.708010504e+00 4.091546538e+00 
-3.992323479e+00 -9.744370026e-01 -2.849341661e+00 
5.408430436e-01 -1.455576000e+00 4.339463956e+00 
4.147638778e-01 -3.649251270e+00 -4.200368206e+00 
1.814616042e-01 9.622038074e-01 -4.231369103e+00 
3.313660241e-01 -5.780784986e-01 1.820398366e+00 
-3.522249729e+00 -2.004117641e+00 5.523236879e+00 
3.275261285e-01 1.663751590e+00 -6.930450823e+00 
-1.949853515e+00 -1.746970837e-01 -1.494331785e+00 
1.453950767e+00 -1.516499748e+00 5.315764004e+00 
6.726973951e-01 6.609777031e-01 -3.137729111e+00 
-9.340109733e-01 1.912697225e+00 -1.969211471e+00 
-7.845636004e-01 -1.213867358e+00 -3.783305055e+00 
1.430652504e+00 3.563192643e+00 1.526637385e+00 
3.797556029e-01 -5.095796516e-01 3.990983059e+00 
-7.495320985e-01 3.835722194e-01 -1.398117565e+00 
-4.125361944e+00 -1.046218509e+00 -3.710728609e+00 
3.305535000e+00 1.664246779e+00 -3.334631670e+00 
1.427452340e+00 2.869348473e+00 -2.530599021e+00 
-6.563739465e+00 -3.256874950e+00 2.435744697e+00 
-9.709881389e-01 1.783034761e+00 -3.020547385e+00 
-5.288826593e+00 -8.263762533e-01 6.819354876e+00 
9.743053018e-01 3.193163903e+00 -8.383406971e-01 
1.653952022e+00 3.677565326e-01 2.067372653e+00 
-9.237644515e-01 -2.537669223e+00 -5.074627044e+00 
-1.663057049e+00 2.488672231e+00 -2.051015282e+00 
-1.550171277e-02 -1.967180018e+00 -3.183980362e+00 
-3.234103643e-01 4.381693596e+00 -5.587879931e+00 
-2.841401972e+00 -7.859126833e-01 -4.916663295e+00 
-2.656551563e+00 -3.774165646e-02 5.346516363e+00 
-8.643356397e-02 4.174876109e+00 -7.633917243e+00 
5.285483762e-01 -1.277650512e-01 1.087808394e+00 
-5.015003265e+00 -7.525398130e-01 7.874137924e+00 
2.182211079e+00 2.446963570e+00 -5.336857901e+00 
-1.360925935e+00 2.842445800e+00 -5.843660184e+00 
2.814961979e+00 2.265373559e+00 -3.136326396e+00 
-6.656650554e-01 8.179449609e-01 5.147969873e+00 
2.604082355e+00 -2.725821121e+00 -4.780041945e+00 
-2.623587009e+00 3.112072578e+00 6.626224412e+00 
8.883112493e-01 -2.694595034e+00 -2.588092892e+00 
-1.313131007e+00 1.337889089e+00 -4.823293626e+00 
-3.173853145e+00 3.112484636e+00 -5.779654212e+00 
-2.120103721e+00 -1.187516446e+00 -4.452831682e+00 
-6.400584967e-01 -1.258653922e-01 3.310751054e+00 
-1.795220510e+00 1.832713840e+00 5.190035257e+00 
-1.134332242e+00 -8.447568943e-01 2.993486856e+00 
-1.817780743e+00 4.932432358e+00 3.723430524e+00 
1.111477167e+00 -2.375922914e+00 -3.516124799e+00 
8.256788113e-02 5.989011596e+00 -1.652187524e+00 
3.332991020e+00 2.388621665e-01 4.398913551e+00 
4.899017120e-01 -1.086707897e-01 2.893396565e+00 
1.943049631e+00 -1.341441817e+00 -4.115237874e+00 
-7.638405420e-01 5.468614192e+00 3.726773145e+00 
3.908502986e+00 5.924387212e-01 3.233861894e+00 
-4.547246932e+00 5.059764227e+00 -7.715096292e+00 
-2.309840493e+00 6.232234817e-02 1.296043615e+00 
-5.942480568e-01 9.533478762e-02 -8.564436624e-01 
2.176432714e-01 -1.714497948e+00 3.207440547e+00 
4.890526513e+00 -1.146763161e-01 -2.904387543e+00 
-3.629628984e+00 -2.936968975e+00 -7.006847761e+00 
7.296877230e-01 5.966611706e-01 1.216011813e+00 
-1.274553482e+00 -1.378707550e+00 5.099380942e+00 
-4.941673976e-01 -1.810336931e+00 -1.459087710e+00 
-1.979354650e-01 1.974655301e+00 5.302250507e+00 
-1.153305442e+00 -2.975282949e+00 6.472648751e+00 
2.111733047e+00 -1.289253936e+00 -2.657961674e+00 
9.627058528e-01 2.165239057e+00 -2.794512999e+00 
2.732724616e-01 -1.406160757e+00 -5.094593024e+00 
-2.371810907e+00 1.416985195e+00 -1.118647088e+00 
3.648030877e-01 8.039836769e-01 -1.937860256e+00 
-7.951793249e-01 2.085278330e+00 5.065743294e+00 
-9.245390290e+00 -1.719383805e+00 -4.336978950e+00 
1.504770365e+00 3.378254774e+00 -3.931054328e+00 
-1.677264076e-01 -9.333003249e-01 2.545699833e+00 
3.772012433e+00 -6.570792789e+00 8.313859097e+00 
-1.701015484e-01 -3.097250905e+00 3.221245138e+00 
-1.644498036e-01 -1.241959881e+00 -3.898273096e+00 
3.011294341e+00 7.412155918e-01 -1.436110330e+00 
-1.092394124e+00 4.408353839e+00 7.017583219e+00 
1.315414892e+00 -4.931384470e-01 -5.287471653e+00 
-1.161015523e+00 1.434568274e+00 -3.055293342e+00 
-6.935662780e-01 -2.252077474e+00 1.934710698e+00 
8.699478618e-01 5.457424714e-01 3.970217550e+00 
-3.617740165e+00 1.498465787e-01 1.753933229e+00 
1.809139258e+00 -5.050994232e-02 -2.779698214e+00 
4.054435814e-01 -1.313551259e+00 1.020203447e+01 
5.014788200e+00 -1.848493281e+00 -4.163260802e+00 
9.289056766e-01 -1.995932154e-01 4.031984930e+00 
2.274980432e+00 -1.678802117e+00 -4.254157894e+00 
-3.937706016e-01 8.909867455e-01 -1.789604120e+00 
2.705370153e+00 5.543023155e-01 1.799153898e+00 
1.554024189e-01 -1.622177873e-01 7.357748691e-01 
5.861504642e-01 1.442042769e+00 -1.807644693e+00 
-6.752465206e-01 1.231055109e+00 -1.764810128e+00 
-9.194286658e-02 1.376967278e-01 -1.525688686e+00 
-2.869481140e-01 3.774481160e+00 3.940723099e+00 
2.686121618e-01 -1.163624799e+00 2.704251527e+00 
-4.713354687e-01 2.781246497e+00 -3.859888194e+00 
-1.689154854e+00 -2.541396295e+00 5.447356298e+00 
2.595529126e+00 6.885384969e-01 1.741708408e+00 
-4.380054997e-01 -3.396826244e-01 -3.185940391e+00 
1.971758787e+00 -1.718714802e-01 -3.078014034e+00 
-2.981930394e+00 -1.941947528e+00 5.829689023e+00 
-1.194115619e+00 -2.209491737e+00 -3.954418428e+00 
-5.985635965e-01 -3.778105169e+00 4.001060613e+00 
-1.679071530e+00 -2.976833079e-02 1.578897348e+00 
-2.009887317e+00 -2.727813867e-01 3.059655489e+00 
2.496298971e-01 1.100892918e+00 1.687220175e+00 
-2.843806783e+00 2.666006672e+00 5.461050891e+00 
1.714420955e+00 1.061255069e+00 -2.659668836e+00 
-2.055622885e+00 8.000116140e-01 -5.498973874e+00 
-2.193957051e+00 -4.027109651e+00 -4.361413835e+00 
-7.701433851e-01 1.512911226e-01 -9.311440937e-01 
2.080493887e+00 2.124540095e+00 1.886992411e+00 
2.027361022e-01 -1.319209528e+00 1.359097865e+00 
3.403441127e+00 6.545603641e-01 -2.812458855e+00 
3.726708112e+00 9.902325161e-01 7.653901571e-01 
8.806127734e-01 1.093234426e+00 -2.322861992e+00 
-6.314670801e-01 -1.676365505e-01 -1.156919241e+00 
3.555524293e+00 6.718680500e+00 4.559248303e+00 
1.200125884e+00 -7.497001644e-01 -2.000543801e+00 
-1.942772479e-01 -7.218285626e+00 -7.634894205e+00 
4.001566136e+00 -3.430215124e+00 -3.817634271e+00 
1.079362915e+00 7.459216621e-01 1.806597582e+00 
2.833395462e+00 2.423382324e+00 6.417934570e+00 
-2.591409876e+00 -8.754554594e-01 4.923248551e+00 
-1.983462871e+00 -1.913238947e+00 4.697246060e+00 
2.631882466e+00 4.606063687e+00 7.897040299e+00 
-2.016476611e+00 8.815880880e-02 -3.491141744e+00 
-1.197137661e+00 2.891574783e+00 -2.009895631e+00 
-7.537103347e-01 -1.486382234e+00 2.973813560e+00 
1.374534159e+00 -5.444200797e-03 7.044756872e+00 
3.626149840e+00 -2.163910875e+00 2.111158101e+00 
-2.451105720e+00 5.737312064e-01 -3.428061769e+00 
-3.837080846e+00 -1.681965673e+00 -4.368151143e+00 
6.946138797e+00 3.537456540e+00 -2.001638117e+00 
-3.524896144e+00 1.784599878e+00 5.570756282e+00 
5.254970895e-01 -1.418555806e+00 5.385699005e+00 
3.923803499e+00 2.522438159e+00 -8.680557308e+00 
1.626203754e+00 -3.170696302e-01 -2.676680389e+00 
-1.072170090e+00 -7.620187344e-01 2.489877717e+00 
2.066525607e+00 7.070078871e-01 2.144427081e+00 
7.966310401e+00 1.652219743e+00 1.264191471e+00 
9.276148292e-02 2.364934181e+00 -2.517741803e+00 
-2.458636039e+00 -1.263495624e+00 -3.282906067e+00 
5.726357974e+00 3.964688899e-01 -9.818009498e+00 
4.633950151e+00 -5.121991848e+00 -6.983777522e+00 
-2.546757998e+00 7.712314027e-01 4.096027116e+00 
-5.760824506e-01 1.061302095e+00 -3.395826583e+00 
3.685217059e+00 -3.321521525e+00 -2.041823204e+00 
-3.008207270e+00 -8.794303146e-01 -4.080474871e+00 
-5.427150717e-01 4.735404986e+00 -4.852812228e+00 
-2.810166316e+00 3.190059639e+00 5.951720854e+00 
7.184589805e+00 1.384971602e+00 -4.030060419e+00 
2.927471505e+00 5.573907599e+00 -2.046433806e+00 
2.051186403e+00 9.584429865e-02 2.752892562e+00 
-1.273835856e+00 -3.749816307e+00 -1.086884620e+00 
-3.543273209e-01 -1.348676472e+00 2.842029484e+00 
-1.945944385e+00 1.036243049e+00 -3.141816321e+00 
1.317039686e+00 1.202103008e+00 -1.990763692e+00 
-2.597140661e+00 8.349618964e-02 -2.272894218e+00 
5.451904080e-01 1.253369897e+00 3.276957790e+00 
3.705357338e-02 -7.193960122e-01 -1.802717418e+00 
-7.213806656e-01 9.777998769e-01 -3.970998962e+00 
-1.796649464e-01 1.139578455e+00 -2.474221043e+00 
7.004278987e-01 1.483547288e+00 4.251871935e+00 
9.855544056e-02 -1.139079096e+00 1.409253938e+00 
-1.173700912e+00 3.005375699e+00 -3.608211070e+00 
2.262472095e+00 7.321387503e-01 -2.776423130e+00 
-1.054984484e+00 -1.429101443e+00 -4.872182888e+00 
7.489075605e-02 -2.254751307e-01 5.041931352e+00 
2.956214265e-02 1.434540077e+00 2.291254987e+00 
-3.244965378e-01 -1.960290143e+00 2.211678927e+00 
7.675658283e-01 1.097699235e+00 -3.423518781e+00 
3.216076745e+00 6.904846365e-01 6.375669186e+00 
3.037292697e-01 1.859486941e+00 2.671697573e+00 
-2.010008208e+00 -3.815285285e+00 3.663303726e+00 
-2.051306570e+00 2.022831582e+00 4.207490152e+00 
-3.167552539e+00 4.847051213e-01 1.641746583e+00 
1.507710727e+00 3.890483053e-01 -3.114629736e+00 
2.556435095e+00 -2.600580725e+00 3.075503889e+00 
4.287486840e+00 3.519460581e+00 -4.021071035e+00 
-3.703502904e+00 -1.146002301e+00 4.555566595e+00 
9.845150934e-01 2.497731982e+00 -3.052011744e+00 
-1.973496336e+00 8.129851054e-01 8.005558547e+00 
1.973243024e+00 -7.547802214e-01 -5.444965037e+00 
-4.739763456e+00 -6.696566441e-01 -3.038079988e+00 
1.524956759e+00 5.688785743e+00 6.629268655e+00 
8.242941486e-01 6.122083200e-02 -1.787910961e+00 
-9.027053896e-01 -1.154769289e+00 -8.986985316e-01 
6.684761774e-01 -1.281147280e+00 2.951787333e+00 
5.328881612e-01 -1.656122545e+00 -6.431439866e+00 
2.038718844e-01 -6.301213117e-01 -5.632524224e+00 
-4.283761975e+00 -1.735772449e+00 -3.264353327e+00 
-4.098230522e+00 -6.908700228e+00 -4.861650580e+00 
3.194213738e+00 -6.014217100e-01 -7.600219943e+00 
-3.112887124e+00 -7.508572985e-01 1.355179071e+00 
2.115067045e+00 -6.615084835e-01 5.398172222e+00 
-1.623518808e+00 2.349758039e+00 -4.218060225e+00 
8.753472718e+00 -7.474572899e+00 -2.996069827e+00 
-1.061235504e+00 1.298843492e-01 2.164904061e+00 
-4.461175035e-01 -3.315614536e+00 7.610970214e-01 
7.061751582e-01 -2.484231297e+00 2.595402208e+00 
-2.446815894e+00 9.950240082e-01 -4.386440821e+00 
9.078257951e+00 2.299517044e+00 -4.605372570e+00 
4.233343928e+00 6.375836680e+00 -4.845865492e+00 
5.144896328e-02 -8.212186645e-01 1.159243918e+00 
-2.977931099e+00 2.321187129e+00 -1.643751889e+00 
4.859062008e-01 1.445870563e+00 -2.655278206e+00 
1.082817111e+00 -8.906979311e-01 3.239683195e+00 
9.163919002e-01 2.598166494e-01 3.850133960e+00 
1.197829319e-01 -2.790181972e+00 -5.121555497e+00 
5.955863774e-01 -3.490461278e+00 -5.497118486e+00 
9.004881993e-01 2.020446157e+00 -3.218241761e+00 
3.067280261e+00 2.896530613e-03 -2.663640768e+00 
1.773931097e+00 3.206586019e+00 3.560981877e+00 
3.159900196e+00 -3.970581258e+00 4.488595162e+00 
-8.708914896e-01 -4.922320044e-01 2.580532125e+00 
-1.160731956e+00 -4.152272223e+00 -5.289881796e+00 
2.013855336e+00 8.977837803e-02 4.226214858e+00 
-3.230831269e+00 7.497825780e-01 2.893529082e+00 
3.287973588e+00 -2.913659108e+00 -6.001419712e+00 
6.110987647e-01 1.359610628e+00 -4.594454212e+00 
3.782461816e+00 -3.052571552e+00 7.099455235e+00 
1.166622995e+00 2.133948637e+00 -5.749918241e+00 
-7.898644408e+00 1.213807684e+00 8.496443744e+00 
4.409633575e-01 -2.555908422e-01 -3.624305760e+00 
-2.466550557e-02 -3.346120173e-01 -6.185665875e+00 
-3.110960232e+00 -1.158428313e+00 7.275254242e+00 
4.416148984e+00 6.406421309e+00 -3.839659814e+00 
-7.461434929e-01 9.683611444e-02 3.853949143e+00 
-3.579202255e+00 1.886717989e+00 -6.097169173e+00 
1.271599729e+00 9.840082062e-01 -1.050801018e+00 
-4.632188543e+00 4.095648096e+00 6.432740114e+00 
5.068949549e+00 -3.772720243e+00 3.986584059e+00 
-5.816170672e+00 2.436327881e+00 -5.621906121e+00 
1.070672778e+00 -6.636973933e-01 3.928389885e+00 
9.628667217e-01 -2.927992895e+00 5.331717079e+00 
2.074293321e+00 -1.200421922e+00 4.201938329e+00 
-2.410440741e+00 3.290015251e-01 5.831394472e+00 
2.339277733e+00 2.600437990e+00 -1.866675063e+00 
-3.094670593e-01 -4.067852669e+00 -2.056579111e+00 
-1.103122601e+00 -3.674181945e-01 -5.642757215e-01 
1.414561525e+00 -8.385702231e-01 8.154569419e+00 
2.525012076e-01 5.114993964e-01 1.299336672e+00 
7.080303699e-01 6.243967878e-01 1.986001845e+00 
-2.596360593e+00 4.994170742e-01 2.019323381e+00 
1.321746694e-01 -1.761620233e+00 -3.160056960e+00 
-8.954830023e-02 -6.736073090e+00 9.528646009e-01 
-3.029975733e+00 3.752199733e-01 1.243016113e+00 
-2.910670395e+00 -5.997160223e-01 -2.930476604e+00 
-4.124907727e+00 -5.018598439e-01 -4.783380674e+00 
-2.013733771e+00 -1.291886100e+00 4.257499999e+00 
3.411028685e+00 3.002357735e+00 -6.725734758e-01 
-2.286023278e+00 -5.391535257e-02 -4.300978181e+00 
-2.441165897e+00 2.183956642e+00 4.021228548e+00 
-5.786158326e-01 -1.304117582e+00 3.307200642e+00 
-1.520379779e+00 2.402727274e+00 -3.016111711e+00 
6.451867043e+00 2.748569527e+00 6.530418146e+00 
6.486805725e-01 -6.103012924e-01 3.577204024e+00 
3.245819817e+00 -2.162433483e+00 3.294401740e+00 
3.291595766e-01 -1.593560683e+00 -2.696908132e+00 
-8.907357160e-01 3.923506720e-02 -2.106207267e+00 
8.695437221e-01 3.468142537e+00 1.815061673e+00 
3.040039099e+00 -1.034346450e+00 3.264409583e+00 
3.392614633e+00 -1.925245829e+00 -8.259538770e+00 
-6.223022883e-01 2.803071647e+00 -3.603273882e+00 
2.377124876e+00 5.882223469e-01 4.938637803e+00 
-8.052392699e-01 1.483463062e+00 -3.859885063e+00 
3.976108783e+00 2.510221047e+00 -5.085821111e+00 
-1.266630551e+00 1.264526704e+00 -4.202211528e+00 
1.317979404e+00 1.131804756e+00 -2.278595237e+00 
-1.308242140e+00 -1.407309320e+00 4.832082812e+00 
-3.039372277e+00 -9.637500758e-01 -1.507252009e+00 
-6.383992528e-01 8.660275963e+00 -6.899953989e+00 
-3.397932414e-01 -3.218621099e+00 2.246033323e+00 
4.140315679e-01 -2.648202769e+00 3.633154444e+00 
3.133686802e-01 9.098866381e-01 -8.003120011e+00 
9.453646918e-02 -9.246951981e-01 -1.461889292e+00 
-1.071737515e+00 3.003164411e+00 -4.865738282e+00 
2.568861817e+00 -1.486819585e+00 2.989607031e+00 
5.111969047e-01 -2.340142252e+00 -2.975888862e+00 
2.452752318e+00 -1.290383415e+00 2.942372189e+00 
-1.046046552e-01 -2.107141418e-01 -5.032631653e+00 
-6.989511299e-01 1.570624158e+00 -7.682556782e-01 
-3.223610170e+00 -2.848562909e+00 -3.248265840e+00 
1.720828015e+00 -5.116458659e-01 2.187227160e+00 
9.674087911e-03 -2.105024378e+00 3.227426827e+00 
2.554470287e+00 -1.090173410e+00 2.124675987e+00 
3.464172957e-02 9.719766515e-01 -2.951692383e+00 
1.143820306e-01 -3.234357366e+00 -3.645035251e+00 
-5.298621911e-01 -3.546762619e+00 5.540009774e+00 
-3.692148626e-01 5.870294967e-01 3.487327189e+00 
1.345354372e+00 1.748744469e+00 -4.184738705e+00 
1.898917335e+00 -2.390853779e+00 1.348435483e+00 
-1.934835113e-01 2.581969611e+00 -2.066523263e+00 
3.292606438e-03 7.530520774e-02 -5.992435859e+00 
2.753078649e+00 8.998514415e-01 1.814742958e+00 
-1.903578778e+00 2.095679824e+00 -1.051469903e+00 
2.229185820e+00 -1.989108841e+00 -2.657888961e+00 
8.315495913e-01 -1.162768280e+00 3.809581772e+00 
6.590940784e-01 2.183551468e+00 -4.945151309e+00 
1.003514435e+00 6.258917271e-01 1.385057285e+00 
3.599051357e+00 1.318858352e+00 -4.974622308e+00 
1.385917954e+00 -3.692298238e+00 -4.577583889e+00 
-1.149036833e+00 -2.460661496e+00 1.510202272e+00 
9.424958995e-01 4.481331869e+00 -2.851154730e+00 
2.154247115e+00 -2.182077896e+00 -2.732915159e+00 
8.204773551e-01 -2.757734217e+00 7.347609881e+00 
3.061020913e+00 -1.147491439e+00 2.025788057e+00 
4.589193586e-01 -4.456766184e-01 2.507167513e+00 
2.144510983e+00 -1.604008671e+00 1.346909005e+00 
4.273274256e+00 -9.734688290e-01 5.557755828e+00 
7.178086262e-01 -1.135910219e-02 -3.244863877e+00 
-5.526437447e+00 -4.291474897e-01 5.531511152e+00 
6.455970709e-01 4.923831850e-01 1.477286820e+00 
3.660626266e-01 1.686088143e+00 -2.340750350e+00 
-2.301417957e+00 -2.498301774e+00 -3.392599039e+00 
-3.212663791e+00 -2.351747343e+00 4.899329471e+00 
1.476920857e+00 -1.771519305e+00 -1.059898599e+00 
3.220995826e-01 1.906178422e+00 5.245494854e+00 
2.209063704e+00 1.646801622e+00 3.271065634e+00 
4.078641085e+00 -3.207246912e-01 -3.248967684e+00 
2.876809094e-01 -1.935830107e+00 2.649995549e+00 
-1.419019520e+00 2.359694810e+00 4.269172114e+00 
-3.861833976e-01 3.900605249e+00 2.790630789e+00 
3.011720367e+00 1.785436470e+00 -2.985816094e+00 
5.740221839e+00 -2.732539432e-01 6.198782015e+00 
-2.836338790e-01 -9.009971136e-01 -3.562149443e+00 
-2.556929419e+00 9.199764861e+00 7.684646710e+00 
1.026029925e+00 -3.404800189e+00 -1.464653022e+00 
-1.514909980e-01 -8.711757839e-01 -1.280485281e+00 
1.083110541e+01 3.093486856e+00 -6.108384341e+00 
-1.459414943e+00 4.050730822e+00 2.021621365e+00 
-9.061238321e-01 -8.237566123e-01 -9.032854291e-01 
-4.772539284e-01 1.886812612e+00 -1.027806604e+01 
3.647876374e+00 6.538616853e+00 -5.776408243e+00 
7.960607162e-01 3.086176201e+00 -6.531218681e+00 
-5.105927553e-01 2.721983052e+00 -1.281315173e+00 
8.398115577e-01 4.342613773e-01 2.853973368e+00 
1.982678229e+00 -1.256781781e-01 -8.055982652e+00 
-1.078332879e+00 -7.470253991e-01 6.966372327e+00 
1.724589050e+00 -6.840328570e-01 -2.552931362e+00 
-5.507178507e-01 -2.479986704e-01 -4.640267627e+00 
3.015797490e+00 -3.609665128e+00 -2.134851791e+00 
-6.968289589e-01 9.397331659e-01 4.164802209e+00 
-7.573058365e-01 1.168979632e+00 2.974551010e+00 
7.734424339e-01 1.097488765e+00 -4.907488023e+00 
2.848683480e-01 -3.689530781e-02 -1.159987311e+00 
-7.243956120e-01 8.006513720e-01 1.266621504e+00 
2.177479059e+00 -4.278406174e-01 3.007190325e+00 
-3.343078019e+00 -1.667652017e-01 -2.842074687e+00 
1.092324557e+00 9.306861350e-01 -3.357698508e+00 
-1.461986366e+00 -5.654865871e-01 -1.605053446e+00 
4.715217384e-01 8.596462817e-01 2.342809141e+00 
-2.313190299e+00 2.248575445e+00 3.715020278e+00 
5.720568000e+00 -5.769441298e+00 4.949610205e+00 
9.897118915e-01 6.299409629e-01 1.819527033e+00 
8.751683821e-01 -2.266489035e+00 -2.274770869e+00 
-1.857668604e+00 9.123998270e-01 -3.673051809e+00 
3.169464376e-01 6.228114673e-01 -6.197381328e+00 
