1.030446202e+00 4.380037435e-01 1.328967051e+00 
9.839853677e-01 7.607476915e-01 8.898739772e-01 
1.120833944e+00 -5.536808318e-01 -2.242539665e-01 
1.226152941e-01 2.938649052e-01 -1.802159438e-01 
-1.118061145e+00 1.562868728e+00 -1.554943776e+00 
-1.481658728e+00 1.727630350e+00 -3.203130140e-01 
8.289112110e-01 3.646544926e-01 9.861003687e-01 
-7.086214626e-01 3.299727599e-01 2.591842517e-01 
-7.673073166e-01 1.976778603e-01 -1.965254853e+00 
-3.706938838e-01 -5.299848752e-01 1.209780587e+00 
-4.251591349e-01 2.572390658e-01 1.245841548e-01 
-9.683584385e-01 -3.139544117e-01 -1.553016920e+00 
3.177653057e-01 -3.476010728e-01 -1.481603584e-01 
7.454102361e-01 4.711285480e-01 -4.515012946e-01 
2.088813385e-01 1.771582233e-01 -3.300629659e-01 
-6.389769462e-01 -1.237293129e+00 -1.204868703e+00 
-3.348238456e-02 -3.911986386e-02 -1.901495957e+00 
5.032664616e-01 -4.768390757e-01 -2.730456777e-01 
-4.590311670e-01 -2.710770671e-01 4.480609432e-01 
-1.060070690e+00 7.258634566e-01 -4.827343451e-01 
1.199699940e-01 1.515577040e+00 7.851790781e-01 
-1.975027116e-01 -1.805962494e-01 6.585129210e-02 
-1.749043169e+00 1.316837578e+00 -8.726077300e-01 
-4.080032398e-01 -2.635900088e-02 4.933026963e-01 
-2.331028891e-01 -7.971203934e-01 -6.735097771e-01 
-2.561691798e-01 -6.757508189e-02 -7.109377480e-02 
-7.672513925e-01 4.544632227e-01 -1.029660292e-01 
2.124593635e-01 1.186221559e+00 1.238730272e+00 
-1.585572498e-01 3.868306234e-01 -5.194594752e-01 
-2.909353269e+00 -3.879602938e-01 8.867755857e-01 
2.062720408e+00 -2.965581627e+00 9.068302405e-01 
5.171195383e-02 -2.578172080e-01 -1.844344215e-01 
-4.653589376e-01 -4.450646957e-01 -2.564028620e-01 
9.249204417e-01 -4.486941725e-01 -4.576025134e-01 
-3.246594928e-01 6.252434057e-01 -6.231659110e-01 
-1.083918719e+00 7.166545335e-02 1.177302416e+00 
8.965206426e-01 9.993074159e-01 1.121419209e+00 
-3.949546078e-02 4.225596231e-01 -7.427487276e-01 
5.925744809e-01 -8.691006082e-01 7.135320891e-01 
4.336075620e-01 -7.086891258e-02 -3.288819162e-01 
8.008489148e-01 8.578002487e-01 3.228709965e+00 
7.286930256e-01 -2.636344146e+00 9.286328586e-02 
-1.231147701e+00 4.633614891e-01 8.867916823e-01 
-9.778534607e-02 7.141987677e-02 1.286065530e-01 
-8.217228150e-01 -1.417562928e-02 2.479311547e-01 
-1.648663961e-01 1.022989109e+00 8.972721567e-01 
5.467150522e-02 -4.958795009e-01 1.928264930e-01 
2.184520299e-02 -1.265562109e+00 -8.582215724e-01 
-4.260663985e-01 2.391516132e+00 2.456677941e-01 
-5.443732917e-01 -8.733202755e-01 -1.283917951e-03 
-2.887177034e+00 2.340614080e-01 4.370149212e-01 
-3.433455288e-01 -1.233677625e-01 2.460649730e-01 
2.870146542e-01 8.779563215e-02 -5.547480291e-01 
1.759611923e-01 -1.306165679e+00 -5.143828237e-01 
-5.058654686e-01 -8.358316968e-02 1.747695848e-01 
1.167440359e+00 1.484519580e+00 -5.830752999e-01 
1.323178712e-02 2.269089243e+00 1.981998012e+00 
8.937103048e-01 1.109452426e-01 3.948037705e-02 
-1.043476452e+00 -4.440300127e-01 -8.758878214e-01 
-4.221322023e-03 4.054013345e-02 -7.857339352e-01 
-2.489435505e-01 -1.994547146e-01 8.945575782e-01 
5.530871074e-01 1.306401477e-01 1.758027629e-01 
-1.649706244e-01 3.696231287e-01 -1.880858815e+00 
-5.827080273e-02 -1.405486426e+00 -4.719319272e-01 
1.401138518e-01 -1.309239200e+00 -3.147707996e-01 
-4.020251557e-01 -2.273154537e-01 8.305315366e-01 
-1.396365093e+00 1.883188813e+00 4.716512014e-01 
3.810361370e-01 3.320746590e-01 5.920209761e-01 
-3.179437152e-01 2.900471301e+00 2.812698603e-01 
-6.467921104e-01 6.903327701e-01 -6.476759257e-01 
9.142413349e-01 -2.615820023e+00 9.048469468e-01 
-1.882044914e+00 3.685296569e-01 9.845920680e-01 
-3.356435258e+00 -4.002236094e+00 2.039450991e+00 
1.440755568e+00 1.129586517e+00 -1.237819357e+00 
1.524216470e-02 5.393775912e-01 8.405501728e-02 
-1.079602232e+00 2.978794261e-01 -6.115739468e-01 
9.978300246e-02 -2.026628277e+00 8.151013996e-01 
-9.007275079e-01 -8.642368204e-02 -1.118357023e-01 
3.162651960e-01 2.028824357e+00 -6.730157208e-01 
4.925522470e-02 9.100803570e-02 1.089108733e-01 
2.694748492e-01 -4.509433314e-02 2.168522755e-01 
5.266756690e-02 -1.080911262e-01 2.642496227e-01 
-1.401712142e-03 -6.209331868e-01 -6.921945774e-01 
-5.539488569e-02 8.850372408e-01 -7.869384741e-02 
7.050731731e-03 -8.435899641e-01 1.059457479e+00 
-2.445143236e+00 8.171566080e-01 -2.814336949e-01 
2.828700924e-01 7.285945987e-01 -7.258563557e-03 
-4.055051536e-01 5.694827642e-01 2.671504841e-01 
-7.866395918e-02 -9.848911402e-02 3.233878475e-01 
7.475074907e-02 -1.463744821e+00 4.891420672e-01 
-5.734997022e-01 -8.377882659e-02 6.579482933e-01 
-6.219721674e-01 2.230229506e-01 -4.887847128e-01 
1.247513408e-01 -5.220572726e-01 -9.918218097e-01 
9.430749385e-02 5.259083868e-02 5.618770338e-02 
-2.696189708e+00 1.214571288e+00 -2.978043628e-01 
-1.537818993e+00 2.478760637e+00 -2.630931470e-01 
8.425374662e-01 7.760857704e-02 -4.246352630e-01 
4.365064653e-01 5.140058487e-01 5.096183109e-01 
1.081705398e+00 2.984160532e-01 -2.615050263e-02 
1.011716342e+00 3.296558328e-02 3.647427638e-01 
-1.650543553e+00 1.486190708e+00 8.451562344e-01 
-4.598243791e-01 -1.461526915e-01 -2.722707359e-01 
-9.671667881e-01 3.080494531e-01 5.329732198e-01 
-6.724606667e-01 -6.964563418e-01 1.131844094e+00 
-3.978044989e-01 1.331313286e+00 7.806483682e-01 
-2.063947196e-01 -2.519039819e-01 -1.716972228e+00 
2.796987052e-01 -2.396072879e+00 -9.323643905e-01 
3.706881419e-01 -2.408453285e-01 3.132152729e-01 
7.246837709e-01 -1.486678809e-01 -1.057928744e+00 
-5.758495505e-01 5.712139100e-01 1.768811956e+00 
-5.600172190e-01 -5.557115503e-01 -7.949807389e-01 
-3.357719027e-02 -1.590966147e+00 2.886613205e-01 
2.507923969e+00 -1.855515247e+00 3.091858495e-01 
-3.920001383e-01 -2.348787473e+00 2.290374293e-01 
-4.431262995e-01 -4.971625230e-01 9.992292417e-01 
1.376199983e+00 -2.852407807e-01 -1.986416002e-01 
-7.594330626e-01 1.010463067e+00 2.476310996e-01 
3.705669288e-02 -2.528561072e-01 2.243789121e-01 
2.707260897e-01 -2.220683281e+00 3.013652948e-02 
4.718213968e-02 -6.856842671e-01 -5.124332435e-01 
1.569361578e+00 -5.504185479e-01 -4.051785166e-01 
1.516828784e+00 -9.040513329e-01 -1.773591914e-02 
2.211447389e-03 2.536298600e-01 -2.660518507e-01 
-1.131577824e+00 1.471212475e+00 1.396676190e+00 
2.966162519e+00 -3.783570539e-01 -1.170242997e+00 
1.885451220e+00 1.805613311e+00 -2.352510183e-01 
-3.496879103e-01 -1.062453839e+00 7.588465739e-01 
6.992688886e-01 -1.018354668e+00 1.336447301e+00 
-4.860264840e-01 -4.075526641e-01 -4.175528644e-01 
-1.084997468e+00 -1.448500538e+00 1.743798642e+00 
5.444459572e-01 -2.445447228e-01 1.893887266e-01 
3.656779172e-02 4.423692212e-01 -4.375258697e-01 
-2.596641229e+00 -1.825350120e-01 1.473461508e+00 
4.863879198e-02 -3.525119074e-01 6.139626265e-01 
1.163450495e+00 -1.569798521e+00 1.237435187e+00 
3.395716353e+00 7.918811309e-01 -1.602090105e+00 
-5.581474973e-01 -6.805216516e-03 -3.093715086e-01 
5.724614853e-01 3.689802543e-01 7.752319905e-01 
-1.479498277e+00 1.312337371e-01 2.887636530e+00 
8.332675758e-01 -1.256090197e+00 -3.006740516e-01 
8.527873488e-01 6.243002167e-02 -7.382524009e-02 
-3.817122420e-01 2.526522210e-01 -8.923989193e-01 
-9.009340136e-01 6.739474091e-01 -5.527439403e-01 
-8.981995255e-03 -2.638101321e-01 4.631237955e-01 
-1.230220610e+00 -6.485377520e-01 4.115080827e-01 
2.954486808e+00 8.077324798e-01 1.206695610e+00 
-1.416638588e+00 4.967593248e-02 -1.900308919e-01 
-1.175890097e+00 -4.153106302e+00 5.569573877e-01 
-1.116061013e+00 3.153379321e-01 7.199474498e-01 
4.617399692e-01 -1.491522319e+00 -5.702852312e-01 
-2.760794807e-01 4.306305088e-01 -4.156636289e-01 
-9.046443173e-01 8.273927894e-01 1.165550404e+00 
-2.021049808e-01 -6.678212062e-02 1.791403913e-01 
1.571966611e+00 8.730513619e-01 5.161176636e-01 
2.800518758e-01 -1.053428890e+00 4.255550908e-01 
-1.344170521e-01 -5.362187416e-01 -6.559960811e-02 
-1.830559160e+00 1.882666942e+00 7.115622643e-02 
-5.626066011e-01 -9.528934863e-01 -1.920563296e-01 
9.419404436e-01 -5.085875660e-01 -1.681107855e+00 
-7.473117320e-01 -1.600943807e+00 1.692948343e+00 
-1.714616840e+00 2.749692337e+00 -2.212490239e+00 
3.972925219e-01 1.296529554e-01 -1.497550538e-01 
-9.079135103e-01 -4.878843444e-01 -2.241581288e-01 
-7.227738022e-01 2.356741121e-01 1.517336993e-01 
-1.722174242e+00 -1.967327528e+00 -2.345087776e+00 
-7.249603383e-01 -2.909866776e+00 2.521977382e+00 
1.001090350e+00 8.857607321e-01 6.720344867e-01 
-2.757469896e-01 6.755192601e-01 -4.724769679e-01 
-2.172895936e-02 7.049455606e-01 3.713691030e-01 
-1.264381795e+00 1.023850322e+00 5.929415984e-01 
-2.719885355e-01 7.458410173e-02 -3.577200544e-01 
-4.078255001e-01 1.269474194e+00 -1.028061207e+00 
4.249001724e-01 1.176441844e+00 1.526594902e+00 
2.526401050e-01 -6.574701151e-01 -6.561717339e-02 
5.251187715e-01 1.533774967e+00 -1.811920634e-01 
-9.683877159e-02 -9.649018918e-01 -2.451417963e-01 
-4.197513319e-02 -1.991988240e-01 -3.429644466e-01 
-1.097732714e+00 -1.308817738e+00 -4.876466781e-03 
4.600675309e-01 -7.430218223e-01 1.637304894e-01 
-7.282727647e-01 -1.659202198e-01 -2.533689473e-01 
-6.007985574e-01 6.244605741e-01 -1.140380757e+00 
3.726140806e-01 1.108746745e-01 -1.963651134e-01 
1.589328440e+00 -1.098591480e+00 1.042167246e-01 
1.047382817e+00 -7.115575463e-01 6.888978402e-02 
3.995527861e-02 -9.187908502e-01 -5.045047325e-01 
-6.419380005e-01 -1.074402312e-01 -4.025974407e-01 
2.474415122e-01 2.036056564e+00 -1.524129023e+00 
-1.213684944e+00 -8.256305163e-01 1.485235046e-01 
2.837069451e-01 -6.178257919e-02 4.010212553e-01 
-1.476421348e+00 3.135542843e-01 1.182671132e+00 
-9.285727751e-02 -3.407462488e-01 6.163616842e-02 
-1.177030176e-01 -1.658559987e-01 -4.262802105e-02 
-1.628614506e-01 3.906470794e-01 8.142034967e-01 
-2.754163699e+00 2.059164754e+00 2.132102174e+00 
4.166615038e-01 1.877338706e+00 -9.457082120e-02 
3.064579284e-01 8.658332157e-01 4.215916861e-01 
-3.821981710e-01 -1.881405191e+00 -1.989932098e+00 
-2.414361972e-01 -4.340346632e-01 5.135628562e-01 
-4.362985568e-01 9.163203348e-01 1.190901942e+00 
-1.183934636e+00 2.365218005e-01 -7.106971495e-01 
-1.665791976e+00 -6.598341260e-01 2.720183622e-02 
1.308746294e-01 5.618540973e-01 1.011277694e+00 
1.814339982e-01 1.185514422e+00 4.674639366e-01 
3.298563049e-01 -5.744399858e-01 1.662135901e+00 
-3.058620931e-01 1.990949393e-01 -3.438532952e-01 
-7.324408866e-01 1.040820074e+00 2.107364170e+00 
7.619768962e-01 -8.605147194e-01 -8.529155879e-02 
4.243473170e-01 -4.864852396e-01 1.209932385e-01 
1.376735642e+00 -3.923149224e-01 4.970287853e-01 
1.640851441e-01 1.593112176e-01 -8.801231782e-01 
3.250174017e-01 -8.345805674e-01 -2.004684453e+00 
-1.337112105e+00 -2.023494996e+00 -3.848323155e-01 
2.635988797e+00 -1.708314229e+00 -1.622634550e+00 
-5.621192176e-01 1.862449025e+00 -1.328436062e+00 
-2.568318114e-02 7.819502569e-02 1.062248037e+00 
4.199779829e-01 -7.250994114e-01 3.973937306e-01 
-5.973794271e-01 4.808707272e-01 6.584774177e-01 
2.030832850e+00 -8.060990962e-01 7.347109172e-01 
9.676062980e-01 1.048350665e+00 3.564747876e+00 
-1.139911240e+00 1.796372872e+00 -7.515494984e-01 
2.354442748e-01 1.316947265e+00 1.185221319e+00 
4.596115608e-01 2.234887497e-01 1.079646103e+00 
1.884189795e+00 9.884198555e-01 4.802322084e-01 
3.850734961e-01 -3.226349352e-01 -3.884770058e-01 
5.282071141e-01 3.087750790e-01 1.303792045e+00 
-8.688112378e-03 -1.055015909e+00 -2.671287013e+00 
4.822660484e-01 3.260970949e-01 -4.248121229e-01 
3.476105824e-01 4.489979281e-01 -1.456531261e-01 
-4.206678556e-01 -3.829649137e-01 1.001296139e-01 
-1.586057525e-01 -1.379920113e-01 5.998783907e-01 
3.022182213e-01 -1.329496440e-01 6.101847084e-01 
-3.565634432e-01 -1.655446967e-02 -4.485169274e-01 
-7.387048697e-01 -1.806440794e+00 -3.534628208e-01 
1.586806604e+00 -4.424679145e-01 1.928901279e+00 
9.977561124e-01 -7.132197284e-01 6.020143635e-02 
-1.735707387e+00 -9.169124045e-01 2.427527604e-01 
-1.445414421e+00 -2.266957212e+00 -2.244830975e-01 
1.043379187e+00 -5.280239663e-01 -2.900095461e+00 
4.487424585e-02 -1.189454075e+00 -1.910719140e-02 
1.750211857e+00 2.428814414e-01 1.340053867e+00 
1.501133274e+00 -2.237841644e-02 2.279763097e-01 
9.945733047e-01 -1.844998461e+00 5.571034829e-03 
-1.065770448e+00 3.123587994e-01 6.305512661e-01 
-3.004235730e-01 -2.135042684e-01 6.072898195e-01 
1.040262420e+00 1.232125967e+00 -7.738558897e-01 
-1.011398312e+00 -5.669480990e-02 2.533071258e-01 
-8.266828387e-01 -9.502643507e-01 -2.910473314e-01 
-1.798208381e+00 1.017900501e+00 1.117316457e+00 
1.470481773e+00 2.003580181e-01 -4.387597438e-01 
1.183083252e+00 1.637236039e-01 7.316290908e-02 
4.733395155e-01 -1.270856769e-01 -1.431919187e+00 
7.595951195e-01 1.530779259e-03 -1.012737022e+00 
1.775594821e+00 1.842621391e+00 2.426160440e-01 
-9.009966489e-02 7.133861238e-01 8.662724482e-01 
-1.424458405e+00 -3.193348833e-01 3.942801601e-01 
3.638524105e-02 -7.772329256e-01 2.890528223e-01 
3.799036644e-01 2.899614657e-01 -6.346288840e-02 
8.074309795e-01 -3.589539272e-01 -1.163129378e+00 
1.865885197e-01 1.728298187e-01 4.168580862e-01 
-1.157583096e+00 -2.207325803e-01 9.783665799e-01 
1.055116992e+00 7.039788407e-01 7.070235527e-02 
2.396216284e-01 1.642318997e+00 1.437208905e-01 
1.847238703e-02 -1.492112278e-01 3.074813914e-01 
1.861007771e+00 2.125502774e+00 -2.954479414e-01 
-1.546838188e+00 -3.216467652e-01 6.654702245e-01 
-5.426487490e-01 -6.804192853e-01 -1.810009990e-01 
1.927069732e+00 -1.163525075e-01 6.179057536e-01 
-1.971348031e-01 4.712103363e-01 1.735421572e+00 
-1.185915379e+00 4.736975713e-01 -1.653757826e+00 
2.047824400e+00 -6.751684043e-01 9.014498980e-01 
-4.055419568e-01 -1.273378623e-01 2.803287819e-01 
-1.571773463e+00 -5.390890262e-01 6.163646270e-04 
4.340227565e-02 -1.745048018e-01 -1.455035785e+00 
6.560684998e-01 -1.015230913e+00 -7.855334677e-01 
6.906643222e-01 -6.965325583e-01 -5.200098362e-01 
2.965399224e-01 1.456272024e+00 2.236516776e-01 
1.584123877e-01 3.469747210e-01 -9.703644221e-01 
-6.745891573e-01 1.104689512e+00 1.275883750e+00 
8.643985989e-01 1.707300633e+00 -3.455392740e-01 
2.629134488e-01 -4.584863812e-01 -5.385865012e-01 
-7.301247796e-01 -2.787634363e-01 -1.351476405e-02 
7.792302669e-01 -1.573469596e-01 7.985610681e-01 
2.790329891e-01 8.022619577e-01 -8.056964196e-01 
3.677710493e-01 -8.471233621e-01 8.046286535e-01 
1.774639366e+00 9.889715294e-01 -7.281465464e-01 
7.988198306e-01 7.583780369e-01 4.313443962e-01 
-4.021791061e-01 -2.126054754e+00 7.612074176e-01 
-1.060288944e+00 1.851538570e+00 3.686321794e-01 
-1.234839128e+00 -3.687335204e-01 2.217081123e+00 
-5.180956149e-01 -1.024614326e-02 1.052186152e-01 
-1.056746596e+00 -7.286059558e-02 -2.935384039e-01 
-1.196995710e+00 -6.622814834e-01 2.994711855e-01 
9.983312979e-01 -1.746413201e-01 8.050686840e-01 
3.807569500e-02 -4.684200915e-01 -6.925000743e-01 
3.342546145e-01 9.810772222e-01 -8.037364618e-01 
3.974998024e-01 -1.516863789e-01 -3.841597106e-01 
8.357222380e-01 -2.024387066e+00 4.263728424e-01 
-2.048281154e-01 -7.853808653e-01 2.993940089e-01 
4.115520102e-01 -1.848638658e-01 -5.728738094e-02 
-1.755893167e-01 2.447301979e-01 5.458266567e-01 
5.657418351e-01 -1.353363153e+00 3.920760045e-01 
4.420834858e-01 3.184757717e-02 -2.097938967e-01 
1.203730870e+00 -1.595341921e+00 7.283053193e-01 
-4.222993390e-01 -1.639945992e+00 -1.945945932e+00 
-9.491448581e-01 -1.027843715e+00 -1.623875240e-01 
9.026934710e-01 -6.429091258e-01 -1.774489146e+00 
-1.324158204e-01 1.628021706e+00 -1.606896674e+00 
6.565196594e-02 -4.064546958e-02 -1.374397506e-01 
2.651699423e-01 1.962829551e-01 -1.449597420e+00 
-1.185223030e+00 2.609128289e-01 1.170903513e+00 
2.065438478e-01 -2.834572790e-01 -7.130386508e-02 
-5.007266645e-02 1.241362379e+00 2.317976602e-01 
-5.623798215e-01 -6.945474549e-01 -1.238746866e+00 
-1.829763298e-02 8.168998616e-02 -2.462117102e-02 
2.070615650e-01 -1.466563211e-01 6.213948922e-02 
-9.659737278e-02 -7.642483412e-01 1.665448206e-01 
5.306484038e-02 -1.145845412e+00 4.849161377e-03 
4.089087141e-01 -3.558395788e-01 1.385080061e+00 
1.033430291e+00 -1.592060404e-01 -9.680306896e-01 
9.810710057e-01 -1.135257368e+00 -9.323250255e-01 
-2.000016826e-01 2.280209141e-01 1.203884077e+00 
1.467217120e+00 -1.443583757e+00 -7.824386066e-01 
4.459772060e-01 -5.445740781e-01 -1.737958127e-01 
1.107792391e+00 3.311683968e-01 -1.198351891e+00 
-1.354454821e+00 1.241599365e+00 -1.303499732e+00 
6.227347767e-01 -1.918274875e+00 -5.241895942e-02 
-7.660217630e-01 6.489382132e-01 2.086427501e+00 
9.082650187e-01 -7.545215725e-01 9.220649178e-01 
-9.475995344e-01 -1.886288660e-01 2.568704208e-01 
-2.149609461e-01 7.394528418e-01 -3.141055017e-01 
-2.964454950e-01 2.173199313e+00 -5.968714082e-02 
-3.156270152e-01 -4.453314449e-01 -6.059500398e-01 
-1.668357023e-01 5.265826534e-01 6.711382064e-01 
1.333265579e+00 5.887429264e-01 1.498618250e+00 
-2.437134921e-01 -1.586435082e+00 4.738732356e-01 
-9.408054144e-01 3.869531264e-01 -1.996280436e-01 
-9.620418831e-01 1.782992548e+00 -2.671060576e+00 
-1.937203789e+00 4.792426884e-01 1.746232211e+00 
-5.965058575e-01 4.480245081e-01 2.285060917e-01 
-7.355893629e-01 4.463994695e-02 -3.410018755e-01 
4.114134608e-01 -2.803993066e-01 7.423452101e-01 
-2.134772370e-01 -5.122977921e-01 -4.222201561e-02 
1.520504070e-01 1.497979252e-01 -8.341015501e-01 
-3.860154780e-02 -2.276774358e-01 -1.999158858e-01 
3.180657810e-01 2.118118257e-01 1.896380542e-01 
1.315654761e-01 3.067025678e-01 2.079746285e+00 
2.471080222e-01 1.691561476e-01 -4.920119073e-01 
8.265863158e-01 -1.837967173e+00 -9.250405596e-01 
-1.968451527e+00 -1.962371464e+00 5.738346431e-01 
5.809441729e-01 3.849508252e-01 2.625655689e+00 
1.253002087e+00 -7.473007781e-01 1.261959370e+00 
-5.175310085e-01 1.323212454e+00 1.371110820e-01 
1.309141143e+00 5.249376726e-01 5.181893838e-01 
9.988515163e-01 -1.019627623e+00 -2.220974588e-01 
-7.327243603e-01 9.379347159e-01 -2.959920359e-01 
3.090090508e-01 1.132446153e+00 1.074566508e+00 
4.799857272e-02 -9.257542036e-02 -2.499439723e-01 
8.699179661e-01 -1.002234003e+00 4.725537900e-01 
-1.207623121e+00 2.210149423e+00 -4.494623368e-01 
-7.784535047e-01 4.478068470e-01 5.502228839e-01 
-8.435770958e-02 1.743271490e-01 3.405383380e-01 
4.784081809e-01 3.795444150e-01 -1.828706545e+00 
-5.057347908e-02 -7.566180443e-02 -3.650549626e-01 
8.794092238e-01 8.778727660e-02 -8.519078737e-01 
9.958597560e-01 7.183154823e-01 5.800401407e-01 
-8.910786164e-01 -1.401562332e+00 -9.134093120e-01 
-3.812408746e-01 3.076644703e-01 -3.682530551e-01 
-9.563846837e-01 -2.635172275e+00 -5.085509891e-03 
-7.970265294e-01 3.588219285e-01 6.451791398e-01 
-6.955062632e-01 -4.185151590e-01 3.791195606e-01 
-5.959181855e-01 3.290814581e-01 1.586490693e-01 
1.251007723e-01 2.461189172e-01 -7.816317276e-01 
1.181135752e+00 8.839048408e-01 -6.951844843e-03 
-1.018537889e-01 -7.750336866e-01 1.991299230e+00 
-5.989232937e-01 6.661983457e-01 -6.082047260e-01 
-5.153146768e-01 5.645374736e-01 8.333993432e-01 
-5.784402938e-03 -4.527520107e-01 1.283012368e+00 
5.349260337e-01 1.531671684e+00 -1.638423909e-01 
1.008636825e+00 -1.022253574e+00 1.634504296e-02 
1.349951693e-01 2.767749786e+00 -9.826742259e-01 
-1.514907124e+00 -1.050248379e+00 -8.156176637e-01 
-2.096736967e-01 -3.225093365e-01 3.484900326e-02 
-8.364909603e-01 6.178209063e-01 -2.243108673e-01 
-1.818197578e+00 4.037711311e-01 -4.221291051e-01 
-6.802339620e-01 1.319638502e+00 1.033107913e+00 
3.256552825e-02 -6.406267111e-01 3.928194221e-01 
2.393251572e+00 8.645132217e-01 -8.765859742e-01 
5.144739785e-01 1.282221146e-01 5.336787875e-02 
2.065437274e-03 -1.275695281e+00 -4.152721515e-01 
1.937233410e+00 -1.041587960e+00 -2.768450997e+00 
1.684064335e+00 -2.517648511e-01 4.175997864e-01 
-2.320226726e-02 1.728372055e+00 3.278055161e-01 
-8.577783842e-02 -7.412411587e-03 6.904081236e-01 
9.570204261e-01 3.218434289e-01 7.448194267e-01 
-3.858371765e-01 -1.926176105e-01 3.000098234e-01 
-1.018866835e-01 -2.324745723e-01 -3.247734540e-02 
5.634969125e-01 1.281251137e+00 -9.191897955e-01 
-1.119286434e+00 1.382599436e+00 1.026044927e-01 
-7.110876445e-01 -1.200471761e+00 -9.342063435e-02 
7.369086572e-01 1.877563730e+00 1.334255740e+00 
1.412586283e+00 -2.562154542e-01 -8.241269560e-01 
1.289483311e+00 1.960825678e-01 5.266044562e-02 
-2.705533896e-01 -3.546512007e-01 1.498137355e+00 
-7.820794209e-02 -8.879248414e-02 4.251880017e-01 
-2.632909226e-01 -6.690196287e-01 -6.774362510e-02 
-8.353335094e-01 -1.727696661e+00 -1.147514910e-01 
3.873773932e-01 5.665001728e-01 2.292278093e-01 
-1.013929513e-02 -6.315546451e-01 6.172152610e-01 
1.812213855e-01 -6.500084055e-01 -4.159399147e+00 
1.850708522e-01 4.307075192e-01 -5.577299414e-02 
-4.085046130e-01 4.848470008e-01 -1.046586273e+00 
4.969641576e-01 1.245005692e+00 1.666504478e+00 
6.606481342e-01 -8.670358392e-01 1.998373755e-01 
1.199478786e-01 7.873004763e-01 -2.634707489e-01 
2.179985664e+00 7.424162760e-01 6.874870913e-01 
1.818865284e-01 4.384946469e-02 -2.930136487e-01 
-3.684628113e-01 7.013004734e-01 5.542799369e-01 
-1.936497304e-01 6.264883062e-01 -9.542315706e-01 
-1.800184266e-01 1.611493241e-01 -4.859878357e-01 
6.133467452e-01 5.282091725e-01 3.291659722e-01 
3.434241038e-01 9.651943227e-01 -3.252452855e-01 
-7.505583969e-01 -1.813857651e-01 5.333869352e-01 
1.670758822e+00 -8.564866036e-01 -5.056843918e-01 
1.381192353e+00 1.198107863e-01 -4.058819058e-01 
-1.343647090e+00 3.022221388e-01 -1.185949012e+00 
-8.529880703e-01 -4.083734201e-01 -2.881364127e-01 
2.853635576e+00 1.105378244e-02 2.110988636e-01 
1.866913659e-02 2.381839575e-01 -6.408228813e-02 
-1.370302473e+00 -7.967732570e-02 -4.873337151e-01 
3.934412248e-01 -8.025380362e-01 1.260193615e+00 
5.434248001e-01 1.285853496e+00 -1.087818446e+00 
3.525200943e-01 -1.222884811e+00 -4.214871867e-01 
-1.118785223e-01 -3.749888144e-01 -8.838887513e-01 
3.189821049e-01 9.140820335e-01 -2.253719133e-01 
-1.197509620e+00 8.403254493e-01 5.091108989e-01 
-1.834138291e-02 2.267205674e-01 -9.563878139e-01 
-2.422446161e-01 -1.528561622e+00 -1.528348884e-01 
3.443950120e-01 6.327543592e-01 4.225415647e-01 
-1.703379152e-01 9.324938687e-01 -5.887823531e-01 
1.170627597e-01 1.830021820e-03 -7.714503134e-02 
-1.525308549e-01 -2.640650354e-01 5.570715753e-01 
2.538359220e-01 -1.945575270e+00 6.308644234e-01 
5.694273322e-01 -1.639725158e+00 2.095675942e+00 
-1.313371276e-01 6.618326200e-01 3.189466569e-02 
-4.900983690e-01 5.537913795e-01 7.878468462e-01 
5.622214242e-01 4.176729765e-01 -9.281231762e-01 
-1.948648811e+00 -4.713943609e-01 1.109483270e+00 
3.201360463e-01 -6.447941976e-01 -2.596189973e-01 
-2.760676607e+00 -1.082170466e+00 -3.065796549e-01 
-5.374083275e-02 5.927221974e-01 1.446392980e-01 
-6.009373946e-01 -1.852855653e-01 8.186539544e-03 
-1.204910957e+00 -6.357682816e-01 -9.038037457e-02 
5.169712927e-02 6.711121126e-01 6.621432555e-01 
6.349762346e-01 5.645034666e-02 9.984523308e-02 
7.412812102e-01 5.621972224e-01 -3.712147506e-01 
-1.313070125e+00 1.274942638e+00 -7.040716446e-01 
6.756970600e-01 -2.702086001e+00 -3.167594306e+00 
-2.046524063e+00 -9.399421137e-01 5.996830994e-01 
4.240452206e-01 7.341252931e-01 1.225594232e+00 
-3.355070620e-01 -2.419771193e-01 9.278891817e-01 
-6.368482672e-01 -1.768549828e-01 -1.298252788e+00 
-4.550726734e-01 -2.352662570e-02 -2.771138445e-01 
-2.073647015e-01 -1.147481159e+00 -3.770764684e-01 
-1.858821661e-01 8.641346675e-01 -1.144528061e+00 
1.452360618e+00 2.539205119e-01 -3.930003252e-01 
1.451086070e+00 -1.082104326e+00 1.206974844e+00 
-1.094288403e+00 6.397798869e-01 1.007839203e+00 
1.006847252e+00 2.157135726e+00 -2.643307791e+00 
7.560836894e-02 3.021765485e-01 9.048220554e-01 
2.018229403e+00 -2.974608602e+00 -1.031402703e-01 
-2.553649213e+00 1.318713742e+00 1.543493463e+00 
9.316070304e-01 -4.480774027e-01 2.434799714e-01 
-2.649636835e-01 8.804249864e-01 2.741600111e-01 
3.782192850e-01 -5.905815692e-01 3.042895863e-02 
-1.281915614e-01 1.146629342e+00 3.852744200e-01 
-3.210957475e-01 8.048530147e-01 -7.248505447e-01 
5.317490255e-01 4.096295396e-01 -3.304747313e-01 
2.917440276e-01 2.016841593e-01 -7.164685222e-02 
8.296521660e-01 -4.925066477e-01 3.167695290e-01 
1.238921119e+00 -4.541842745e-01 4.359728806e-01 
-7.539575667e-01 1.773519668e+00 3.315457822e+00 
-7.590337837e-01 -4.427846658e-01 -4.918132639e-01 
1.124402450e+00 3.032732481e-01 6.258790569e-01 
7.857014501e-01 -5.684626050e-01 -3.998987712e-01 
-1.291945144e+00 -7.320004803e-02 -9.882645728e-01 
2.810790765e-01 -1.224811549e+00 1.397392347e-01 
-1.618469911e+00 1.332784361e+00 1.556216831e+00 
-1.275615662e+00 2.166599174e+00 1.975514963e-01 
1.047354969e+00 -7.567653761e-01 -4.009161212e-01 
1.021746891e+00 4.218502508e-01 -1.894329989e-01 
1.737950581e-01 3.061093918e-01 -6.175750869e-01 
-3.370503098e+00 -4.947750436e-01 9.436754695e-01 
-1.380980394e+00 2.116444838e-01 8.360145517e-01 
7.533203979e-01 -4.727133047e-01 -2.581007646e-02 
6.639207967e-02 6.247515115e-01 -3.517852544e-01 
2.507069965e-01 -1.258757015e-01 8.631991764e-01 
-7.931138261e-01 -4.487975299e-01 -1.271862057e+00 
-1.292839428e+00 9.205291643e-01 -4.325255715e-01 
4.894798877e-01 -1.658094714e+00 6.138510824e-01 
8.081022587e-01 -4.829812874e-01 -8.298163160e-01 
2.479296497e-01 2.026152227e-01 -4.881246014e-01 
6.864514912e-01 3.164548747e-02 1.718781044e+00 
3.474475522e-01 -1.047606318e-01 8.377495631e-01 
3.885879088e-01 8.421802346e-03 5.382709924e-01 
5.196202444e-01 1.335853142e-01 -2.007744032e-01 
5.489926376e-01 -2.023298258e+00 1.455610525e-01 
4.240472891e-02 -1.116603632e-01 6.170711422e-01 
1.016882376e+00 -1.286692504e+00 1.564117096e-01 
-2.130167198e-01 -1.720773196e-01 -1.134936167e+00 
-7.687272691e-01 -7.120458410e-01 6.311394472e-01 
-2.812521978e-02 -3.137386576e-01 -1.129910951e-02 
1.539944060e+00 1.007620694e+00 -1.176358225e-01 
5.236471770e-03 -2.658017436e+00 -1.407303703e+00 
-3.379875034e-01 -6.499847951e-01 4.632964565e-01 
-1.288255141e+00 -7.793874249e-01 2.173908986e-01 
5.446545210e-01 -3.783455529e-01 6.167189541e-01 
2.464091316e-01 1.132446602e+00 -2.338521489e-01 
3.427446584e-01 1.099344485e-01 -7.768484793e-01 
-6.378974625e-01 1.563339871e-01 3.285724697e-01 
1.185013201e+00 1.877231007e-02 6.128220989e-02 
-3.034298090e-01 -1.489595106e-01 7.682712224e-01 
2.423507345e+00 4.340637362e-01 6.645983353e-01 
2.279575490e-01 -7.077938917e-01 1.072290963e+00 
-5.995985404e-02 -3.674882849e-01 2.952714454e-01 
-7.907470347e-01 1.198680982e-01 1.141436903e-01 
9.660671260e-01 -2.236224370e-01 6.897960658e-01 
-2.829557358e-01 6.579973841e-01 -3.417172687e-01 
1.557884246e+00 1.825080802e+00 -3.741733737e-02 
-9.725627401e-01 -3.588475232e-01 1.786723345e+00 
4.706547770e-01 -1.486958989e-01 -3.794173776e-01 
9.920786900e-01 9.141770632e-01 -1.672687948e-01 
-3.119104589e+00 5.606526221e-01 -3.059703044e-01 
-1.340360948e-01 -9.272718133e-01 -1.012520876e-01 
-1.032058390e+00 6.593204442e-01 -7.874434611e-01 
2.573520824e-01 2.404266747e-01 1.519545946e+00 
-6.882107003e-01 -1.849566197e+00 8.319790960e-02 
1.030396088e+00 5.455326879e-02 2.450344575e-02 
-5.008291792e-01 -1.264653646e+00 -3.653616668e-01 
-9.551341382e-01 9.477376315e-02 -5.395630494e-01 
7.944830884e-01 -3.583171289e-01 8.289261118e-01 
8.689799307e-01 9.182922449e-01 -5.318264284e-01 
1.726518495e-01 5.146920901e-01 5.764663026e-01 
5.651047131e-01 -4.226835196e-01 -8.267661677e-01 
-4.189957936e-01 1.760931060e+00 7.908221118e-03 
-3.084756861e-01 4.671305892e-01 9.575760791e-02 
-2.336199585e-01 -1.852945542e-02 4.298561993e-01 
2.350037522e-01 4.274495529e-01 1.696790090e+00 
-1.022172088e+00 -1.341033702e+00 5.143182102e-01 
-1.878248537e+00 6.996118384e-01 -4.399767315e-01 
1.792186336e-01 7.958779787e-01 -1.333878333e-01 
1.844507774e+00 1.171431637e+00 7.352217826e-01 
1.198169836e-01 1.625544252e+00 2.872421903e-01 
-8.331493933e-01 1.077045709e+00 -2.325252734e+00 
3.113159453e-01 -4.012538727e-01 -2.456774554e-01 
9.865893404e-01 8.756555457e-01 3.120422673e-01 
3.142892376e-01 8.494388991e-01 -3.639488356e-01 
-5.252885162e-01 -2.681723950e-01 -7.452787605e-01 
7.652418125e-01 -8.368946759e-01 1.896190301e-01 
-1.528468575e-01 -3.573176223e-01 -1.533816410e+00 
-1.149588825e-01 3.773790709e-01 -3.059721228e-02 
-7.873234835e-01 1.286716455e-01 -1.300175474e-01 
3.941020580e-02 -1.087688821e+00 -2.613082023e-01 
-3.455009487e-01 -3.594808786e-02 1.504459077e-01 
1.123000592e-01 2.761019485e-01 -4.573788753e-01 
1.250979176e+00 1.866453331e+00 -1.054503520e+00 
-5.607879374e-01 3.057108968e+00 3.284384960e-01 
6.442326641e-01 2.373572805e-01 6.269516058e-01 
-1.120900559e+00 6.161629067e-01 -4.285885367e-01 
5.930908353e-01 1.948659488e+00 2.289604201e-01 
9.935614175e-01 3.171186459e-01 2.801007357e-01 
9.608296752e-01 -1.220528880e+00 -1.908323697e+00 
1.081028613e+00 1.916235242e-01 5.806757817e-01 
-8.993198744e-01 -1.202616014e+00 1.225974568e-01 
2.959105440e-01 1.605595158e-01 -2.377224863e-01 
-9.846107389e-01 2.469018454e-01 -2.563312800e-01 
7.373025950e-01 -1.077474816e+00 1.844136108e+00 
6.977355053e-02 -1.887117143e-01 -5.318029118e-01 
-1.563325050e-02 -6.548158831e-01 2.019668816e-01 
2.063977447e-01 -6.772320579e-01 -3.608483960e-01 
3.102283856e-01 1.055013136e+00 -5.633658193e-01 
-3.451139647e-01 -4.256375052e-01 -1.522116201e+00 
-1.613255424e+00 9.195611468e-01 1.455510446e-01 
2.781507506e+00 3.618356203e+00 -1.503077936e+00 
1.733383284e+00 1.003827637e+00 -1.768140953e+00 
8.798005784e-01 1.095044355e+00 1.056374117e+00 
2.655833365e+00 -1.509318050e+00 -4.912634329e-01 
-3.225791414e-01 4.146856901e-01 -4.611174214e-01 
3.769104894e-01 1.016418967e+00 3.929969933e-01 
-6.566754367e-01 -2.449234803e-01 7.155347103e-01 
-7.165840971e-03 7.214806984e-01 -5.460670097e-01 
1.484575073e-01 5.640450816e-01 5.940533316e-01 
1.951451991e+00 4.711870144e-01 9.192922505e-01 
-1.021607270e+00 -5.205682666e-01 -6.493092859e-01 
-1.108302658e+00 1.135646893e+00 -9.877230727e-02 
-6.234065621e-02 -5.858771463e-01 1.064732356e+00 
-3.527947139e-01 -6.177798936e-01 -6.270252540e-01 
-1.080577603e+00 -1.899153057e-01 -5.642182248e-01 
6.962812155e-02 2.673188516e-01 4.717761379e-01 
-6.714410185e-01 -1.257194871e+00 1.132686362e+00 
9.985020297e-02 4.356953572e-02 3.093609387e-01 
-1.982150973e-01 -4.005767608e-01 -5.005644849e-01 
-1.576908636e+00 -7.624345837e-01 -1.735477488e-01 
1.553723470e+00 2.154661158e-01 7.590234415e-01 
-3.225509478e-01 -4.278055833e-01 6.194094801e-01 
-1.417145017e+00 -6.226935151e-01 -4.957570150e-01 
-1.055060908e+00 -9.134206654e-01 -6.100455256e-01 
-9.358995853e-01 1.406702658e-01 -2.101725269e+00 
6.334286365e-01 -2.280005164e-01 1.894721294e+00 
1.159515596e+00 -7.102283424e-01 4.755101882e-01 
1.058421085e-02 -3.874321254e-01 2.190052238e-01 
-7.838710934e-01 4.633156751e-01 1.944002642e-01 
-6.469261055e-01 -2.288815693e-01 -1.682693484e-01 
-2.581162615e+00 5.481283934e-01 -2.459188477e+00 
1.741167273e-02 -1.687639840e+00 -2.600190195e-01 
1.156086106e+00 -1.278391328e+00 -1.347945390e+00 
1.241166750e+00 7.379612258e-01 4.681485317e-01 
2.602783439e+00 -4.042802287e-02 8.761402135e-02 
-1.101990940e-01 -3.186435251e-01 1.322067827e-01 
1.598576300e+00 -4.674081744e-01 -5.563928582e-01 
2.343606418e-01 6.643353395e-01 1.205077196e+00 
4.321174781e-01 2.538948419e+00 -7.169122151e-01 
-5.205708742e-02 -7.171923535e-01 -3.522918820e-01 
-8.154537791e-01 -3.792436823e-01 1.279835476e-01 
-3.000720665e-01 4.973340673e-01 6.494829532e-02 
2.044207303e-01 -4.563053046e-01 -6.919206732e-01 
-9.298885881e-02 1.622777599e+00 1.776066102e-01 
-6.647760915e-01 6.558366488e-01 2.703109043e-01 
4.542467855e-01 -4.122506115e-01 4.999193621e-03 
1.078538404e+00 -1.276616247e+00 5.290823344e-01 
-6.654897726e-01 3.113693084e-01 -1.248716133e+00 
1.770999485e-01 -1.054386622e-01 -8.921294631e-02 
-3.046742659e-01 1.311853758e+00 -3.755255586e-01 
4.692855326e-01 1.190092547e-01 5.982576019e-01 
-5.562927520e-02 1.813534756e-01 -3.892103172e-01 
-1.284932326e-01 -4.807516464e-01 -6.007553189e-01 
-1.277952781e-01 3.141638280e-01 1.505325158e+00 
-1.142352277e+00 8.852265019e-01 -1.014944056e+00 
3.353696301e-01 -7.718063753e-01 3.799654073e-01 
-8.229021509e-01 7.040573113e-01 -6.680389958e-01 
1.784238237e+00 4.090945810e-01 1.054786804e-01 
5.256257861e-01 1.384245579e-01 4.261529113e-01 
1.106606250e-01 3.711602939e-01 -9.243983731e-01 
-1.169141134e+00 -1.675679160e+00 1.395453235e+00 
2.830708134e-02 -1.641939092e-01 -8.638487656e-02 
8.688277785e-01 5.395704170e-01 -7.037428607e-01 
-7.736755145e-01 -3.235312867e+00 -6.818305636e-01 
-1.090524276e+00 5.470129831e-01 2.098994839e-01 
-4.405761257e-01 6.742027396e-02 -3.004560785e-01 
1.027546410e+00 1.138462412e+00 -4.012904413e-01 
4.265698549e-01 -8.805724537e-01 -7.465239842e-01 
1.347978636e+00 -1.752433458e+00 7.372999236e-01 
-9.124770211e-01 -1.476634725e+00 -1.638868867e+00 
-1.642916867e-01 -6.675687549e-01 8.691602254e-01 
-8.326531930e-01 -1.321763728e+00 -1.516594894e-01 
5.088418878e-01 -2.469956417e+00 1.576502300e+00 
1.741837526e+00 9.446876604e-02 1.327597702e+00 
6.226785948e-01 1.044919856e+00 4.299972714e-03 
-1.755982443e+00 -2.654471770e-02 1.800983053e+00 
-2.225984045e+00 -1.035323886e+00 8.466938297e-01 
1.156223832e-01 3.321327020e-01 -8.762783687e-01 
7.128940235e-01 -4.883968001e-01 2.277018153e-01 
2.106602299e+00 3.757004408e-01 3.137959964e-01 
-5.577902099e-01 -2.262160403e-02 9.462372630e-01 
4.501983695e-01 -4.460803800e-01 -4.340927380e-01 
-3.759016036e-02 -1.151654282e+00 -1.369073161e+00 
-5.000369525e-01 9.621328078e-01 4.087976106e-01 
5.558506458e-01 -2.480711046e-01 2.525796955e-01 
3.081243762e-02 -4.994064033e-01 -5.842235513e-01 
1.398189222e+00 -1.882885939e+00 -1.596047305e+00 
1.735790018e+00 6.839437159e-01 2.737098244e-01 
-1.256646307e+00 -5.488848068e-01 -1.524223330e+00 
6.311876890e-01 -5.431642481e-01 -6.824505033e-01 
-1.985620113e-01 -1.078867430e-01 -6.011925004e-01 
-8.336212029e-01 -7.384333851e-01 -2.411016997e+00 
7.556536397e-02 7.498657575e-01 -3.632318725e-01 
-9.460369554e-01 7.614980051e-01 -2.988593225e-01 
1.175597953e-01 7.288603674e-02 -5.956142352e-01 
-1.636244262e+00 8.384592146e-01 2.275536054e-01 
5.367595193e-01 -6.593410943e-01 7.194120043e-02 
-2.159395094e+00 2.006720197e+00 -8.649190574e-01 
5.586240775e-01 2.992453734e-01 8.974550138e-01 
-3.417990301e-01 -2.145332598e-01 -8.368977395e-01 
-3.413216413e-01 5.537375389e-01 -6.332389418e-01 
-5.588345592e-01 8.539042349e-01 1.083701517e+00 
-6.340366903e-01 -2.964106558e-02 5.002631728e-01 
3.636706562e-02 7.168603784e-01 3.875923108e-01 
4.678475004e-01 4.824941376e-01 2.121409512e+00 
5.204125404e-02 8.677762625e-02 -3.408101337e-01 
7.173414822e-02 -1.816399178e+00 -1.873891199e-01 
1.932692093e-01 9.983656098e-01 -9.221155743e-01 
1.193972678e+00 -5.849141374e-01 6.240262829e-01 
-9.878845396e-01 1.372671313e+00 -2.239065351e+00 
7.372468786e-01 1.735924366e+00 -8.543065985e-01 
-5.509614257e-02 -9.719676066e-01 6.206906343e-01 
-1.102588189e+00 -3.087049477e-01 6.137252493e-01 
-1.110003431e+00 2.054235068e+00 -1.942321302e+00 
-2.763277848e-01 1.175441124e+00 -1.076830428e+00 
6.276509989e-01 5.798662951e-01 3.769095987e-01 
-6.717341322e-01 -8.219378403e-01 -1.589256750e+00 
-2.418502788e-01 -5.684654103e-01 1.332656446e-01 
-4.445960158e-02 -3.132862462e-01 -8.089518636e-01 
8.180956361e-01 -9.647978972e-01 -7.066169800e-01 
1.663424483e-02 -7.569930491e-01 2.848214486e-02 
2.647026825e-02 -1.474753432e+00 4.190060914e-01 
1.441379796e-01 -1.519090730e-02 -6.443855066e-01 
2.584606882e-01 5.426912857e-01 -2.584579567e-01 
7.149060409e-01 -1.116588507e+00 8.175533516e-01 
3.940770256e-01 3.222030515e-01 -5.225237735e-01 
-3.785956421e-01 6.559154151e-01 2.570883992e-01 
-2.420215261e+00 -8.458233533e-01 4.348654136e-01 
-6.748194469e-02 -1.026122278e+00 1.713066419e-01 
2.171548148e-01 3.366720525e-01 -1.682537651e-01 
-5.736526994e-03 -4.948663342e-01 -9.473713522e-02 
7.549265568e-02 5.311989795e-01 -1.312628836e-02 
-3.467964499e-01 2.733064457e+00 2.284809313e-01 
6.904368827e-01 -8.798460292e-01 -2.954897463e-01 
-4.070556401e-01 -1.316963510e+00 -7.615682064e-01 
-1.037883033e+00 -1.120195658e+00 6.900829139e-02 
1.220361470e-01 -1.082577983e-02 -3.855794757e-02 
-4.604086004e-01 7.392146682e-01 9.347161746e-01 
-3.177584985e-01 8.061228665e-01 1.423441176e+00 
-4.809534034e-01 1.035667417e+00 3.251774104e-01 
3.209280456e-01 -2.321184991e+00 -9.313350574e-01 
-3.655453230e-01 2.012009848e-01 -5.884167183e-01 
5.150868490e-01 1.063892181e+00 -5.057714329e-01 
-4.809486194e-01 4.405055866e-01 1.574238700e+00 
1.158089260e+00 7.226594607e-01 5.416616628e-01 
2.362990700e+00 -1.900976932e+00 9.014940583e-01 
-9.957360234e-01 3.775951092e-03 -5.390213969e-01 
-1.289100507e+00 2.809021186e-01 2.080692754e-01 
2.714755776e+00 -1.414373754e-01 8.815880352e-01 
1.386212623e+00 -6.965710251e-01 -2.570109777e-01 
-4.885067657e-01 1.344054960e+00 2.049816754e+00 
8.122643873e-02 2.450703897e+00 -1.176660733e+00 
-1.222994451e+00 -6.790728031e-01 1.674574078e-01 
-1.407497198e-01 9.639763634e-01 9.100771953e-01 
-1.011694288e+00 -1.186614327e-01 1.665642316e+00 
-4.112248553e-01 1.832760575e+00 -1.711894972e+00 
9.876638097e-01 1.596101733e-04 1.677498700e+00 
-1.110061910e+00 -1.133788403e+00 -5.430555616e-01 
-1.057161843e+00 3.689417615e-01 -2.906367659e+00 
1.863294887e-01 -3.311786918e-01 6.666334995e-01 
-1.046219699e-01 1.271671478e+00 -5.833908141e-02 
2.281602665e-01 -8.755241238e-01 -7.542257946e-01 
3.859671332e-01 2.896622228e-01 1.145428167e+00 
2.208029730e+00 2.911948264e+00 2.693038295e+00 
2.007281845e-01 -4.578110539e-01 -1.481739491e+00 
2.700586468e-01 -6.359358096e-01 -3.751257893e-01 
1.302483279e+00 1.706608724e+00 1.658960010e-02 
6.845980306e-01 6.340891294e-01 1.072202656e-01 
6.462765220e-02 2.512726376e-01 -1.187763984e+00 
6.893235759e-01 5.958228830e-01 1.872938543e+00 
-1.651288942e-01 -1.397146751e-01 -8.162028681e-01 
4.059758936e-01 -1.166102353e+00 -1.086992205e+00 
1.021030986e+00 -8.651507162e-02 -2.053052894e-01 
5.428757169e-01 -1.369273012e-01 3.975795262e-01 
6.659677156e-02 2.361830928e-01 -1.495695643e-01 
-5.826896468e-01 -4.074177452e-01 6.273652117e-01 
2.907722843e-01 -4.926734307e-01 7.747928693e-02 
-7.789399432e-01 -3.642191944e-01 1.188792883e+00 
2.203508582e+00 -1.619177377e+00 2.038342415e+00 
1.335065786e-01 -1.012206901e+00 -1.046561850e+00 
-1.179080180e+00 -2.715288145e-01 1.145481956e+00 
-1.116915394e+00 1.422037713e+00 1.730219695e-01 
2.814014419e+00 1.954155728e+00 -4.957733164e-01 
-8.146589129e-01 7.546878754e-01 2.834137993e-01 
-7.329249935e-01 7.773202269e-01 -6.264639146e-01 
-1.052494951e-01 -2.357776029e-01 -1.351906217e-01 
4.285533399e-01 -1.002758465e+00 -1.102545895e+00 
1.095323984e+00 1.260419059e+00 1.834488943e-02 
-2.048744826e+00 -4.717666437e-01 4.080665021e-01 
9.376393914e-02 4.405159942e-01 5.821022592e-01 
2.436875099e-01 1.369540451e+00 1.094308943e+00 
-4.048563712e-01 -6.693432502e-01 6.162324276e-01 
-1.207779148e+00 -8.049344028e-01 -9.195182388e-01 
-4.487946501e-01 -5.189451247e-01 -2.007736726e+00 
-1.039571303e+00 4.740628453e-01 6.766824581e-01 
6.910246772e-02 -2.905592949e-01 -9.557641269e-02 
2.289549539e-01 -3.611856449e-01 1.660502230e-02 
8.793225165e-02 -1.254073357e+00 -1.529397985e+00 
-1.601073332e-01 -3.549601104e-01 -1.231867855e+00 
-1.440463619e+00 -3.591830341e+00 -3.129847458e+00 
5.401137910e-01 3.397144579e-02 3.328816398e-01 
7.242840844e-01 4.555434958e-01 1.855099692e-01 
-2.100489837e+00 -1.530285828e+00 -9.005471729e-01 
2.195083858e-01 -7.489600786e-02 -4.040828566e-01 
4.109344823e-02 1.109074971e+00 -4.811803812e-01 
-1.959376228e+00 -1.241025301e-01 1.523820975e-01 
3.047300615e-01 -4.466537961e-01 -3.245440088e-02 
3.544230724e-01 1.500281464e-01 -5.176164252e-01 
1.358570078e+00 1.053707734e-01 -2.763240336e-02 
8.396577703e-01 -5.393199521e-01 1.520001288e-01 
1.509326263e-01 -3.758814150e-01 -1.732099686e-01 
-1.134851817e+00 3.003267914e-01 1.614492659e-01 
-8.036796947e-01 -1.271942344e-01 -3.885661099e-01 
-7.390066208e-01 4.865651071e-01 4.391367353e-01 
-3.048134574e-01 1.504232174e-01 -7.730848219e-01 
1.693197968e+00 3.616273414e-01 5.318932353e-01 
1.376498962e-01 -8.455978037e-01 4.713029276e-02 
-9.122853156e-01 6.035101658e-02 2.207995878e+00 
2.051690557e-01 3.504662113e-01 -1.231859531e-01 
-2.597205606e-01 6.727069882e-01 -7.028697492e-02 
4.866439360e-01 -4.157970155e-01 -3.900932928e-01 
-1.002688267e-01 1.097555179e+00 -7.688490863e-01 
1.576576078e+00 1.963412747e-01 1.926458795e-02 
-2.970567242e-01 5.886535885e-01 -9.299484276e-01 
1.576968412e-01 8.947233143e-02 4.024696528e-02 
-1.940025817e-01 5.754514630e-01 -9.586158542e-01 
-1.732164217e+00 -7.738447077e-01 1.398724454e+00 
-1.337086803e-01 -1.239890659e-01 9.600329876e-02 
-2.756858282e-01 -7.856232812e-01 -1.039166590e+00 
5.162849477e-01 4.094268216e-01 -2.508174315e-01 
-6.071648426e-01 2.006478899e-01 -4.806317784e-02 
8.994889323e-01 -1.009717991e+00 2.618661784e-01 
5.939830304e-01 -3.245665531e-01 2.960585824e-01 
-6.855472420e-01 2.312626272e-01 -1.271990378e+00 
2.857353611e+00 1.034141062e+00 1.598502613e+00 
7.336629684e-01 4.729181572e-01 4.417373144e-01 
-9.836774927e-01 -2.636711141e-02 9.074126421e-01 
3.941456889e-02 9.615569501e-01 -1.344359684e+00 
3.881815090e-01 -1.229108233e-01 -1.630052500e-01 
6.498366355e-01 -1.047505313e+00 1.196291323e+00 
7.480985113e-01 -4.623730665e-01 3.479460244e-01 
1.069291545e-01 -6.950859355e-02 3.053253293e-02 
-4.818732029e-02 -3.418511706e-01 -4.016206262e-01 
1.406787373e-01 -2.141275319e+00 -3.948710306e-02 
1.112298553e-01 1.615119501e-01 1.823909718e-01 
-7.113485844e-01 5.161345970e-01 7.159314661e-01 
2.137496096e+00 -1.389034954e+00 5.979402200e-01 
6.864565944e-01 -2.183499435e+00 1.125633353e+00 
2.582075031e+00 2.137591148e-01 1.395157279e+00 
-1.202602747e+00 -1.051580932e+00 1.380454959e-01 
-1.549237011e-01 -4.178920932e-01 1.292029833e+00 
-1.239118249e+00 6.501132955e-01 8.977649767e-01 
-1.326689136e+00 -1.410479695e+00 1.865137805e+00 
-2.420755597e-01 -2.742619157e-02 -2.359237614e-01 
-4.694964677e-01 -9.546766895e-01 -4.236819387e-01 
5.140401824e-01 8.199613527e-01 -4.051829553e-01 
5.019985677e-02 3.489739431e-01 5.112213697e-01 
-1.913210345e-01 2.477716552e-01 -1.973081842e-01 
1.457454213e-01 5.531627947e-01 7.413207223e-02 
-1.500492456e+00 2.748458970e-01 1.716128727e+00 
2.214036069e-01 9.658851393e-01 5.821632050e-01 
5.139390754e-01 -7.260745100e-01 6.190578406e-01 
3.815665091e-01 4.010696376e-01 1.223473539e+00 
-2.208350264e-01 -4.041359800e-01 4.343543569e-02 
2.903755440e-02 -1.476157834e-01 3.149705055e-01 
-1.339766485e+00 2.748435922e-01 -8.942210969e-02 
-2.289874994e-01 -5.910495111e-01 -3.304195158e-01 
-2.289483774e-01 -9.909302318e-01 -1.532193491e-03 
9.551754725e-01 -4.093670977e-01 -3.224989502e-01 
5.027387423e-01 5.299828465e-01 2.011886796e-01 
3.743739715e-01 -2.598584257e-01 1.472365772e-01 
-4.819587412e-01 5.416071758e-01 -5.692962286e-01 
-1.815664638e+00 -3.177312872e+00 -1.557940604e-01 
1.760144286e-01 -3.138495553e-01 1.573360006e-01 
2.362201577e+00 5.978334320e-01 -5.583408094e-01 
-1.122127414e+00 2.216637717e-01 5.798805720e-01 
1.356706721e+00 -5.301666634e-01 -1.157044103e+00 
-1.436476096e+00 -5.476541065e-02 -5.605121028e-01 
3.814705661e-01 -1.396627030e+00 -2.204865643e+00 
6.135314439e-01 -4.222478247e-01 6.951683075e-01 
-2.013023577e+00 -1.229129354e+00 5.187281833e-01 
-1.858822345e+00 1.933428332e+00 2.226544764e+00 
1.102032788e+00 6.427224238e-01 -3.914946338e-01 
-3.906699494e+00 -2.062085605e+00 1.643803689e+00 
-1.606679544e+00 1.746813062e+00 -9.236743795e-01 
-8.531447159e-01 -8.580203196e-01 -1.248741593e+00 
-4.774790388e-01 3.271425157e-01 4.937151452e-01 
-8.179509261e-01 -2.822455616e-01 7.219156147e-01 
6.983484194e-01 3.887254639e-01 -1.070142496e+00 
3.792817774e-01 -2.367078883e-01 8.963693779e-01 
-1.265431831e+00 2.056921960e+00 -2.662244324e-01 
-5.267884619e-01 1.550380332e+00 -1.221336529e+00 
6.229725871e-01 -1.492765766e-01 7.406529513e-01 
-1.918379845e-01 3.271999724e-01 -5.354812511e-01 
4.121380544e-01 5.420235525e-01 -1.104203613e+00 
-1.681616810e+00 3.526821893e-01 -9.546868107e-01 
8.012776998e-01 -1.304198034e-01 7.433641671e-02 
-1.089028275e+00 -5.225254503e-01 7.216115537e-01 
8.338127685e-02 8.043338450e-01 6.578951257e-01 
3.049285513e+00 -3.319846284e+00 1.571095446e+00 
-3.833977937e-01 -1.405838683e-01 -1.557016557e+00 
-9.959807445e-02 2.309347602e-01 1.122265889e-01 
1.694320296e-01 -2.638876539e+00 -4.291503702e-01 
1.117029426e-01 -1.078192625e+00 1.865550261e-01 
5.499916304e-01 1.791546175e+00 1.311365842e+00 
2.676860996e-01 -1.187785211e+00 -5.245686796e-01 
-7.608451299e-01 -3.998066904e-01 2.794722296e+00 
1.256238154e+00 -5.488320612e-01 3.337391108e-01 
5.608955279e-01 8.514255818e-01 8.758386660e-01 
-1.137396339e+00 2.155281707e-01 -1.064245247e-01 
1.732841681e-01 -2.039721739e+00 7.984902037e-01 
1.272711337e+00 9.364394473e-01 -9.714072747e-01 
1.269891201e+00 -5.774645195e-01 1.292179663e+00 
-6.215434017e-01 6.257700666e-01 -2.211130497e-01 
-1.287025833e+00 -2.459428513e+00 -4.360646866e-01 
1.879162668e-01 -4.254234700e-01 -1.200036041e+00 
2.571653744e-02 1.058502710e+00 1.155447041e-01 
5.476635122e-01 3.904046092e-01 -2.306315317e-01 
-4.054911564e-02 8.845235000e-02 -2.700888748e-01 
-6.828555542e-01 1.957649686e+00 -1.026951894e+00 
1.654230210e+00 2.131288994e+00 -1.852037485e+00 
-8.829004317e-01 4.679700828e-01 1.412904123e+00 
-5.272796918e-01 -1.469183592e-01 -1.197053305e-02 
8.937819290e-01 -7.485864956e-02 -4.316701767e-01 
-1.062947395e+00 -5.745658293e-01 5.616917009e-01 
2.084278957e+00 -1.490695959e+00 6.406018093e-01 
1.054026832e-01 1.801315478e-01 6.177448894e-01 
-4.192227603e-01 2.548851456e+00 2.637161368e+00 
7.160032018e-01 -7.415781860e-01 7.172974740e-01 
5.287218994e-01 -2.038842223e-01 3.185705644e-01 
6.058230329e-01 -3.486814487e-01 -1.732787847e-01 
-6.024868277e-01 2.574248908e-01 -1.168347054e+00 
1.901043292e-02 2.907002134e-01 1.828230355e-01 
-4.094164810e-01 8.854199162e-01 2.455696770e+00 
-3.768915457e-01 9.686658552e-01 -6.332122202e-04 
-3.728093173e-01 1.154632158e+00 -3.376477066e-01 
8.401765932e-02 -1.481379722e+00 3.020091897e+00 
1.849132680e-01 -8.743415157e-01 3.995436494e-01 
1.929363730e-01 3.047027321e-01 1.417601568e-01 
4.287445531e-01 2.142743265e+00 8.943000140e-02 
1.243938888e+00 -5.626891345e-01 -1.210240518e+00 
-5.167950462e-01 -7.019987540e-02 4.403319562e-01 
-1.325711674e+00 -6.609501831e-01 -1.850469147e+00 
6.926237396e-02 5.364708728e-02 1.275063706e+00 
-8.568512919e-01 1.306227355e+00 -1.210784876e+00 
-3.567670049e-01 2.281300677e-01 -1.908832817e-02 
-7.832690624e-02 1.831165323e+00 6.856877587e-01 
2.994125830e-01 -5.600240276e-01 -1.240842466e+00 
-4.399612891e-01 1.400273793e-01 -1.866833402e+00 
6.196488372e-01 -1.787604908e-04 2.148112506e+00 
2.937984146e-02 1.493737010e+00 1.081131019e+00 
-5.297047552e-01 -1.407983347e+00 -6.283105677e-01 
-5.769076763e-02 -8.815557319e-02 4.867213627e-01 
3.835774891e-02 2.183420005e-01 1.347448949e-01 
-1.773918146e+00 8.944129337e-01 1.011024870e+00 
-2.528924728e-02 -1.159823378e-01 1.020105493e+00 
-1.207006882e+00 2.065493990e+00 -3.507172717e-01 
-1.561585109e-01 -2.137384477e-01 -7.068891629e-01 
4.346236006e-02 2.494553698e-01 5.142755073e-01 
-8.228446647e-01 -1.685675249e+00 -1.307202672e-01 
-1.588899573e-01 -5.136802181e-02 -5.300696058e-02 
-3.647393310e+00 3.140798396e-01 -2.010853275e+00 
-1.471743553e+00 1.208420565e+00 7.666849314e-01 
4.810152494e-01 6.198294729e-01 3.492422658e-01 
-7.701598168e-01 1.460284019e+00 -5.004905294e-02 
4.909432402e-01 7.123358479e-01 2.682670556e-01 
-8.217451550e-01 -3.471917888e-01 1.249686388e+00 
5.801379126e-01 -1.000661743e+00 2.370493131e-01 
-5.477957058e-01 7.536760863e-01 -2.383843098e+00 
-2.300346209e+00 -1.284108170e+00 -1.449725316e+00 
-4.400343241e-01 -1.668838551e+00 -8.908221579e-01 
-7.864983233e-01 -6.345136806e-01 1.717715943e+00 
5.091174860e-01 -1.429645839e-01 -8.354247352e-01 
4.293331880e-01 9.389396939e-01 1.033715456e+00 
6.961557713e-01 -4.727317003e-01 -1.422630052e+00 
-4.559403908e-01 4.047261992e-01 -1.689942792e-01 
4.468666966e-01 -5.403611649e-01 -1.109176782e+00 
-7.527742115e-02 -7.920131195e-02 1.394556419e-01 
3.007004138e-01 2.230876712e+00 -2.317236409e+00 
-5.907521411e-02 7.779756914e-01 1.025894235e-01 
5.095032809e-01 4.610226009e-01 -7.673999866e-01 
-2.072914162e-01 -3.462057767e-01 3.061557564e-01 
-4.920846023e-01 -1.070127696e-01 5.537631416e-01 
-1.604898259e+00 7.382362806e-01 -1.369498007e+00 
1.010210072e-01 -3.164914381e-01 -1.639840000e-01 
1.305242379e+00 1.696176908e+00 -1.053082337e+00 
9.811003787e-02 2.842342403e-02 -7.044671174e-01 
-4.857828038e-01 -3.370695801e-02 5.980096835e-01 
-3.905175466e-01 1.859867314e+00 1.217082442e-01 
8.910088261e-01 -2.973184472e-01 1.099794865e-01 
1.929690349e+00 3.591807044e+00 9.735147931e-01 
5.128087183e-01 7.695884591e-01 2.512770399e+00 
-1.288902429e-01 -3.918713109e-02 5.046165055e-01 
-7.690916510e-01 1.468543083e+00 2.236403289e-01 
-1.658506492e-01 -4.693128053e-02 2.876559893e-01 
1.423084681e-01 -3.366456522e-01 9.165007217e-01 
-8.494893253e-01 -1.542742929e+00 -2.736495221e+00 
2.758939457e+00 -7.786175306e-02 -8.204241665e-01 
8.749899400e-02 -4.847666507e-01 8.664150248e-01 
-3.291099255e-01 -2.669365052e+00 2.638990928e-01 
-1.893667520e+00 -3.992976010e+00 7.063119911e-01 
-7.222843225e-01 6.532989561e-01 4.283596688e-01 
-6.667950011e-01 1.548163981e+00 9.780686112e-01 
7.199852293e-02 -2.002023282e+00 -1.196822190e+00 
-2.671253694e-01 1.863921291e+00 -3.008115567e-01 
-9.860626638e-01 4.999677116e-03 2.141027715e-01 
-2.095382403e+00 -1.999828616e-01 6.312089551e-01 
1.761215633e-01 -7.711373579e-01 -1.020956257e+00 
2.357192764e-02 -3.650529104e-01 1.336323246e-01 
7.017428008e-01 2.210755979e-01 -9.845207952e-01 
4.906840942e-01 2.821051291e-02 -1.109954824e-01 
-1.848058363e+00 9.921064270e-01 -7.228673306e-01 
-6.439703807e-01 -1.715128678e-01 1.571066390e+00 
-1.013386904e-01 2.598879322e-01 -2.819118329e-01 
8.676688726e-01 2.072642136e+00 2.230314313e-01 
-6.048442792e-01 -4.778733321e-01 -3.571649608e-01 
-1.261979383e+00 1.120333390e+00 -6.864924218e-01 
-5.622353226e-01 -6.255422488e-01 3.608449756e-01 
