1.473472398e+00 0.000000000e+00
1.477785770e+00 4.313371363e-03
1.509738275e+00 3.204940483e-02
1.507165777e+00 2.280789164e-02
1.515543241e+00 1.955254094e-02
1.505871524e+00 1.866574437e-02
1.500740342e+00 1.658895216e-02
1.489889780e+00 1.800360184e-02
1.490988409e+00 1.591564788e-02
1.487668691e+00 1.461734608e-02
1.490625971e+00 1.354857178e-02
1.490015017e+00 1.238317791e-02
1.488474942e+00 1.149450661e-02
1.485377261e+00 1.108352364e-02
1.487054070e+00 1.045356015e-02
1.488838192e+00 9.939838766e-03
1.488032461e+00 9.371553859e-03
1.486505365e+00 8.966582133e-03
1.489102476e+00 8.870257376e-03
1.492783638e+00 9.185002316e-03
1.495209571e+00 9.067233802e-03
1.492754270e+00 8.987166716e-03
1.491218085e+00 8.723853843e-03
1.493896755e+00 8.771474509e-03
1.494258392e+00 8.421071489e-03
1.496428997e+00 8.376814111e-03
1.497473498e+00 8.127985277e-03
1.496868554e+00 7.855649862e-03
1.496349757e+00 7.597660020e-03
1.495653450e+00 7.372990249e-03
1.494484603e+00 7.226342655e-03
1.493263823e+00 7.102575673e-03
1.495491123e+00 7.235335405e-03
1.494281008e+00 7.122853313e-03
1.494254852e+00 6.916399236e-03
1.496102528e+00 6.970860644e-03
1.497033375e+00 6.843444469e-03
1.497803853e+00 6.705332780e-03
1.498016065e+00 6.534585239e-03
1.498930160e+00 6.434386780e-03
1.498753571e+00 6.277972559e-03
1.499144858e+00 6.139156110e-03
1.498871630e+00 6.000908541e-03
1.498715127e+00 5.865026611e-03
1.498867289e+00 5.735230297e-03
1.500013849e+00 5.725149898e-03
1.499040688e+00 5.685912660e-03
1.497761558e+00 5.711279319e-03
1.497269814e+00 5.615082138e-03
1.496830879e+00 5.519116351e-03
1.497095252e+00 5.416272058e-03
1.496355298e+00 5.362390056e-03
1.495475097e+00 5.333373845e-03
1.496323214e+00 5.301949188e-03
1.495059966e+00 5.355768540e-03
1.495527127e+00 5.279967636e-03
1.496927687e+00 5.372285407e-03
1.496946085e+00 5.278879287e-03
1.496561355e+00 5.202879382e-03
1.496171588e+00 5.130257364e-03
1.496424711e+00 5.051799298e-03
1.497185912e+00 5.027609334e-03
1.496441039e+00 5.002924265e-03
1.497716039e+00 5.086522437e-03
1.497513114e+00 5.011766706e-03
1.497502608e+00 4.935257872e-03
1.497861443e+00 4.874265602e-03
1.497633607e+00 4.807452149e-03
1.497577229e+00 4.737602069e-03
1.498157592e+00 4.705360015e-03
1.499112173e+00 4.735817109e-03
1.499126620e+00 4.669600993e-03
1.500538533e+00 4.816769533e-03
1.501202373e+00 4.797383811e-03
1.500823423e+00 4.748132714e-03
1.500125726e+00 4.736904314e-03
1.499430509e+00 4.726391433e-03
1.500226727e+00 4.732858428e-03
1.500328371e+00 4.673670201e-03
1.499747473e+00 4.651296201e-03
1.499670721e+00 4.594155044e-03
1.500417122e+00 4.598759387e-03
1.500869187e+00 4.565451342e-03
1.500024931e+00 4.589100470e-03
1.499781742e+00 4.541305802e-03
1.499843577e+00 4.488615218e-03
1.500228975e+00 4.453429423e-03
1.500948863e+00 4.461000088e-03
1.501001581e+00 4.410906741e-03
1.501080061e+00 4.362327315e-03
1.500713237e+00 4.329690544e-03
1.501035254e+00 4.294460234e-03
1.500970170e+00 4.248530809e-03
1.500409775e+00 4.240284716e-03
1.500143529e+00 4.203852349e-03
1.499776411e+00 4.175999966e-03
1.499647389e+00 4.134737716e-03
1.500001555e+00 4.107625944e-03
1.499914215e+00 4.066861042e-03
1.500083287e+00 4.029535552e-03
