5.090777375e+00 0.000000000e+00
4.939660348e+00 1.511170269e-01
5.001013573e+00 1.066599119e-01
5.006019606e+00 7.558590320e-02
4.984902454e+00 6.224043180e-02
4.996143388e+00 5.204747349e-02
5.006551347e+00 4.520268130e-02
5.023183181e+00 4.253327775e-02
5.016414819e+00 3.811656774e-02
5.024806623e+00 3.511012049e-02
5.014453649e+00 3.340319749e-02
5.019238735e+00 3.086597441e-02
5.018033654e+00 2.841812937e-02
5.006781310e+00 2.861529844e-02
4.994384437e+00 2.938264340e-02
4.988197801e+00 2.817262372e-02
4.986748396e+00 2.650323410e-02
4.993790310e+00 2.596080020e-02
4.995261671e+00 2.460049922e-02
4.991547464e+00 2.363178865e-02
4.991906350e+00 2.248117946e-02
4.995325183e+00 2.170589976e-02
4.994040927e+00 2.078042763e-02
5.001526831e+00 2.125745552e-02
5.006783734e+00 2.105621265e-02
5.006668594e+00 2.023048240e-02
5.003853917e+00 1.966922342e-02
5.005994007e+00 1.907417541e-02
5.006320810e+00 1.840759751e-02
5.003547306e+00 1.799840718e-02
5.005717094e+00 1.754283650e-02
5.009161369e+00 1.733146561e-02
5.004760196e+00 1.736505664e-02
5.005345788e+00 1.685675408e-02
5.006194744e+00 1.639004977e-02
5.001121626e+00 1.671664330e-02
5.004140720e+00 1.653650195e-02
5.012300537e+00 1.804566687e-02
5.013957815e+00 1.765482552e-02
5.014217620e+00 1.720975652e-02
5.014609839e+00 1.678934065e-02
5.015574310e+00 1.641308055e-02
5.016444150e+00 1.605042377e-02
5.015114954e+00 1.573763141e-02
5.018296547e+00 1.570948405e-02
5.018245047e+00 1.536426481e-02
5.018316132e+00 1.503397994e-02
5.016148084e+00 1.487627184e-02
5.016749030e+00 1.458189993e-02
5.014022278e+00 1.454516098e-02
5.017482780e+00 1.467106818e-02
5.013321048e+00 1.497604023e-02
5.016875684e+00 1.511468665e-02
5.017680662e+00 1.485397225e-02
5.015305185e+00 1.477362814e-02
5.014427875e+00 1.453391754e-02
5.013956435e+00 1.428444150e-02
5.013280634e+00 1.405225716e-02
5.014036904e+00 1.383271899e-02
5.012672011e+00 1.366853729e-02
5.012982790e+00 1.344618747e-02
5.013401850e+00 1.323417213e-02
5.012651943e+00 1.304398585e-02
5.012214769e+00 1.284599701e-02
5.011007524e+00 1.270431239e-02
5.008787965e+00 1.270571123e-02
5.008324341e+00 1.252322192e-02
5.008772884e+00 1.234583328e-02
5.006828464e+00 1.232000036e-02
5.006431656e+00 1.214920679e-02
5.006647035e+00 1.197880531e-02
5.006100085e+00 1.182391848e-02
5.005772934e+00 1.166541044e-02
5.006125223e+00 1.151208153e-02
5.004464253e+00 1.147836056e-02
5.003425222e+00 1.137388093e-02
5.002450566e+00 1.126743045e-02
5.002961961e+00 1.113378901e-02
5.004362884e+00 1.108086570e-02
5.005457486e+00 1.099609466e-02
5.006909909e+00 1.095618988e-02
5.007846249e+00 1.086218539e-02
5.007087218e+00 1.075732951e-02
5.007505112e+00 1.063670684e-02
5.009232695e+00 1.065185288e-02
5.006451520e+00 1.088844606e-02
5.007730527e+00 1.083829511e-02
5.005685431e+00 1.090785572e-02
5.006405715e+00 1.080862563e-02
5.005579690e+00 1.071972780e-02
5.005881267e+00 1.060556279e-02
5.007354039e+00 1.059253725e-02
5.008902693e+00 1.059184747e-02
5.008624405e+00 1.048225714e-02
5.008068463e+00 1.038622022e-02
5.007182320e+00 1.031559278e-02
5.006381394e+00 1.024006283e-02
5.008761243e+00 1.041069611e-02
5.009332373e+00 1.032081562e-02
5.008302312e+00 1.026887898e-02
