1.561567975e+00 0.000000000e+00
1.521066084e+00 4.050189137e-02
1.534596862e+00 2.701634765e-02
1.505110705e+00 3.513367369e-02
1.519959420e+00 3.100176376e-02
1.523204480e+00 2.551999191e-02
1.514716631e+00 2.317836126e-02
1.518334099e+00 2.039640657e-02
1.514163628e+00 1.846507003e-02
1.508421794e+00 1.748529967e-02
1.510673268e+00 1.597549777e-02
1.510922889e+00 1.458570367e-02
1.509036373e+00 1.354887592e-02
1.506425544e+00 1.281264568e-02
1.505153671e+00 1.199554226e-02
1.506636689e+00 1.131838095e-02
1.504668134e+00 1.081247845e-02
1.502127216e+00 1.050599767e-02
1.500094781e+00 1.014338473e-02
1.499357467e+00 9.651065285e-03
1.498031007e+00 9.275332308e-03
1.499479408e+00 8.961505639e-03
1.497322802e+00 8.830412123e-03
1.499183070e+00 8.656717777e-03
1.501195397e+00 8.543601081e-03
1.499679584e+00 8.347212183e-03
1.500331369e+00 8.058510569e-03
1.500306323e+00 7.765415480e-03
1.502369621e+00 7.771752889e-03
1.501023272e+00 7.627982870e-03
1.500237684e+00 7.419523456e-03
1.503032070e+00 7.708264129e-03
1.504591391e+00 7.632022532e-03
1.502888425e+00 7.597467998e-03
1.504511680e+00 7.553681473e-03
1.505488496e+00 7.405564060e-03
1.505283130e+00 7.205560462e-03
1.503396720e+00 7.262644468e-03
1.504908674e+00 7.233746304e-03
1.503054437e+00 7.290331164e-03
1.504180947e+00 7.198980709e-03
1.503230199e+00 7.089525563e-03
1.503374175e+00 6.924186846e-03
1.504243509e+00 6.820617009e-03
1.503931920e+00 6.674602023e-03
1.502807679e+00 6.623991166e-03
1.502722444e+00 6.482083513e-03
1.502622260e+00 6.346394108e-03
1.503139071e+00 6.236975539e-03
1.502685922e+00 6.127741312e-03
1.502682541e+00 6.006388835e-03
1.503058164e+00 5.901714538e-03
1.502873449e+00 5.792236684e-03
1.502570019e+00 5.692054370e-03
1.502256441e+00 5.596396267e-03
1.503835222e+00 5.717835437e-03
1.504136491e+00 5.624700893e-03
1.505077753e+00 5.606451034e-03
1.505422410e+00 5.521374841e-03
1.506517620e+00 5.537949125e-03
1.506302192e+00 5.450665348e-03
1.506838237e+00 5.388758497e-03
1.506254153e+00 5.334604812e-03
1.505993432e+00 5.257059211e-03
1.505362974e+00 5.213807491e-03
1.504521879e+00 5.202641475e-03
1.504578188e+00 5.124711166e-03
1.504392727e+00 5.052190500e-03
1.504761941e+00 4.992104117e-03
1.504620020e+00 4.922317919e-03
1.503520153e+00 4.975581147e-03
1.502967873e+00 4.936977047e-03
1.503420670e+00 4.889886833e-03
1.502687892e+00 4.878699943e-03
1.502117537e+00 4.846886180e-03
1.501141115e+00 4.881340821e-03
1.501136635e+00 4.817531783e-03
1.501115098e+00 4.755416251e-03
1.501026022e+00 4.695680174e-03
1.501511319e+00 4.661940609e-03
1.501306783e+00 4.608567131e-03
1.501961452e+00 4.598854305e-03
1.501869331e+00 4.544042429e-03
1.501622188e+00 4.496417963e-03
1.501819931e+00 4.447602086e-03
1.501293075e+00 4.427043545e-03
1.501988192e+00 4.430728795e-03
1.501050925e+00 4.479247751e-03
1.501539040e+00 4.455451485e-03
1.501649758e+00 4.407059351e-03
1.502099673e+00 4.381521942e-03
1.501957205e+00 4.335976204e-03
1.502678996e+00 4.349408651e-03
1.502146937e+00 4.335659705e-03
1.502263254e+00 4.291355086e-03
1.501816470e+00 4.269857544e-03
1.501732712e+00 4.226439144e-03
1.501569690e+00 4.186265321e-03
1.501572783e+00 4.143765219e-03
1.501253301e+00 4.114540380e-03
