5.207007825e+00 0.000000000e+00
5.116018767e+00 9.098905769e-02
5.118929535e+00 5.261313630e-02
5.087862858e+00 4.846864468e-02
5.062595706e+00 4.525433323e-02
5.023248671e+00 5.397677498e-02
5.028610131e+00 4.593268043e-02
5.028824374e+00 3.977944506e-02
5.034269543e+00 3.550223544e-02
5.026749501e+00 3.263246865e-02
5.029298829e+00 2.962706361e-02
5.040639146e+00 2.932698199e-02
5.028566533e+00 2.955505185e-02
5.024806233e+00 2.761983129e-02
5.020319070e+00 2.610125856e-02
5.028132531e+00 2.563525711e-02
5.025071808e+00 2.427386944e-02
5.013280412e+00 2.574468474e-02
5.016669537e+00 2.458673876e-02
5.012763683e+00 2.364979167e-02
5.005101738e+00 2.376447301e-02
5.000786737e+00 2.306574272e-02
4.999670116e+00 2.206834797e-02
4.997132239e+00 2.128070654e-02
4.998888391e+00 2.048714382e-02
4.999253325e+00 1.968679378e-02
5.006654322e+00 2.033803647e-02
5.004007564e+00 1.977613830e-02
5.006343831e+00 1.922450717e-02
5.003593074e+00 1.877523787e-02
5.002196876e+00 1.821308249e-02
4.999574787e+00 1.782861332e-02
4.999939544e+00 1.728375801e-02
5.004586568e+00 1.739973789e-02
5.002994741e+00 1.697011319e-02
5.007563820e+00 1.711321319e-02
5.012061782e+00 1.724132673e-02
5.010693318e+00 1.683717913e-02
5.011505438e+00 1.641987089e-02
5.012960877e+00 1.607015420e-02
5.011602391e+00 1.573206235e-02
5.011947611e+00 1.535680155e-02
5.014567302e+00 1.522252386e-02
5.015002991e+00 1.487891435e-02
5.011611810e+00 1.493462391e-02
5.015441659e+00 1.510010639e-02
5.014247320e+00 1.482352757e-02
5.013880690e+00 1.451604907e-02
5.012903544e+00 1.425025802e-02
5.012430300e+00 1.397036219e-02
5.015229177e+00 1.397680116e-02
5.012636527e+00 1.394845184e-02
5.008853196e+00 1.419616295e-02
5.009382486e+00 1.394084208e-02
5.009687348e+00 1.368842037e-02
5.009992641e+00 1.344522847e-02
5.010200614e+00 1.320887838e-02
5.009783035e+00 1.298585690e-02
5.010075658e+00 1.276721396e-02
5.011786472e+00 1.266867182e-02
5.009051045e+00 1.275600522e-02
5.011242798e+00 1.273854625e-02
5.011844961e+00 1.254917182e-02
5.010505641e+00 1.242393602e-02
5.010341206e+00 1.223241045e-02
5.011669963e+00 1.211871125e-02
5.012593281e+00 1.197212190e-02
5.011864480e+00 1.181724228e-02
5.010405591e+00 1.173574997e-02
5.010703365e+00 1.157071372e-02
5.008974975e+00 1.153678641e-02
5.009513726e+00 1.138817552e-02
5.008978107e+00 1.124385449e-02
5.008542583e+00 1.109941769e-02
5.009770547e+00 1.101906145e-02
5.009525818e+00 1.087586099e-02
5.009619176e+00 1.073409275e-02
5.007842808e+00 1.074345618e-02
5.007627727e+00 1.060877177e-02
5.008029850e+00 1.048303823e-02
5.009296430e+00 1.042999905e-02
5.007611577e+00 1.043888499e-02
5.008977979e+00 1.040247970e-02
5.010046860e+00 1.033332587e-02
5.007655947e+00 1.048721469e-02
5.009566449e+00 1.053916386e-02
5.010083779e+00 1.043015729e-02
5.010427006e+00 1.031666258e-02
5.009819073e+00 1.021818690e-02
5.008135674e+00 1.024328677e-02
5.009006446e+00 1.016745418e-02
5.007837667e+00 1.012402291e-02
5.007989929e+00 1.001572823e-02
5.006137817e+00 1.008021693e-02
5.005090377e+00 1.002839610e-02
5.003694682e+00 1.002105336e-02
5.001738601e+00 1.010827474e-02
5.003321145e+00 1.012898876e-02
5.002651670e+00 1.004848023e-02
5.001691162e+00 9.993752622e-03
