-1.327546702e-02 0.000000000e+00
-1.128307289e-02 1.408835399e-03
-1.051079098e-02 1.131262070e-03
-1.042561347e-02 8.516472030e-04
-1.042246852e-02 6.813235692e-04
-1.039236033e-02 5.684345032e-04
-1.032831037e-02 4.908248149e-04
-1.023256697e-02 4.387104982e-04
-1.016212320e-02 3.955800399e-04
-1.007336713e-02 3.658436364e-04
-9.977850784e-03 3.448287103e-04
-9.897833895e-03 3.252443985e-04
-9.825998785e-03 3.080564043e-04
-9.755662386e-03 2.939724451e-04
-9.694116131e-03 2.807430476e-04
-9.647304131e-03 2.670708841e-04
-9.615437117e-03 2.532548889e-04
-9.583093177e-03 2.412417025e-04
-9.555864222e-03 2.300763056e-04
-9.533160817e-03 2.196897946e-04
-9.516383540e-03 2.098680219e-04
-9.505405253e-03 2.006155003e-04
-9.499212995e-03 1.919886295e-04
-9.492481029e-03 1.841070916e-04
-9.488361375e-03 1.767888935e-04
-9.490844990e-03 1.700067653e-04
-9.494779166e-03 1.637557330e-04
-9.500072005e-03 1.579928272e-04
-9.507567373e-03 1.527224898e-04
-9.515833570e-03 1.478552774e-04
-9.528533511e-03 1.436301436e-04
-9.543866894e-03 1.399577740e-04
-9.559554992e-03 1.365930519e-04
-9.576175787e-03 1.335830001e-04
-9.591605969e-03 1.306544745e-04
-9.606219361e-03 1.278398080e-04
-9.621232398e-03 1.252631141e-04
-9.636122649e-03 1.228485440e-04
-9.648884060e-03 1.203595790e-04
-9.659937729e-03 1.178570739e-04
-9.670001907e-03 1.154114166e-04
-9.680414904e-03 1.131323069e-04
-9.692275850e-03 1.111213425e-04
-9.704565867e-03 1.092733817e-04
-9.716471472e-03 1.074917002e-04
-9.728164974e-03 1.057890519e-04
-9.738472517e-03 1.040391662e-04
-9.747706839e-03 1.022806731e-04
-9.756835151e-03 1.005998281e-04
-9.765340153e-03 9.894669716e-05
-9.773168885e-03 9.731578041e-05
-9.780636445e-03 9.573040728e-05
-9.789224388e-03 9.430859720e-05
-9.797594969e-03 9.293287459e-05
-9.805586278e-03 9.158612824e-05
-9.812919150e-03 9.024373859e-05
-9.819206320e-03 8.887925497e-05
-9.825249544e-03 8.755206337e-05
-9.831285392e-03 8.627593518e-05
-9.837415734e-03 8.505552003e-05
-9.843676585e-03 8.389127822e-05
-9.850464635e-03 8.281236476e-05
-9.857702427e-03 8.181356251e-05
-9.864302877e-03 8.080103821e-05
-9.870768516e-03 7.981621397e-05
-9.877019872e-03 7.885130633e-05
-9.883406171e-03 7.793261054e-05
-9.889875404e-03 7.705458242e-05
-9.895644700e-03 7.615352482e-05
-9.901297720e-03 7.527514209e-05
-9.906461886e-03 7.439185884e-05
-9.912031121e-03 7.356680940e-05
-9.917352285e-03 7.275123304e-05
-9.922816893e-03 7.197304887e-05
-9.928358488e-03 7.122642744e-05
-9.933504598e-03 7.047489568e-05
-9.938578669e-03 6.974206024e-05
-9.943076347e-03 6.899280690e-05
-9.947243015e-03 6.824518256e-05
-9.951157554e-03 6.750429327e-05
-9.954901014e-03 6.677462332e-05
-9.958496487e-03 6.605702668e-05
-9.962287060e-03 6.536982627e-05
-9.965994047e-03 6.469663645e-05
-9.969785249e-03 6.404648481e-05
-9.973225819e-03 6.339410443e-05
-9.976504830e-03 6.275018140e-05
-9.979828987e-03 6.212509647e-05
-9.983271655e-03 6.152237561e-05
-9.986754988e-03 6.093732524e-05
-9.990016443e-03 6.035490014e-05
-9.992986744e-03 5.977191396e-05
-9.995842547e-03 5.919738869e-05
-9.998770706e-03 5.864000421e-05
-1.000144701e-02 5.808378166e-05
-1.000355232e-02 5.751688416e-05
-1.000539865e-02 5.695355297e-05
-1.000705774e-02 5.639655440e-05
-1.000854378e-02 5.584646713e-05
-1.001008320e-02 5.530921568e-05
