1.194611737e+00 0.000000000e+00
1.200251098e+00 3.987630345e-03
1.196784049e+00 3.883402820e-03
1.203010208e+00 6.128356387e-03
1.202022046e+00 4.981715759e-03
1.198785271e+00 5.095582944e-03
1.195346251e+00 5.404961258e-03
1.188831726e+00 7.713677924e-03
1.182974467e+00 8.803893642e-03
1.178157530e+00 9.146830542e-03
1.172839759e+00 9.739205548e-03
1.172200607e+00 8.948553246e-03
1.172689952e+00 8.273571923e-03
1.174034542e+00 7.791095283e-03
1.174267195e+00 7.275161790e-03
1.173260451e+00 6.889769233e-03
1.173487594e+00 6.488231870e-03
1.173108973e+00 6.138811842e-03
1.173862442e+00 5.861773979e-03
1.174810350e+00 5.644808107e-03
1.175118718e+00 5.384424008e-03
1.176087488e+00 5.226101694e-03
1.178007887e+00 5.340073974e-03
1.178759174e+00 5.170149500e-03
1.179234730e+00 4.985166550e-03
1.179437996e+00 4.797571623e-03
1.180149690e+00 4.672373500e-03
1.180413196e+00 4.512927343e-03
1.182010811e+00 4.631468796e-03
1.182948415e+00 4.571006555e-03
1.185352733e+00 5.016184651e-03
1.186552534e+00 5.000858459e-03
1.187404588e+00 4.921369247e-03
1.186780456e+00 4.816037019e-03
1.186248785e+00 4.707691638e-03
1.186025913e+00 4.582194990e-03
1.185295295e+00 4.516223739e-03
1.184176754e+00 4.533775816e-03
1.183247277e+00 4.511796147e-03
1.182179746e+00 4.523532102e-03
1.181571874e+00 4.453857711e-03
1.181300824e+00 4.356053398e-03
1.181979476e+00 4.307290748e-03
1.182239130e+00 4.217216842e-03
1.182115316e+00 4.125318042e-03
1.182208479e+00 4.036689028e-03
1.182060398e+00 3.953517185e-03
1.181649619e+00 3.892434144e-03
1.180832158e+00 3.897890378e-03
1.180389272e+00 3.845011016e-03
1.180618856e+00 3.776466619e-03
1.180240006e+00 3.722796607e-03
1.180287957e+00 3.652863964e-03
1.180692151e+00 3.607511291e-03
1.180638875e+00 3.542313545e-03
1.181384410e+00 3.556647500e-03
1.181993156e+00 3.545963044e-03
1.182237599e+00 3.493240996e-03
1.182395142e+00 3.437584240e-03
1.182496625e+00 3.381788827e-03
1.182806899e+00 3.340552927e-03
1.182850455e+00 3.286956982e-03
1.182596980e+00 3.244541782e-03
1.183343897e+00 3.278691764e-03
1.183358847e+00 3.228284433e-03
1.183460638e+00 3.180975434e-03
1.183711041e+00 3.143338421e-03
1.183814641e+00 3.098819646e-03
1.184115246e+00 3.068454826e-03
1.184813876e+00 3.103133316e-03
1.184908111e+00 3.060857719e-03
1.184828782e+00 3.019373620e-03
1.184756184e+00 2.978884975e-03
1.184596753e+00 2.942893093e-03
1.184554949e+00 2.903951419e-03
1.184465972e+00 2.867104340e-03
1.184196045e+00 2.842547106e-03
1.184097007e+00 2.807828956e-03
1.183843990e+00 2.783663363e-03
1.183576359e+00 2.761703021e-03
1.183803848e+00 2.736961309e-03
1.183722107e+00 2.704804076e-03
1.183783952e+00 2.672923018e-03
1.184207135e+00 2.674392262e-03
1.184072491e+00 2.646316032e-03
1.184129042e+00 2.616149089e-03
1.184423157e+00 2.602558512e-03
1.184785272e+00 2.598053915e-03
1.185054919e+00 2.582817438e-03
1.184927657e+00 2.557252817e-03
1.184545209e+00 2.557589631e-03
1.184134001e+00 2.562633322e-03
1.183805300e+00 2.556072024e-03
1.183519612e+00 2.544795119e-03
1.183165569e+00 2.542516426e-03
1.182683583e+00 2.561309706e-03
1.182213896e+00 2.577609854e-03
1.182083775e+00 2.554589913e-03
1.182136143e+00 2.529322685e-03
1.182048841e+00 2.505535683e-03
