1.791917605e+00 0.000000000e+00
1.800376647e+00 5.981445517e-03
1.795176073e+00 5.825104230e-03
1.804515312e+00 9.192534581e-03
1.803033069e+00 7.472573639e-03
1.798177906e+00 7.643374416e-03
1.793019377e+00 8.107441887e-03
1.783247589e+00 1.157051689e-02
1.774461700e+00 1.320584046e-02
1.767236295e+00 1.372024581e-02
1.759259638e+00 1.460880832e-02
1.758300910e+00 1.342282987e-02
1.759034928e+00 1.241035788e-02
1.761051812e+00 1.168664292e-02
1.761400793e+00 1.091274269e-02
1.759890676e+00 1.033465385e-02
1.760231391e+00 9.732347805e-03
1.759663459e+00 9.208217762e-03
1.760793663e+00 8.792660968e-03
1.762215525e+00 8.467212160e-03
1.762678077e+00 8.076636012e-03
1.764131232e+00 7.839152542e-03
1.767011831e+00 8.010110961e-03
1.768138761e+00 7.755224250e-03
1.768852094e+00 7.477749825e-03
1.769156995e+00 7.196357434e-03
1.770224535e+00 7.008560250e-03
1.770619794e+00 6.769391015e-03
1.773016216e+00 6.947203195e-03
1.774422622e+00 6.856509833e-03
1.778029100e+00 7.524276977e-03
1.779828801e+00 7.501287688e-03
1.781106882e+00 7.382053870e-03
1.780170684e+00 7.224055529e-03
1.779373177e+00 7.061537457e-03
1.779038870e+00 6.873292486e-03
1.777942943e+00 6.774335609e-03
1.776265131e+00 6.800663723e-03
1.774870915e+00 6.767694221e-03
1.773269620e+00 6.785298153e-03
1.772357811e+00 6.680786566e-03
1.771951235e+00 6.534080097e-03
1.772969213e+00 6.460936121e-03
1.773358695e+00 6.325825263e-03
1.773172975e+00 6.187977063e-03
1.773312718e+00 6.055033542e-03
1.773090597e+00 5.930275778e-03
1.772474428e+00 5.838651216e-03
1.771248236e+00 5.846835567e-03
1.770583908e+00 5.767516525e-03
1.770928284e+00 5.664699928e-03
1.770360009e+00 5.584194910e-03
1.770431936e+00 5.479295946e-03
1.771038227e+00 5.411266936e-03
1.770958313e+00 5.313470318e-03
1.772076616e+00 5.334971251e-03
1.772989734e+00 5.318944565e-03
1.773356398e+00 5.239861494e-03
1.773592713e+00 5.156376359e-03
1.773744938e+00 5.072683240e-03
1.774210349e+00 5.010829390e-03
1.774275683e+00 4.930435473e-03
1.773895470e+00 4.866812672e-03
1.775015846e+00 4.918037647e-03
1.775038270e+00 4.842426650e-03
1.775190958e+00 4.771463151e-03
1.775566561e+00 4.715007631e-03
1.775721961e+00 4.648229469e-03
1.776172868e+00 4.602682240e-03
1.777220814e+00 4.654699974e-03
1.777362166e+00 4.591286579e-03
1.777243173e+00 4.529060430e-03
1.777134276e+00 4.468327463e-03
1.776895130e+00 4.414339639e-03
1.776832423e+00 4.355927129e-03
1.776698958e+00 4.300656510e-03
1.776294067e+00 4.263820659e-03
1.776145511e+00 4.211743434e-03
1.775765985e+00 4.175495045e-03
1.775364539e+00 4.142554531e-03
1.775705772e+00 4.105441964e-03
1.775583161e+00 4.057206114e-03
1.775675928e+00 4.009384527e-03
1.776310702e+00 4.011588392e-03
1.776108736e+00 3.969474048e-03
1.776193563e+00 3.924223633e-03
1.776634735e+00 3.903837767e-03
1.777177908e+00 3.897080872e-03
1.777582378e+00 3.874226157e-03
1.777391485e+00 3.835879225e-03
1.776817813e+00 3.836384446e-03
1.776201002e+00 3.843949983e-03
1.775707949e+00 3.834108037e-03
1.775279418e+00 3.817192678e-03
1.774748354e+00 3.813774639e-03
1.774025375e+00 3.841964559e-03
1.773320843e+00 3.866414781e-03
1.773125663e+00 3.831884870e-03
1.773204215e+00 3.793984028e-03
1.773073261e+00 3.758303524e-03
