-4.113771578e-01 0.000000000e+00
-4.197953971e-01 5.952594094e-03
-4.145972389e-01 5.810513466e-03
-4.239310872e-01 9.183229563e-03
-4.224420237e-01 7.466333729e-03
-4.175699909e-01 7.648083639e-03
-4.124034060e-01 8.115097722e-03
-4.026233845e-01 1.158070845e-02
-3.938329363e-01 1.321559233e-02
-3.866001897e-01 1.373132853e-02
-3.786204496e-01 1.461894109e-02
-3.776562419e-01 1.343245603e-02
-3.783907824e-01 1.241925775e-02
-3.804149037e-01 1.169595297e-02
-3.807697893e-01 1.092160552e-02
-3.792645621e-01 1.034221104e-02
-3.796023083e-01 9.739359023e-03
-3.790345122e-01 9.214819668e-03
-3.801701637e-01 8.799530806e-03
-3.815977286e-01 8.474561467e-03
-3.820690928e-01 8.084109181e-03
-3.835259771e-01 7.846828417e-03
-3.864057199e-01 8.016689990e-03
-3.875358489e-01 7.761910784e-03
-3.882508826e-01 7.484296636e-03
-3.885552963e-01 7.202627224e-03
-3.896218372e-01 7.014383687e-03
-3.900153775e-01 6.774900728e-03
-3.924130140e-01 6.952612505e-03
-3.938238259e-01 6.862505822e-03
-3.974338023e-01 7.531016834e-03
-3.992332611e-01 7.507576250e-03
-4.005106808e-01 7.387951613e-03
-3.995737059e-01 7.229830567e-03
-3.987751215e-01 7.067230923e-03
-3.984391252e-01 6.878901429e-03
-3.973400148e-01 6.780224500e-03
-3.956591083e-01 6.806968765e-03
-3.942624893e-01 6.774191675e-03
-3.926596386e-01 6.791816568e-03
-3.917475508e-01 6.687125205e-03
-3.913418400e-01 6.540203681e-03
-3.923581954e-01 6.466595143e-03
-3.927458722e-01 6.331237151e-03
-3.925597720e-01 6.193277500e-03
-3.926979751e-01 6.060182840e-03
-3.924732596e-01 5.935407617e-03
-3.918550618e-01 5.843858572e-03
-3.906280920e-01 5.851985347e-03
-3.899629166e-01 5.772625970e-03
-3.903065171e-01 5.669653965e-03
-3.897369309e-01 5.589159880e-03
-3.898078753e-01 5.484154271e-03
-3.904131854e-01 5.415898202e-03
-3.903323363e-01 5.318030754e-03
-3.914535015e-01 5.339942151e-03
-3.923692423e-01 5.324199697e-03
-3.927390038e-01 5.245227254e-03
-3.929785614e-01 5.161792684e-03
-3.931323000e-01 5.078051762e-03
-3.935970029e-01 5.016022896e-03
-3.936622881e-01 4.935544137e-03
-3.932825367e-01 4.871789708e-03
-3.944048101e-01 4.923235667e-03
-3.944279687e-01 4.847548049e-03
-3.945795280e-01 4.776469023e-03
-3.949552936e-01 4.719936066e-03
-3.951127920e-01 4.653152263e-03
-3.955653292e-01 4.607668236e-03
-3.966139904e-01 4.659649227e-03
-3.967546783e-01 4.596143756e-03
-3.966345027e-01 4.533879273e-03
-3.965239047e-01 4.473120081e-03
-3.962834708e-01 4.419129545e-03
-3.962196748e-01 4.360668284e-03
-3.960854244e-01 4.305357135e-03
-3.956810148e-01 4.268394587e-03
-3.955328861e-01 4.216241098e-03
-3.951542974e-01 4.179833698e-03
-3.947529576e-01 4.146808952e-03
-3.950948710e-01 4.109685356e-03
-3.949736057e-01 4.061355948e-03
-3.950686664e-01 4.013536295e-03
-3.957044826e-01 4.015802673e-03
-3.955015331e-01 3.973682931e-03
-3.955853506e-01 3.928361203e-03
-3.960259424e-01 3.907837172e-03
-3.965688036e-01 3.900953764e-03
-3.969731931e-01 3.878026549e-03
-3.967822148e-01 3.839636970e-03
-3.962082337e-01 3.840105268e-03
-3.955915548e-01 3.847562320e-03
-3.950979339e-01 3.837724474e-03
-3.946697329e-01 3.820711587e-03
-3.941382582e-01 3.817279618e-03
-3.934146549e-01 3.845487858e-03
-3.927099281e-01 3.869879285e-03
-3.925147237e-01 3.835310813e-03
-3.925935600e-01 3.797380470e-03
-3.924631922e-01 3.761643828e-03
