1.380540448e+00 0.000000000e+00
1.380581250e+00 2.885142266e-05
1.380578834e+00 1.933511653e-05
1.380584225e+00 1.523417648e-05
1.380591046e+00 1.362914130e-05
1.380607915e+00 1.913502895e-05
1.380615971e+00 1.801741733e-05
1.380624204e+00 1.754596149e-05
1.380628764e+00 1.617791691e-05
1.380636106e+00 1.614032370e-05
1.380639189e+00 1.496457074e-05
1.380644668e+00 1.468645156e-05
1.380644145e+00 1.356602146e-05
1.380636909e+00 1.439829955e-05
1.380631003e+00 1.459927789e-05
1.380626114e+00 1.448244922e-05
1.380629083e+00 1.393157406e-05
1.380628947e+00 1.315825941e-05
1.380623499e+00 1.354662270e-05
1.380617796e+00 1.401849926e-05
1.380608985e+00 1.588067941e-05
1.380605254e+00 1.559075007e-05
1.380606111e+00 1.493641356e-05
1.380602913e+00 1.465255721e-05
1.380601212e+00 1.416483123e-05
1.380601698e+00 1.362838530e-05
1.380602697e+00 1.316021036e-05
1.380604417e+00 1.280201701e-05
1.380603202e+00 1.241803233e-05
1.380598796e+00 1.276191757e-05
1.380595298e+00 1.282083112e-05
1.380595539e+00 1.242246298e-05
1.380596202e+00 1.206365956e-05
1.380596978e+00 1.173377643e-05
1.380598056e+00 1.144794670e-05
1.380599744e+00 1.125381754e-05
1.380602928e+00 1.139105973e-05
1.380606023e+00 1.150403863e-05
1.380608426e+00 1.145729578e-05
1.380609981e+00 1.127589329e-05
1.380610261e+00 1.100433790e-05
1.380609395e+00 1.077627897e-05
1.380611018e+00 1.064710086e-05
1.380612823e+00 1.055704526e-05
1.380613203e+00 1.032926700e-05
1.380614743e+00 1.021896358e-05
1.380617337e+00 1.032547694e-05
1.380619367e+00 1.030788925e-05
1.380620144e+00 1.012682549e-05
1.380620991e+00 9.959619601e-06
1.380621767e+00 9.794504432e-06
1.380623078e+00 9.693538777e-06
1.380624061e+00 9.560294680e-06
1.380625041e+00 9.433404879e-06
1.380625977e+00 9.308134788e-06
1.380623114e+00 9.571919820e-06
1.380620491e+00 9.756740234e-06
1.380617394e+00 1.006805225e-05
1.380614151e+00 1.040658193e-05
1.380612638e+00 1.034255724e-05
1.380613346e+00 1.019722183e-05
1.380613395e+00 1.003286750e-05
1.380612934e+00 9.884229534e-06
1.380611036e+00 9.910220627e-06
1.380610301e+00 9.784961619e-06
1.380611430e+00 9.701532882e-06
1.380611268e+00 9.558085967e-06
1.380609169e+00 9.645061825e-06
1.380607539e+00 9.642086664e-06
1.380606823e+00 9.530863604e-06
1.380607488e+00 9.419735121e-06
1.380608670e+00 9.362827040e-06
1.380610372e+00 9.387924065e-06
1.380611659e+00 9.348868630e-06
1.380612749e+00 9.287526852e-06
1.380613533e+00 9.198409917e-06
1.380613053e+00 9.091502204e-06
1.380612625e+00 8.984997192e-06
1.380611687e+00 8.920045961e-06
1.380611582e+00 8.809171780e-06
1.380610901e+00 8.726640656e-06
1.380609555e+00 8.723408434e-06
1.380607262e+00 8.914653314e-06
1.380606220e+00 8.869264681e-06
1.380607203e+00 8.819252569e-06
1.380608212e+00 8.774264010e-06
1.380608793e+00 8.692589606e-06
1.380609105e+00 8.599411086e-06
1.380609185e+00 8.503166379e-06
1.380609270e+00 8.409111750e-06
1.380609579e+00 8.322376587e-06
1.380609447e+00 8.232961605e-06
1.380610016e+00 8.164023994e-06
1.380609685e+00 8.083873915e-06
1.380610096e+00 8.009238744e-06
1.380610720e+00 7.950055784e-06
1.380610915e+00 7.870502660e-06
1.380610939e+00 7.790227117e-06
1.380610655e+00 7.716708708e-06
1.380610069e+00 7.661768467e-06
